GLOB sdist-make: /code/modules/invenio-db/setup.py
c1 inst-nodeps: /code/modules/invenio-db/.tox/.tmp/package/1/invenio-db-1.0.4.zip
c1 installed: alabaster==0.7.13,alembic==0.9.6,amqp==2.6.0,angular-gettext-babel==0.3,aniso8601==8.0.0,arrow==0.12.1,asn1crypto==0.23.0,atomicwrites==1.4.1,attrs==17.4.0,b2handle==1.1.2,Babel==2.5.1,bagit==1.7.0,beautifulsoup4==4.9.3,bibtexparser==1.0.1,billiard==3.6.3.0,binaryornot==0.4.4,bleach==3.1.0,blinker==1.4,boto3==1.7.84,botocore==1.10.84,cachelib==0.1,cachetools==4.2.4,cchardet==2.1.1,celery==4.4.4,certifi==2017.11.5,cffi==1.11.2,chardet==3.0.4,citeproc-py==0.5.1,citeproc-py-styles==0.1.2,click==6.7,cookiecutter==1.6.0,counter-robots==2018.6,coverage==6.2,cryptography==2.1.4,datacite==1.0.1,DateTime==4.9,decorator==4.1.2,defusedxml==0.5.0,dictdiffer==0.7.0,distlib==0.3.6,dnspython==2.2.1,docutils==0.18.1,dojson==1.3.2,elasticsearch==6.1.1,elasticsearch-dsl==6.4.0,elementpath==1.0.6,email-validator==1.0.5,entrypoints==0.2.3,feedgen==0.7.0,filelock==3.4.1,Flask==1.1.0,Flask-Admin==1.5.3,Flask-Alembic==2.0.1,Flask-Assets==0.12,Flask-BabelEx==0.9.4,Flask-Breadcrumbs==0.5.0,Flask-Caching==1.10.1,Flask-CeleryExt==0.3.4,Flask-Collect==1.2.2,Flask-Cors==3.0.3,Flask-DebugToolbar==0.13.1,Flask-IIIF==0.6.1,Flask-KVSession==0.6.2,Flask-Limiter==1.1.0,Flask-Login==0.4.1,Flask-Mail==0.9.1,flask-marshmallow==0.14.0,Flask-Menu==0.6.0,-e git+https://github.com/RCOSDP/flask-oauthlib.git@83148ee01e9da37a8a1134febe83bc32b95bac6e#egg=Flask_OAuthlib,Flask-Plugins==1.6.1,Flask-Principal==0.4.0,Flask-RESTful==0.3.8,Flask-Security==3.0.0,flask-shell-ipython==0.4.1,Flask-Sitemap==0.4.0,Flask-SQLAlchemy==2.3.2,flask-talisman==0.4.1,Flask-WTF==0.14.3,-e git+https://github.com/RCOSDP/pyfpdf.git@f9b032148283d535cabc7789858081c80de36fef#egg=fpdf,frozendict==2.3.8,fs==0.5.4,ftfy==4.4.3,future==0.16.0,github3.py==1.1.0,html5lib==1.0.1,idna==2.6,iiif-prezi==0.3.0,imagesize==1.4.1,importlib-metadata==4.8.3,importlib-resources==5.4.0,infinity==1.4,intervals==0.8.0,invenio-access==1.1.0,-e git+https://mhaya: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@github.com/RCOSDP/weko.git@4354c223a93c57314dba6d9a94c9eb42aa72c458#egg=invenio_accounts&subdirectory=modules/invenio-accounts,invenio-admin==1.1.2,invenio-app==1.1.0,invenio-assets==1.0.0,invenio-base==1.0.2,invenio-cache==1.0.0,invenio-celery==1.1.3,-e git+https://mhaya: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@github.com/RCOSDP/weko.git@4354c223a93c57314dba6d9a94c9eb42aa72c458#egg=invenio_communities&subdirectory=modules/invenio-communities,invenio-config==1.0.0,invenio-csl-rest==1.0.0a1,invenio-db @ file:///code/modules/invenio-db/.tox/.tmp/package/1/invenio-db-1.0.4.zip,-e git+https://mhaya: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@github.com/RCOSDP/weko.git@4354c223a93c57314dba6d9a94c9eb42aa72c458#egg=invenio_deposit&subdirectory=modules/invenio-deposit,-e git+https://mhaya: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@github.com/RCOSDP/weko.git@4354c223a93c57314dba6d9a94c9eb42aa72c458#egg=invenio_files_rest&subdirectory=modules/invenio-files-rest,invenio-formatter==1.0.0b3,invenio-i18n==1.0.0,-e git+https://mhaya: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@github.com/RCOSDP/weko.git@4354c223a93c57314dba6d9a94c9eb42aa72c458#egg=invenio_iiif&subdirectory=modules/invenio-iiif,-e git+https://mhaya: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@github.com/RCOSDP/weko.git@4354c223a93c57314dba6d9a94c9eb42aa72c458#egg=invenio_indexer&subdirectory=modules/invenio-indexer,invenio-jsonschemas==1.0.0,invenio-logging==1.0.0b3,-e git+https://mhaya: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@github.com/RCOSDP/weko.git@4354c223a93c57314dba6d9a94c9eb42aa72c458#egg=invenio_mail&subdirectory=modules/invenio-mail,invenio-marc21==1.0.0a8,-e git+https://mhaya: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@github.com/RCOSDP/weko.git@4354c223a93c57314dba6d9a94c9eb42aa72c458#egg=invenio_oaiharvester&subdirectory=modules/invenio-oaiharvester,-e git+https://mhaya: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@github.com/RCOSDP/weko.git@4354c223a93c57314dba6d9a94c9eb42aa72c458#egg=invenio_oaiserver&subdirectory=modules/invenio-oaiserver,-e git+https://mhaya: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@github.com/RCOSDP/weko.git@4354c223a93c57314dba6d9a94c9eb42aa72c458#egg=invenio_oauth2server&subdirectory=modules/invenio-oauth2server,invenio-oauthclient==1.0.0,invenio-pidrelations==1.0.0a4,invenio-pidstore==1.0.0,-e git+https://mhaya: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@github.com/RCOSDP/weko.git@4354c223a93c57314dba6d9a94c9eb42aa72c458#egg=invenio_previewer&subdirectory=modules/invenio-previewer,invenio-query-parser==0.6.0,-e git+https://mhaya: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@github.com/RCOSDP/weko.git@4354c223a93c57314dba6d9a94c9eb42aa72c458#egg=invenio_queues&subdirectory=modules/invenio-queues,-e git+https://mhaya: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@github.com/RCOSDP/weko.git@4354c223a93c57314dba6d9a94c9eb42aa72c458#egg=invenio_records&subdirectory=modules/invenio-records,invenio-records-files==1.0.0a10,-e git+https://mhaya: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@github.com/RCOSDP/weko.git@4354c223a93c57314dba6d9a94c9eb42aa72c458#egg=invenio_records_rest&subdirectory=modules/invenio-records-rest,invenio-records-ui==1.0.0,-e git+https://mhaya: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@github.com/RCOSDP/weko.git@4354c223a93c57314dba6d9a94c9eb42aa72c458#egg=invenio_resourcesyncclient&subdirectory=modules/invenio-resourcesyncclient,-e git+https://mhaya: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@github.com/RCOSDP/weko.git@4354c223a93c57314dba6d9a94c9eb42aa72c458#egg=invenio_resourcesyncserver&subdirectory=modules/invenio-resourcesyncserver,invenio-rest==1.1.2,-e git+https://mhaya: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@github.com/RCOSDP/weko.git@4354c223a93c57314dba6d9a94c9eb42aa72c458#egg=invenio_s3&subdirectory=modules/invenio-s3,-e git+https://github.com/RCOSDP/invenio-search.git@cff9744c5dc651893a9c51672c5b8da9adc21e16#egg=invenio_search,-e git+https://github.com/RCOSDP/invenio-search-ui.git@74bd3b2990ff27b39e01b6b31be9a0b5fda3dd0f#egg=invenio_search_ui,-e git+https://mhaya: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@github.com/RCOSDP/weko.git@4354c223a93c57314dba6d9a94c9eb42aa72c458#egg=invenio_stats&subdirectory=modules/invenio-stats,invenio-theme==1.0.0b4,ipaddress==1.0.19,ipython==6.2.1,ipython-genutils==0.2.0,itsdangerous==0.24,jedi==0.11.0,Jinja2==2.10.1,jinja2-cli==0.6.0,jinja2-time==0.2.0,jmespath==0.10.0,jsmin==2.2.2,jsonpatch==1.21,jsonpath-ng==1.5.2,jsonpointer==1.14,jsonref==0.1,jsonresolver==0.2.1,jsonschema==2.6.0,jupyter-client==5.2.2,jupyter-core==4.4.0,-e git+https://github.com/RCOSDP/kombu.git@f204fdf078d5e94393c86693f545e2d011f620f5#egg=kombu,limits==1.2.1,lxml==4.1.1,Mako==1.0.7,MarkupSafe==1.1.1,marshmallow==2.20.1,marshmallow-sqlalchemy==0.23.1,maxminddb==1.5.2,maxminddb-geolite2==2017.803,mistune==0.8.3,mock==5.0.2,more-itertools==8.10.0,msgpack==0.6.2,nbconvert==5.3.1,nbformat==4.4.0,netaddr==0.8.0,node-semver==0.1.1,numpy==1.16.1,oauthlib==2.1.0,ordereddict==1.1,packaging==21.3,pandocfilters==1.4.2,parso==0.1.0,passlib==1.7.1,pbr==5.11.1,pexpect==4.3.0,pickleshare==0.7.4,Pillow==5.4.1,platformdirs==2.4.0,pluggy==0.13.1,ply==3.11,poyo==0.4.1,prompt-toolkit==1.0.15,psycopg2==2.7.3.2,ptyprocess==0.5.2,py==1.11.0,pycparser==2.18,Pygments==2.2.0,PyJWT==1.5.3,PyLD==2.0.3,pyparsing==3.1.0,-e git+https://github.com/RCOSDP/PyPDF2.git@fefc684a3a74aff6f99e5dff24f9b4dd1c95169d#egg=PyPDF2,pyPEG2==2.15.2,pytest==4.2.0,pytest-cov==2.9.0,python-dateutil==2.6.1,python-editor==1.0.3,python-geoip==1.2,pytz==2017.3,pyzmq==17.0.0,redis==2.10.6,requests==2.18.4,requests-oauthlib==1.1.0,resync==1.0.9,s3fs==0.1.6,s3transfer==0.1.13,selenium==3.141.0,Sickle==0.6.4,simplegeneric==0.8.1,simplejson==3.12.0,simplekv==0.11.2,six==1.16.0,snowballstemmer==2.2.0,soupsieve==2.3.2.post1,speaklater==1.3,Sphinx==1.8.4,sphinxcontrib-serializinghtml==1.1.5,sphinxcontrib-websupport==1.2.4,SQLAlchemy==1.2.19,SQLAlchemy-Continuum==1.3.6,SQLAlchemy-Utils==0.35.0,stevedore==3.5.2,sword3common==0.1.1,testpath==0.3.1,toml==0.10.2,tornado==4.5.3,tox==3.28.0,traitlets==4.3.2,typing_extensions==4.1.1,ua-parser==0.7.3,uritemplate==4.1.1,uritools==2.1.0,urllib3==1.22,uWSGI==2.0.21,uwsgitop==0.11,validators==0.12.0,vine==1.3.0,virtualenv==20.17.1,virtualenv-clone==0.5.7,virtualenvwrapper==4.8.4,Wand==0.6.1,wcwidth==0.1.7,webargs==5.5.2,webassets==0.12.1,webencodings==0.5.1,-e git+https://mhaya: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@github.com/RCOSDP/weko.git@4354c223a93c57314dba6d9a94c9eb42aa72c458#egg=weko_accounts&subdirectory=modules/weko-accounts,-e git+https://mhaya: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@github.com/RCOSDP/weko.git@4354c223a93c57314dba6d9a94c9eb42aa72c458#egg=weko_admin&subdirectory=modules/weko-admin,-e git+https://mhaya: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@github.com/RCOSDP/weko.git@4354c223a93c57314dba6d9a94c9eb42aa72c458#egg=weko_authors&subdirectory=modules/weko-authors,-e git+https://mhaya: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@github.com/RCOSDP/weko.git@4354c223a93c57314dba6d9a94c9eb42aa72c458#egg=weko_bulkupdate&subdirectory=modules/weko-bulkupdate,-e git+https://mhaya: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@github.com/RCOSDP/weko.git@4354c223a93c57314dba6d9a94c9eb42aa72c458#egg=weko_deposit&subdirectory=modules/weko-deposit,-e git+https://mhaya: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@github.com/RCOSDP/weko.git@4354c223a93c57314dba6d9a94c9eb42aa72c458#egg=weko_gridlayout&subdirectory=modules/weko-gridlayout,-e git+https://mhaya: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@github.com/RCOSDP/weko.git@4354c223a93c57314dba6d9a94c9eb42aa72c458#egg=weko_groups&subdirectory=modules/weko-groups,-e git+https://mhaya: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@github.com/RCOSDP/weko.git@4354c223a93c57314dba6d9a94c9eb42aa72c458#egg=weko_handle&subdirectory=modules/weko-handle,-e git+https://mhaya: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@github.com/RCOSDP/weko.git@4354c223a93c57314dba6d9a94c9eb42aa72c458#egg=weko_index_tree&subdirectory=modules/weko-index-tree,-e git+https://mhaya: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@github.com/RCOSDP/weko.git@4354c223a93c57314dba6d9a94c9eb42aa72c458#egg=weko_indextree_journal&subdirectory=modules/weko-indextree-journal,-e git+https://mhaya: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@github.com/RCOSDP/weko.git@4354c223a93c57314dba6d9a94c9eb42aa72c458#egg=weko_items_autofill&subdirectory=modules/weko-items-autofill,-e git+https://mhaya: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@github.com/RCOSDP/weko.git@4354c223a93c57314dba6d9a94c9eb42aa72c458#egg=weko_items_ui&subdirectory=modules/weko-items-ui,-e git+https://mhaya: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@github.com/RCOSDP/weko.git@4354c223a93c57314dba6d9a94c9eb42aa72c458#egg=weko_itemtypes_ui&subdirectory=modules/weko-itemtypes-ui,-e git+https://mhaya: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@github.com/RCOSDP/weko.git@4354c223a93c57314dba6d9a94c9eb42aa72c458#egg=weko_logging&subdirectory=modules/weko-logging,-e git+https://mhaya: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@github.com/RCOSDP/weko.git@4354c223a93c57314dba6d9a94c9eb42aa72c458#egg=weko_records&subdirectory=modules/weko-records,-e git+https://mhaya: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@github.com/RCOSDP/weko.git@4354c223a93c57314dba6d9a94c9eb42aa72c458#egg=weko_records_ui&subdirectory=modules/weko-records-ui,-e git+https://mhaya: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@github.com/RCOSDP/weko.git@4354c223a93c57314dba6d9a94c9eb42aa72c458#egg=weko_redis&subdirectory=modules/weko-redis,-e git+https://mhaya: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@github.com/RCOSDP/weko.git@4354c223a93c57314dba6d9a94c9eb42aa72c458#egg=weko_schema_ui&subdirectory=modules/weko-schema-ui,-e git+https://mhaya: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@github.com/RCOSDP/weko.git@4354c223a93c57314dba6d9a94c9eb42aa72c458#egg=weko_search_ui&subdirectory=modules/weko-search-ui,-e git+https://mhaya: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@github.com/RCOSDP/weko.git@4354c223a93c57314dba6d9a94c9eb42aa72c458#egg=weko_sitemap&subdirectory=modules/weko-sitemap,-e git+https://mhaya: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@github.com/RCOSDP/weko.git@4354c223a93c57314dba6d9a94c9eb42aa72c458#egg=weko_swordserver&subdirectory=modules/weko-swordserver,-e git+https://mhaya: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@github.com/RCOSDP/weko.git@4354c223a93c57314dba6d9a94c9eb42aa72c458#egg=weko_theme&subdirectory=modules/weko-theme,-e git+https://mhaya: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@github.com/RCOSDP/weko.git@4354c223a93c57314dba6d9a94c9eb42aa72c458#egg=weko_user_profiles&subdirectory=modules/weko-user-profiles,-e git+https://mhaya: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@github.com/RCOSDP/weko.git@4354c223a93c57314dba6d9a94c9eb42aa72c458#egg=weko_workflow&subdirectory=modules/weko-workflow,Werkzeug==0.15.2,whichcraft==0.4.1,WTForms==2.1,WTForms-Alchemy==0.16.5,WTForms-Components==0.10.3,xmlschema==0.9.30,xmltodict==0.12.0,zipp==3.6.0,zope.interface==5.5.2
c1 run-test-pre: PYTHONHASHSEED='1005298469'
c1 run-test: commands[0] | pytest --cov=invenio_db tests -v --cov-branch --cov-report=term --cov-report=xml --basetemp=/code/modules/invenio-db/.tox/c1/tmp
============================= test session starts ==============================
platform linux -- Python 3.6.15, pytest-4.2.0, py-1.11.0, pluggy-0.13.1 -- /code/modules/invenio-db/.tox/c1/bin/python
cachedir: .tox/c1/.pytest_cache
rootdir: /code/modules/invenio-db, inifile:
plugins: celery-4.4.4, cov-2.9.0
collecting ... collected 14 items

tests/test_db.py::test_init FAILED                                       [  7%]
tests/test_db.py::test_alembic SKIPPED                                   [ 14%]
tests/test_db.py::test_naming_convention SKIPPED                         [ 21%]
tests/test_db.py::test_transaction PASSED                                [ 28%]
tests/test_db.py::test_entry_points PASSED                               [ 35%]
tests/test_db.py::test_local_proxy PASSED                                [ 42%]
tests/test_examples_app.py::test_example_app FAILED                      [ 50%]
tests/test_utils.py::test_rebuild_encrypted_properties PASSED            [ 57%]
tests/test_utils.py::test_versioning_model_classname PASSED              [ 64%]
tests/test_versioning.py::test_disabled_versioning PASSED                [ 71%]
tests/test_versioning.py::test_disabled_versioning_with_custom_table[False-1] PASSED [ 78%]
tests/test_versioning.py::test_disabled_versioning_with_custom_table[True-3] PASSED [ 85%]
tests/test_versioning.py::test_versioning PASSED                         [ 92%]
tests/test_versioning.py::test_versioning_without_versioned_tables PASSED [100%]

=================================== FAILURES ===================================
__________________________________ test_init ___________________________________

db = <SQLAlchemy engine=None>, app = <Flask 'conftest'>

    def test_init(db, app):
        """Test extension initialization."""
        class Demo(db.Model):
            __tablename__ = 'demo'
            pk = sa.Column(sa.Integer, primary_key=True)
    
        class Demo2(db.Model):
            __tablename__ = 'demo2'
            pk = sa.Column(sa.Integer, primary_key=True)
            fk = sa.Column(sa.Integer, sa.ForeignKey(Demo.pk))
    
        app.config['DB_VERSIONING'] = False
        InvenioDB(app, entry_point_group=False, db=db)
    
        with app.app_context():
            # with pytest.raises(OperationalError):
>           db.create_all()

tests/test_db.py:74: 
_ _ _ _ _ _ _ _ _ _ _ _ _ _ _ _ _ _ _ _ _ _ _ _ _ _ _ _ _ _ _ _ _ _ _ _ _ _ _ _ 
.tox/c1/lib/python3.6/site-packages/flask_sqlalchemy/__init__.py:963: in create_all
    self._execute_for_all_tables(app, bind, 'create_all')
.tox/c1/lib/python3.6/site-packages/flask_sqlalchemy/__init__.py:955: in _execute_for_all_tables
    op(bind=self.get_engine(app, bind), **extra)
.tox/c1/lib/python3.6/site-packages/sqlalchemy/sql/schema.py:4200: in create_all
    ddl.SchemaGenerator, self, checkfirst=checkfirst, tables=tables
.tox/c1/lib/python3.6/site-packages/sqlalchemy/engine/base.py:2011: in _run_visitor
    conn._run_visitor(visitorcallable, element, **kwargs)
.tox/c1/lib/python3.6/site-packages/sqlalchemy/engine/base.py:1599: in _run_visitor
    visitorcallable(self.dialect, self, **kwargs).traverse_single(element)
.tox/c1/lib/python3.6/site-packages/sqlalchemy/sql/visitors.py:130: in traverse_single
    return meth(obj, **kw)
.tox/c1/lib/python3.6/site-packages/sqlalchemy/sql/ddl.py:779: in visit_metadata
    _is_metadata_operation=True,
.tox/c1/lib/python3.6/site-packages/sqlalchemy/sql/visitors.py:130: in traverse_single
    return meth(obj, **kw)
.tox/c1/lib/python3.6/site-packages/sqlalchemy/sql/ddl.py:824: in visit_table
    include_foreign_key_constraints,
.tox/c1/lib/python3.6/site-packages/sqlalchemy/engine/base.py:980: in execute
    return meth(self, multiparams, params)
.tox/c1/lib/python3.6/site-packages/sqlalchemy/sql/ddl.py:72: in _execute_on_connection
    return connection._execute_ddl(self, multiparams, params)
.tox/c1/lib/python3.6/site-packages/sqlalchemy/engine/base.py:1035: in _execute_ddl
    else None,
<string>:1: in <lambda>
    ???
.tox/c1/lib/python3.6/site-packages/sqlalchemy/sql/elements.py:448: in compile
    return self._compiler(dialect, bind=bind, **kw)
.tox/c1/lib/python3.6/site-packages/sqlalchemy/sql/ddl.py:29: in _compiler
    return dialect.ddl_compiler(dialect, self, **kw)
.tox/c1/lib/python3.6/site-packages/sqlalchemy/sql/compiler.py:310: in __init__
    self.string = self.process(self.statement, **compile_kwargs)
.tox/c1/lib/python3.6/site-packages/sqlalchemy/sql/compiler.py:341: in process
    return obj._compiler_dispatch(self, **kwargs)
.tox/c1/lib/python3.6/site-packages/sqlalchemy/sql/visitors.py:90: in _compiler_dispatch
    return meth(self, **kw)
.tox/c1/lib/python3.6/site-packages/sqlalchemy/sql/compiler.py:2818: in visit_create_table
    _include_foreign_key_constraints=create.include_foreign_key_constraints,  # noqa
.tox/c1/lib/python3.6/site-packages/sqlalchemy/sql/compiler.py:2869: in create_table_constraints
    for constraint in constraints
.tox/c1/lib/python3.6/site-packages/sqlalchemy/sql/compiler.py:2866: in <genexpr>
    p
.tox/c1/lib/python3.6/site-packages/sqlalchemy/sql/compiler.py:2875: in <genexpr>
    not self.dialect.supports_alter
.tox/c1/lib/python3.6/site-packages/sqlalchemy/sql/compiler.py:341: in process
    return obj._compiler_dispatch(self, **kwargs)
.tox/c1/lib/python3.6/site-packages/sqlalchemy/sql/visitors.py:103: in _compiler_dispatch
    return meth(self, **kw)
.tox/c1/lib/python3.6/site-packages/sqlalchemy/sql/compiler.py:3067: in visit_check_constraint
    formatted_name = self.preparer.format_constraint(constraint)
<string>:1: in <lambda>
    ???
.tox/c1/lib/python3.6/site-packages/sqlalchemy/sql/compiler.py:3538: in format_constraint
    constraint, constraint.table
.tox/c1/lib/python3.6/site-packages/sqlalchemy/sql/naming.py:137: in _constraint_name_for_table
    % ConventionDict(const, table, metadata.naming_convention)
.tox/c1/lib/python3.6/site-packages/sqlalchemy/sql/naming.py:88: in __getitem__
    return getattr(self, "_key_%s" % key)()
_ _ _ _ _ _ _ _ _ _ _ _ _ _ _ _ _ _ _ _ _ _ _ _ _ _ _ _ _ _ _ _ _ _ _ _ _ _ _ _ 

self = <sqlalchemy.sql.naming.ConventionDict object at 0x7fb1bea481d0>

    def _key_constraint_name(self):
        if isinstance(self._const_name, (type(None), _defer_none_name)):
            raise exc.InvalidRequestError(
>               "Naming convention including "
                "%(constraint_name)s token requires that "
                "constraint is explicitly named."
            )
E           sqlalchemy.exc.InvalidRequestError: Naming convention including %(constraint_name)s token requires that constraint is explicitly named.

.tox/c1/lib/python3.6/site-packages/sqlalchemy/sql/naming.py:52: InvalidRequestError
_______________________________ test_example_app _______________________________

example_app = '/code/modules/invenio-db/examples'

    def test_example_app(example_app):
        """Test example app."""
        # Testing database creation
        for cmd in ['FLASK_APP=app.py flask db init',
                    'FLASK_APP=app.py flask db create',
                    'FLASK_APP=app.py flask db drop --yes-i-know']:
            exit_status = subprocess.call(cmd, shell=True)
>           assert exit_status == 0
E           assert 1 == 0
E             -1
E             +0

../tests/test_examples_app.py:41: AssertionError
----------------------------- Captured stdout call -----------------------------
Creating database sqlite:////code/modules/invenio-db/examples/test.db
Creating all tables!

----------------------------- Captured stderr call -----------------------------
/code/modules/invenio-db/.tox/c1/lib/python3.6/site-packages/flask_sqlalchemy/__init__.py:794: FSADeprecationWarning: SQLALCHEMY_TRACK_MODIFICATIONS adds significant overhead and will be disabled by default in the future.  Set it to True or False to suppress this warning.
  'SQLALCHEMY_TRACK_MODIFICATIONS adds significant overhead and '
/code/modules/invenio-db/.tox/c1/lib/python3.6/site-packages/flask_sqlalchemy/__init__.py:794: FSADeprecationWarning: SQLALCHEMY_TRACK_MODIFICATIONS adds significant overhead and will be disabled by default in the future.  Set it to True or False to suppress this warning.
  'SQLALCHEMY_TRACK_MODIFICATIONS adds significant overhead and '
Traceback (most recent call last):
  File "/code/modules/invenio-db/.tox/c1/bin/flask", line 8, in <module>
    sys.exit(main())
  File "/code/modules/invenio-db/.tox/c1/lib/python3.6/site-packages/flask/cli.py", line 966, in main
    cli.main(prog_name="python -m flask" if as_module else None)
  File "/code/modules/invenio-db/.tox/c1/lib/python3.6/site-packages/flask/cli.py", line 586, in main
    return super(FlaskGroup, self).main(*args, **kwargs)
  File "/code/modules/invenio-db/.tox/c1/lib/python3.6/site-packages/click/core.py", line 697, in main
    rv = self.invoke(ctx)
  File "/code/modules/invenio-db/.tox/c1/lib/python3.6/site-packages/click/core.py", line 1066, in invoke
    return _process_result(sub_ctx.command.invoke(sub_ctx))
  File "/code/modules/invenio-db/.tox/c1/lib/python3.6/site-packages/click/core.py", line 1092, in invoke
    rv.append(sub_ctx.command.invoke(sub_ctx))
  File "/code/modules/invenio-db/.tox/c1/lib/python3.6/site-packages/click/core.py", line 895, in invoke
    return ctx.invoke(self.callback, **ctx.params)
  File "/code/modules/invenio-db/.tox/c1/lib/python3.6/site-packages/click/core.py", line 535, in invoke
    return callback(*args, **kwargs)
  File "/code/modules/invenio-db/.tox/c1/lib/python3.6/site-packages/click/decorators.py", line 17, in new_func
    return f(get_current_context(), *args, **kwargs)
  File "/code/modules/invenio-db/.tox/c1/lib/python3.6/site-packages/flask/cli.py", line 426, in decorator
    return __ctx.invoke(f, *args, **kwargs)
  File "/code/modules/invenio-db/.tox/c1/lib/python3.6/site-packages/click/core.py", line 535, in invoke
    return callback(*args, **kwargs)
  File "/code/modules/invenio-db/.tox/c1/lib/python3.6/site-packages/invenio_db/cli.py", line 56, in create
    table.create(bind=_db.engine, checkfirst=True)
  File "/code/modules/invenio-db/.tox/c1/lib/python3.6/site-packages/sqlalchemy/sql/schema.py", line 818, in create
    bind._run_visitor(ddl.SchemaGenerator, self, checkfirst=checkfirst)
  File "/code/modules/invenio-db/.tox/c1/lib/python3.6/site-packages/sqlalchemy/engine/base.py", line 2011, in _run_visitor
    conn._run_visitor(visitorcallable, element, **kwargs)
  File "/code/modules/invenio-db/.tox/c1/lib/python3.6/site-packages/sqlalchemy/engine/base.py", line 1599, in _run_visitor
    visitorcallable(self.dialect, self, **kwargs).traverse_single(element)
  File "/code/modules/invenio-db/.tox/c1/lib/python3.6/site-packages/sqlalchemy/sql/visitors.py", line 130, in traverse_single
    return meth(obj, **kw)
  File "/code/modules/invenio-db/.tox/c1/lib/python3.6/site-packages/sqlalchemy/sql/ddl.py", line 824, in visit_table
    include_foreign_key_constraints,
  File "/code/modules/invenio-db/.tox/c1/lib/python3.6/site-packages/sqlalchemy/engine/base.py", line 980, in execute
    return meth(self, multiparams, params)
  File "/code/modules/invenio-db/.tox/c1/lib/python3.6/site-packages/sqlalchemy/sql/ddl.py", line 72, in _execute_on_connection
    return connection._execute_ddl(self, multiparams, params)
  File "/code/modules/invenio-db/.tox/c1/lib/python3.6/site-packages/sqlalchemy/engine/base.py", line 1035, in _execute_ddl
    else None,
  File "<string>", line 1, in <lambda>
  File "/code/modules/invenio-db/.tox/c1/lib/python3.6/site-packages/sqlalchemy/sql/elements.py", line 448, in compile
    return self._compiler(dialect, bind=bind, **kw)
  File "/code/modules/invenio-db/.tox/c1/lib/python3.6/site-packages/sqlalchemy/sql/ddl.py", line 29, in _compiler
    return dialect.ddl_compiler(dialect, self, **kw)
  File "/code/modules/invenio-db/.tox/c1/lib/python3.6/site-packages/sqlalchemy/sql/compiler.py", line 310, in __init__
    self.string = self.process(self.statement, **compile_kwargs)
  File "/code/modules/invenio-db/.tox/c1/lib/python3.6/site-packages/sqlalchemy/sql/compiler.py", line 341, in process
    return obj._compiler_dispatch(self, **kwargs)
  File "/code/modules/invenio-db/.tox/c1/lib/python3.6/site-packages/sqlalchemy/sql/visitors.py", line 90, in _compiler_dispatch
    return meth(self, **kw)
  File "/code/modules/invenio-db/.tox/c1/lib/python3.6/site-packages/sqlalchemy/sql/compiler.py", line 2818, in visit_create_table
    _include_foreign_key_constraints=create.include_foreign_key_constraints,  # noqa
  File "/code/modules/invenio-db/.tox/c1/lib/python3.6/site-packages/sqlalchemy/sql/compiler.py", line 2869, in create_table_constraints
    for constraint in constraints
  File "/code/modules/invenio-db/.tox/c1/lib/python3.6/site-packages/sqlalchemy/sql/compiler.py", line 2866, in <genexpr>
    p
  File "/code/modules/invenio-db/.tox/c1/lib/python3.6/site-packages/sqlalchemy/sql/compiler.py", line 2875, in <genexpr>
    not self.dialect.supports_alter
  File "/code/modules/invenio-db/.tox/c1/lib/python3.6/site-packages/sqlalchemy/sql/compiler.py", line 341, in process
    return obj._compiler_dispatch(self, **kwargs)
  File "/code/modules/invenio-db/.tox/c1/lib/python3.6/site-packages/sqlalchemy/sql/visitors.py", line 103, in _compiler_dispatch
    return meth(self, **kw)
  File "/code/modules/invenio-db/.tox/c1/lib/python3.6/site-packages/sqlalchemy/sql/compiler.py", line 3067, in visit_check_constraint
    formatted_name = self.preparer.format_constraint(constraint)
  File "<string>", line 1, in <lambda>
  File "/code/modules/invenio-db/.tox/c1/lib/python3.6/site-packages/sqlalchemy/sql/compiler.py", line 3538, in format_constraint
    constraint, constraint.table
  File "/code/modules/invenio-db/.tox/c1/lib/python3.6/site-packages/sqlalchemy/sql/naming.py", line 137, in _constraint_name_for_table
    % ConventionDict(const, table, metadata.naming_convention)
  File "/code/modules/invenio-db/.tox/c1/lib/python3.6/site-packages/sqlalchemy/sql/naming.py", line 88, in __getitem__
    return getattr(self, "_key_%s" % key)()
  File "/code/modules/invenio-db/.tox/c1/lib/python3.6/site-packages/sqlalchemy/sql/naming.py", line 52, in _key_constraint_name
    "Naming convention including "
sqlalchemy.exc.InvalidRequestError: Naming convention including %(constraint_name)s token requires that constraint is explicitly named.
=============================== warnings summary ===============================
tests/test_db.py::test_init
tests/test_db.py::test_alembic
tests/test_db.py::test_naming_convention
tests/test_db.py::test_transaction
tests/test_db.py::test_entry_points
tests/test_db.py::test_local_proxy
tests/test_utils.py::test_rebuild_encrypted_properties
tests/test_utils.py::test_versioning_model_classname
tests/test_versioning.py::test_disabled_versioning
tests/test_versioning.py::test_versioning
tests/test_versioning.py::test_versioning_without_versioned_tables
  /code/modules/invenio-db/.tox/c1/lib/python3.6/site-packages/flask_sqlalchemy/__init__.py:794: FSADeprecationWarning: SQLALCHEMY_TRACK_MODIFICATIONS adds significant overhead and will be disabled by default in the future.  Set it to True or False to suppress this warning.
    'SQLALCHEMY_TRACK_MODIFICATIONS adds significant overhead and '

tests/test_db.py::test_local_proxy
  /code/modules/invenio-db/.tox/c1/lib/python3.6/site-packages/pkg_resources/_vendor/packaging/specifiers.py:276: DeprecationWarning: Creating a LegacyVersion has been deprecated and will be removed in the next major release
    DeprecationWarning,

tests/test_db.py::test_local_proxy
tests/test_db.py::test_local_proxy
tests/test_db.py::test_local_proxy
tests/test_db.py::test_local_proxy
tests/test_db.py::test_local_proxy
tests/test_db.py::test_local_proxy
tests/test_db.py::test_local_proxy
tests/test_db.py::test_local_proxy
tests/test_db.py::test_local_proxy
tests/test_db.py::test_local_proxy
tests/test_db.py::test_local_proxy
tests/test_db.py::test_local_proxy
tests/test_db.py::test_local_proxy
tests/test_db.py::test_local_proxy
tests/test_db.py::test_local_proxy
tests/test_db.py::test_local_proxy
tests/test_db.py::test_local_proxy
tests/test_db.py::test_local_proxy
tests/test_db.py::test_local_proxy
tests/test_db.py::test_local_proxy
tests/test_db.py::test_local_proxy
tests/test_db.py::test_local_proxy
tests/test_db.py::test_local_proxy
tests/test_db.py::test_local_proxy
tests/test_db.py::test_local_proxy
tests/test_db.py::test_local_proxy
tests/test_db.py::test_local_proxy
tests/test_db.py::test_local_proxy
tests/test_db.py::test_local_proxy
tests/test_db.py::test_local_proxy
tests/test_db.py::test_local_proxy
tests/test_db.py::test_local_proxy
tests/test_db.py::test_local_proxy
tests/test_db.py::test_local_proxy
tests/test_db.py::test_local_proxy
tests/test_db.py::test_local_proxy
tests/test_db.py::test_local_proxy
tests/test_db.py::test_local_proxy
tests/test_db.py::test_local_proxy
tests/test_db.py::test_local_proxy
tests/test_db.py::test_local_proxy
tests/test_db.py::test_local_proxy
tests/test_db.py::test_local_proxy
tests/test_db.py::test_local_proxy
tests/test_utils.py::test_versioning_model_classname
tests/test_utils.py::test_versioning_model_classname
tests/test_utils.py::test_versioning_model_classname
tests/test_utils.py::test_versioning_model_classname
tests/test_utils.py::test_versioning_model_classname
tests/test_utils.py::test_versioning_model_classname
tests/test_utils.py::test_versioning_model_classname
tests/test_utils.py::test_versioning_model_classname
tests/test_utils.py::test_versioning_model_classname
tests/test_utils.py::test_versioning_model_classname
tests/test_utils.py::test_versioning_model_classname
tests/test_utils.py::test_versioning_model_classname
tests/test_utils.py::test_versioning_model_classname
tests/test_utils.py::test_versioning_model_classname
tests/test_utils.py::test_versioning_model_classname
tests/test_utils.py::test_versioning_model_classname
tests/test_utils.py::test_versioning_model_classname
tests/test_utils.py::test_versioning_model_classname
tests/test_utils.py::test_versioning_model_classname
tests/test_utils.py::test_versioning_model_classname
tests/test_utils.py::test_versioning_model_classname
tests/test_utils.py::test_versioning_model_classname
tests/test_utils.py::test_versioning_model_classname
tests/test_utils.py::test_versioning_model_classname
tests/test_utils.py::test_versioning_model_classname
tests/test_utils.py::test_versioning_model_classname
tests/test_utils.py::test_versioning_model_classname
tests/test_utils.py::test_versioning_model_classname
tests/test_utils.py::test_versioning_model_classname
tests/test_utils.py::test_versioning_model_classname
tests/test_utils.py::test_versioning_model_classname
tests/test_utils.py::test_versioning_model_classname
tests/test_utils.py::test_versioning_model_classname
tests/test_utils.py::test_versioning_model_classname
tests/test_utils.py::test_versioning_model_classname
tests/test_utils.py::test_versioning_model_classname
tests/test_utils.py::test_versioning_model_classname
tests/test_utils.py::test_versioning_model_classname
tests/test_utils.py::test_versioning_model_classname
tests/test_utils.py::test_versioning_model_classname
tests/test_utils.py::test_versioning_model_classname
tests/test_utils.py::test_versioning_model_classname
tests/test_utils.py::test_versioning_model_classname
tests/test_utils.py::test_versioning_model_classname
  /code/modules/invenio-db/.tox/c1/lib/python3.6/site-packages/pkg_resources/_vendor/packaging/version.py:114: DeprecationWarning: Creating a LegacyVersion has been deprecated and will be removed in the next major release
    DeprecationWarning,

tests/test_utils.py::test_rebuild_encrypted_properties
tests/test_utils.py::test_rebuild_encrypted_properties
  /code/modules/invenio-db/.tox/c1/lib/python3.6/site-packages/invenio_db/utils.py:29: SADeprecationWarning: The Inspector.get_primary_keys() method is deprecated and will be removed in a future release.  Please refer to the Inspector.get_pk_constraint() method.
    primary_key_names = inspector.get_primary_keys(model.__tablename__)

-- Docs: https://docs.pytest.org/en/latest/warnings.html

---------- coverage: platform linux, python 3.6.15-final-0 -----------
Name                     Stmts   Miss Branch BrPart  Cover
----------------------------------------------------------
invenio_db/__init__.py       6      0      0      0   100%
invenio_db/cli.py           54     21     16      3    54%
invenio_db/config.py         5      0      0      0   100%
invenio_db/ext.py           63      7     24      5    84%
invenio_db/shared.py        44      5      8      3    85%
invenio_db/utils.py         48     37     20      1    18%
invenio_db/version.py        3      0      0      0   100%
----------------------------------------------------------
TOTAL                      223     70     68     12    62%
Coverage XML written to file coverage.xml

======== 2 failed, 10 passed, 2 skipped, 102 warnings in 32.92 seconds =========
/code/modules/invenio-db/.tox/c1/lib/python3.6/site-packages/coverage/control.py:768: CoverageWarning: No data was collected. (no-data-collected)
  self._warn("No data was collected.", slug="no-data-collected")
ERROR: InvocationError for command /code/modules/invenio-db/.tox/c1/bin/pytest --cov=invenio_db tests -v --cov-branch --cov-report=term --cov-report=xml --basetemp=/code/modules/invenio-db/.tox/c1/tmp (exited with code 1)
___________________________________ summary ____________________________________
ERROR:   c1: commands failed
