<?xml version="1.0" ?>
<coverage branch-rate="0.5765" branches-covered="407" branches-valid="706" complexity="0" line-rate="0.7422" lines-covered="1425" lines-valid="1920" timestamp="1667839968820" version="6.2">
	<!-- Generated by coverage.py: https://coverage.readthedocs.io -->
	<!-- Based on https://raw.githubusercontent.com/cobertura/web/master/htdocs/xml/coverage-04.dtd -->
	<sources>
		<source>/code/modules/weko-index-tree/weko_index_tree</source>
	</sources>
	<packages>
		<package branch-rate="0.5765" complexity="0" line-rate="0.7422" name=".">
			<classes>
				<class branch-rate="1" complexity="0" filename="__init__.py" line-rate="1" name="__init__.py">
					<methods/>
					<lines>
						<line hits="1" number="21"/>
						<line hits="1" number="23"/>
						<line hits="1" number="24"/>
						<line hits="1" number="26"/>
					</lines>
				</class>
				<class branch-rate="0.9286" complexity="0" filename="admin.py" line-rate="0.9608" name="admin.py">
					<methods/>
					<lines>
						<line hits="1" number="21"/>
						<line hits="1" number="23"/>
						<line hits="1" number="24"/>
						<line hits="1" number="26"/>
						<line hits="1" number="27"/>
						<line hits="1" number="28"/>
						<line hits="1" number="29"/>
						<line hits="1" number="31"/>
						<line hits="1" number="32"/>
						<line hits="1" number="33"/>
						<line hits="1" number="34"/>
						<line branch="true" condition-coverage="100% (2/2)" hits="1" number="37"/>
						<line hits="1" number="40"/>
						<line hits="1" number="43"/>
						<line hits="1" number="44"/>
						<line branch="true" condition-coverage="100% (2/2)" hits="1" number="46"/>
						<line hits="1" number="47"/>
						<line hits="1" number="51"/>
						<line branch="true" condition-coverage="100% (2/2)" hits="1" number="53"/>
						<line branch="true" condition-coverage="50% (1/2)" hits="1" missing-branches="55" number="54"/>
						<line hits="0" number="55"/>
						<line hits="1" number="57"/>
						<line hits="1" number="58"/>
						<line hits="1" number="59"/>
						<line hits="1" number="60"/>
						<line hits="1" number="63"/>
						<line hits="1" number="64"/>
						<line hits="1" number="66"/>
						<line branch="true" condition-coverage="100% (2/2)" hits="1" number="69"/>
						<line hits="1" number="72"/>
						<line hits="1" number="73"/>
						<line hits="1" number="74"/>
						<line hits="1" number="75"/>
						<line hits="1" number="77"/>
						<line hits="1" number="87"/>
						<line branch="true" condition-coverage="100% (2/2)" hits="1" number="90"/>
						<line hits="1" number="91"/>
						<line hits="1" number="92"/>
						<line hits="1" number="93"/>
						<line hits="1" number="94"/>
						<line branch="true" condition-coverage="100% (2/2)" hits="1" number="95"/>
						<line hits="1" number="96"/>
						<line hits="1" number="97"/>
						<line hits="1" number="98"/>
						<line hits="1" number="100"/>
						<line hits="1" number="105"/>
						<line hits="1" number="106"/>
						<line hits="0" number="107"/>
						<line hits="1" number="112"/>
						<line hits="1" number="121"/>
						<line hits="1" number="130"/>
					</lines>
				</class>
				<class branch-rate="0.5135" complexity="0" filename="api.py" line-rate="0.7018" name="api.py">
					<methods/>
					<lines>
						<line hits="1" number="21"/>
						<line hits="1" number="23"/>
						<line hits="1" number="24"/>
						<line hits="1" number="25"/>
						<line hits="1" number="26"/>
						<line hits="1" number="27"/>
						<line hits="1" number="28"/>
						<line hits="1" number="30"/>
						<line hits="1" number="31"/>
						<line hits="1" number="32"/>
						<line hits="1" number="33"/>
						<line hits="1" number="34"/>
						<line hits="1" number="35"/>
						<line hits="1" number="36"/>
						<line hits="1" number="37"/>
						<line hits="1" number="38"/>
						<line hits="1" number="39"/>
						<line hits="1" number="40"/>
						<line hits="1" number="41"/>
						<line hits="1" number="42"/>
						<line hits="1" number="43"/>
						<line hits="1" number="45"/>
						<line hits="1" number="46"/>
						<line branch="true" condition-coverage="100% (2/2)" hits="1" number="52"/>
						<line hits="1" number="55"/>
						<line hits="1" number="56"/>
						<line hits="1" number="63"/>
						<line hits="1" number="64"/>
						<line hits="1" number="65"/>
						<line hits="1" number="66"/>
						<line hits="1" number="67"/>
						<line branch="true" condition-coverage="100% (2/2)" hits="1" number="69"/>
						<line hits="1" number="70"/>
						<line hits="1" number="72"/>
						<line hits="1" number="73"/>
						<line hits="1" number="74"/>
						<line hits="1" number="75"/>
						<line branch="true" condition-coverage="100% (2/2)" hits="1" number="77"/>
						<line hits="1" number="78"/>
						<line hits="1" number="80"/>
						<line hits="1" number="81"/>
						<line hits="1" number="82"/>
						<line hits="1" number="83"/>
						<line hits="1" number="84"/>
						<line hits="1" number="85"/>
						<line hits="1" number="86"/>
						<line branch="true" condition-coverage="100% (2/2)" hits="1" number="87"/>
						<line hits="1" number="89"/>
						<line hits="1" number="91"/>
						<line hits="1" number="92"/>
						<line hits="1" number="95"/>
						<line hits="1" number="96"/>
						<line hits="1" number="98"/>
						<line hits="1" number="99"/>
						<line branch="true" condition-coverage="50% (1/2)" hits="1" missing-branches="101" number="100"/>
						<line branch="true" condition-coverage="0% (0/2)" hits="0" missing-branches="102,104" number="101"/>
						<line hits="0" number="102"/>
						<line hits="0" number="104"/>
						<line hits="1" number="106"/>
						<line hits="1" number="107"/>
						<line branch="true" condition-coverage="100% (2/2)" hits="1" number="110"/>
						<line hits="1" number="111"/>
						<line hits="1" number="112"/>
						<line hits="1" number="116"/>
						<line branch="true" condition-coverage="50% (1/2)" hits="1" missing-branches="149" number="118"/>
						<line hits="1" number="119"/>
						<line hits="1" number="121"/>
						<line hits="1" number="122"/>
						<line hits="1" number="124"/>
						<line branch="true" condition-coverage="100% (2/2)" hits="1" number="126"/>
						<line hits="1" number="127"/>
						<line hits="1" number="128"/>
						<line hits="1" number="129"/>
						<line branch="true" condition-coverage="100% (2/2)" hits="1" number="131"/>
						<line hits="1" number="132"/>
						<line hits="1" number="133"/>
						<line branch="true" condition-coverage="100% (2/2)" hits="1" number="135"/>
						<line hits="1" number="136"/>
						<line hits="1" number="137"/>
						<line branch="true" condition-coverage="100% (2/2)" hits="1" number="139"/>
						<line hits="1" number="140"/>
						<line hits="1" number="141"/>
						<line branch="true" condition-coverage="100% (2/2)" hits="1" number="143"/>
						<line hits="1" number="144"/>
						<line hits="1" number="145"/>
						<line hits="0" number="149"/>
						<line hits="1" number="150"/>
						<line branch="true" condition-coverage="100% (2/2)" hits="1" number="151"/>
						<line branch="true" condition-coverage="50% (1/2)" hits="1" missing-branches="153" number="152"/>
						<line hits="0" number="153"/>
						<line hits="0" number="154"/>
						<line hits="0" number="155"/>
						<line hits="0" number="158"/>
						<line hits="0" number="159"/>
						<line hits="0" number="160"/>
						<line hits="0" number="161"/>
						<line hits="1" number="163"/>
						<line hits="1" number="164"/>
						<line hits="1" number="165"/>
						<line hits="1" number="166"/>
						<line hits="1" number="167"/>
						<line hits="1" number="169"/>
						<line branch="true" condition-coverage="100% (3/3)" hits="1" number="170"/>
						<line branch="true" condition-coverage="50% (1/2)" hits="1" missing-branches="exit" number="171"/>
						<line hits="1" number="172"/>
						<line hits="1" number="174"/>
						<line hits="1" number="183"/>
						<line hits="1" number="184"/>
						<line hits="1" number="185"/>
						<line branch="true" condition-coverage="100% (2/2)" hits="1" number="186"/>
						<line hits="1" number="187"/>
						<line hits="1" number="189"/>
						<line branch="true" condition-coverage="50% (1/2)" hits="1" missing-branches="191" number="190"/>
						<line branch="true" condition-coverage="0% (0/2)" hits="0" missing-branches="192,194" number="191"/>
						<line branch="true" condition-coverage="0% (0/2)" hits="0" missing-branches="193,194" number="192"/>
						<line hits="0" number="193"/>
						<line branch="true" condition-coverage="0% (0/2)" hits="0" missing-branches="195,196" number="194"/>
						<line branch="true" condition-coverage="0% (0/2)" hits="0" missing-branches="exit,196" number="195"/>
						<line branch="true" condition-coverage="0% (0/2)" hits="0" missing-branches="197,201" number="196"/>
						<line branch="true" condition-coverage="0% (0/2)" hits="0" missing-branches="198,200" number="197"/>
						<line hits="0" number="198"/>
						<line hits="0" number="200"/>
						<line branch="true" condition-coverage="0% (0/2)" hits="0" missing-branches="203,204" number="201"/>
						<line hits="0" number="203"/>
						<line branch="true" condition-coverage="0% (0/2)" hits="0" missing-branches="205,206" number="204"/>
						<line hits="0" number="205"/>
						<line hits="0" number="206"/>
						<line hits="1" number="207"/>
						<line branch="true" condition-coverage="100% (2/2)" hits="1" number="231"/>
						<line branch="true" condition-coverage="100% (2/2)" hits="1" number="232"/>
						<line hits="1" number="233"/>
						<line hits="1" number="234"/>
						<line hits="1" number="235"/>
						<line hits="0" number="236"/>
						<line hits="0" number="237"/>
						<line hits="0" number="238"/>
						<line hits="0" number="239"/>
						<line hits="1" number="240"/>
						<line hits="1" number="241"/>
						<line hits="1" number="242"/>
						<line hits="1" number="243"/>
						<line hits="1" number="245"/>
						<line hits="1" number="246"/>
						<line hits="1" number="253"/>
						<line branch="true" condition-coverage="100% (2/2)" hits="1" number="254"/>
						<line hits="1" number="255"/>
						<line hits="1" number="256"/>
						<line branch="true" condition-coverage="100% (2/2)" hits="1" number="257"/>
						<line hits="1" number="258"/>
						<line hits="1" number="260"/>
						<line hits="1" number="262"/>
						<line hits="1" number="263"/>
						<line hits="1" number="270"/>
						<line hits="1" number="271"/>
						<line branch="true" condition-coverage="100% (2/2)" hits="1" number="272"/>
						<line hits="1" number="273"/>
						<line hits="1" number="274"/>
						<line hits="1" number="276"/>
						<line hits="1" number="277"/>
						<line hits="1" number="278"/>
						<line branch="true" condition-coverage="50% (1/2)" hits="1" missing-branches="296" number="295"/>
						<line branch="true" condition-coverage="0% (0/2)" hits="0" missing-branches="exit,297" number="296"/>
						<line hits="0" number="297"/>
						<line hits="0" number="298"/>
						<line hits="0" number="299"/>
						<line branch="true" condition-coverage="0% (0/2)" hits="0" missing-branches="301,306" number="300"/>
						<line hits="0" number="301"/>
						<line hits="0" number="302"/>
						<line hits="0" number="303"/>
						<line hits="0" number="306"/>
						<line hits="0" number="307"/>
						<line hits="0" number="308"/>
						<line hits="1" number="309"/>
						<line hits="1" number="310"/>
						<line hits="1" number="311"/>
						<line hits="1" number="312"/>
						<line hits="1" number="313"/>
						<line hits="1" number="315"/>
						<line hits="1" number="325"/>
						<line branch="true" condition-coverage="100% (2/2)" hits="1" number="326"/>
						<line hits="1" number="327"/>
						<line hits="1" number="329"/>
						<line branch="true" condition-coverage="50% (1/2)" hits="1" missing-branches="332" number="330"/>
						<line branch="true" condition-coverage="0% (0/2)" hits="0" missing-branches="333,334" number="332"/>
						<line hits="0" number="333"/>
						<line hits="1" number="334"/>
						<line hits="1" number="336"/>
						<line hits="1" number="339"/>
						<line hits="1" number="340"/>
						<line hits="1" number="341"/>
						<line hits="1" number="342"/>
						<line hits="1" number="343"/>
						<line hits="1" number="344"/>
						<line hits="1" number="345"/>
						<line branch="true" condition-coverage="50% (1/2)" hits="1" missing-branches="347" number="346"/>
						<line hits="0" number="347"/>
						<line hits="0" number="348"/>
						<line hits="1" number="349"/>
						<line hits="1" number="351"/>
						<line hits="0" number="353"/>
						<line hits="0" number="354"/>
						<line hits="0" number="356"/>
						<line hits="0" number="357"/>
						<line hits="0" number="358"/>
						<line hits="0" number="360"/>
						<line hits="0" number="361"/>
						<line hits="1" number="363"/>
						<line hits="0" number="364"/>
						<line hits="0" number="365"/>
						<line branch="true" condition-coverage="0% (0/2)" hits="0" missing-branches="exit,371" number="369"/>
						<line branch="true" condition-coverage="0% (0/2)" hits="0" missing-branches="exit,372" number="371"/>
						<line hits="0" number="372"/>
						<line branch="true" condition-coverage="0% (0/2)" hits="0" missing-branches="exit,375" number="373"/>
						<line hits="0" number="375"/>
						<line hits="0" number="376"/>
						<line branch="true" condition-coverage="0% (0/2)" hits="0" missing-branches="exit,379" number="378"/>
						<line branch="true" condition-coverage="0% (0/2)" hits="0" missing-branches="378,380" number="379"/>
						<line branch="true" condition-coverage="0% (0/2)" hits="0" missing-branches="381,392" number="380"/>
						<line hits="0" number="381"/>
						<line branch="true" condition-coverage="0% (0/2)" hits="0" missing-branches="383,388" number="382"/>
						<line branch="true" condition-coverage="0% (0/2)" hits="0" missing-branches="382,384" number="383"/>
						<line hits="0" number="384"/>
						<line hits="0" number="386"/>
						<line hits="0" number="387"/>
						<line branch="true" condition-coverage="0% (0/2)" hits="0" missing-branches="378,389" number="388"/>
						<line hits="0" number="389"/>
						<line hits="0" number="390"/>
						<line hits="0" number="392"/>
						<line hits="0" number="393"/>
						<line hits="1" number="395"/>
						<line hits="1" number="398"/>
						<line branch="true" condition-coverage="50% (1/2)" hits="1" missing-branches="542" number="400"/>
						<line hits="1" number="401"/>
						<line hits="1" number="402"/>
						<line branch="true" condition-coverage="100% (2/2)" hits="1" number="403"/>
						<line hits="1" number="404"/>
						<line hits="1" number="405"/>
						<line hits="1" number="406"/>
						<line branch="true" condition-coverage="100% (2/2)" hits="1" number="408"/>
						<line hits="1" number="409"/>
						<line hits="1" number="410"/>
						<line hits="1" number="411"/>
						<line hits="1" number="413"/>
						<line hits="1" number="414"/>
						<line branch="true" condition-coverage="50% (1/2)" hits="1" missing-branches="424" number="415"/>
						<line branch="true" condition-coverage="50% (1/2)" hits="1" missing-branches="424" number="416"/>
						<line branch="true" condition-coverage="50% (1/2)" hits="1" missing-branches="422" number="417"/>
						<line hits="1" number="418"/>
						<line hits="1" number="419"/>
						<line hits="1" number="420"/>
						<line hits="0" number="422"/>
						<line hits="0" number="423"/>
						<line branch="true" condition-coverage="50% (1/2)" hits="1" missing-branches="425" number="424"/>
						<line hits="0" number="425"/>
						<line hits="0" number="426"/>
						<line hits="0" number="427"/>
						<line branch="true" condition-coverage="0% (0/2)" hits="0" missing-branches="431,432" number="430"/>
						<line branch="true" condition-coverage="0% (0/2)" hits="0" missing-branches="exit,430" number="431"/>
						<line hits="0" number="432"/>
						<line branch="true" condition-coverage="0% (0/2)" hits="0" missing-branches="436,440" number="433"/>
						<line hits="0" number="436"/>
						<line hits="0" number="437"/>
						<line hits="0" number="438"/>
						<line hits="1" number="440"/>
						<line hits="1" number="441"/>
						<line branch="true" condition-coverage="100% (2/2)" hits="1" number="442"/>
						<line hits="1" number="443"/>
						<line hits="1" number="445"/>
						<line hits="1" number="447"/>
						<line branch="true" condition-coverage="50% (1/2)" hits="1" missing-branches="452" number="451"/>
						<line hits="0" number="452"/>
						<line hits="0" number="453"/>
						<line hits="0" number="455"/>
						<line branch="true" condition-coverage="100% (2/2)" hits="1" number="456"/>
						<line hits="1" number="458"/>
						<line hits="1" number="459"/>
						<line hits="1" number="462"/>
						<line branch="true" condition-coverage="50% (1/2)" hits="1" missing-branches="504" number="465"/>
						<line branch="true" condition-coverage="50% (1/2)" hits="1" missing-branches="493" number="466"/>
						<line hits="1" number="467"/>
						<line hits="1" number="468"/>
						<line hits="1" number="469"/>
						<line hits="1" number="470"/>
						<line branch="true" condition-coverage="0% (0/2)" hits="0" missing-branches="472,485" number="471"/>
						<line branch="true" condition-coverage="0% (0/2)" hits="0" missing-branches="473,482" number="472"/>
						<line hits="0" number="473"/>
						<line hits="0" number="474"/>
						<line hits="0" number="475"/>
						<line hits="0" number="476"/>
						<line hits="0" number="477"/>
						<line hits="0" number="478"/>
						<line hits="0" number="479"/>
						<line hits="0" number="480"/>
						<line hits="0" number="482"/>
						<line hits="0" number="483"/>
						<line hits="0" number="484"/>
						<line hits="0" number="485"/>
						<line hits="0" number="486"/>
						<line hits="0" number="487"/>
						<line hits="0" number="488"/>
						<line branch="true" condition-coverage="50% (1/2)" hits="1" missing-branches="491" number="490"/>
						<line hits="0" number="491"/>
						<line hits="0" number="493"/>
						<line hits="0" number="494"/>
						<line hits="0" number="495"/>
						<line hits="0" number="496"/>
						<line hits="0" number="497"/>
						<line hits="0" number="498"/>
						<line hits="0" number="499"/>
						<line branch="true" condition-coverage="0% (0/2)" hits="0" missing-branches="502,542" number="501"/>
						<line hits="0" number="502"/>
						<line hits="0" number="504"/>
						<line hits="0" number="505"/>
						<line hits="0" number="506"/>
						<line hits="0" number="507"/>
						<line hits="0" number="508"/>
						<line hits="0" number="509"/>
						<line branch="true" condition-coverage="0% (0/2)" hits="0" missing-branches="511,531" number="510"/>
						<line branch="true" condition-coverage="0% (0/2)" hits="0" missing-branches="512,528" number="511"/>
						<line hits="0" number="512"/>
						<line branch="true" condition-coverage="0% (0/2)" hits="0" missing-branches="514,516" number="513"/>
						<line hits="0" number="514"/>
						<line hits="0" number="516"/>
						<line hits="0" number="518"/>
						<line hits="0" number="521"/>
						<line hits="0" number="522"/>
						<line hits="0" number="523"/>
						<line hits="0" number="524"/>
						<line hits="0" number="525"/>
						<line hits="0" number="526"/>
						<line hits="0" number="528"/>
						<line hits="0" number="529"/>
						<line hits="0" number="530"/>
						<line hits="0" number="531"/>
						<line hits="0" number="532"/>
						<line hits="0" number="533"/>
						<line hits="0" number="534"/>
						<line branch="true" condition-coverage="0% (0/2)" hits="0" missing-branches="537,542" number="536"/>
						<line hits="0" number="537"/>
						<line hits="0" number="538"/>
						<line hits="0" number="539"/>
						<line hits="0" number="540"/>
						<line hits="0" number="541"/>
						<line hits="1" number="542"/>
						<line hits="1" number="544"/>
						<line hits="1" number="545"/>
						<line hits="1" number="546"/>
						<line hits="1" number="548"/>
						<line hits="1" number="550"/>
						<line hits="1" number="553"/>
						<line hits="1" number="554"/>
						<line branch="true" condition-coverage="100% (2/2)" hits="1" number="555"/>
						<line hits="1" number="556"/>
						<line hits="1" number="563"/>
						<line hits="1" number="565"/>
						<line hits="1" number="566"/>
						<line branch="true" condition-coverage="50% (1/2)" hits="1" missing-branches="569" number="568"/>
						<line hits="0" number="569"/>
						<line hits="0" number="570"/>
						<line hits="0" number="571"/>
						<line hits="0" number="572"/>
						<line hits="0" number="573"/>
						<line branch="true" condition-coverage="0% (0/2)" hits="0" missing-branches="575,577" number="574"/>
						<line hits="0" number="575"/>
						<line hits="0" number="576"/>
						<line hits="0" number="577"/>
						<line hits="0" number="578"/>
						<line hits="0" number="579"/>
						<line hits="1" number="581"/>
						<line hits="1" number="582"/>
						<line hits="1" number="583"/>
						<line hits="1" number="585"/>
						<line hits="1" number="586"/>
						<line hits="1" number="588"/>
						<line hits="1" number="589"/>
						<line hits="1" number="590"/>
						<line hits="1" number="592"/>
						<line hits="1" number="593"/>
						<line branch="true" condition-coverage="100% (2/2)" hits="1" number="595"/>
						<line hits="1" number="596"/>
						<line hits="1" number="597"/>
						<line hits="1" number="598"/>
						<line hits="1" number="599"/>
						<line hits="0" number="600"/>
						<line branch="true" condition-coverage="50% (1/2)" hits="1" missing-branches="602" number="601"/>
						<line hits="0" number="602"/>
						<line hits="0" number="603"/>
						<line hits="1" number="604"/>
						<line hits="0" number="605"/>
						<line hits="0" number="606"/>
						<line hits="1" number="608"/>
						<line hits="1" number="609"/>
						<line hits="1" number="610"/>
						<line hits="1" number="612"/>
						<line hits="1" number="613"/>
						<line branch="true" condition-coverage="50% (1/2)" hits="1" missing-branches="624" number="623"/>
						<line hits="0" number="624"/>
						<line hits="1" number="625"/>
						<line hits="1" number="626"/>
						<line hits="1" number="628"/>
						<line hits="1" number="629"/>
						<line hits="0" number="631"/>
						<line hits="0" number="632"/>
						<line hits="0" number="633"/>
						<line branch="true" condition-coverage="0% (0/2)" hits="0" missing-branches="635,637" number="634"/>
						<line hits="0" number="635"/>
						<line hits="0" number="637"/>
						<line hits="0" number="639"/>
						<line hits="1" number="641"/>
						<line hits="1" number="642"/>
						<line hits="1" number="644"/>
						<line hits="1" number="645"/>
						<line branch="true" condition-coverage="100% (2/2)" hits="1" number="646"/>
						<line hits="1" number="647"/>
						<line hits="1" number="648"/>
						<line hits="1" number="665"/>
						<line hits="1" number="669"/>
						<line hits="1" number="671"/>
						<line hits="1" number="674"/>
						<line hits="1" number="675"/>
						<line hits="1" number="676"/>
						<line branch="true" condition-coverage="50% (1/2)" hits="1" missing-branches="685" number="677"/>
						<line branch="true" condition-coverage="100% (2/2)" hits="1" number="678"/>
						<line hits="1" number="679"/>
						<line branch="true" condition-coverage="100% (2/2)" hits="1" number="680"/>
						<line branch="true" condition-coverage="100% (2/2)" hits="1" number="681"/>
						<line hits="1" number="682"/>
						<line hits="1" number="684"/>
						<line hits="1" number="685"/>
						<line hits="1" number="687"/>
						<line hits="1" number="688"/>
						<line hits="1" number="689"/>
						<line branch="true" condition-coverage="50% (1/2)" hits="1" missing-branches="692" number="690"/>
						<line hits="1" number="691"/>
						<line branch="true" condition-coverage="0% (0/2)" hits="0" missing-branches="693,698" number="692"/>
						<line branch="true" condition-coverage="0% (0/2)" hits="0" missing-branches="694,696" number="693"/>
						<line hits="0" number="694"/>
						<line hits="0" number="696"/>
						<line hits="0" number="698"/>
						<line hits="1" number="700"/>
						<line hits="1" number="702"/>
						<line hits="1" number="703"/>
						<line hits="1" number="705"/>
						<line hits="1" number="706"/>
						<line hits="1" number="708"/>
						<line hits="1" number="710"/>
						<line hits="1" number="711"/>
						<line branch="true" condition-coverage="100% (2/2)" hits="1" number="713"/>
						<line hits="1" number="714"/>
						<line hits="1" number="716"/>
						<line hits="1" number="718"/>
						<line hits="1" number="720"/>
						<line hits="1" number="722"/>
						<line hits="1" number="724"/>
						<line hits="1" number="726"/>
						<line hits="1" number="728"/>
						<line hits="1" number="730"/>
						<line hits="1" number="732"/>
						<line hits="1" number="733"/>
						<line hits="1" number="735"/>
						<line branch="true" condition-coverage="100% (2/2)" hits="1" number="736"/>
						<line hits="1" number="737"/>
						<line hits="1" number="741"/>
						<line hits="1" number="745"/>
						<line hits="1" number="748"/>
						<line hits="1" number="750"/>
						<line hits="1" number="751"/>
						<line hits="1" number="761"/>
						<line hits="1" number="762"/>
						<line hits="1" number="764"/>
						<line hits="1" number="766"/>
						<line hits="1" number="767"/>
						<line hits="1" number="776"/>
						<line hits="1" number="777"/>
						<line hits="1" number="780"/>
						<line hits="1" number="782"/>
						<line hits="1" number="785"/>
						<line hits="1" number="786"/>
						<line hits="1" number="790"/>
						<line hits="1" number="792"/>
						<line hits="1" number="795"/>
						<line hits="1" number="796"/>
						<line branch="true" condition-coverage="100% (2/2)" hits="1" number="797"/>
						<line branch="true" condition-coverage="100% (2/2)" hits="1" number="798"/>
						<line branch="true" condition-coverage="50% (1/2)" hits="1" missing-branches="801" number="800"/>
						<line hits="0" number="801"/>
						<line branch="true" condition-coverage="50% (1/2)" hits="1" missing-branches="797" number="802"/>
						<line hits="1" number="803"/>
						<line hits="1" number="804"/>
						<line hits="1" number="806"/>
						<line hits="1" number="807"/>
						<line hits="1" number="808"/>
						<line hits="1" number="809"/>
						<line hits="0" number="812"/>
						<line hits="0" number="813"/>
						<line hits="1" number="815"/>
						<line hits="1" number="823"/>
						<line hits="1" number="824"/>
						<line hits="1" number="826"/>
						<line hits="1" number="828"/>
						<line branch="true" condition-coverage="100% (2/2)" hits="1" number="836"/>
						<line hits="1" number="837"/>
						<line hits="1" number="838"/>
						<line hits="1" number="841"/>
						<line hits="1" number="843"/>
						<line hits="1" number="844"/>
						<line branch="true" condition-coverage="50% (1/2)" hits="1" missing-branches="852" number="851"/>
						<line hits="0" number="852"/>
						<line hits="0" number="853"/>
						<line hits="0" number="854"/>
						<line hits="0" number="855"/>
						<line branch="true" condition-coverage="0% (0/2)" hits="0" missing-branches="858,859" number="857"/>
						<line hits="0" number="858"/>
						<line hits="0" number="859"/>
						<line hits="0" number="860"/>
						<line branch="true" condition-coverage="0% (0/2)" hits="0" missing-branches="exit,862" number="861"/>
						<line branch="true" condition-coverage="0% (0/2)" hits="0" missing-branches="863,868" number="862"/>
						<line branch="true" condition-coverage="0% (0/2)" hits="0" missing-branches="865,866" number="863"/>
						<line hits="0" number="865"/>
						<line branch="true" condition-coverage="0% (0/2)" hits="0" missing-branches="862,867" number="866"/>
						<line hits="0" number="867"/>
						<line hits="0" number="868"/>
						<line hits="1" number="870"/>
						<line hits="1" number="871"/>
						<line branch="true" condition-coverage="50% (1/2)" hits="1" missing-branches="876" number="874"/>
						<line hits="1" number="875"/>
						<line hits="1" number="876"/>
						<line hits="1" number="877"/>
						<line hits="1" number="879"/>
						<line hits="1" number="886"/>
						<line hits="1" number="887"/>
						<line hits="1" number="888"/>
						<line hits="0" number="890"/>
						<line hits="0" number="891"/>
						<line hits="0" number="892"/>
						<line hits="0" number="893"/>
						<line hits="1" number="895"/>
						<line hits="1" number="903"/>
						<line hits="1" number="904"/>
						<line hits="1" number="911"/>
						<line hits="1" number="912"/>
						<line hits="1" number="913"/>
						<line hits="1" number="920"/>
						<line hits="1" number="922"/>
						<line hits="1" number="923"/>
						<line hits="1" number="925"/>
						<line hits="1" number="933"/>
						<line hits="1" number="934"/>
						<line hits="1" number="935"/>
						<line hits="1" number="943"/>
						<line hits="1" number="944"/>
						<line branch="true" condition-coverage="100% (2/2)" hits="1" number="945"/>
						<line hits="1" number="947"/>
						<line hits="1" number="948"/>
						<line hits="1" number="953"/>
						<line hits="1" number="954"/>
						<line hits="1" number="970"/>
						<line hits="1" number="971"/>
						<line hits="1" number="972"/>
						<line hits="1" number="990"/>
						<line hits="1" number="991"/>
						<line hits="1" number="1000"/>
						<line hits="1" number="1018"/>
						<line hits="1" number="1019"/>
						<line hits="1" number="1020"/>
						<line hits="1" number="1040"/>
						<line hits="1" number="1042"/>
						<line hits="1" number="1043"/>
						<line hits="1" number="1049"/>
						<line branch="true" condition-coverage="100% (2/2)" hits="1" number="1050"/>
						<line hits="1" number="1051"/>
						<line hits="1" number="1082"/>
						<line hits="1" number="1083"/>
						<line hits="1" number="1084"/>
						<line hits="1" number="1117"/>
						<line hits="1" number="1139"/>
						<line hits="1" number="1140"/>
						<line hits="1" number="1141"/>
						<line hits="1" number="1164"/>
						<line hits="1" number="1166"/>
						<line hits="1" number="1167"/>
						<line hits="1" number="1173"/>
						<line branch="true" condition-coverage="100% (2/2)" hits="1" number="1174"/>
						<line hits="1" number="1175"/>
						<line hits="1" number="1206"/>
						<line hits="1" number="1207"/>
						<line hits="1" number="1208"/>
						<line hits="1" number="1241"/>
						<line hits="1" number="1263"/>
						<line hits="1" number="1264"/>
						<line hits="1" number="1265"/>
						<line hits="1" number="1288"/>
						<line hits="1" number="1290"/>
						<line hits="1" number="1297"/>
						<line hits="1" number="1298"/>
						<line hits="1" number="1302"/>
						<line hits="1" number="1303"/>
						<line hits="1" number="1304"/>
						<line hits="1" number="1305"/>
						<line branch="true" condition-coverage="100% (2/2)" hits="1" number="1306"/>
						<line hits="1" number="1307"/>
						<line hits="1" number="1308"/>
						<line hits="1" number="1309"/>
						<line hits="1" number="1310"/>
						<line hits="0" number="1313"/>
						<line hits="1" number="1314"/>
						<line hits="1" number="1315"/>
						<line hits="1" number="1316"/>
						<line hits="1" number="1318"/>
						<line hits="1" number="1320"/>
						<line branch="true" condition-coverage="100% (2/2)" hits="1" number="1322"/>
						<line hits="1" number="1323"/>
						<line hits="1" number="1325"/>
						<line hits="1" number="1326"/>
						<line hits="1" number="1327"/>
						<line hits="1" number="1328"/>
						<line branch="true" condition-coverage="100% (2/2)" hits="1" number="1329"/>
						<line hits="1" number="1330"/>
						<line hits="1" number="1332"/>
						<line hits="1" number="1333"/>
						<line hits="1" number="1334"/>
						<line hits="1" number="1336"/>
						<line hits="1" number="1338"/>
						<line hits="1" number="1341"/>
						<line hits="1" number="1342"/>
						<line hits="1" number="1346"/>
						<line hits="1" number="1347"/>
						<line hits="1" number="1348"/>
						<line hits="1" number="1349"/>
						<line branch="true" condition-coverage="100% (2/2)" hits="1" number="1350"/>
						<line hits="1" number="1351"/>
						<line hits="1" number="1352"/>
						<line hits="1" number="1353"/>
						<line hits="1" number="1354"/>
						<line hits="0" number="1357"/>
						<line hits="1" number="1358"/>
						<line hits="1" number="1359"/>
						<line hits="1" number="1360"/>
						<line hits="1" number="1362"/>
						<line hits="1" number="1365"/>
						<line hits="1" number="1366"/>
						<line hits="1" number="1367"/>
						<line hits="1" number="1374"/>
						<line hits="1" number="1375"/>
						<line hits="1" number="1376"/>
						<line branch="true" condition-coverage="50% (1/2)" hits="1" missing-branches="1378" number="1377"/>
						<line hits="0" number="1378"/>
						<line hits="1" number="1380"/>
						<line hits="1" number="1381"/>
						<line hits="0" number="1384"/>
						<line hits="1" number="1385"/>
						<line hits="1" number="1386"/>
						<line hits="1" number="1387"/>
						<line hits="1" number="1388"/>
						<line hits="1" number="1390"/>
						<line hits="1" number="1391"/>
						<line hits="1" number="1393"/>
						<line branch="true" condition-coverage="100% (2/2)" hits="1" number="1395"/>
						<line hits="1" number="1396"/>
						<line hits="1" number="1397"/>
						<line branch="true" condition-coverage="50% (1/2)" hits="1" missing-branches="1395" number="1398"/>
						<line hits="1" number="1399"/>
						<line hits="0" number="1400"/>
						<line hits="0" number="1401"/>
						<line hits="1" number="1403"/>
						<line hits="1" number="1404"/>
						<line hits="1" number="1405"/>
						<line branch="true" condition-coverage="50% (1/2)" hits="1" missing-branches="1407" number="1406"/>
						<line hits="0" number="1407"/>
						<line hits="1" number="1408"/>
						<line hits="1" number="1409"/>
						<line hits="1" number="1410"/>
						<line hits="1" number="1411"/>
						<line hits="0" number="1412"/>
						<line hits="0" number="1413"/>
						<line hits="0" number="1414"/>
						<line hits="0" number="1415"/>
						<line hits="1" number="1417"/>
						<line hits="1" number="1418"/>
						<line hits="0" number="1425"/>
						<line hits="0" number="1426"/>
						<line hits="0" number="1433"/>
						<line hits="0" number="1434"/>
						<line hits="0" number="1435"/>
						<line hits="0" number="1436"/>
						<line hits="0" number="1437"/>
						<line hits="0" number="1438"/>
						<line branch="true" condition-coverage="0% (0/2)" hits="0" missing-branches="1443,1462" number="1442"/>
						<line branch="true" condition-coverage="0% (0/2)" hits="0" missing-branches="1442,1444" number="1443"/>
						<line branch="true" condition-coverage="0% (0/2)" hits="0" missing-branches="1443,1447" number="1444"/>
						<line hits="0" number="1447"/>
						<line hits="0" number="1452"/>
						<line hits="0" number="1458"/>
						<line hits="0" number="1460"/>
						<line hits="0" number="1461"/>
						<line hits="0" number="1462"/>
						<line hits="1" number="1464"/>
						<line hits="1" number="1472"/>
						<line hits="1" number="1476"/>
						<line hits="1" number="1478"/>
						<line hits="0" number="1481"/>
						<line hits="1" number="1483"/>
						<line hits="1" number="1484"/>
						<line hits="1" number="1490"/>
						<line branch="true" condition-coverage="100% (2/2)" hits="1" number="1491"/>
						<line branch="true" condition-coverage="100% (2/2)" hits="1" number="1492"/>
						<line hits="1" number="1493"/>
						<line hits="0" number="1495"/>
						<line hits="0" number="1496"/>
						<line hits="1" number="1497"/>
						<line hits="1" number="1499"/>
						<line hits="1" number="1507"/>
						<line branch="true" condition-coverage="100% (2/2)" hits="1" number="1510"/>
						<line hits="1" number="1511"/>
						<line hits="1" number="1513"/>
						<line hits="1" number="1522"/>
						<line branch="true" condition-coverage="100% (2/2)" hits="1" number="1525"/>
						<line hits="1" number="1526"/>
						<line hits="1" number="1528"/>
						<line hits="0" number="1536"/>
						<line branch="true" condition-coverage="0% (0/2)" hits="0" missing-branches="exit,1540" number="1539"/>
						<line hits="0" number="1540"/>
						<line hits="1" number="1542"/>
						<line hits="0" number="1550"/>
						<line branch="true" condition-coverage="0% (0/2)" hits="0" missing-branches="exit,1554" number="1553"/>
						<line hits="0" number="1554"/>
						<line hits="1" number="1556"/>
						<line hits="0" number="1564"/>
						<line branch="true" condition-coverage="0% (0/2)" hits="0" missing-branches="exit,1568" number="1567"/>
						<line hits="0" number="1568"/>
						<line hits="1" number="1570"/>
						<line hits="0" number="1578"/>
						<line branch="true" condition-coverage="0% (0/2)" hits="0" missing-branches="exit,1582" number="1581"/>
						<line hits="0" number="1582"/>
						<line hits="1" number="1584"/>
						<line hits="1" number="1592"/>
						<line branch="true" condition-coverage="100% (2/2)" hits="1" number="1595"/>
						<line hits="1" number="1596"/>
						<line hits="1" number="1598"/>
						<line hits="1" number="1601"/>
						<line hits="1" number="1603"/>
						<line hits="1" number="1611"/>
						<line hits="1" number="1612"/>
						<line branch="true" condition-coverage="50% (1/2)" hits="1" missing-branches="1617" number="1615"/>
						<line hits="1" number="1616"/>
						<line hits="1" number="1617"/>
						<line hits="1" number="1618"/>
						<line hits="1" number="1620"/>
						<line hits="1" number="1621"/>
						<line hits="1" number="1623"/>
						<line branch="true" condition-coverage="100% (2/2)" hits="1" number="1625"/>
						<line hits="1" number="1627"/>
						<line hits="1" number="1635"/>
						<line hits="1" number="1637"/>
						<line hits="1" number="1639"/>
						<line hits="1" number="1642"/>
						<line hits="1" number="1644"/>
						<line hits="1" number="1646"/>
						<line hits="1" number="1649"/>
						<line hits="1" number="1650"/>
						<line hits="1" number="1652"/>
						<line hits="1" number="1653"/>
						<line hits="1" number="1664"/>
						<line hits="1" number="1665"/>
						<line hits="1" number="1667"/>
						<line hits="1" number="1669"/>
						<line hits="1" number="1671"/>
						<line hits="1" number="1673"/>
						<line hits="1" number="1675"/>
						<line hits="1" number="1676"/>
						<line hits="1" number="1682"/>
						<line hits="1" number="1683"/>
						<line hits="1" number="1684"/>
						<line hits="1" number="1685"/>
						<line hits="1" number="1687"/>
						<line hits="1" number="1688"/>
						<line hits="1" number="1694"/>
						<line hits="1" number="1695"/>
						<line hits="1" number="1697"/>
						<line hits="1" number="1703"/>
						<line hits="1" number="1711"/>
						<line hits="1" number="1712"/>
						<line hits="1" number="1713"/>
						<line hits="1" number="1722"/>
						<line hits="1" number="1723"/>
						<line hits="1" number="1724"/>
						<line hits="1" number="1725"/>
						<line branch="true" condition-coverage="100% (2/2)" hits="1" number="1727"/>
						<line hits="1" number="1728"/>
						<line hits="1" number="1729"/>
						<line hits="1" number="1731"/>
						<line hits="1" number="1734"/>
						<line hits="1" number="1735"/>
						<line hits="1" number="1736"/>
						<line hits="1" number="1737"/>
						<line branch="true" condition-coverage="50% (1/2)" hits="1" missing-branches="1740" number="1738"/>
						<line hits="1" number="1739"/>
						<line hits="1" number="1740"/>
						<line hits="1" number="1742"/>
						<line branch="true" condition-coverage="50% (1/2)" hits="1" missing-branches="1748" number="1745"/>
						<line hits="1" number="1746"/>
						<line hits="0" number="1748"/>
						<line hits="0" number="1749"/>
						<line hits="1" number="1751"/>
						<line hits="1" number="1757"/>
						<line hits="1" number="1768"/>
						<line hits="1" number="1769"/>
						<line hits="1" number="1770"/>
						<line hits="1" number="1782"/>
						<line hits="1" number="1783"/>
						<line hits="1" number="1784"/>
						<line hits="1" number="1785"/>
						<line branch="true" condition-coverage="100% (2/2)" hits="1" number="1787"/>
						<line hits="1" number="1788"/>
						<line hits="1" number="1789"/>
					</lines>
				</class>
				<class branch-rate="1" complexity="0" filename="bundles.py" line-rate="1" name="bundles.py">
					<methods/>
					<lines>
						<line hits="1" number="21"/>
						<line hits="1" number="23"/>
						<line hits="1" number="24"/>
						<line hits="1" number="26"/>
						<line hits="1" number="32"/>
						<line hits="1" number="39"/>
					</lines>
				</class>
				<class branch-rate="1" complexity="0" filename="config.py" line-rate="1" name="config.py">
					<methods/>
					<lines>
						<line hits="1" number="21"/>
						<line hits="1" number="23"/>
						<line hits="1" number="26"/>
						<line hits="1" number="30"/>
						<line hits="1" number="33"/>
						<line hits="1" number="37"/>
						<line hits="1" number="42"/>
						<line hits="1" number="45"/>
						<line hits="1" number="47"/>
						<line hits="1" number="49"/>
						<line hits="1" number="51"/>
						<line hits="1" number="66"/>
						<line hits="1" number="69"/>
						<line hits="1" number="72"/>
						<line hits="1" number="75"/>
						<line hits="1" number="78"/>
						<line hits="1" number="81"/>
						<line hits="1" number="84"/>
						<line hits="1" number="87"/>
						<line hits="1" number="90"/>
						<line hits="1" number="93"/>
						<line hits="1" number="94"/>
					</lines>
				</class>
				<class branch-rate="1" complexity="0" filename="errors.py" line-rate="1" name="errors.py">
					<methods/>
					<lines>
						<line hits="1" number="25"/>
						<line hits="1" number="26"/>
						<line hits="1" number="31"/>
						<line hits="1" number="32"/>
						<line branch="true" condition-coverage="100% (2/2)" hits="1" number="35"/>
						<line hits="1" number="38"/>
						<line branch="true" condition-coverage="100% (2/2)" hits="1" number="41"/>
						<line hits="1" number="44"/>
						<line hits="1" number="45"/>
						<line branch="true" condition-coverage="100% (2/2)" hits="1" number="48"/>
						<line hits="1" number="51"/>
						<line hits="1" number="52"/>
						<line branch="true" condition-coverage="100% (2/2)" hits="1" number="55"/>
						<line hits="1" number="58"/>
						<line hits="1" number="59"/>
						<line branch="true" condition-coverage="100% (2/2)" hits="1" number="62"/>
						<line hits="1" number="65"/>
						<line hits="1" number="66"/>
						<line branch="true" condition-coverage="100% (2/2)" hits="1" number="69"/>
						<line hits="1" number="72"/>
						<line hits="1" number="73"/>
						<line branch="true" condition-coverage="100% (2/2)" hits="1" number="76"/>
						<line hits="1" number="79"/>
						<line hits="1" number="80"/>
					</lines>
				</class>
				<class branch-rate="0.6111" complexity="0" filename="ext.py" line-rate="0.6774" name="ext.py">
					<methods/>
					<lines>
						<line hits="1" number="21"/>
						<line hits="1" number="23"/>
						<line hits="1" number="24"/>
						<line hits="1" number="25"/>
						<line branch="true" condition-coverage="100% (2/2)" hits="1" number="28"/>
						<line hits="1" number="31"/>
						<line branch="true" condition-coverage="100% (2/2)" hits="1" number="36"/>
						<line hits="1" number="37"/>
						<line hits="1" number="39"/>
						<line hits="1" number="44"/>
						<line hits="1" number="45"/>
						<line hits="1" number="46"/>
						<line hits="1" number="48"/>
						<line branch="true" condition-coverage="50% (1/2)" hits="1" missing-branches="55" number="54"/>
						<line hits="0" number="55"/>
						<line branch="true" condition-coverage="100% (2/2)" hits="1" number="59"/>
						<line branch="true" condition-coverage="100% (2/2)" hits="1" number="60"/>
						<line hits="1" number="61"/>
						<line branch="true" condition-coverage="100% (2/2)" hits="1" number="64"/>
						<line hits="1" number="67"/>
						<line branch="true" condition-coverage="0% (0/2)" hits="0" missing-branches="exit,73" number="72"/>
						<line hits="0" number="73"/>
						<line hits="1" number="75"/>
						<line hits="0" number="83"/>
						<line hits="0" number="84"/>
						<line hits="0" number="86"/>
						<line hits="0" number="87"/>
						<line hits="1" number="89"/>
						<line branch="true" condition-coverage="0% (0/2)" hits="0" missing-branches="exit,95" number="94"/>
						<line branch="true" condition-coverage="0% (0/2)" hits="0" missing-branches="94,96" number="95"/>
						<line hits="0" number="96"/>
					</lines>
				</class>
				<class branch-rate="0.5385" complexity="0" filename="models.py" line-rate="0.7075" name="models.py">
					<methods/>
					<lines>
						<line hits="1" number="21"/>
						<line hits="1" number="23"/>
						<line hits="1" number="25"/>
						<line hits="1" number="26"/>
						<line hits="1" number="27"/>
						<line hits="1" number="28"/>
						<line hits="1" number="29"/>
						<line hits="1" number="30"/>
						<line branch="true" condition-coverage="100% (2/2)" hits="1" number="36"/>
						<line hits="1" number="44"/>
						<line hits="1" number="46"/>
						<line hits="1" number="50"/>
						<line hits="1" number="53"/>
						<line hits="1" number="56"/>
						<line hits="1" number="59"/>
						<line hits="1" number="62"/>
						<line hits="1" number="65"/>
						<line hits="1" number="68"/>
						<line hits="1" number="71"/>
						<line hits="1" number="74"/>
						<line hits="1" number="81"/>
						<line hits="1" number="84"/>
						<line hits="1" number="88"/>
						<line hits="1" number="91"/>
						<line hits="1" number="95"/>
						<line hits="1" number="98"/>
						<line hits="1" number="101"/>
						<line hits="1" number="105"/>
						<line hits="1" number="110"/>
						<line hits="1" number="114"/>
						<line hits="1" number="118"/>
						<line hits="1" number="125"/>
						<line hits="1" number="132"/>
						<line hits="1" number="135"/>
						<line hits="1" number="139"/>
						<line hits="1" number="142"/>
						<line hits="1" number="146"/>
						<line hits="1" number="149"/>
						<line hits="1" number="153"/>
						<line hits="1" number="156"/>
						<line hits="1" number="160"/>
						<line branch="true" condition-coverage="100% (2/2)" hits="1" number="165"/>
						<line hits="1" number="181"/>
						<line hits="1" number="186"/>
						<line hits="1" number="189"/>
						<line branch="true" condition-coverage="100% (2/2)" hits="1" number="191"/>
						<line branch="true" condition-coverage="100% (2/2)" hits="1" number="192"/>
						<line hits="1" number="194"/>
						<line branch="true" condition-coverage="100% (2/2)" hits="1" number="195"/>
						<line hits="1" number="196"/>
						<line branch="true" condition-coverage="100% (2/2)" hits="1" number="197"/>
						<line hits="1" number="200"/>
						<line hits="1" number="203"/>
						<line branch="true" condition-coverage="0% (0/2)" hits="0" missing-branches="206,211" number="205"/>
						<line hits="0" number="206"/>
						<line hits="0" number="211"/>
						<line hits="1" number="216"/>
						<line hits="1" number="219"/>
						<line hits="1" number="220"/>
						<line hits="1" number="222"/>
						<line hits="0" number="225"/>
						<line hits="0" number="226"/>
						<line branch="true" condition-coverage="0% (0/2)" hits="0" missing-branches="228,234" number="227"/>
						<line branch="true" condition-coverage="0% (0/2)" hits="0" missing-branches="229,234" number="228"/>
						<line hits="0" number="229"/>
						<line hits="0" number="233"/>
						<line hits="0" number="234"/>
						<line hits="1" number="236"/>
						<line hits="0" number="239"/>
						<line hits="0" number="240"/>
						<line branch="true" condition-coverage="100% (2/2)" hits="1" number="243"/>
						<line hits="1" number="246"/>
						<line hits="1" number="248"/>
						<line hits="1" number="251"/>
						<line hits="1" number="254"/>
						<line hits="1" number="257"/>
						<line hits="1" number="260"/>
						<line hits="1" number="263"/>
						<line hits="1" number="264"/>
						<line hits="1" number="265"/>
						<line hits="1" number="266"/>
						<line hits="1" number="267"/>
						<line hits="1" number="268"/>
						<line hits="0" number="269"/>
						<line hits="0" number="270"/>
						<line hits="0" number="271"/>
						<line hits="0" number="272"/>
						<line hits="1" number="274"/>
						<line hits="1" number="277"/>
						<line hits="1" number="279"/>
						<line hits="0" number="288"/>
						<line hits="0" number="289"/>
						<line hits="0" number="290"/>
						<line branch="true" condition-coverage="0% (0/2)" hits="0" missing-branches="292,294" number="291"/>
						<line hits="0" number="292"/>
						<line branch="true" condition-coverage="0% (0/2)" hits="0" missing-branches="295,297" number="294"/>
						<line branch="true" condition-coverage="0% (0/2)" hits="0" missing-branches="294,296" number="295"/>
						<line hits="0" number="296"/>
						<line hits="0" number="297"/>
						<line hits="0" number="298"/>
						<line hits="0" number="299"/>
						<line hits="0" number="300"/>
						<line hits="0" number="301"/>
						<line hits="0" number="302"/>
						<line hits="0" number="303"/>
						<line hits="1" number="306"/>
					</lines>
				</class>
				<class branch-rate="1" complexity="0" filename="permissions.py" line-rate="1" name="permissions.py">
					<methods/>
					<lines>
						<line hits="1" number="21"/>
						<line hits="1" number="23"/>
						<line hits="1" number="25"/>
						<line hits="1" number="26"/>
					</lines>
				</class>
				<class branch-rate="0.5673" complexity="0" filename="rest.py" line-rate="0.76" name="rest.py">
					<methods/>
					<lines>
						<line hits="1" number="21"/>
						<line hits="1" number="23"/>
						<line hits="1" number="24"/>
						<line hits="1" number="25"/>
						<line hits="1" number="27"/>
						<line hits="1" number="29"/>
						<line hits="1" number="30"/>
						<line hits="1" number="31"/>
						<line hits="1" number="32"/>
						<line hits="1" number="34"/>
						<line hits="1" number="35"/>
						<line hits="1" number="37"/>
						<line hits="1" number="38"/>
						<line hits="1" number="42"/>
						<line hits="1" number="47"/>
						<line hits="1" number="48"/>
						<line hits="1" number="51"/>
						<line branch="true" condition-coverage="50% (1/2)" hits="1" missing-branches="64" number="53"/>
						<line branch="true" condition-coverage="100% (2/2)" hits="1" number="54"/>
						<line hits="1" number="55"/>
						<line branch="true" condition-coverage="50% (1/2)" hits="1" missing-branches="57" number="56"/>
						<line branch="true" condition-coverage="0% (0/2)" hits="0" missing-branches="58,64" number="57"/>
						<line hits="0" number="58"/>
						<line branch="true" condition-coverage="100% (2/2)" hits="1" number="60"/>
						<line hits="1" number="61"/>
						<line hits="1" number="62"/>
						<line hits="1" number="64"/>
						<line hits="1" number="65"/>
						<line hits="1" number="66"/>
						<line hits="1" number="69"/>
						<line hits="1" number="77"/>
						<line branch="true" condition-coverage="100% (2/2)" hits="1" number="83"/>
						<line branch="true" condition-coverage="100% (2/2)" hits="1" number="84"/>
						<line hits="1" number="85"/>
						<line branch="true" condition-coverage="100% (2/2)" hits="1" number="86"/>
						<line hits="1" number="89"/>
						<line hits="1" number="91"/>
						<line branch="true" condition-coverage="100% (2/2)" hits="1" number="94"/>
						<line hits="1" number="112"/>
						<line hits="1" number="119"/>
						<line hits="1" number="126"/>
						<line hits="1" number="132"/>
						<line hits="1" number="138"/>
						<line hits="1" number="144"/>
						<line hits="1" number="149"/>
						<line branch="true" condition-coverage="100% (2/2)" hits="1" number="152"/>
						<line hits="1" number="155"/>
						<line hits="1" number="157"/>
						<line hits="1" number="160"/>
						<line branch="true" condition-coverage="100% (2/2)" hits="1" number="176"/>
						<line hits="1" number="177"/>
						<line hits="1" number="179"/>
						<line hits="1" number="182"/>
						<line branch="true" condition-coverage="50% (1/2)" hits="1" missing-branches="190" number="183"/>
						<line hits="1" number="184"/>
						<line hits="1" number="185"/>
						<line hits="1" number="186"/>
						<line branch="true" condition-coverage="50% (1/2)" hits="1" missing-branches="188" number="187"/>
						<line hits="0" number="188"/>
						<line hits="0" number="190"/>
						<line hits="1" number="192"/>
						<line hits="1" number="193"/>
						<line branch="true" condition-coverage="50% (1/2)" hits="1" missing-branches="202" number="194"/>
						<line branch="true" condition-coverage="50% (1/2)" hits="1" missing-branches="202" number="195"/>
						<line branch="true" condition-coverage="50% (1/2)" hits="1" missing-branches="201" number="196"/>
						<line hits="1" number="197"/>
						<line hits="1" number="198"/>
						<line hits="1" number="199"/>
						<line hits="0" number="201"/>
						<line branch="true" condition-coverage="50% (1/2)" hits="1" missing-branches="203" number="202"/>
						<line hits="0" number="203"/>
						<line branch="true" condition-coverage="0% (0/2)" hits="0" missing-branches="exit,205" number="204"/>
						<line hits="0" number="205"/>
						<line branch="true" condition-coverage="0% (0/2)" hits="0" missing-branches="210,211" number="209"/>
						<line hits="0" number="210"/>
						<line hits="1" number="211"/>
						<line hits="1" number="213"/>
						<line hits="0" number="214"/>
						<line hits="0" number="215"/>
						<line hits="1" number="218"/>
						<line hits="1" number="221"/>
						<line branch="true" condition-coverage="50% (1/2)" hits="1" missing-branches="223" number="222"/>
						<line hits="0" number="223"/>
						<line hits="1" number="224"/>
						<line hits="1" number="225"/>
						<line hits="1" number="226"/>
						<line branch="true" condition-coverage="50% (1/2)" hits="1" missing-branches="230" number="227"/>
						<line hits="1" number="228"/>
						<line branch="true" condition-coverage="0% (0/2)" hits="0" missing-branches="231,232" number="230"/>
						<line hits="0" number="231"/>
						<line hits="0" number="232"/>
						<line hits="0" number="233"/>
						<line hits="0" number="235"/>
						<line hits="0" number="236"/>
						<line hits="1" number="237"/>
						<line hits="1" number="241"/>
						<line hits="1" number="244"/>
						<line branch="true" condition-coverage="50% (1/2)" hits="1" missing-branches="246" number="245"/>
						<line hits="0" number="246"/>
						<line hits="1" number="247"/>
						<line hits="1" number="248"/>
						<line hits="1" number="249"/>
						<line hits="1" number="250"/>
						<line hits="1" number="252"/>
						<line branch="true" condition-coverage="100% (2/2)" hits="1" number="253"/>
						<line hits="1" number="254"/>
						<line branch="true" condition-coverage="100% (2/2)" hits="1" number="255"/>
						<line branch="true" condition-coverage="50% (1/2)" hits="1" missing-branches="257" number="256"/>
						<line hits="0" number="257"/>
						<line branch="true" condition-coverage="50% (1/2)" hits="1" missing-branches="286" number="259"/>
						<line hits="1" number="260"/>
						<line branch="true" condition-coverage="50% (1/2)" hits="1" missing-branches="275" number="264"/>
						<line hits="1" number="265"/>
						<line hits="1" number="266"/>
						<line branch="true" condition-coverage="50% (1/2)" hits="1" missing-branches="272" number="271"/>
						<line hits="0" number="272"/>
						<line hits="1" number="273"/>
						<line branch="true" condition-coverage="50% (1/2)" hits="1" missing-branches="277" number="275"/>
						<line hits="1" number="276"/>
						<line branch="true" condition-coverage="50% (1/2)" hits="1" missing-branches="279" number="277"/>
						<line hits="1" number="278"/>
						<line hits="0" number="279"/>
						<line hits="0" number="283"/>
						<line hits="0" number="284"/>
						<line hits="1" number="286"/>
						<line hits="1" number="290"/>
						<line branch="true" condition-coverage="50% (1/2)" hits="1" missing-branches="294" number="293"/>
						<line hits="0" number="294"/>
						<line hits="1" number="296"/>
						<line hits="1" number="297"/>
						<line hits="1" number="299"/>
						<line hits="1" number="300"/>
						<line hits="1" number="302"/>
						<line branch="true" condition-coverage="100% (2/2)" hits="1" number="306"/>
						<line hits="1" number="309"/>
						<line hits="1" number="311"/>
						<line hits="1" number="314"/>
						<line branch="true" condition-coverage="100% (2/2)" hits="1" number="328"/>
						<line hits="1" number="329"/>
						<line hits="1" number="331"/>
						<line hits="1" number="333"/>
						<line hits="1" number="334"/>
						<line hits="1" number="335"/>
						<line hits="1" number="336"/>
						<line hits="1" number="338"/>
						<line hits="1" number="339"/>
						<line branch="true" condition-coverage="50% (1/2)" hits="1" missing-branches="341" number="340"/>
						<line hits="0" number="341"/>
						<line hits="1" number="343"/>
						<line branch="true" condition-coverage="50% (1/2)" hits="1" missing-branches="346" number="345"/>
						<line branch="true" condition-coverage="0% (0/2)" hits="0" missing-branches="347,351" number="346"/>
						<line hits="0" number="347"/>
						<line hits="0" number="348"/>
						<line hits="0" number="351"/>
						<line branch="true" condition-coverage="50% (1/2)" hits="1" missing-branches="353" number="352"/>
						<line branch="true" condition-coverage="0% (0/2)" hits="0" missing-branches="354,356" number="353"/>
						<line hits="0" number="354"/>
						<line hits="0" number="356"/>
						<line branch="true" condition-coverage="100% (2/2)" hits="1" number="359"/>
						<line hits="1" number="360"/>
						<line branch="true" condition-coverage="50% (1/2)" hits="1" missing-branches="397" number="362"/>
						<line branch="true" condition-coverage="50% (1/2)" hits="1" missing-branches="367" number="363"/>
						<line hits="1" number="364"/>
						<line hits="0" number="367"/>
						<line hits="1" number="371"/>
						<line hits="1" number="372"/>
						<line branch="true" condition-coverage="50% (1/2)" hits="1" missing-branches="381" number="373"/>
						<line branch="true" condition-coverage="100% (2/2)" hits="1" number="374"/>
						<line branch="true" condition-coverage="100% (2/2)" hits="1" number="375"/>
						<line hits="1" number="376"/>
						<line hits="1" number="377"/>
						<line hits="1" number="378"/>
						<line hits="1" number="380"/>
						<line branch="true" condition-coverage="100% (2/2)" hits="1" number="381"/>
						<line hits="1" number="382"/>
						<line hits="1" number="383"/>
						<line hits="1" number="386"/>
						<line branch="true" condition-coverage="50% (1/2)" hits="1" missing-branches="388" number="387"/>
						<line branch="true" condition-coverage="0% (0/2)" hits="0" missing-branches="exit,392" number="388"/>
						<line branch="true" condition-coverage="0% (0/2)" hits="0" missing-branches="387,393" number="392"/>
						<line branch="true" condition-coverage="0% (0/2)" hits="0" missing-branches="392,394" number="393"/>
						<line hits="0" number="394"/>
						<line hits="0" number="395"/>
						<line hits="1" number="397"/>
						<line hits="0" number="398"/>
						<line hits="0" number="399"/>
						<line hits="0" number="400"/>
						<line hits="1" number="402"/>
						<line hits="1" number="405"/>
						<line branch="true" condition-coverage="50% (1/2)" hits="1" missing-branches="407" number="406"/>
						<line hits="0" number="407"/>
						<line hits="1" number="409"/>
						<line branch="true" condition-coverage="50% (1/2)" hits="1" missing-branches="414" number="410"/>
						<line hits="1" number="411"/>
						<line hits="1" number="412"/>
						<line hits="0" number="414"/>
						<line hits="0" number="415"/>
						<line hits="0" number="417"/>
						<line hits="0" number="418"/>
						<line hits="1" number="419"/>
					</lines>
				</class>
				<class branch-rate="1" complexity="0" filename="scopes.py" line-rate="1" name="scopes.py">
					<methods/>
					<lines>
						<line hits="1" number="25"/>
						<line hits="1" number="27"/>
						<line hits="1" number="29"/>
						<line hits="1" number="30"/>
						<line branch="true" condition-coverage="100% (2/2)" hits="1" number="33"/>
						<line hits="1" number="36"/>
						<line hits="1" number="38"/>
						<line hits="1" number="44"/>
						<line hits="1" number="46"/>
					</lines>
				</class>
				<class branch-rate="0.5" complexity="0" filename="tasks.py" line-rate="0.7273" name="tasks.py">
					<methods/>
					<lines>
						<line hits="1" number="20"/>
						<line hits="1" number="22"/>
						<line hits="1" number="23"/>
						<line hits="1" number="24"/>
						<line hits="1" number="25"/>
						<line hits="1" number="28"/>
						<line hits="1" number="31"/>
						<line hits="1" number="32"/>
						<line branch="true" condition-coverage="100% (2/2)" hits="1" number="33"/>
						<line hits="1" number="34"/>
						<line hits="1" number="35"/>
						<line hits="1" number="37"/>
						<line hits="0" number="38"/>
						<line hits="1" number="39"/>
						<line hits="1" number="40"/>
						<line hits="1" number="41"/>
						<line branch="true" condition-coverage="50% (1/2)" hits="1" missing-branches="43" number="42"/>
						<line branch="true" condition-coverage="0% (0/2)" hits="0" missing-branches="44,51" number="43"/>
						<line hits="0" number="44"/>
						<line hits="0" number="45"/>
						<line hits="0" number="46"/>
						<line hits="0" number="48"/>
						<line hits="0" number="49"/>
						<line hits="0" number="51"/>
						<line branch="true" condition-coverage="50% (1/2)" hits="1" missing-branches="53" number="52"/>
						<line hits="0" number="53"/>
						<line hits="0" number="58"/>
						<line hits="0" number="60"/>
						<line hits="1" number="61"/>
						<line hits="1" number="62"/>
						<line hits="1" number="63"/>
						<line hits="1" number="64"/>
						<line hits="1" number="67"/>
						<line hits="1" number="70"/>
						<line hits="1" number="71"/>
						<line hits="1" number="72"/>
						<line branch="true" condition-coverage="50% (1/2)" hits="1" missing-branches="79" number="73"/>
						<line hits="1" number="74"/>
						<line hits="1" number="75"/>
						<line hits="1" number="76"/>
						<line hits="0" number="79"/>
						<line hits="1" number="80"/>
						<line hits="1" number="81"/>
						<line hits="1" number="82"/>
					</lines>
				</class>
				<class branch-rate="0.6245" complexity="0" filename="utils.py" line-rate="0.7771" name="utils.py">
					<methods/>
					<lines>
						<line hits="1" number="21"/>
						<line hits="1" number="22"/>
						<line hits="1" number="23"/>
						<line hits="1" number="24"/>
						<line hits="1" number="25"/>
						<line hits="1" number="27"/>
						<line hits="1" number="28"/>
						<line hits="1" number="29"/>
						<line hits="1" number="30"/>
						<line hits="1" number="31"/>
						<line hits="1" number="32"/>
						<line hits="1" number="33"/>
						<line hits="1" number="34"/>
						<line hits="1" number="35"/>
						<line hits="1" number="36"/>
						<line hits="1" number="37"/>
						<line hits="1" number="38"/>
						<line hits="1" number="39"/>
						<line hits="1" number="40"/>
						<line hits="1" number="41"/>
						<line hits="1" number="43"/>
						<line hits="1" number="44"/>
						<line hits="1" number="45"/>
						<line hits="1" number="48"/>
						<line hits="1" number="50"/>
						<line branch="true" condition-coverage="0% (0/2)" hits="0" missing-branches="exit,52" number="51"/>
						<line branch="true" condition-coverage="0% (0/2)" hits="0" missing-branches="53,54" number="52"/>
						<line hits="0" number="53"/>
						<line branch="true" condition-coverage="0% (0/2)" hits="0" missing-branches="51,55" number="54"/>
						<line hits="0" number="55"/>
						<line hits="1" number="56"/>
						<line hits="1" number="57"/>
						<line hits="0" number="58"/>
						<line hits="0" number="59"/>
						<line hits="0" number="60"/>
						<line hits="1" number="63"/>
						<line hits="1" number="65"/>
						<line hits="1" number="68"/>
						<line hits="1" number="70"/>
						<line hits="1" number="71"/>
						<line hits="1" number="73"/>
						<line hits="1" number="76"/>
						<line hits="1" number="77"/>
						<line hits="1" number="78"/>
						<line hits="1" number="81"/>
						<line branch="true" condition-coverage="100% (2/2)" hits="1" number="90"/>
						<line hits="1" number="91"/>
						<line hits="1" number="92"/>
						<line hits="1" number="93"/>
						<line branch="true" condition-coverage="50% (1/2)" hits="1" missing-branches="95" number="94"/>
						<line hits="0" number="95"/>
						<line branch="true" condition-coverage="0% (0/2)" hits="0" missing-branches="97,99" number="96"/>
						<line hits="0" number="97"/>
						<line hits="0" number="99"/>
						<line hits="0" number="101"/>
						<line branch="true" condition-coverage="100% (2/2)" hits="1" number="103"/>
						<line hits="1" number="105"/>
						<line branch="true" condition-coverage="100% (2/2)" hits="1" number="106"/>
						<line hits="1" number="107"/>
						<line hits="1" number="110"/>
						<line hits="1" number="117"/>
						<line hits="1" number="119"/>
						<line branch="true" condition-coverage="100% (2/2)" hits="1" number="121"/>
						<line branch="true" condition-coverage="100% (2/2)" hits="1" number="122"/>
						<line hits="1" number="123"/>
						<line hits="1" number="124"/>
						<line hits="1" number="125"/>
						<line hits="1" number="127"/>
						<line hits="1" number="129"/>
						<line hits="1" number="133"/>
						<line hits="1" number="135"/>
						<line hits="1" number="137"/>
						<line hits="1" number="138"/>
						<line hits="1" number="139"/>
						<line hits="1" number="140"/>
						<line hits="1" number="142"/>
						<line hits="1" number="143"/>
						<line branch="true" condition-coverage="100% (2/2)" hits="1" number="145"/>
						<line hits="1" number="146"/>
						<line hits="1" number="147"/>
						<line branch="true" condition-coverage="50% (1/2)" hits="1" missing-branches="149" number="148"/>
						<line hits="0" number="149"/>
						<line hits="0" number="150"/>
						<line hits="1" number="151"/>
						<line hits="1" number="153"/>
						<line hits="1" number="154"/>
						<line hits="1" number="155"/>
						<line branch="true" condition-coverage="100% (2/2)" hits="1" number="168"/>
						<line branch="true" condition-coverage="50% (1/2)" hits="1" missing-branches="168" number="179"/>
						<line hits="1" number="180"/>
						<line hits="1" number="181"/>
						<line hits="1" number="183"/>
						<line hits="1" number="185"/>
						<line branch="true" condition-coverage="100% (2/2)" hits="1" number="186"/>
						<line hits="1" number="187"/>
						<line hits="1" number="188"/>
						<line hits="1" number="192"/>
						<line hits="1" number="194"/>
						<line hits="1" number="196"/>
						<line hits="1" number="197"/>
						<line branch="true" condition-coverage="100% (2/2)" hits="1" number="199"/>
						<line hits="1" number="200"/>
						<line hits="1" number="202"/>
						<line hits="1" number="203"/>
						<line hits="1" number="204"/>
						<line hits="1" number="205"/>
						<line hits="1" number="207"/>
						<line hits="1" number="210"/>
						<line hits="1" number="212"/>
						<line hits="1" number="213"/>
						<line branch="true" condition-coverage="100% (2/2)" hits="1" number="214"/>
						<line branch="true" condition-coverage="100% (2/2)" hits="1" number="216"/>
						<line hits="1" number="217"/>
						<line hits="1" number="218"/>
						<line hits="1" number="220"/>
						<line branch="true" condition-coverage="100% (2/2)" hits="1" number="222"/>
						<line branch="true" condition-coverage="100% (2/2)" hits="1" number="223"/>
						<line hits="1" number="224"/>
						<line hits="1" number="227"/>
						<line hits="1" number="229"/>
						<line hits="1" number="230"/>
						<line branch="true" condition-coverage="100% (2/2)" hits="1" number="231"/>
						<line hits="1" number="232"/>
						<line hits="1" number="234"/>
						<line hits="1" number="237"/>
						<line hits="1" number="239"/>
						<line branch="true" condition-coverage="50% (1/2)" hits="1" missing-branches="242" number="240"/>
						<line hits="1" number="241"/>
						<line branch="true" condition-coverage="100% (2/2)" hits="1" number="242"/>
						<line branch="true" condition-coverage="100% (2/2)" hits="1" number="243"/>
						<line branch="true" condition-coverage="100% (2/2)" hits="1" number="244"/>
						<line branch="true" condition-coverage="100% (2/2)" hits="1" number="246"/>
						<line hits="1" number="247"/>
						<line branch="true" condition-coverage="100% (2/2)" hits="1" number="248"/>
						<line hits="1" number="249"/>
						<line hits="1" number="250"/>
						<line hits="1" number="253"/>
						<line hits="1" number="255"/>
						<line branch="true" condition-coverage="100% (2/2)" hits="1" number="256"/>
						<line branch="true" condition-coverage="100% (2/2)" hits="1" number="257"/>
						<line branch="true" condition-coverage="100% (2/2)" hits="1" number="258"/>
						<line hits="1" number="259"/>
						<line hits="1" number="261"/>
						<line hits="1" number="264"/>
						<line hits="1" number="266"/>
						<line hits="1" number="268"/>
						<line branch="true" condition-coverage="100% (2/2)" hits="1" number="269"/>
						<line hits="1" number="270"/>
						<line branch="true" condition-coverage="100% (2/2)" hits="1" number="272"/>
						<line branch="true" condition-coverage="50% (1/2)" hits="1" missing-branches="279" number="274"/>
						<line hits="1" number="278"/>
						<line hits="1" number="279"/>
						<line hits="1" number="281"/>
						<line hits="1" number="282"/>
						<line hits="1" number="283"/>
						<line branch="true" condition-coverage="100% (2/2)" hits="1" number="284"/>
						<line branch="true" condition-coverage="100% (2/2)" hits="1" number="285"/>
						<line hits="1" number="286"/>
						<line hits="1" number="287"/>
						<line hits="1" number="290"/>
						<line branch="true" condition-coverage="50% (1/2)" hits="1" missing-branches="exit" number="292"/>
						<line hits="1" number="293"/>
						<line branch="true" condition-coverage="100% (2/2)" hits="1" number="294"/>
						<line hits="1" number="295"/>
						<line branch="true" condition-coverage="50% (1/2)" hits="1" missing-branches="294" number="297"/>
						<line hits="1" number="298"/>
						<line hits="1" number="299"/>
						<line hits="1" number="300"/>
						<line branch="true" condition-coverage="50% (1/2)" hits="1" missing-branches="302" number="301"/>
						<line hits="0" number="302"/>
						<line hits="1" number="303"/>
						<line hits="1" number="305"/>
						<line hits="1" number="306"/>
						<line hits="1" number="308"/>
						<line branch="true" condition-coverage="50% (1/2)" hits="1" missing-branches="329" number="311"/>
						<line branch="true" condition-coverage="100% (2/2)" hits="1" number="312"/>
						<line branch="true" condition-coverage="50% (1/2)" hits="1" missing-branches="322" number="315"/>
						<line hits="1" number="319"/>
						<line hits="1" number="320"/>
						<line hits="0" number="322"/>
						<line hits="0" number="323"/>
						<line hits="1" number="325"/>
						<line hits="1" number="326"/>
						<line branch="true" condition-coverage="0% (0/2)" hits="0" missing-branches="331,347" number="329"/>
						<line hits="0" number="331"/>
						<line hits="0" number="333"/>
						<line hits="0" number="334"/>
						<line branch="true" condition-coverage="0% (0/2)" hits="0" missing-branches="336,342" number="335"/>
						<line hits="0" number="336"/>
						<line branch="true" condition-coverage="0% (0/2)" hits="0" missing-branches="339,342" number="337"/>
						<line hits="0" number="339"/>
						<line hits="0" number="340"/>
						<line hits="0" number="342"/>
						<line hits="0" number="344"/>
						<line hits="0" number="347"/>
						<line hits="0" number="348"/>
						<line hits="1" number="351"/>
						<line branch="true" condition-coverage="100% (2/2)" hits="1" number="353"/>
						<line hits="1" number="354"/>
						<line branch="true" condition-coverage="100% (2/2)" hits="1" number="355"/>
						<line branch="true" condition-coverage="100% (2/2)" hits="1" number="356"/>
						<line branch="true" condition-coverage="50% (1/2)" hits="1" missing-branches="356" number="357"/>
						<line branch="true" condition-coverage="100% (2/2)" hits="1" number="358"/>
						<line hits="1" number="359"/>
						<line hits="1" number="361"/>
						<line branch="true" condition-coverage="50% (1/2)" hits="1" missing-branches="363" number="362"/>
						<line hits="0" number="363"/>
						<line hits="1" number="365"/>
						<line hits="1" number="367"/>
						<line hits="1" number="368"/>
						<line hits="1" number="370"/>
						<line hits="1" number="373"/>
						<line branch="true" condition-coverage="100% (2/2)" hits="1" number="375"/>
						<line hits="1" number="376"/>
						<line branch="true" condition-coverage="100% (2/2)" hits="1" number="377"/>
						<line branch="true" condition-coverage="100% (2/2)" hits="1" number="378"/>
						<line branch="true" condition-coverage="50% (1/2)" hits="1" missing-branches="378" number="379"/>
						<line branch="true" condition-coverage="100% (2/2)" hits="1" number="380"/>
						<line hits="1" number="381"/>
						<line hits="1" number="383"/>
						<line branch="true" condition-coverage="50% (1/2)" hits="1" missing-branches="390" number="384"/>
						<line branch="true" condition-coverage="50% (1/2)" hits="1" missing-branches="386" number="385"/>
						<line hits="0" number="386"/>
						<line hits="1" number="388"/>
						<line hits="1" number="390"/>
						<line hits="1" number="391"/>
						<line hits="1" number="393"/>
						<line hits="1" number="396"/>
						<line branch="true" condition-coverage="100% (2/2)" hits="1" number="398"/>
						<line hits="1" number="399"/>
						<line branch="true" condition-coverage="100% (2/2)" hits="1" number="400"/>
						<line branch="true" condition-coverage="50% (1/2)" hits="1" missing-branches="400" number="401"/>
						<line hits="1" number="402"/>
						<line hits="1" number="403"/>
						<line hits="1" number="404"/>
						<line hits="1" number="405"/>
						<line branch="true" condition-coverage="50% (1/2)" hits="1" missing-branches="412" number="407"/>
						<line hits="0" number="412"/>
						<line branch="true" condition-coverage="0% (0/2)" hits="0" missing-branches="414,415" number="413"/>
						<line hits="0" number="414"/>
						<line hits="0" number="415"/>
						<line hits="0" number="418"/>
						<line hits="0" number="420"/>
						<line hits="1" number="423"/>
						<line hits="1" number="426"/>
						<line hits="1" number="428"/>
						<line hits="1" number="429"/>
						<line hits="1" number="430"/>
						<line hits="1" number="431"/>
						<line branch="true" condition-coverage="100% (2/2)" hits="1" number="433"/>
						<line hits="1" number="434"/>
						<line hits="0" number="435"/>
						<line hits="0" number="436"/>
						<line hits="1" number="437"/>
						<line hits="1" number="440"/>
						<line hits="1" number="450"/>
						<line hits="1" number="451"/>
						<line hits="1" number="453"/>
						<line hits="1" number="454"/>
						<line hits="1" number="455"/>
						<line hits="1" number="456"/>
						<line hits="1" number="458"/>
						<line hits="1" number="466"/>
						<line hits="1" number="467"/>
						<line hits="0" number="468"/>
						<line hits="0" number="469"/>
						<line hits="1" number="471"/>
						<line hits="1" number="474"/>
						<line hits="1" number="484"/>
						<line hits="1" number="485"/>
						<line hits="1" number="486"/>
						<line branch="true" condition-coverage="100% (2/2)" hits="1" number="487"/>
						<line hits="1" number="488"/>
						<line hits="1" number="490"/>
						<line hits="1" number="492"/>
						<line hits="1" number="494"/>
						<line hits="1" number="497"/>
						<line hits="1" number="503"/>
						<line hits="1" number="504"/>
						<line hits="1" number="505"/>
						<line hits="1" number="506"/>
						<line hits="1" number="507"/>
						<line hits="1" number="509"/>
						<line branch="true" condition-coverage="50% (1/2)" hits="1" missing-branches="516" number="510"/>
						<line hits="1" number="511"/>
						<line hits="1" number="512"/>
						<line branch="true" condition-coverage="50% (1/2)" hits="1" missing-branches="514" number="513"/>
						<line hits="0" number="514"/>
						<line hits="0" number="516"/>
						<line hits="1" number="517"/>
						<line hits="1" number="520"/>
						<line hits="1" number="522"/>
						<line hits="1" number="523"/>
						<line branch="true" condition-coverage="100% (2/2)" hits="1" number="524"/>
						<line branch="true" condition-coverage="50% (1/2)" hits="1" missing-branches="524" number="525"/>
						<line hits="1" number="526"/>
						<line hits="1" number="527"/>
						<line hits="1" number="530"/>
						<line hits="1" number="541"/>
						<line hits="1" number="542"/>
						<line branch="true" condition-coverage="100% (2/2)" hits="1" number="544"/>
						<line branch="true" condition-coverage="50% (1/2)" hits="1" missing-branches="549" number="545"/>
						<line hits="1" number="546"/>
						<line hits="1" number="547"/>
						<line hits="0" number="549"/>
						<line hits="1" number="551"/>
						<line hits="1" number="554"/>
						<line branch="true" condition-coverage="100% (2/2)" hits="1" number="560"/>
						<line hits="1" number="561"/>
						<line hits="1" number="562"/>
						<line branch="true" condition-coverage="100% (2/2)" hits="1" number="563"/>
						<line branch="true" condition-coverage="100% (2/2)" hits="1" number="564"/>
						<line hits="1" number="565"/>
						<line hits="1" number="568"/>
						<line hits="1" number="574"/>
						<line branch="true" condition-coverage="0% (0/2)" hits="1" missing-branches="576,577" number="575"/>
						<line hits="0" number="576"/>
						<line hits="0" number="577"/>
						<line hits="1" number="578"/>
						<line hits="1" number="579"/>
						<line hits="1" number="582"/>
						<line hits="1" number="588"/>
						<line branch="true" condition-coverage="100% (2/2)" hits="1" number="589"/>
						<line hits="1" number="590"/>
						<line hits="1" number="592"/>
						<line hits="1" number="594"/>
						<line hits="1" number="595"/>
						<line hits="1" number="597"/>
						<line hits="1" number="601"/>
						<line hits="1" number="604"/>
						<line hits="1" number="606"/>
						<line hits="1" number="609"/>
						<line hits="1" number="616"/>
						<line hits="1" number="617"/>
						<line branch="true" condition-coverage="50% (1/2)" hits="1" missing-branches="621" number="618"/>
						<line branch="true" condition-coverage="0% (0/2)" hits="0" missing-branches="622,624" number="621"/>
						<line hits="0" number="622"/>
						<line branch="true" condition-coverage="0% (0/2)" hits="0" missing-branches="exit,618" number="624"/>
						<line branch="true" condition-coverage="50% (1/2)" hits="1" missing-branches="630" number="629"/>
						<line branch="true" condition-coverage="0% (0/2)" hits="0" missing-branches="629,632" number="630"/>
						<line hits="0" number="632"/>
						<line hits="1" number="633"/>
						<line hits="1" number="636"/>
						<line hits="1" number="642"/>
						<line branch="true" condition-coverage="100% (2/2)" hits="1" number="643"/>
						<line hits="1" number="644"/>
						<line hits="1" number="645"/>
						<line hits="1" number="646"/>
						<line hits="1" number="649"/>
						<line hits="1" number="655"/>
						<line hits="1" number="657"/>
						<line branch="true" condition-coverage="50% (1/2)" hits="1" missing-branches="659" number="658"/>
						<line hits="0" number="659"/>
						<line branch="true" condition-coverage="0% (0/2)" hits="0" missing-branches="658,662" number="661"/>
						<line hits="0" number="662"/>
						<line hits="1" number="663"/>
						<line hits="1" number="666"/>
						<line hits="1" number="680"/>
						<line hits="0" number="690"/>
						<line branch="true" condition-coverage="0% (0/2)" hits="0" missing-branches="693,694" number="691"/>
						<line hits="0" number="693"/>
						<line branch="true" condition-coverage="0% (0/2)" hits="0" missing-branches="695,703" number="694"/>
						<line hits="0" number="695"/>
						<line hits="0" number="697"/>
						<line branch="true" condition-coverage="0% (0/2)" hits="0" missing-branches="702,703" number="701"/>
						<line hits="0" number="702"/>
						<line hits="0" number="703"/>
						<line hits="1" number="705"/>
						<line hits="0" number="715"/>
						<line hits="0" number="718"/>
						<line hits="1" number="720"/>
						<line branch="true" condition-coverage="100% (2/2)" hits="1" number="730"/>
						<line branch="true" condition-coverage="50% (1/2)" hits="1" missing-branches="732" number="731"/>
						<line hits="0" number="732"/>
						<line hits="1" number="733"/>
						<line hits="1" number="735"/>
						<line branch="true" condition-coverage="100% (2/2)" hits="1" number="741"/>
						<line hits="1" number="742"/>
						<line hits="1" number="743"/>
						<line hits="1" number="744"/>
						<line hits="1" number="746"/>
						<line hits="1" number="748"/>
						<line hits="1" number="749"/>
						<line hits="1" number="751"/>
						<line hits="0" number="753"/>
						<line branch="true" condition-coverage="0% (0/2)" hits="0" missing-branches="755,756" number="754"/>
						<line hits="0" number="755"/>
						<line hits="0" number="756"/>
						<line hits="1" number="758"/>
						<line hits="1" number="759"/>
						<line hits="1" number="760"/>
						<line branch="true" condition-coverage="100% (2/2)" hits="1" number="761"/>
						<line hits="1" number="762"/>
						<line branch="true" condition-coverage="50% (1/2)" hits="1" missing-branches="764" number="763"/>
						<line hits="0" number="764"/>
						<line branch="true" condition-coverage="50% (1/2)" hits="1" missing-branches="766" number="765"/>
						<line hits="0" number="766"/>
						<line hits="1" number="767"/>
						<line branch="true" condition-coverage="50% (1/2)" hits="1" missing-branches="775" number="769"/>
						<line hits="1" number="771"/>
						<line hits="1" number="772"/>
						<line hits="1" number="773"/>
						<line hits="0" number="775"/>
						<line hits="1" number="777"/>
						<line branch="true" condition-coverage="50% (1/2)" hits="1" missing-branches="780" number="779"/>
						<line hits="0" number="780"/>
						<line branch="true" condition-coverage="100% (2/2)" hits="1" number="784"/>
						<line branch="true" condition-coverage="50% (1/2)" hits="1" missing-branches="784" number="785"/>
						<line hits="1" number="786"/>
						<line hits="1" number="787"/>
						<line hits="1" number="790"/>
						<line hits="1" number="796"/>
						<line branch="true" condition-coverage="100% (2/2)" hits="1" number="798"/>
						<line hits="1" number="799"/>
						<line hits="1" number="801"/>
						<line hits="1" number="802"/>
						<line hits="1" number="803"/>
						<line hits="1" number="805"/>
						<line hits="1" number="811"/>
						<line hits="1" number="814"/>
						<line hits="1" number="815"/>
						<line hits="1" number="818"/>
						<line hits="1" number="825"/>
						<line hits="1" number="826"/>
						<line hits="1" number="829"/>
						<line hits="1" number="840"/>
						<line hits="1" number="841"/>
						<line hits="1" number="842"/>
						<line hits="1" number="843"/>
						<line hits="1" number="844"/>
						<line hits="1" number="845"/>
						<line branch="true" condition-coverage="100% (2/2)" hits="1" number="846"/>
						<line hits="1" number="847"/>
						<line hits="1" number="849"/>
						<line hits="0" number="850"/>
						<line hits="0" number="851"/>
						<line hits="0" number="852"/>
						<line hits="1" number="853"/>
						<line hits="1" number="856"/>
						<line hits="1" number="862"/>
						<line hits="1" number="863"/>
						<line branch="true" condition-coverage="100% (2/2)" hits="1" number="864"/>
						<line hits="1" number="865"/>
						<line branch="true" condition-coverage="50% (1/2)" hits="1" missing-branches="exit" number="866"/>
						<line branch="true" condition-coverage="100% (2/2)" hits="1" number="867"/>
						<line hits="1" number="868"/>
						<line hits="0" number="869"/>
						<line hits="0" number="870"/>
						<line hits="1" number="873"/>
						<line hits="1" number="883"/>
						<line hits="1" number="884"/>
						<line hits="1" number="885"/>
						<line branch="true" condition-coverage="50% (1/2)" hits="1" missing-branches="890" number="886"/>
						<line hits="1" number="887"/>
						<line hits="0" number="890"/>
						<line branch="true" condition-coverage="0% (0/2)" hits="0" missing-branches="893,897" number="892"/>
						<line hits="0" number="893"/>
						<line branch="true" condition-coverage="0% (0/2)" hits="0" missing-branches="898,902" number="897"/>
						<line hits="0" number="898"/>
						<line hits="1" number="902"/>
						<line hits="1" number="905"/>
						<line branch="true" condition-coverage="100% (2/2)" hits="1" number="915"/>
						<line hits="1" number="918"/>
						<line hits="1" number="919"/>
						<line hits="1" number="922"/>
						<line hits="1" number="939"/>
						<line hits="1" number="940"/>
						<line hits="1" number="941"/>
						<line hits="1" number="942"/>
						<line hits="1" number="943"/>
						<line branch="true" condition-coverage="50% (1/2)" hits="1" missing-branches="945" number="944"/>
						<line hits="0" number="945"/>
						<line branch="true" condition-coverage="0% (0/2)" hits="0" missing-branches="947,948" number="946"/>
						<line hits="0" number="947"/>
						<line branch="true" condition-coverage="0% (0/2)" hits="0" missing-branches="949,954" number="948"/>
						<line hits="0" number="949"/>
						<line branch="true" condition-coverage="0% (0/2)" hits="0" missing-branches="952,954" number="951"/>
						<line hits="0" number="952"/>
						<line hits="0" number="954"/>
						<line branch="true" condition-coverage="33% (1/3)" hits="1" missing-branches="exit,957" number="956"/>
						<line branch="true" condition-coverage="0% (0/2)" hits="0" missing-branches="exit,958" number="957"/>
						<line hits="1" number="958"/>
						<line hits="1" number="961"/>
						<line hits="1" number="967"/>
						<line hits="1" number="968"/>
						<line branch="true" condition-coverage="50% (1/2)" hits="1" missing-branches="970" number="969"/>
						<line hits="0" number="970"/>
						<line branch="true" condition-coverage="0% (0/2)" hits="0" missing-branches="969,972" number="971"/>
						<line hits="0" number="972"/>
						<line hits="1" number="974"/>
						<line hits="1" number="977"/>
						<line hits="1" number="983"/>
						<line hits="1" number="984"/>
						<line hits="1" number="986"/>
						<line hits="1" number="987"/>
						<line branch="true" condition-coverage="50% (1/2)" hits="1" missing-branches="989" number="988"/>
						<line hits="0" number="989"/>
						<line branch="true" condition-coverage="0% (0/2)" hits="0" missing-branches="988,994" number="991"/>
						<line hits="0" number="994"/>
						<line hits="1" number="996"/>
						<line hits="1" number="998"/>
						<line hits="0" number="1002"/>
						<line branch="true" condition-coverage="0% (0/2)" hits="0" missing-branches="1004,1006" number="1003"/>
						<line hits="0" number="1004"/>
						<line hits="0" number="1006"/>
						<line hits="0" number="1007"/>
						<line hits="0" number="1008"/>
						<line hits="0" number="1009"/>
						<line hits="0" number="1010"/>
						<line hits="0" number="1011"/>
						<line hits="0" number="1012"/>
						<line hits="1" number="1014"/>
						<line hits="0" number="1015"/>
						<line hits="0" number="1016"/>
						<line hits="0" number="1017"/>
						<line hits="0" number="1018"/>
					</lines>
				</class>
				<class branch-rate="1" complexity="0" filename="version.py" line-rate="1" name="version.py">
					<methods/>
					<lines>
						<line hits="1" number="21"/>
						<line hits="1" number="27"/>
					</lines>
				</class>
				<class branch-rate="0.3636" complexity="0" filename="views.py" line-rate="0.6047" name="views.py">
					<methods/>
					<lines>
						<line hits="1" number="21"/>
						<line hits="1" number="23"/>
						<line hits="1" number="24"/>
						<line hits="1" number="25"/>
						<line hits="1" number="26"/>
						<line hits="1" number="28"/>
						<line hits="1" number="30"/>
						<line hits="1" number="31"/>
						<line hits="1" number="33"/>
						<line hits="1" number="34"/>
						<line hits="1" number="38"/>
						<line hits="1" number="39"/>
						<line hits="1" number="41"/>
						<line hits="1" number="49"/>
						<line hits="1" number="57"/>
						<line hits="1" number="65"/>
						<line hits="1" number="66"/>
						<line hits="1" number="68"/>
						<line hits="1" number="70"/>
						<line branch="true" condition-coverage="50% (1/2)" hits="1" missing-branches="72" number="71"/>
						<line hits="0" number="72"/>
						<line hits="1" number="73"/>
						<line branch="true" condition-coverage="50% (1/2)" hits="1" missing-branches="75" number="74"/>
						<line hits="0" number="75"/>
						<line hits="1" number="76"/>
						<line branch="true" condition-coverage="50% (1/2)" hits="1" missing-branches="78" number="77"/>
						<line hits="0" number="78"/>
						<line hits="1" number="79"/>
						<line branch="true" condition-coverage="50% (1/2)" hits="1" missing-branches="81" number="80"/>
						<line hits="0" number="81"/>
						<line hits="1" number="82"/>
						<line branch="true" condition-coverage="100% (2/2)" hits="1" number="84"/>
						<line hits="1" number="85"/>
						<line hits="1" number="86"/>
						<line hits="1" number="87"/>
						<line hits="1" number="88"/>
						<line hits="1" number="92"/>
						<line hits="1" number="93"/>
						<line hits="1" number="94"/>
						<line hits="1" number="95"/>
						<line hits="1" number="96"/>
						<line hits="1" number="98"/>
						<line branch="true" condition-coverage="50% (1/2)" hits="1" missing-branches="100" number="99"/>
						<line branch="true" condition-coverage="0% (0/2)" hits="0" missing-branches="101,102" number="100"/>
						<line hits="0" number="101"/>
						<line hits="0" number="102"/>
						<line hits="1" number="104"/>
						<line hits="1" number="112"/>
						<line hits="1" number="115"/>
						<line hits="1" number="116"/>
						<line hits="1" number="117"/>
						<line hits="1" number="121"/>
						<line branch="true" condition-coverage="50% (1/2)" hits="1" missing-branches="123" number="122"/>
						<line branch="true" condition-coverage="0% (0/2)" hits="0" missing-branches="124,126" number="123"/>
						<line hits="0" number="124"/>
						<line hits="0" number="126"/>
						<line hits="1" number="128"/>
						<line hits="1" number="129"/>
						<line hits="1" number="131"/>
						<line hits="1" number="134"/>
						<line hits="1" number="135"/>
						<line hits="1" number="136"/>
						<line hits="0" number="139"/>
						<line hits="0" number="140"/>
						<line branch="true" condition-coverage="0% (0/2)" hits="0" missing-branches="142,177" number="141"/>
						<line hits="0" number="142"/>
						<line hits="0" number="143"/>
						<line hits="0" number="144"/>
						<line hits="0" number="145"/>
						<line hits="0" number="149"/>
						<line branch="true" condition-coverage="0% (0/2)" hits="0" missing-branches="151,175" number="150"/>
						<line hits="0" number="151"/>
						<line hits="0" number="155"/>
						<line hits="0" number="159"/>
						<line hits="0" number="162"/>
						<line hits="0" number="165"/>
						<line hits="0" number="169"/>
						<line hits="0" number="170"/>
						<line hits="0" number="171"/>
						<line hits="0" number="172"/>
						<line hits="0" number="173"/>
						<line hits="0" number="175"/>
						<line hits="0" number="177"/>
						<line hits="0" number="178"/>
						<line hits="0" number="179"/>
						<line hits="0" number="180"/>
					</lines>
				</class>
			</classes>
		</package>
	</packages>
</coverage>
