<?xml version="1.0" ?>
<coverage branch-rate="0.8748" branches-covered="992" branches-valid="1134" complexity="0" line-rate="0.9347" lines-covered="2663" lines-valid="2849" timestamp="1752053602169" version="6.2">
	<!-- Generated by coverage.py: https://coverage.readthedocs.io -->
	<!-- Based on https://raw.githubusercontent.com/cobertura/web/master/htdocs/xml/coverage-04.dtd -->
	<sources>
		<source>/code/modules/weko-index-tree/weko_index_tree</source>
	</sources>
	<packages>
		<package branch-rate="0.8748" complexity="0" line-rate="0.9347" name=".">
			<classes>
				<class branch-rate="1" complexity="0" filename="__init__.py" line-rate="1" name="__init__.py">
					<methods/>
					<lines>
						<line hits="1" number="21"/>
						<line hits="1" number="23"/>
						<line hits="1" number="24"/>
						<line hits="1" number="26"/>
					</lines>
				</class>
				<class branch-rate="1" complexity="0" filename="admin.py" line-rate="0.9821" name="admin.py">
					<methods/>
					<lines>
						<line hits="1" number="21"/>
						<line hits="1" number="23"/>
						<line hits="1" number="24"/>
						<line hits="1" number="26"/>
						<line hits="1" number="27"/>
						<line hits="1" number="28"/>
						<line hits="1" number="29"/>
						<line hits="1" number="30"/>
						<line hits="1" number="32"/>
						<line hits="1" number="33"/>
						<line hits="1" number="34"/>
						<line hits="1" number="35"/>
						<line hits="1" number="36"/>
						<line branch="true" condition-coverage="100% (2/2)" hits="1" number="38"/>
						<line hits="1" number="41"/>
						<line hits="1" number="44"/>
						<line hits="1" number="45"/>
						<line hits="1" number="46"/>
						<line branch="true" condition-coverage="100% (2/2)" hits="1" number="48"/>
						<line hits="1" number="49"/>
						<line hits="1" number="53"/>
						<line branch="true" condition-coverage="100% (2/2)" hits="1" number="55"/>
						<line branch="true" condition-coverage="100% (2/2)" hits="1" number="56"/>
						<line hits="1" number="57"/>
						<line hits="1" number="59"/>
						<line hits="1" number="60"/>
						<line hits="1" number="61"/>
						<line hits="1" number="62"/>
						<line hits="1" number="65"/>
						<line hits="1" number="66"/>
						<line hits="1" number="67"/>
						<line hits="1" number="69"/>
						<line branch="true" condition-coverage="100% (2/2)" hits="1" number="72"/>
						<line hits="1" number="75"/>
						<line hits="1" number="76"/>
						<line hits="1" number="77"/>
						<line hits="1" number="78"/>
						<line hits="1" number="80"/>
						<line hits="1" number="81"/>
						<line hits="1" number="91"/>
						<line branch="true" condition-coverage="100% (2/2)" hits="1" number="94"/>
						<line hits="1" number="95"/>
						<line hits="1" number="96"/>
						<line hits="1" number="97"/>
						<line hits="1" number="98"/>
						<line branch="true" condition-coverage="100% (2/2)" hits="1" number="99"/>
						<line hits="1" number="100"/>
						<line hits="1" number="101"/>
						<line hits="1" number="102"/>
						<line hits="1" number="104"/>
						<line hits="1" number="109"/>
						<line hits="1" number="110"/>
						<line hits="0" number="111"/>
						<line hits="1" number="116"/>
						<line hits="1" number="125"/>
						<line hits="1" number="134"/>
					</lines>
				</class>
				<class branch-rate="0.9051" complexity="0" filename="api.py" line-rate="0.9577" name="api.py">
					<methods/>
					<lines>
						<line hits="1" number="21"/>
						<line hits="1" number="23"/>
						<line hits="1" number="24"/>
						<line hits="1" number="25"/>
						<line hits="1" number="26"/>
						<line hits="1" number="27"/>
						<line hits="1" number="28"/>
						<line hits="1" number="30"/>
						<line hits="1" number="31"/>
						<line hits="1" number="32"/>
						<line hits="1" number="33"/>
						<line hits="1" number="34"/>
						<line hits="1" number="35"/>
						<line hits="1" number="36"/>
						<line hits="1" number="37"/>
						<line hits="1" number="38"/>
						<line hits="1" number="40"/>
						<line hits="1" number="41"/>
						<line hits="1" number="42"/>
						<line hits="1" number="43"/>
						<line hits="1" number="45"/>
						<line hits="1" number="46"/>
						<line hits="1" number="47"/>
						<line hits="1" number="49"/>
						<line hits="1" number="50"/>
						<line branch="true" condition-coverage="100% (2/2)" hits="1" number="56"/>
						<line hits="1" number="59"/>
						<line hits="1" number="60"/>
						<line hits="1" number="69"/>
						<line hits="1" number="70"/>
						<line hits="1" number="72"/>
						<line hits="1" number="73"/>
						<line hits="1" number="74"/>
						<line hits="1" number="75"/>
						<line hits="1" number="76"/>
						<line branch="true" condition-coverage="100% (2/2)" hits="1" number="78"/>
						<line hits="1" number="79"/>
						<line hits="1" number="81"/>
						<line hits="1" number="82"/>
						<line hits="1" number="83"/>
						<line hits="1" number="84"/>
						<line branch="true" condition-coverage="100% (2/2)" hits="1" number="86"/>
						<line hits="1" number="87"/>
						<line hits="1" number="89"/>
						<line hits="1" number="90"/>
						<line hits="1" number="91"/>
						<line hits="1" number="92"/>
						<line hits="1" number="93"/>
						<line hits="1" number="94"/>
						<line hits="1" number="95"/>
						<line hits="1" number="96"/>
						<line branch="true" condition-coverage="100% (2/2)" hits="1" number="97"/>
						<line hits="1" number="99"/>
						<line branch="true" condition-coverage="100% (2/2)" hits="1" number="100"/>
						<line hits="1" number="103"/>
						<line hits="1" number="104"/>
						<line hits="1" number="107"/>
						<line hits="1" number="108"/>
						<line hits="1" number="110"/>
						<line hits="1" number="111"/>
						<line branch="true" condition-coverage="100% (2/2)" hits="1" number="112"/>
						<line branch="true" condition-coverage="100% (2/2)" hits="1" number="113"/>
						<line hits="1" number="114"/>
						<line hits="1" number="116"/>
						<line hits="1" number="118"/>
						<line hits="1" number="119"/>
						<line branch="true" condition-coverage="100% (2/2)" hits="1" number="122"/>
						<line hits="1" number="123"/>
						<line branch="true" condition-coverage="50% (1/2)" hits="1" missing-branches="126" number="125"/>
						<line hits="0" number="126"/>
						<line hits="1" number="127"/>
						<line hits="1" number="128"/>
						<line branch="true" condition-coverage="100% (2/2)" hits="1" number="130"/>
						<line hits="1" number="131"/>
						<line hits="1" number="132"/>
						<line hits="1" number="136"/>
						<line branch="true" condition-coverage="100% (2/2)" hits="1" number="138"/>
						<line hits="1" number="139"/>
						<line hits="1" number="141"/>
						<line hits="1" number="142"/>
						<line hits="1" number="144"/>
						<line branch="true" condition-coverage="100% (2/2)" hits="1" number="146"/>
						<line hits="1" number="147"/>
						<line hits="1" number="148"/>
						<line hits="1" number="149"/>
						<line branch="true" condition-coverage="100% (2/2)" hits="1" number="151"/>
						<line hits="1" number="152"/>
						<line hits="1" number="153"/>
						<line branch="true" condition-coverage="100% (2/2)" hits="1" number="155"/>
						<line hits="1" number="156"/>
						<line hits="1" number="157"/>
						<line branch="true" condition-coverage="100% (2/2)" hits="1" number="159"/>
						<line hits="1" number="160"/>
						<line hits="1" number="161"/>
						<line branch="true" condition-coverage="100% (2/2)" hits="1" number="163"/>
						<line hits="1" number="164"/>
						<line hits="1" number="165"/>
						<line hits="1" number="169"/>
						<line hits="1" number="170"/>
						<line hits="1" number="171"/>
						<line branch="true" condition-coverage="100% (2/2)" hits="1" number="175"/>
						<line hits="1" number="176"/>
						<line hits="1" number="177"/>
						<line hits="1" number="178"/>
						<line hits="1" number="179"/>
						<line branch="true" condition-coverage="100% (2/2)" hits="1" number="183"/>
						<line hits="1" number="184"/>
						<line hits="1" number="185"/>
						<line hits="1" number="186"/>
						<line hits="1" number="189"/>
						<line hits="1" number="190"/>
						<line hits="1" number="191"/>
						<line hits="1" number="192"/>
						<line hits="1" number="193"/>
						<line hits="1" number="195"/>
						<line hits="1" number="196"/>
						<line hits="1" number="197"/>
						<line hits="1" number="198"/>
						<line hits="1" number="199"/>
						<line hits="1" number="200"/>
						<line hits="1" number="202"/>
						<line branch="true" condition-coverage="100% (3/3)" hits="1" number="203"/>
						<line branch="true" condition-coverage="50% (1/2)" hits="1" missing-branches="exit" number="204"/>
						<line hits="1" number="205"/>
						<line hits="1" number="207"/>
						<line hits="1" number="216"/>
						<line hits="1" number="218"/>
						<line hits="1" number="219"/>
						<line hits="1" number="220"/>
						<line branch="true" condition-coverage="50% (1/2)" hits="1" missing-branches="222" number="221"/>
						<line hits="0" number="222"/>
						<line hits="1" number="224"/>
						<line branch="true" condition-coverage="100% (2/2)" hits="1" number="225"/>
						<line branch="true" condition-coverage="100% (2/2)" hits="1" number="226"/>
						<line branch="true" condition-coverage="50% (1/2)" hits="1" missing-branches="228" number="227"/>
						<line hits="0" number="228"/>
						<line branch="true" condition-coverage="100% (2/2)" hits="1" number="229"/>
						<line branch="true" condition-coverage="100% (2/2)" hits="1" number="230"/>
						<line branch="true" condition-coverage="100% (2/2)" hits="1" number="231"/>
						<line branch="true" condition-coverage="50% (1/2)" hits="1" missing-branches="235" number="232"/>
						<line hits="1" number="233"/>
						<line hits="0" number="235"/>
						<line branch="true" condition-coverage="100% (2/2)" hits="1" number="236"/>
						<line hits="1" number="238"/>
						<line branch="true" condition-coverage="50% (1/2)" hits="1" missing-branches="240" number="239"/>
						<line hits="0" number="240"/>
						<line hits="1" number="241"/>
						<line hits="1" number="244"/>
						<line hits="1" number="245"/>
						<line branch="true" condition-coverage="100% (2/2)" hits="1" number="247"/>
						<line branch="true" condition-coverage="100% (2/2)" hits="1" number="248"/>
						<line hits="1" number="251"/>
						<line hits="1" number="252"/>
						<line hits="1" number="254"/>
						<line hits="1" number="255"/>
						<line hits="1" number="257"/>
						<line hits="1" number="258"/>
						<line branch="true" condition-coverage="100% (2/2)" hits="1" number="261"/>
						<line branch="true" condition-coverage="100% (2/2)" hits="1" number="262"/>
						<line branch="true" condition-coverage="100% (2/2)" hits="1" number="265"/>
						<line branch="true" condition-coverage="100% (2/2)" hits="1" number="266"/>
						<line hits="1" number="268"/>
						<line branch="true" condition-coverage="100% (2/2)" hits="1" number="292"/>
						<line branch="true" condition-coverage="50% (1/2)" hits="1" missing-branches="294" number="293"/>
						<line hits="0" number="294"/>
						<line hits="1" number="295"/>
						<line hits="1" number="296"/>
						<line hits="1" number="297"/>
						<line hits="1" number="298"/>
						<line hits="1" number="299"/>
						<line hits="1" number="300"/>
						<line hits="1" number="304"/>
						<line hits="1" number="305"/>
						<line hits="1" number="306"/>
						<line hits="1" number="307"/>
						<line hits="1" number="310"/>
						<line hits="1" number="311"/>
						<line hits="1" number="312"/>
						<line hits="1" number="313"/>
						<line hits="1" number="318"/>
						<line hits="1" number="320"/>
						<line hits="1" number="321"/>
						<line branch="true" condition-coverage="100% (2/2)" hits="1" number="328"/>
						<line hits="1" number="329"/>
						<line hits="1" number="330"/>
						<line branch="true" condition-coverage="100% (2/2)" hits="1" number="331"/>
						<line hits="1" number="332"/>
						<line hits="1" number="334"/>
						<line hits="1" number="336"/>
						<line hits="1" number="337"/>
						<line hits="1" number="338"/>
						<line hits="1" number="345"/>
						<line hits="1" number="346"/>
						<line branch="true" condition-coverage="100% (2/2)" hits="1" number="347"/>
						<line hits="1" number="348"/>
						<line hits="1" number="349"/>
						<line hits="1" number="351"/>
						<line hits="1" number="352"/>
						<line hits="1" number="353"/>
						<line branch="true" condition-coverage="100% (2/2)" hits="1" number="374"/>
						<line branch="true" condition-coverage="100% (2/2)" hits="1" number="375"/>
						<line hits="1" number="376"/>
						<line hits="1" number="377"/>
						<line hits="1" number="378"/>
						<line branch="true" condition-coverage="100% (2/2)" hits="1" number="379"/>
						<line hits="1" number="380"/>
						<line hits="1" number="381"/>
						<line hits="1" number="382"/>
						<line hits="1" number="391"/>
						<line hits="1" number="392"/>
						<line hits="1" number="394"/>
						<line hits="1" number="396"/>
						<line hits="1" number="406"/>
						<line branch="true" condition-coverage="100% (2/2)" hits="1" number="407"/>
						<line hits="1" number="408"/>
						<line hits="1" number="410"/>
						<line branch="true" condition-coverage="100% (2/2)" hits="1" number="411"/>
						<line branch="true" condition-coverage="100% (2/2)" hits="1" number="413"/>
						<line hits="1" number="414"/>
						<line hits="1" number="415"/>
						<line hits="1" number="417"/>
						<line hits="1" number="420"/>
						<line hits="1" number="421"/>
						<line hits="1" number="422"/>
						<line hits="1" number="423"/>
						<line hits="1" number="424"/>
						<line hits="1" number="425"/>
						<line branch="true" condition-coverage="100% (2/2)" hits="1" number="426"/>
						<line hits="1" number="427"/>
						<line hits="1" number="428"/>
						<line hits="1" number="429"/>
						<line hits="1" number="431"/>
						<line hits="1" number="433"/>
						<line hits="1" number="434"/>
						<line hits="1" number="436"/>
						<line hits="1" number="437"/>
						<line hits="1" number="438"/>
						<line hits="1" number="440"/>
						<line hits="1" number="441"/>
						<line hits="1" number="443"/>
						<line hits="1" number="444"/>
						<line hits="1" number="445"/>
						<line branch="true" condition-coverage="100% (2/2)" hits="1" number="449"/>
						<line branch="true" condition-coverage="50% (1/2)" hits="1" missing-branches="exit" number="451"/>
						<line hits="1" number="452"/>
						<line branch="true" condition-coverage="100% (2/2)" hits="1" number="453"/>
						<line hits="1" number="455"/>
						<line hits="1" number="456"/>
						<line branch="true" condition-coverage="100% (2/2)" hits="1" number="458"/>
						<line branch="true" condition-coverage="100% (2/2)" hits="1" number="459"/>
						<line branch="true" condition-coverage="100% (2/2)" hits="1" number="460"/>
						<line hits="1" number="461"/>
						<line branch="true" condition-coverage="100% (2/2)" hits="1" number="462"/>
						<line branch="true" condition-coverage="100% (2/2)" hits="1" number="463"/>
						<line hits="1" number="464"/>
						<line hits="1" number="466"/>
						<line hits="1" number="467"/>
						<line branch="true" condition-coverage="100% (2/2)" hits="1" number="468"/>
						<line hits="1" number="469"/>
						<line hits="1" number="470"/>
						<line hits="1" number="472"/>
						<line hits="1" number="473"/>
						<line hits="1" number="475"/>
						<line hits="1" number="478"/>
						<line branch="true" condition-coverage="50% (1/2)" hits="1" missing-branches="631" number="480"/>
						<line hits="1" number="481"/>
						<line hits="1" number="482"/>
						<line branch="true" condition-coverage="100% (2/2)" hits="1" number="483"/>
						<line hits="1" number="484"/>
						<line hits="1" number="485"/>
						<line hits="1" number="486"/>
						<line branch="true" condition-coverage="100% (2/2)" hits="1" number="488"/>
						<line hits="1" number="489"/>
						<line hits="1" number="490"/>
						<line hits="1" number="491"/>
						<line hits="1" number="493"/>
						<line hits="1" number="494"/>
						<line branch="true" condition-coverage="100% (2/2)" hits="1" number="495"/>
						<line hits="1" number="496"/>
						<line hits="1" number="497"/>
						<line hits="1" number="498"/>
						<line hits="1" number="500"/>
						<line branch="true" condition-coverage="50% (1/2)" hits="1" missing-branches="510" number="501"/>
						<line branch="true" condition-coverage="100% (2/2)" hits="1" number="502"/>
						<line branch="true" condition-coverage="100% (2/2)" hits="1" number="503"/>
						<line hits="1" number="504"/>
						<line hits="1" number="505"/>
						<line hits="1" number="506"/>
						<line hits="1" number="508"/>
						<line hits="1" number="509"/>
						<line branch="true" condition-coverage="100% (2/2)" hits="1" number="510"/>
						<line hits="1" number="511"/>
						<line hits="1" number="512"/>
						<line hits="1" number="513"/>
						<line branch="true" condition-coverage="100% (2/2)" hits="1" number="516"/>
						<line branch="true" condition-coverage="100% (2/2)" hits="1" number="517"/>
						<line hits="1" number="518"/>
						<line branch="true" condition-coverage="50% (1/2)" hits="1" missing-branches="526" number="519"/>
						<line hits="1" number="522"/>
						<line hits="1" number="523"/>
						<line hits="1" number="524"/>
						<line hits="1" number="526"/>
						<line hits="1" number="527"/>
						<line branch="true" condition-coverage="100% (2/2)" hits="1" number="528"/>
						<line hits="1" number="529"/>
						<line hits="1" number="531"/>
						<line branch="true" condition-coverage="100% (2/2)" hits="1" number="533"/>
						<line hits="1" number="534"/>
						<line hits="1" number="535"/>
						<line hits="1" number="536"/>
						<line hits="1" number="537"/>
						<line branch="true" condition-coverage="100% (2/2)" hits="1" number="541"/>
						<line hits="1" number="542"/>
						<line hits="1" number="543"/>
						<line hits="1" number="545"/>
						<line branch="true" condition-coverage="100% (2/2)" hits="1" number="546"/>
						<line hits="1" number="548"/>
						<line hits="1" number="549"/>
						<line hits="1" number="552"/>
						<line branch="true" condition-coverage="100% (2/2)" hits="1" number="555"/>
						<line branch="true" condition-coverage="100% (2/2)" hits="1" number="556"/>
						<line hits="1" number="557"/>
						<line hits="1" number="558"/>
						<line hits="1" number="559"/>
						<line hits="1" number="560"/>
						<line branch="true" condition-coverage="100% (2/2)" hits="1" number="561"/>
						<line branch="true" condition-coverage="100% (2/2)" hits="1" number="562"/>
						<line hits="1" number="563"/>
						<line hits="1" number="564"/>
						<line hits="1" number="565"/>
						<line hits="1" number="566"/>
						<line hits="1" number="567"/>
						<line hits="1" number="568"/>
						<line hits="1" number="569"/>
						<line hits="1" number="570"/>
						<line hits="1" number="572"/>
						<line hits="1" number="573"/>
						<line hits="1" number="574"/>
						<line hits="1" number="575"/>
						<line hits="1" number="576"/>
						<line hits="1" number="577"/>
						<line hits="1" number="578"/>
						<line branch="true" condition-coverage="50% (1/2)" hits="1" missing-branches="631" number="580"/>
						<line hits="1" number="581"/>
						<line hits="1" number="583"/>
						<line hits="1" number="584"/>
						<line hits="1" number="585"/>
						<line hits="1" number="586"/>
						<line hits="1" number="587"/>
						<line hits="1" number="588"/>
						<line hits="1" number="589"/>
						<line branch="true" condition-coverage="100% (2/2)" hits="1" number="591"/>
						<line hits="1" number="592"/>
						<line hits="1" number="594"/>
						<line hits="1" number="595"/>
						<line hits="1" number="596"/>
						<line hits="1" number="597"/>
						<line hits="1" number="598"/>
						<line branch="true" condition-coverage="100% (2/2)" hits="1" number="599"/>
						<line branch="true" condition-coverage="100% (2/2)" hits="1" number="600"/>
						<line hits="1" number="601"/>
						<line branch="true" condition-coverage="100% (2/2)" hits="1" number="602"/>
						<line hits="1" number="603"/>
						<line hits="1" number="605"/>
						<line hits="1" number="607"/>
						<line hits="1" number="610"/>
						<line hits="1" number="611"/>
						<line hits="0" number="612"/>
						<line hits="0" number="613"/>
						<line hits="0" number="614"/>
						<line hits="0" number="615"/>
						<line hits="1" number="617"/>
						<line hits="1" number="618"/>
						<line hits="1" number="619"/>
						<line hits="1" number="620"/>
						<line hits="1" number="621"/>
						<line hits="1" number="622"/>
						<line hits="1" number="623"/>
						<line branch="true" condition-coverage="100% (2/2)" hits="1" number="625"/>
						<line hits="1" number="626"/>
						<line hits="1" number="627"/>
						<line hits="1" number="628"/>
						<line hits="1" number="629"/>
						<line hits="1" number="630"/>
						<line hits="1" number="631"/>
						<line hits="1" number="633"/>
						<line hits="1" number="634"/>
						<line hits="1" number="635"/>
						<line hits="1" number="637"/>
						<line hits="1" number="639"/>
						<line hits="1" number="642"/>
						<line hits="1" number="643"/>
						<line branch="true" condition-coverage="100% (2/2)" hits="1" number="644"/>
						<line hits="1" number="645"/>
						<line hits="1" number="652"/>
						<line hits="1" number="654"/>
						<line hits="1" number="655"/>
						<line branch="true" condition-coverage="100% (2/2)" hits="1" number="657"/>
						<line hits="1" number="658"/>
						<line hits="1" number="659"/>
						<line hits="1" number="660"/>
						<line hits="1" number="661"/>
						<line hits="1" number="662"/>
						<line branch="true" condition-coverage="100% (2/2)" hits="1" number="663"/>
						<line hits="1" number="664"/>
						<line hits="1" number="665"/>
						<line hits="1" number="666"/>
						<line hits="1" number="667"/>
						<line hits="1" number="668"/>
						<line hits="1" number="670"/>
						<line hits="1" number="671"/>
						<line hits="1" number="672"/>
						<line hits="1" number="674"/>
						<line hits="1" number="675"/>
						<line hits="1" number="677"/>
						<line hits="1" number="678"/>
						<line hits="1" number="679"/>
						<line hits="1" number="681"/>
						<line hits="1" number="682"/>
						<line branch="true" condition-coverage="100% (2/2)" hits="1" number="684"/>
						<line hits="1" number="685"/>
						<line hits="1" number="686"/>
						<line hits="1" number="687"/>
						<line hits="1" number="688"/>
						<line hits="1" number="689"/>
						<line branch="true" condition-coverage="100% (2/2)" hits="1" number="690"/>
						<line hits="1" number="691"/>
						<line hits="1" number="692"/>
						<line hits="1" number="693"/>
						<line hits="1" number="694"/>
						<line hits="1" number="695"/>
						<line hits="1" number="697"/>
						<line hits="1" number="698"/>
						<line hits="1" number="699"/>
						<line hits="1" number="701"/>
						<line hits="1" number="702"/>
						<line branch="true" condition-coverage="100% (2/2)" hits="1" number="712"/>
						<line hits="1" number="713"/>
						<line hits="1" number="714"/>
						<line hits="1" number="715"/>
						<line hits="1" number="717"/>
						<line hits="1" number="718"/>
						<line hits="1" number="720"/>
						<line hits="1" number="721"/>
						<line hits="1" number="722"/>
						<line branch="true" condition-coverage="100% (2/2)" hits="1" number="723"/>
						<line hits="1" number="724"/>
						<line hits="1" number="726"/>
						<line hits="1" number="728"/>
						<line hits="1" number="730"/>
						<line hits="1" number="731"/>
						<line hits="1" number="733"/>
						<line branch="true" condition-coverage="100% (2/2)" hits="1" number="734"/>
						<line hits="1" number="735"/>
						<line hits="1" number="737"/>
						<line hits="1" number="738"/>
						<line hits="1" number="757"/>
						<line hits="1" number="761"/>
						<line hits="1" number="763"/>
						<line branch="true" condition-coverage="100% (2/2)" hits="1" number="775"/>
						<line hits="1" number="776"/>
						<line hits="1" number="778"/>
						<line hits="1" number="779"/>
						<line hits="1" number="781"/>
						<line hits="1" number="782"/>
						<line hits="1" number="783"/>
						<line branch="true" condition-coverage="100% (2/2)" hits="1" number="784"/>
						<line branch="true" condition-coverage="100% (2/2)" hits="1" number="786"/>
						<line hits="1" number="788"/>
						<line hits="1" number="790"/>
						<line hits="1" number="791"/>
						<line hits="1" number="793"/>
						<line hits="1" number="796"/>
						<line hits="1" number="797"/>
						<line hits="1" number="798"/>
						<line branch="true" condition-coverage="100% (2/2)" hits="1" number="799"/>
						<line branch="true" condition-coverage="100% (2/2)" hits="1" number="800"/>
						<line hits="1" number="801"/>
						<line branch="true" condition-coverage="100% (2/2)" hits="1" number="802"/>
						<line branch="true" condition-coverage="100% (2/2)" hits="1" number="803"/>
						<line hits="1" number="804"/>
						<line hits="1" number="806"/>
						<line hits="1" number="807"/>
						<line hits="1" number="809"/>
						<line hits="1" number="810"/>
						<line hits="1" number="811"/>
						<line branch="true" condition-coverage="100% (2/2)" hits="1" number="812"/>
						<line hits="1" number="813"/>
						<line branch="true" condition-coverage="100% (2/2)" hits="1" number="814"/>
						<line branch="true" condition-coverage="100% (2/2)" hits="1" number="815"/>
						<line hits="1" number="816"/>
						<line hits="1" number="818"/>
						<line hits="1" number="820"/>
						<line hits="1" number="822"/>
						<line hits="1" number="830"/>
						<line hits="1" number="831"/>
						<line branch="true" condition-coverage="100% (2/2)" hits="1" number="832"/>
						<line hits="1" number="833"/>
						<line branch="true" condition-coverage="100% (2/2)" hits="1" number="834"/>
						<line hits="1" number="835"/>
						<line hits="1" number="836"/>
						<line branch="true" condition-coverage="100% (2/2)" hits="1" number="837"/>
						<line hits="1" number="838"/>
						<line hits="1" number="840"/>
						<line hits="1" number="841"/>
						<line hits="1" number="843"/>
						<line hits="1" number="845"/>
						<line hits="1" number="846"/>
						<line hits="1" number="849"/>
						<line hits="1" number="851"/>
						<line hits="1" number="852"/>
						<line hits="1" number="855"/>
						<line hits="1" number="857"/>
						<line hits="1" number="858"/>
						<line branch="true" condition-coverage="100% (2/2)" hits="1" number="860"/>
						<line hits="1" number="861"/>
						<line hits="1" number="863"/>
						<line hits="1" number="865"/>
						<line hits="1" number="867"/>
						<line hits="1" number="869"/>
						<line hits="1" number="872"/>
						<line hits="1" number="873"/>
						<line hits="1" number="874"/>
						<line hits="1" number="876"/>
						<line hits="1" number="880"/>
						<line hits="1" number="882"/>
						<line hits="1" number="884"/>
						<line hits="1" number="887"/>
						<line hits="1" number="888"/>
						<line hits="1" number="889"/>
						<line hits="1" number="891"/>
						<line hits="1" number="892"/>
						<line hits="1" number="894"/>
						<line hits="1" number="895"/>
						<line hits="1" number="897"/>
						<line branch="true" condition-coverage="100% (2/2)" hits="1" number="898"/>
						<line hits="1" number="899"/>
						<line hits="1" number="903"/>
						<line hits="1" number="907"/>
						<line branch="true" condition-coverage="100% (2/2)" hits="1" number="909"/>
						<line hits="1" number="910"/>
						<line hits="1" number="912"/>
						<line hits="1" number="914"/>
						<line hits="1" number="915"/>
						<line hits="1" number="926"/>
						<line hits="1" number="927"/>
						<line branch="true" condition-coverage="100% (2/2)" hits="1" number="930"/>
						<line hits="1" number="931"/>
						<line hits="1" number="933"/>
						<line hits="1" number="935"/>
						<line hits="1" number="936"/>
						<line hits="1" number="946"/>
						<line hits="1" number="947"/>
						<line branch="true" condition-coverage="100% (2/2)" hits="1" number="951"/>
						<line hits="1" number="952"/>
						<line hits="1" number="954"/>
						<line hits="1" number="956"/>
						<line hits="1" number="959"/>
						<line hits="1" number="960"/>
						<line hits="1" number="964"/>
						<line hits="1" number="966"/>
						<line hits="1" number="969"/>
						<line hits="1" number="970"/>
						<line branch="true" condition-coverage="100% (2/2)" hits="1" number="971"/>
						<line branch="true" condition-coverage="100% (2/2)" hits="1" number="972"/>
						<line branch="true" condition-coverage="50% (1/2)" hits="1" missing-branches="975" number="974"/>
						<line hits="0" number="975"/>
						<line branch="true" condition-coverage="50% (1/2)" hits="1" missing-branches="971" number="976"/>
						<line hits="1" number="977"/>
						<line hits="1" number="978"/>
						<line hits="1" number="980"/>
						<line hits="1" number="981"/>
						<line hits="1" number="982"/>
						<line hits="1" number="983"/>
						<line hits="0" number="986"/>
						<line hits="0" number="987"/>
						<line hits="1" number="989"/>
						<line hits="1" number="990"/>
						<line branch="true" condition-coverage="100% (2/2)" hits="1" number="998"/>
						<line branch="true" condition-coverage="100% (2/2)" hits="1" number="999"/>
						<line hits="1" number="1000"/>
						<line hits="1" number="1002"/>
						<line hits="1" number="1003"/>
						<line hits="1" number="1005"/>
						<line hits="1" number="1007"/>
						<line hits="1" number="1008"/>
						<line branch="true" condition-coverage="100% (2/2)" hits="1" number="1016"/>
						<line hits="1" number="1017"/>
						<line hits="1" number="1018"/>
						<line hits="1" number="1021"/>
						<line hits="1" number="1023"/>
						<line hits="1" number="1024"/>
						<line hits="1" number="1033"/>
						<line hits="1" number="1034"/>
						<line hits="1" number="1035"/>
						<line branch="true" condition-coverage="100% (2/2)" hits="1" number="1038"/>
						<line hits="1" number="1039"/>
						<line hits="1" number="1040"/>
						<line branch="true" condition-coverage="100% (2/2)" hits="1" number="1042"/>
						<line hits="1" number="1043"/>
						<line hits="1" number="1044"/>
						<line hits="1" number="1045"/>
						<line branch="true" condition-coverage="100% (2/2)" hits="1" number="1046"/>
						<line branch="true" condition-coverage="100% (2/2)" hits="1" number="1047"/>
						<line branch="true" condition-coverage="100% (2/2)" hits="1" number="1048"/>
						<line hits="1" number="1050"/>
						<line branch="true" condition-coverage="100% (2/2)" hits="1" number="1051"/>
						<line hits="1" number="1052"/>
						<line hits="1" number="1054"/>
						<line hits="1" number="1056"/>
						<line hits="1" number="1058"/>
						<line hits="1" number="1059"/>
						<line hits="1" number="1066"/>
						<line hits="1" number="1067"/>
						<line hits="1" number="1070"/>
						<line hits="1" number="1071"/>
						<line hits="1" number="1079"/>
						<line hits="1" number="1080"/>
						<line branch="true" condition-coverage="100% (2/2)" hits="1" number="1086"/>
						<line hits="1" number="1087"/>
						<line hits="1" number="1089"/>
						<line hits="1" number="1091"/>
						<line hits="1" number="1092"/>
						<line hits="1" number="1093"/>
						<line branch="true" condition-coverage="100% (2/2)" hits="1" number="1099"/>
						<line hits="1" number="1100"/>
						<line hits="1" number="1104"/>
						<line hits="1" number="1105"/>
						<line hits="1" number="1107"/>
						<line hits="1" number="1109"/>
						<line hits="1" number="1111"/>
						<line branch="true" condition-coverage="100% (2/2)" hits="1" number="1118"/>
						<line hits="1" number="1119"/>
						<line hits="1" number="1123"/>
						<line hits="1" number="1125"/>
						<line hits="1" number="1126"/>
						<line hits="1" number="1127"/>
						<line branch="true" condition-coverage="100% (2/2)" hits="1" number="1134"/>
						<line hits="1" number="1135"/>
						<line hits="1" number="1139"/>
						<line hits="1" number="1140"/>
						<line hits="1" number="1141"/>
						<line branch="true" condition-coverage="100% (2/2)" hits="1" number="1142"/>
						<line hits="1" number="1144"/>
						<line hits="1" number="1145"/>
						<line hits="1" number="1150"/>
						<line hits="1" number="1151"/>
						<line branch="true" condition-coverage="100% (2/2)" hits="1" number="1167"/>
						<line hits="1" number="1168"/>
						<line hits="1" number="1170"/>
						<line hits="1" number="1172"/>
						<line hits="1" number="1173"/>
						<line hits="1" number="1174"/>
						<line branch="true" condition-coverage="100% (2/2)" hits="1" number="1191"/>
						<line hits="1" number="1192"/>
						<line hits="1" number="1194"/>
						<line hits="1" number="1196"/>
						<line hits="1" number="1197"/>
						<line hits="1" number="1206"/>
						<line branch="true" condition-coverage="100% (2/2)" hits="1" number="1224"/>
						<line hits="1" number="1225"/>
						<line hits="1" number="1227"/>
						<line hits="1" number="1229"/>
						<line hits="1" number="1230"/>
						<line hits="1" number="1231"/>
						<line branch="true" condition-coverage="100% (2/2)" hits="1" number="1256"/>
						<line hits="1" number="1257"/>
						<line hits="1" number="1259"/>
						<line hits="1" number="1261"/>
						<line hits="1" number="1262"/>
						<line branch="true" condition-coverage="100% (2/2)" hits="1" number="1268"/>
						<line hits="1" number="1269"/>
						<line branch="true" condition-coverage="100% (2/2)" hits="1" number="1270"/>
						<line hits="1" number="1271"/>
						<line branch="true" condition-coverage="100% (2/2)" hits="1" number="1299"/>
						<line hits="1" number="1300"/>
						<line hits="1" number="1302"/>
						<line hits="1" number="1304"/>
						<line hits="1" number="1305"/>
						<line hits="1" number="1306"/>
						<line branch="true" condition-coverage="100% (2/2)" hits="1" number="1334"/>
						<line hits="1" number="1335"/>
						<line hits="1" number="1339"/>
						<line branch="true" condition-coverage="100% (2/2)" hits="1" number="1361"/>
						<line hits="1" number="1362"/>
						<line hits="1" number="1364"/>
						<line hits="1" number="1366"/>
						<line hits="1" number="1367"/>
						<line hits="1" number="1368"/>
						<line branch="true" condition-coverage="100% (2/2)" hits="1" number="1390"/>
						<line hits="1" number="1391"/>
						<line hits="1" number="1395"/>
						<line hits="1" number="1397"/>
						<line hits="1" number="1398"/>
						<line branch="true" condition-coverage="100% (2/2)" hits="1" number="1404"/>
						<line hits="1" number="1405"/>
						<line branch="true" condition-coverage="100% (2/2)" hits="1" number="1406"/>
						<line hits="1" number="1407"/>
						<line branch="true" condition-coverage="100% (2/2)" hits="1" number="1435"/>
						<line hits="1" number="1436"/>
						<line hits="1" number="1438"/>
						<line hits="1" number="1440"/>
						<line hits="1" number="1441"/>
						<line hits="1" number="1442"/>
						<line branch="true" condition-coverage="100% (2/2)" hits="1" number="1470"/>
						<line hits="1" number="1471"/>
						<line hits="1" number="1475"/>
						<line branch="true" condition-coverage="100% (2/2)" hits="1" number="1497"/>
						<line hits="1" number="1498"/>
						<line hits="1" number="1500"/>
						<line hits="1" number="1502"/>
						<line hits="1" number="1503"/>
						<line hits="1" number="1504"/>
						<line branch="true" condition-coverage="100% (2/2)" hits="1" number="1526"/>
						<line hits="1" number="1527"/>
						<line hits="1" number="1531"/>
						<line hits="1" number="1533"/>
						<line hits="1" number="1534"/>
						<line hits="1" number="1541"/>
						<line hits="1" number="1542"/>
						<line branch="true" condition-coverage="100% (2/2)" hits="1" number="1545"/>
						<line hits="1" number="1546"/>
						<line hits="1" number="1547"/>
						<line hits="1" number="1549"/>
						<line hits="1" number="1550"/>
						<line hits="1" number="1551"/>
						<line hits="1" number="1552"/>
						<line branch="true" condition-coverage="100% (2/2)" hits="1" number="1553"/>
						<line hits="1" number="1554"/>
						<line hits="1" number="1555"/>
						<line hits="1" number="1556"/>
						<line hits="1" number="1557"/>
						<line hits="1" number="1560"/>
						<line hits="1" number="1561"/>
						<line hits="1" number="1562"/>
						<line hits="1" number="1563"/>
						<line hits="1" number="1565"/>
						<line hits="1" number="1567"/>
						<line branch="true" condition-coverage="100% (2/2)" hits="1" number="1569"/>
						<line hits="1" number="1570"/>
						<line hits="1" number="1572"/>
						<line hits="1" number="1573"/>
						<line hits="1" number="1574"/>
						<line hits="1" number="1575"/>
						<line branch="true" condition-coverage="100% (2/2)" hits="1" number="1576"/>
						<line hits="1" number="1577"/>
						<line hits="1" number="1579"/>
						<line hits="1" number="1580"/>
						<line hits="1" number="1581"/>
						<line hits="1" number="1583"/>
						<line hits="1" number="1585"/>
						<line hits="1" number="1586"/>
						<line hits="1" number="1588"/>
						<line hits="1" number="1589"/>
						<line branch="true" condition-coverage="100% (2/2)" hits="1" number="1592"/>
						<line hits="1" number="1593"/>
						<line hits="1" number="1594"/>
						<line hits="1" number="1596"/>
						<line hits="1" number="1597"/>
						<line hits="1" number="1598"/>
						<line hits="1" number="1599"/>
						<line branch="true" condition-coverage="100% (2/2)" hits="1" number="1600"/>
						<line hits="1" number="1601"/>
						<line hits="1" number="1602"/>
						<line hits="1" number="1603"/>
						<line hits="1" number="1604"/>
						<line hits="1" number="1607"/>
						<line hits="1" number="1608"/>
						<line hits="1" number="1609"/>
						<line hits="1" number="1610"/>
						<line hits="1" number="1612"/>
						<line hits="1" number="1613"/>
						<line hits="1" number="1615"/>
						<line hits="1" number="1616"/>
						<line hits="1" number="1620"/>
						<line hits="1" number="1627"/>
						<line hits="1" number="1628"/>
						<line hits="1" number="1629"/>
						<line branch="true" condition-coverage="50% (1/2)" hits="1" missing-branches="1631" number="1630"/>
						<line hits="0" number="1631"/>
						<line hits="1" number="1633"/>
						<line hits="1" number="1634"/>
						<line hits="1" number="1637"/>
						<line hits="0" number="1638"/>
						<line hits="0" number="1639"/>
						<line hits="0" number="1640"/>
						<line hits="1" number="1642"/>
						<line hits="1" number="1643"/>
						<line hits="1" number="1645"/>
						<line branch="true" condition-coverage="100% (2/2)" hits="1" number="1647"/>
						<line hits="1" number="1648"/>
						<line hits="1" number="1649"/>
						<line branch="true" condition-coverage="100% (2/2)" hits="1" number="1650"/>
						<line hits="1" number="1651"/>
						<line hits="1" number="1652"/>
						<line hits="1" number="1653"/>
						<line hits="1" number="1655"/>
						<line branch="true" condition-coverage="100% (2/2)" hits="1" number="1656"/>
						<line hits="1" number="1657"/>
						<line hits="1" number="1658"/>
						<line hits="1" number="1659"/>
						<line hits="1" number="1661"/>
						<line hits="1" number="1662"/>
						<line hits="1" number="1669"/>
						<line hits="1" number="1670"/>
						<line hits="1" number="1677"/>
						<line hits="1" number="1678"/>
						<line hits="1" number="1679"/>
						<line hits="1" number="1680"/>
						<line hits="1" number="1681"/>
						<line hits="1" number="1682"/>
						<line branch="true" condition-coverage="0% (0/2)" hits="0" missing-branches="1687,1706" number="1686"/>
						<line branch="true" condition-coverage="0% (0/2)" hits="0" missing-branches="1686,1688" number="1687"/>
						<line branch="true" condition-coverage="0% (0/2)" hits="0" missing-branches="1687,1691" number="1688"/>
						<line hits="0" number="1691"/>
						<line hits="0" number="1696"/>
						<line hits="0" number="1702"/>
						<line hits="1" number="1704"/>
						<line hits="1" number="1705"/>
						<line hits="1" number="1706"/>
						<line hits="1" number="1708"/>
						<line hits="1" number="1709"/>
						<line hits="1" number="1717"/>
						<line branch="true" condition-coverage="100% (2/2)" hits="1" number="1721"/>
						<line hits="1" number="1722"/>
						<line hits="1" number="1726"/>
						<line hits="1" number="1728"/>
						<line hits="1" number="1730"/>
						<line hits="1" number="1731"/>
						<line hits="1" number="1733"/>
						<line hits="1" number="1735"/>
						<line hits="1" number="1736"/>
						<line hits="1" number="1743"/>
						<line hits="1" number="1744"/>
						<line branch="true" condition-coverage="100% (2/2)" hits="1" number="1745"/>
						<line hits="1" number="1746"/>
						<line branch="true" condition-coverage="100% (2/2)" hits="1" number="1747"/>
						<line branch="true" condition-coverage="100% (2/2)" hits="1" number="1748"/>
						<line hits="1" number="1749"/>
						<line hits="1" number="1751"/>
						<line hits="1" number="1752"/>
						<line hits="1" number="1753"/>
						<line hits="1" number="1755"/>
						<line hits="1" number="1763"/>
						<line branch="true" condition-coverage="100% (2/2)" hits="1" number="1766"/>
						<line hits="1" number="1767"/>
						<line hits="1" number="1769"/>
						<line hits="0" number="1778"/>
						<line branch="true" condition-coverage="0% (0/2)" hits="0" missing-branches="exit,1782" number="1781"/>
						<line hits="0" number="1782"/>
						<line hits="1" number="1784"/>
						<line hits="0" number="1792"/>
						<line branch="true" condition-coverage="0% (0/2)" hits="0" missing-branches="exit,1796" number="1795"/>
						<line hits="0" number="1796"/>
						<line hits="1" number="1798"/>
						<line hits="0" number="1806"/>
						<line branch="true" condition-coverage="0% (0/2)" hits="0" missing-branches="exit,1810" number="1809"/>
						<line hits="0" number="1810"/>
						<line hits="1" number="1812"/>
						<line hits="0" number="1820"/>
						<line branch="true" condition-coverage="0% (0/2)" hits="0" missing-branches="exit,1824" number="1823"/>
						<line hits="0" number="1824"/>
						<line hits="1" number="1826"/>
						<line hits="0" number="1834"/>
						<line branch="true" condition-coverage="0% (0/2)" hits="0" missing-branches="exit,1838" number="1837"/>
						<line hits="0" number="1838"/>
						<line hits="1" number="1840"/>
						<line hits="0" number="1848"/>
						<line branch="true" condition-coverage="0% (0/2)" hits="0" missing-branches="exit,1852" number="1851"/>
						<line hits="0" number="1852"/>
						<line hits="1" number="1854"/>
						<line hits="1" number="1855"/>
						<line hits="1" number="1857"/>
						<line branch="true" condition-coverage="100% (2/2)" hits="1" number="1858"/>
						<line hits="1" number="1859"/>
						<line hits="1" number="1860"/>
						<line hits="1" number="1862"/>
						<line hits="1" number="1863"/>
						<line hits="1" number="1871"/>
						<line hits="1" number="1872"/>
						<line branch="true" condition-coverage="100% (2/2)" hits="1" number="1875"/>
						<line hits="1" number="1876"/>
						<line hits="1" number="1877"/>
						<line hits="1" number="1878"/>
						<line hits="1" number="1880"/>
						<line hits="1" number="1881"/>
						<line hits="1" number="1883"/>
						<line branch="true" condition-coverage="100% (2/2)" hits="1" number="1885"/>
						<line hits="1" number="1886"/>
						<line branch="true" condition-coverage="100% (2/2)" hits="1" number="1887"/>
						<line hits="1" number="1889"/>
						<line hits="1" number="1897"/>
						<line hits="1" number="1899"/>
						<line hits="1" number="1901"/>
						<line hits="1" number="1902"/>
						<line hits="1" number="1904"/>
						<line branch="true" condition-coverage="100% (2/2)" hits="1" number="1906"/>
						<line hits="1" number="1907"/>
						<line hits="1" number="1908"/>
						<line hits="1" number="1910"/>
						<line hits="1" number="1911"/>
						<line hits="1" number="1913"/>
						<line branch="true" condition-coverage="100% (2/2)" hits="1" number="1914"/>
						<line hits="1" number="1915"/>
						<line hits="1" number="1916"/>
						<line hits="1" number="1918"/>
						<line hits="1" number="1919"/>
						<line hits="1" number="1931"/>
						<line branch="true" condition-coverage="100% (2/2)" hits="1" number="1932"/>
						<line hits="1" number="1933"/>
						<line hits="1" number="1934"/>
						<line hits="1" number="1936"/>
						<line branch="true" condition-coverage="100% (2/2)" hits="1" number="1937"/>
						<line hits="1" number="1938"/>
						<line hits="1" number="1940"/>
						<line hits="1" number="1942"/>
						<line hits="1" number="1944"/>
						<line hits="1" number="1946"/>
						<line hits="1" number="1947"/>
						<line hits="1" number="1953"/>
						<line hits="1" number="1954"/>
						<line hits="1" number="1955"/>
						<line hits="1" number="1956"/>
						<line hits="1" number="1958"/>
						<line hits="1" number="1959"/>
						<line hits="1" number="1965"/>
						<line hits="1" number="1966"/>
						<line hits="1" number="1968"/>
						<line hits="1" number="1969"/>
						<line hits="1" number="1975"/>
						<line branch="true" condition-coverage="100% (2/2)" hits="1" number="1983"/>
						<line hits="1" number="1984"/>
						<line hits="1" number="1986"/>
						<line hits="1" number="1988"/>
						<line hits="1" number="1989"/>
						<line hits="1" number="1990"/>
						<line branch="true" condition-coverage="100% (2/2)" hits="1" number="1998"/>
						<line hits="1" number="1999"/>
						<line hits="1" number="2001"/>
						<line hits="1" number="2003"/>
						<line hits="1" number="2004"/>
						<line hits="1" number="2005"/>
						<line hits="1" number="2006"/>
						<line branch="true" condition-coverage="100% (2/2)" hits="1" number="2008"/>
						<line hits="1" number="2009"/>
						<line hits="1" number="2010"/>
						<line hits="1" number="2012"/>
						<line hits="1" number="2015"/>
						<line hits="1" number="2016"/>
						<line hits="1" number="2017"/>
						<line hits="1" number="2018"/>
						<line branch="true" condition-coverage="50% (1/2)" hits="1" missing-branches="2021" number="2019"/>
						<line hits="1" number="2020"/>
						<line hits="1" number="2021"/>
						<line hits="1" number="2023"/>
						<line branch="true" condition-coverage="100% (2/2)" hits="1" number="2026"/>
						<line hits="1" number="2027"/>
						<line hits="1" number="2029"/>
						<line hits="1" number="2030"/>
						<line hits="1" number="2031"/>
						<line hits="1" number="2033"/>
						<line hits="1" number="2034"/>
						<line hits="1" number="2039"/>
						<line branch="true" condition-coverage="100% (2/2)" hits="1" number="2050"/>
						<line hits="1" number="2051"/>
						<line hits="1" number="2053"/>
						<line hits="1" number="2055"/>
						<line hits="1" number="2056"/>
						<line hits="1" number="2057"/>
						<line branch="true" condition-coverage="100% (2/2)" hits="1" number="2068"/>
						<line hits="1" number="2069"/>
						<line hits="1" number="2071"/>
						<line hits="1" number="2073"/>
						<line hits="1" number="2074"/>
						<line hits="1" number="2075"/>
						<line hits="1" number="2076"/>
						<line branch="true" condition-coverage="100% (2/2)" hits="1" number="2078"/>
						<line hits="1" number="2079"/>
						<line hits="1" number="2080"/>
						<line hits="1" number="2082"/>
						<line hits="1" number="2089"/>
						<line hits="1" number="2090"/>
						<line hits="1" number="2093"/>
						<line hits="1" number="2094"/>
						<line hits="1" number="2096"/>
						<line hits="1" number="2097"/>
						<line hits="1" number="2099"/>
						<line hits="1" number="2110"/>
						<line branch="true" condition-coverage="100% (2/2)" hits="1" number="2111"/>
						<line branch="true" condition-coverage="50% (1/2)" hits="1" missing-branches="2113" number="2112"/>
						<line hits="0" number="2113"/>
						<line hits="1" number="2114"/>
						<line hits="1" number="2115"/>
					</lines>
				</class>
				<class branch-rate="1" complexity="0" filename="bundles.py" line-rate="1" name="bundles.py">
					<methods/>
					<lines>
						<line hits="1" number="21"/>
						<line hits="1" number="23"/>
						<line hits="1" number="24"/>
						<line hits="1" number="26"/>
						<line hits="1" number="32"/>
						<line hits="1" number="39"/>
					</lines>
				</class>
				<class branch-rate="1" complexity="0" filename="config.py" line-rate="1" name="config.py">
					<methods/>
					<lines>
						<line hits="1" number="21"/>
						<line hits="1" number="23"/>
						<line hits="1" number="26"/>
						<line hits="1" number="30"/>
						<line hits="1" number="33"/>
						<line hits="1" number="37"/>
						<line hits="1" number="42"/>
						<line hits="1" number="45"/>
						<line hits="1" number="47"/>
						<line hits="1" number="49"/>
						<line hits="1" number="72"/>
						<line hits="1" number="75"/>
						<line hits="1" number="78"/>
						<line hits="1" number="81"/>
						<line hits="1" number="84"/>
						<line hits="1" number="87"/>
						<line hits="1" number="90"/>
						<line hits="1" number="93"/>
						<line hits="1" number="96"/>
						<line hits="1" number="99"/>
						<line hits="1" number="102"/>
						<line hits="1" number="103"/>
					</lines>
				</class>
				<class branch-rate="1" complexity="0" filename="errors.py" line-rate="1" name="errors.py">
					<methods/>
					<lines>
						<line hits="1" number="25"/>
						<line hits="1" number="26"/>
						<line hits="1" number="31"/>
						<line hits="1" number="32"/>
						<line branch="true" condition-coverage="100% (2/2)" hits="1" number="35"/>
						<line hits="1" number="38"/>
						<line branch="true" condition-coverage="100% (2/2)" hits="1" number="41"/>
						<line hits="1" number="44"/>
						<line hits="1" number="45"/>
						<line branch="true" condition-coverage="100% (2/2)" hits="1" number="48"/>
						<line hits="1" number="51"/>
						<line hits="1" number="52"/>
						<line branch="true" condition-coverage="100% (2/2)" hits="1" number="55"/>
						<line hits="1" number="58"/>
						<line hits="1" number="59"/>
						<line branch="true" condition-coverage="100% (2/2)" hits="1" number="62"/>
						<line hits="1" number="65"/>
						<line hits="1" number="66"/>
						<line branch="true" condition-coverage="100% (2/2)" hits="1" number="69"/>
						<line hits="1" number="72"/>
						<line hits="1" number="73"/>
						<line branch="true" condition-coverage="100% (2/2)" hits="1" number="76"/>
						<line hits="1" number="79"/>
						<line hits="1" number="80"/>
						<line branch="true" condition-coverage="100% (2/2)" hits="1" number="83"/>
						<line hits="1" number="86"/>
						<line hits="1" number="87"/>
						<line branch="true" condition-coverage="100% (2/2)" hits="1" number="90"/>
						<line hits="1" number="93"/>
						<line hits="1" number="94"/>
						<line branch="true" condition-coverage="100% (2/2)" hits="1" number="97"/>
						<line hits="1" number="100"/>
						<line hits="1" number="101"/>
						<line branch="true" condition-coverage="100% (2/2)" hits="1" number="104"/>
						<line hits="1" number="107"/>
						<line hits="1" number="108"/>
					</lines>
				</class>
				<class branch-rate="1" complexity="0" filename="ext.py" line-rate="1" name="ext.py">
					<methods/>
					<lines>
						<line hits="1" number="21"/>
						<line hits="1" number="23"/>
						<line branch="true" condition-coverage="100% (2/2)" hits="1" number="26"/>
						<line hits="1" number="29"/>
						<line branch="true" condition-coverage="100% (2/2)" hits="1" number="34"/>
						<line hits="1" number="35"/>
						<line hits="1" number="37"/>
						<line hits="1" number="42"/>
						<line hits="1" number="43"/>
						<line hits="1" number="44"/>
						<line hits="1" number="45"/>
						<line hits="1" number="47"/>
						<line branch="true" condition-coverage="100% (2/2)" hits="1" number="53"/>
						<line hits="1" number="54"/>
						<line branch="true" condition-coverage="100% (2/2)" hits="1" number="58"/>
						<line branch="true" condition-coverage="100% (2/2)" hits="1" number="59"/>
						<line hits="1" number="60"/>
						<line branch="true" condition-coverage="100% (2/2)" hits="1" number="63"/>
						<line hits="1" number="66"/>
						<line branch="true" condition-coverage="100% (2/2)" hits="1" number="71"/>
						<line hits="1" number="72"/>
						<line hits="1" number="74"/>
						<line hits="1" number="82"/>
						<line hits="1" number="83"/>
						<line hits="1" number="84"/>
						<line hits="1" number="86"/>
						<line hits="1" number="87"/>
						<line hits="1" number="89"/>
						<line branch="true" condition-coverage="100% (2/2)" hits="1" number="94"/>
						<line branch="true" condition-coverage="100% (2/2)" hits="1" number="95"/>
						<line hits="1" number="96"/>
					</lines>
				</class>
				<class branch-rate="1" complexity="0" filename="models.py" line-rate="1" name="models.py">
					<methods/>
					<lines>
						<line hits="1" number="21"/>
						<line hits="1" number="23"/>
						<line hits="1" number="25"/>
						<line hits="1" number="26"/>
						<line hits="1" number="27"/>
						<line hits="1" number="28"/>
						<line hits="1" number="29"/>
						<line hits="1" number="30"/>
						<line branch="true" condition-coverage="100% (2/2)" hits="1" number="36"/>
						<line hits="1" number="44"/>
						<line hits="1" number="46"/>
						<line hits="1" number="50"/>
						<line hits="1" number="53"/>
						<line hits="1" number="56"/>
						<line hits="1" number="59"/>
						<line hits="1" number="62"/>
						<line hits="1" number="65"/>
						<line hits="1" number="68"/>
						<line hits="1" number="71"/>
						<line hits="1" number="74"/>
						<line hits="1" number="81"/>
						<line hits="1" number="84"/>
						<line hits="1" number="88"/>
						<line hits="1" number="91"/>
						<line hits="1" number="95"/>
						<line hits="1" number="98"/>
						<line hits="1" number="101"/>
						<line hits="1" number="105"/>
						<line hits="1" number="110"/>
						<line hits="1" number="114"/>
						<line hits="1" number="118"/>
						<line hits="1" number="125"/>
						<line hits="1" number="132"/>
						<line hits="1" number="135"/>
						<line hits="1" number="139"/>
						<line hits="1" number="142"/>
						<line hits="1" number="146"/>
						<line hits="1" number="149"/>
						<line hits="1" number="153"/>
						<line hits="1" number="156"/>
						<line hits="1" number="160"/>
						<line branch="true" condition-coverage="100% (2/2)" hits="1" number="165"/>
						<line hits="1" number="181"/>
						<line hits="1" number="186"/>
						<line hits="1" number="190"/>
						<line hits="1" number="193"/>
						<line hits="1" number="196"/>
						<line hits="1" number="203"/>
						<line branch="true" condition-coverage="100% (2/2)" hits="1" number="205"/>
						<line branch="true" condition-coverage="100% (2/2)" hits="1" number="206"/>
						<line hits="1" number="208"/>
						<line branch="true" condition-coverage="100% (2/2)" hits="1" number="209"/>
						<line hits="1" number="210"/>
						<line branch="true" condition-coverage="100% (2/2)" hits="1" number="211"/>
						<line hits="1" number="214"/>
						<line hits="1" number="217"/>
						<line branch="true" condition-coverage="100% (2/2)" hits="1" number="219"/>
						<line hits="1" number="220"/>
						<line hits="1" number="225"/>
						<line hits="1" number="230"/>
						<line hits="1" number="231"/>
						<line hits="1" number="233"/>
						<line branch="true" condition-coverage="100% (2/2)" hits="1" number="234"/>
						<line hits="1" number="235"/>
						<line hits="1" number="236"/>
						<line hits="1" number="237"/>
						<line hits="1" number="239"/>
						<line hits="1" number="240"/>
						<line hits="1" number="242"/>
						<line branch="true" condition-coverage="100% (2/2)" hits="1" number="243"/>
						<line hits="1" number="244"/>
						<line hits="1" number="245"/>
						<line hits="1" number="246"/>
						<line branch="true" condition-coverage="100% (2/2)" hits="1" number="247"/>
						<line branch="true" condition-coverage="100% (2/2)" hits="1" number="248"/>
						<line hits="1" number="249"/>
						<line hits="1" number="253"/>
						<line hits="1" number="254"/>
						<line hits="1" number="256"/>
						<line hits="1" number="257"/>
						<line hits="1" number="267"/>
						<line branch="true" condition-coverage="100% (2/2)" hits="1" number="268"/>
						<line hits="1" number="269"/>
						<line hits="1" number="270"/>
						<line hits="1" number="271"/>
						<line branch="true" condition-coverage="100% (2/2)" hits="1" number="274"/>
						<line hits="1" number="277"/>
						<line hits="1" number="279"/>
						<line hits="1" number="282"/>
						<line hits="1" number="285"/>
						<line hits="1" number="288"/>
						<line hits="1" number="291"/>
						<line hits="1" number="294"/>
						<line hits="1" number="295"/>
						<line hits="1" number="296"/>
						<line hits="1" number="297"/>
						<line hits="1" number="298"/>
						<line hits="1" number="299"/>
						<line hits="1" number="300"/>
						<line hits="1" number="301"/>
						<line hits="1" number="302"/>
						<line hits="1" number="303"/>
						<line hits="1" number="305"/>
						<line hits="1" number="308"/>
						<line hits="1" number="310"/>
						<line hits="1" number="319"/>
						<line hits="1" number="320"/>
						<line hits="1" number="321"/>
						<line branch="true" condition-coverage="100% (2/2)" hits="1" number="322"/>
						<line hits="1" number="323"/>
						<line branch="true" condition-coverage="100% (2/2)" hits="1" number="325"/>
						<line branch="true" condition-coverage="100% (2/2)" hits="1" number="326"/>
						<line hits="1" number="327"/>
						<line hits="1" number="328"/>
						<line hits="1" number="329"/>
						<line hits="1" number="330"/>
						<line hits="1" number="331"/>
						<line hits="1" number="332"/>
						<line hits="1" number="333"/>
						<line hits="1" number="334"/>
						<line hits="1" number="337"/>
					</lines>
				</class>
				<class branch-rate="1" complexity="0" filename="permissions.py" line-rate="1" name="permissions.py">
					<methods/>
					<lines>
						<line hits="1" number="21"/>
						<line hits="1" number="23"/>
						<line hits="1" number="25"/>
						<line hits="1" number="26"/>
					</lines>
				</class>
				<class branch-rate="0.7814" complexity="0" filename="rest.py" line-rate="0.8662" name="rest.py">
					<methods/>
					<lines>
						<line hits="1" number="21"/>
						<line hits="1" number="23"/>
						<line hits="1" number="24"/>
						<line hits="1" number="25"/>
						<line hits="1" number="26"/>
						<line hits="1" number="27"/>
						<line hits="1" number="28"/>
						<line hits="1" number="29"/>
						<line hits="1" number="31"/>
						<line hits="1" number="35"/>
						<line hits="1" number="36"/>
						<line hits="1" number="37"/>
						<line hits="1" number="38"/>
						<line hits="1" number="39"/>
						<line hits="1" number="40"/>
						<line hits="1" number="41"/>
						<line hits="1" number="43"/>
						<line hits="1" number="44"/>
						<line hits="1" number="45"/>
						<line hits="1" number="46"/>
						<line hits="1" number="47"/>
						<line hits="1" number="49"/>
						<line hits="1" number="50"/>
						<line hits="1" number="55"/>
						<line hits="1" number="57"/>
						<line hits="1" number="58"/>
						<line hits="1" number="63"/>
						<line hits="1" number="64"/>
						<line hits="1" number="67"/>
						<line hits="1" number="71"/>
						<line hits="1" number="73"/>
						<line hits="1" number="75"/>
						<line hits="1" number="80"/>
						<line hits="1" number="81"/>
						<line hits="1" number="84"/>
						<line branch="true" condition-coverage="50% (1/2)" hits="1" missing-branches="97" number="86"/>
						<line branch="true" condition-coverage="100% (2/2)" hits="1" number="87"/>
						<line hits="1" number="88"/>
						<line branch="true" condition-coverage="100% (2/2)" hits="1" number="89"/>
						<line branch="true" condition-coverage="50% (1/2)" hits="1" missing-branches="91" number="90"/>
						<line hits="0" number="91"/>
						<line branch="true" condition-coverage="100% (2/2)" hits="1" number="93"/>
						<line hits="1" number="94"/>
						<line hits="1" number="95"/>
						<line hits="1" number="97"/>
						<line hits="1" number="98"/>
						<line hits="1" number="99"/>
						<line hits="1" number="102"/>
						<line hits="1" number="110"/>
						<line hits="1" number="116"/>
						<line hits="1" number="118"/>
						<line branch="true" condition-coverage="50% (1/2)" hits="1" missing-branches="124" number="119"/>
						<line hits="1" number="120"/>
						<line hits="1" number="121"/>
						<line hits="0" number="122"/>
						<line hits="0" number="123"/>
						<line hits="1" number="124"/>
						<line branch="true" condition-coverage="100% (2/2)" hits="1" number="126"/>
						<line branch="true" condition-coverage="100% (2/2)" hits="1" number="127"/>
						<line hits="1" number="128"/>
						<line branch="true" condition-coverage="100% (2/2)" hits="1" number="129"/>
						<line hits="1" number="132"/>
						<line hits="1" number="134"/>
						<line branch="true" condition-coverage="100% (2/2)" hits="1" number="137"/>
						<line hits="1" number="155"/>
						<line hits="1" number="162"/>
						<line hits="1" number="169"/>
						<line hits="1" number="176"/>
						<line hits="1" number="183"/>
						<line hits="1" number="191"/>
						<line hits="1" number="197"/>
						<line hits="1" number="203"/>
						<line hits="1" number="209"/>
						<line hits="1" number="215"/>
						<line hits="1" number="221"/>
						<line hits="1" number="227"/>
						<line hits="1" number="233"/>
						<line hits="1" number="239"/>
						<line hits="1" number="245"/>
						<line hits="1" number="251"/>
						<line hits="1" number="257"/>
						<line hits="1" number="262"/>
						<line branch="true" condition-coverage="100% (2/2)" hits="1" number="265"/>
						<line hits="1" number="268"/>
						<line hits="1" number="270"/>
						<line hits="1" number="273"/>
						<line branch="true" condition-coverage="100% (2/2)" hits="1" number="289"/>
						<line hits="1" number="290"/>
						<line hits="1" number="292"/>
						<line hits="1" number="295"/>
						<line branch="true" condition-coverage="100% (2/2)" hits="1" number="296"/>
						<line hits="1" number="297"/>
						<line hits="1" number="298"/>
						<line hits="1" number="299"/>
						<line branch="true" condition-coverage="50% (1/2)" hits="1" missing-branches="301" number="300"/>
						<line hits="0" number="301"/>
						<line hits="1" number="303"/>
						<line hits="1" number="305"/>
						<line hits="1" number="306"/>
						<line branch="true" condition-coverage="100% (2/2)" hits="1" number="307"/>
						<line branch="true" condition-coverage="100% (2/2)" hits="1" number="308"/>
						<line branch="true" condition-coverage="100% (2/2)" hits="1" number="309"/>
						<line hits="1" number="310"/>
						<line hits="1" number="311"/>
						<line hits="1" number="312"/>
						<line hits="1" number="314"/>
						<line branch="true" condition-coverage="100% (2/2)" hits="1" number="315"/>
						<line hits="1" number="316"/>
						<line branch="true" condition-coverage="100% (2/2)" hits="1" number="317"/>
						<line hits="1" number="318"/>
						<line branch="true" condition-coverage="50% (1/2)" hits="1" missing-branches="324" number="322"/>
						<line hits="1" number="323"/>
						<line hits="1" number="324"/>
						<line hits="1" number="326"/>
						<line hits="0" number="327"/>
						<line hits="0" number="328"/>
						<line hits="1" number="331"/>
						<line hits="1" number="334"/>
						<line branch="true" condition-coverage="100% (2/2)" hits="1" number="335"/>
						<line hits="1" number="336"/>
						<line hits="1" number="337"/>
						<line hits="1" number="338"/>
						<line hits="1" number="339"/>
						<line branch="true" condition-coverage="100% (2/2)" hits="1" number="340"/>
						<line hits="1" number="341"/>
						<line branch="true" condition-coverage="100% (2/2)" hits="1" number="343"/>
						<line hits="1" number="344"/>
						<line hits="1" number="345"/>
						<line hits="1" number="346"/>
						<line hits="1" number="348"/>
						<line branch="true" condition-coverage="100% (3/3)" hits="1" number="349"/>
						<line hits="1" number="350"/>
						<line hits="1" number="351"/>
						<line branch="true" condition-coverage="100% (2/2)" hits="1" number="353"/>
						<line hits="1" number="354"/>
						<line branch="true" condition-coverage="100% (2/2)" hits="1" number="355"/>
						<line hits="1" number="356"/>
						<line hits="1" number="358"/>
						<line hits="1" number="360"/>
						<line hits="1" number="364"/>
						<line hits="1" number="367"/>
						<line hits="1" number="369"/>
						<line branch="true" condition-coverage="100% (2/2)" hits="1" number="370"/>
						<line hits="1" number="371"/>
						<line hits="1" number="372"/>
						<line hits="1" number="373"/>
						<line hits="1" number="374"/>
						<line hits="1" number="375"/>
						<line hits="1" number="376"/>
						<line branch="true" condition-coverage="50% (1/2)" hits="1" missing-branches="379" number="378"/>
						<line hits="0" number="379"/>
						<line hits="1" number="382"/>
						<line branch="true" condition-coverage="50% (1/2)" hits="1" missing-branches="386" number="385"/>
						<line hits="0" number="386"/>
						<line branch="true" condition-coverage="100% (2/2)" hits="1" number="387"/>
						<line branch="true" condition-coverage="100% (2/2)" hits="1" number="388"/>
						<line hits="1" number="389"/>
						<line branch="true" condition-coverage="50% (1/2)" hits="1" missing-branches="416" number="391"/>
						<line hits="1" number="392"/>
						<line branch="true" condition-coverage="100% (2/2)" hits="1" number="396"/>
						<line hits="1" number="397"/>
						<line hits="1" number="398"/>
						<line branch="true" condition-coverage="50% (1/2)" hits="1" missing-branches="405" number="403"/>
						<line hits="1" number="404"/>
						<line hits="1" number="405"/>
						<line branch="true" condition-coverage="100% (2/2)" hits="1" number="407"/>
						<line hits="1" number="408"/>
						<line branch="true" condition-coverage="50% (1/2)" hits="1" missing-branches="410" number="409"/>
						<line hits="0" number="410"/>
						<line hits="1" number="411"/>
						<line hits="1" number="416"/>
						<line branch="true" condition-coverage="66% (2/3)" hits="1" missing-branches="418" number="417"/>
						<line hits="0" number="418"/>
						<line hits="1" number="419"/>
						<line branch="true" condition-coverage="100% (2/2)" hits="1" number="420"/>
						<line hits="1" number="421"/>
						<line branch="true" condition-coverage="50% (1/2)" hits="1" missing-branches="423" number="422"/>
						<line hits="0" number="423"/>
						<line hits="1" number="425"/>
						<line hits="1" number="427"/>
						<line hits="1" number="431"/>
						<line hits="1" number="434"/>
						<line hits="1" number="436"/>
						<line hits="1" number="437"/>
						<line branch="true" condition-coverage="100% (2/2)" hits="1" number="438"/>
						<line hits="1" number="439"/>
						<line hits="1" number="441"/>
						<line branch="true" condition-coverage="100% (2/2)" hits="1" number="442"/>
						<line hits="1" number="443"/>
						<line hits="1" number="446"/>
						<line hits="1" number="447"/>
						<line hits="1" number="449"/>
						<line branch="true" condition-coverage="100% (3/3)" hits="1" number="450"/>
						<line hits="1" number="451"/>
						<line hits="1" number="452"/>
						<line branch="true" condition-coverage="100% (2/2)" hits="1" number="453"/>
						<line hits="1" number="454"/>
						<line branch="true" condition-coverage="100% (2/2)" hits="1" number="455"/>
						<line hits="1" number="456"/>
						<line hits="1" number="458"/>
						<line hits="1" number="460"/>
						<line branch="true" condition-coverage="100% (2/2)" hits="1" number="464"/>
						<line hits="1" number="467"/>
						<line hits="1" number="469"/>
						<line hits="1" number="472"/>
						<line branch="true" condition-coverage="100% (2/2)" hits="1" number="486"/>
						<line hits="1" number="487"/>
						<line hits="1" number="489"/>
						<line hits="1" number="491"/>
						<line branch="true" condition-coverage="0% (0/2)" hits="0" missing-branches="493,498" number="492"/>
						<line branch="true" condition-coverage="0% (0/2)" hits="0" missing-branches="exit,494" number="493"/>
						<line hits="0" number="494"/>
						<line branch="true" condition-coverage="0% (0/2)" hits="0" missing-branches="493,496" number="495"/>
						<line hits="0" number="496"/>
						<line branch="true" condition-coverage="0% (0/2)" hits="0" missing-branches="exit,499" number="498"/>
						<line hits="0" number="499"/>
						<line branch="true" condition-coverage="0% (0/2)" hits="0" missing-branches="501,502" number="500"/>
						<line hits="0" number="501"/>
						<line branch="true" condition-coverage="0% (0/2)" hits="0" missing-branches="504,505" number="502"/>
						<line hits="0" number="504"/>
						<line branch="true" condition-coverage="0% (0/2)" hits="0" missing-branches="498,506" number="505"/>
						<line hits="0" number="506"/>
						<line hits="1" number="508"/>
						<line hits="1" number="509"/>
						<line hits="1" number="510"/>
						<line hits="1" number="511"/>
						<line hits="1" number="513"/>
						<line hits="1" number="514"/>
						<line branch="true" condition-coverage="100% (2/2)" hits="1" number="515"/>
						<line hits="1" number="516"/>
						<line hits="1" number="518"/>
						<line branch="true" condition-coverage="50% (1/2)" hits="1" missing-branches="521" number="520"/>
						<line branch="true" condition-coverage="0% (0/2)" hits="0" missing-branches="522,523" number="521"/>
						<line hits="0" number="522"/>
						<line branch="true" condition-coverage="0% (0/2)" hits="0" missing-branches="524,528" number="523"/>
						<line hits="0" number="524"/>
						<line hits="0" number="525"/>
						<line hits="0" number="528"/>
						<line branch="true" condition-coverage="100% (2/2)" hits="1" number="529"/>
						<line branch="true" condition-coverage="100% (2/2)" hits="1" number="530"/>
						<line hits="1" number="531"/>
						<line hits="1" number="534"/>
						<line branch="true" condition-coverage="100% (2/2)" hits="1" number="537"/>
						<line hits="1" number="538"/>
						<line branch="true" condition-coverage="100% (2/2)" hits="1" number="540"/>
						<line branch="true" condition-coverage="100% (2/2)" hits="1" number="541"/>
						<line hits="1" number="542"/>
						<line hits="1" number="545"/>
						<line hits="1" number="548"/>
						<line hits="1" number="550"/>
						<line hits="1" number="551"/>
						<line branch="true" condition-coverage="50% (1/2)" hits="1" missing-branches="561" number="553"/>
						<line branch="true" condition-coverage="100% (2/2)" hits="1" number="554"/>
						<line branch="true" condition-coverage="100% (2/2)" hits="1" number="555"/>
						<line hits="1" number="556"/>
						<line hits="1" number="557"/>
						<line hits="1" number="558"/>
						<line hits="1" number="560"/>
						<line branch="true" condition-coverage="100% (2/2)" hits="1" number="561"/>
						<line hits="1" number="562"/>
						<line hits="1" number="563"/>
						<line hits="1" number="566"/>
						<line branch="true" condition-coverage="50% (1/2)" hits="1" missing-branches="568" number="567"/>
						<line branch="true" condition-coverage="0% (0/2)" hits="0" missing-branches="exit,572" number="568"/>
						<line branch="true" condition-coverage="0% (0/2)" hits="0" missing-branches="567,573" number="572"/>
						<line branch="true" condition-coverage="0% (0/2)" hits="0" missing-branches="572,574" number="573"/>
						<line hits="0" number="574"/>
						<line hits="0" number="575"/>
						<line hits="1" number="577"/>
						<line hits="0" number="578"/>
						<line hits="0" number="579"/>
						<line hits="0" number="580"/>
						<line hits="1" number="582"/>
						<line hits="1" number="585"/>
						<line hits="1" number="587"/>
						<line branch="true" condition-coverage="100% (2/2)" hits="1" number="588"/>
						<line hits="1" number="589"/>
						<line hits="1" number="591"/>
						<line hits="1" number="592"/>
						<line hits="1" number="593"/>
						<line branch="true" condition-coverage="100% (2/2)" hits="1" number="594"/>
						<line hits="1" number="595"/>
						<line hits="1" number="596"/>
						<line hits="1" number="600"/>
						<line branch="true" condition-coverage="100% (2/2)" hits="1" number="601"/>
						<line hits="1" number="602"/>
						<line hits="1" number="603"/>
						<line hits="1" number="605"/>
						<line hits="1" number="606"/>
						<line hits="1" number="607"/>
						<line branch="true" condition-coverage="100% (3/3)" hits="1" number="608"/>
						<line hits="1" number="609"/>
						<line hits="1" number="610"/>
						<line branch="true" condition-coverage="100% (2/2)" hits="1" number="611"/>
						<line hits="1" number="612"/>
						<line branch="true" condition-coverage="100% (2/2)" hits="1" number="613"/>
						<line hits="1" number="614"/>
						<line hits="1" number="616"/>
						<line hits="1" number="617"/>
						<line branch="true" condition-coverage="100% (2/2)" hits="1" number="621"/>
						<line hits="1" number="624"/>
						<line hits="1" number="626"/>
						<line hits="0" number="628"/>
						<line branch="true" condition-coverage="0% (0/2)" hits="0" missing-branches="exit,639" number="638"/>
						<line hits="0" number="639"/>
						<line hits="1" number="641"/>
						<line hits="1" number="642"/>
						<line hits="1" number="643"/>
						<line hits="0" number="646"/>
						<line hits="0" number="647"/>
						<line branch="true" condition-coverage="0% (0/3)" hits="0" missing-branches="exit,649,651" number="648"/>
						<line hits="0" number="649"/>
						<line hits="0" number="651"/>
						<line hits="1" number="653"/>
						<line hits="0" number="654"/>
						<line hits="0" number="655"/>
						<line branch="true" condition-coverage="0% (0/2)" hits="0" missing-branches="659,664" number="658"/>
						<line hits="0" number="659"/>
						<line branch="true" condition-coverage="0% (0/2)" hits="0" missing-branches="661,662" number="660"/>
						<line hits="0" number="661"/>
						<line hits="0" number="662"/>
						<line hits="0" number="664"/>
						<line branch="true" condition-coverage="0% (0/2)" hits="0" missing-branches="exit,666" number="665"/>
						<line hits="0" number="666"/>
						<line hits="0" number="669"/>
						<line hits="0" number="670"/>
						<line hits="0" number="671"/>
						<line branch="true" condition-coverage="0% (0/2)" hits="0" missing-branches="675,678" number="674"/>
						<line hits="0" number="675"/>
						<line hits="0" number="678"/>
						<line branch="true" condition-coverage="0% (0/2)" hits="0" missing-branches="680,683" number="679"/>
						<line hits="0" number="680"/>
						<line branch="true" condition-coverage="0% (0/2)" hits="0" missing-branches="684,692" number="683"/>
						<line hits="0" number="684"/>
						<line hits="0" number="685"/>
						<line branch="true" condition-coverage="0% (0/2)" hits="0" missing-branches="687,688" number="686"/>
						<line hits="0" number="687"/>
						<line hits="0" number="688"/>
						<line hits="0" number="692"/>
						<line hits="0" number="693"/>
						<line hits="0" number="694"/>
						<line hits="0" number="706"/>
						<line hits="0" number="709"/>
						<line hits="0" number="713"/>
						<line hits="0" number="714"/>
						<line hits="0" number="715"/>
						<line branch="true" condition-coverage="0% (0/2)" hits="0" missing-branches="718,720" number="717"/>
						<line hits="0" number="718"/>
						<line branch="true" condition-coverage="0% (0/2)" hits="0" missing-branches="721,723" number="720"/>
						<line hits="0" number="721"/>
						<line hits="0" number="723"/>
						<line hits="0" number="724"/>
						<line hits="0" number="725"/>
						<line branch="true" condition-coverage="100% (2/2)" hits="1" number="728"/>
						<line hits="1" number="731"/>
						<line hits="1" number="733"/>
						<line hits="1" number="735"/>
						<line branch="true" condition-coverage="100% (2/2)" hits="1" number="745"/>
						<line hits="1" number="746"/>
						<line hits="1" number="748"/>
						<line hits="1" number="749"/>
						<line hits="1" number="750"/>
						<line hits="1" number="751"/>
						<line branch="true" condition-coverage="100% (2/2)" hits="1" number="752"/>
						<line hits="1" number="753"/>
						<line hits="1" number="754"/>
						<line hits="1" number="756"/>
						<line hits="1" number="757"/>
						<line hits="1" number="758"/>
						<line hits="1" number="761"/>
						<line hits="1" number="762"/>
						<line branch="true" condition-coverage="100% (3/3)" hits="1" number="763"/>
						<line hits="1" number="764"/>
						<line hits="1" number="766"/>
						<line hits="1" number="768"/>
						<line hits="1" number="769"/>
						<line hits="1" number="770"/>
						<line hits="1" number="772"/>
						<line branch="true" condition-coverage="100% (2/2)" hits="1" number="773"/>
						<line hits="1" number="774"/>
						<line hits="1" number="777"/>
						<line hits="1" number="780"/>
						<line hits="1" number="781"/>
						<line hits="1" number="782"/>
						<line branch="true" condition-coverage="50% (1/2)" hits="1" missing-branches="789" number="785"/>
						<line hits="1" number="786"/>
						<line hits="1" number="789"/>
						<line branch="true" condition-coverage="100% (2/2)" hits="1" number="790"/>
						<line hits="1" number="791"/>
						<line hits="1" number="794"/>
						<line hits="1" number="795"/>
						<line hits="1" number="798"/>
						<line hits="1" number="801"/>
						<line branch="true" condition-coverage="100% (2/2)" hits="1" number="802"/>
						<line branch="true" condition-coverage="100% (2/2)" hits="1" number="803"/>
						<line branch="true" condition-coverage="100% (2/2)" hits="1" number="804"/>
						<line hits="1" number="805"/>
						<line hits="1" number="806"/>
						<line hits="1" number="807"/>
						<line hits="1" number="810"/>
						<line hits="1" number="811"/>
						<line branch="true" condition-coverage="100% (2/2)" hits="1" number="812"/>
						<line branch="true" condition-coverage="100% (2/2)" hits="1" number="813"/>
						<line hits="1" number="814"/>
						<line hits="1" number="816"/>
						<line hits="1" number="817"/>
						<line hits="1" number="818"/>
						<line hits="1" number="823"/>
						<line hits="1" number="826"/>
						<line hits="1" number="830"/>
						<line hits="1" number="831"/>
						<line hits="1" number="832"/>
						<line branch="true" condition-coverage="100% (2/2)" hits="1" number="834"/>
						<line hits="1" number="835"/>
						<line branch="true" condition-coverage="50% (1/2)" hits="1" missing-branches="840" number="837"/>
						<line hits="1" number="838"/>
						<line hits="0" number="840"/>
						<line hits="0" number="841"/>
						<line hits="0" number="842"/>
						<line branch="true" condition-coverage="100% (2/2)" hits="1" number="845"/>
						<line hits="1" number="861"/>
[...]
						<line hits="1" number="587"/>
						<line hits="1" number="588"/>
						<line hits="1" number="589"/>
						<line hits="1" number="590"/>
						<line hits="1" number="591"/>
						<line hits="1" number="593"/>
						<line branch="true" condition-coverage="50% (1/2)" hits="1" missing-branches="600" number="594"/>
						<line hits="1" number="595"/>
						<line hits="1" number="596"/>
						<line branch="true" condition-coverage="50% (1/2)" hits="1" missing-branches="598" number="597"/>
						<line hits="0" number="598"/>
						<line hits="0" number="600"/>
						<line hits="1" number="601"/>
						<line hits="1" number="604"/>
						<line hits="1" number="606"/>
						<line hits="1" number="607"/>
						<line branch="true" condition-coverage="100% (2/2)" hits="1" number="608"/>
						<line branch="true" condition-coverage="50% (1/2)" hits="1" missing-branches="608" number="609"/>
						<line hits="1" number="610"/>
						<line hits="1" number="611"/>
						<line hits="1" number="614"/>
						<line hits="1" number="625"/>
						<line hits="1" number="626"/>
						<line branch="true" condition-coverage="100% (2/2)" hits="1" number="628"/>
						<line branch="true" condition-coverage="50% (1/2)" hits="1" missing-branches="633" number="629"/>
						<line hits="1" number="630"/>
						<line hits="1" number="631"/>
						<line hits="0" number="633"/>
						<line hits="1" number="635"/>
						<line hits="1" number="638"/>
						<line branch="true" condition-coverage="100% (2/2)" hits="1" number="644"/>
						<line hits="1" number="645"/>
						<line hits="1" number="646"/>
						<line branch="true" condition-coverage="100% (2/2)" hits="1" number="647"/>
						<line branch="true" condition-coverage="100% (2/2)" hits="1" number="648"/>
						<line hits="1" number="649"/>
						<line hits="1" number="652"/>
						<line hits="1" number="658"/>
						<line branch="true" condition-coverage="0% (0/2)" hits="1" missing-branches="660,661" number="659"/>
						<line hits="0" number="660"/>
						<line hits="0" number="661"/>
						<line hits="1" number="662"/>
						<line hits="1" number="663"/>
						<line hits="1" number="666"/>
						<line hits="1" number="672"/>
						<line hits="1" number="673"/>
						<line branch="true" condition-coverage="100% (2/2)" hits="1" number="675"/>
						<line hits="1" number="676"/>
						<line hits="1" number="678"/>
						<line hits="1" number="680"/>
						<line hits="1" number="681"/>
						<line hits="1" number="683"/>
						<line hits="1" number="684"/>
						<line hits="1" number="692"/>
						<line hits="1" number="695"/>
						<line hits="1" number="698"/>
						<line hits="1" number="705"/>
						<line hits="1" number="706"/>
						<line branch="true" condition-coverage="100% (2/2)" hits="1" number="707"/>
						<line branch="true" condition-coverage="100% (2/2)" hits="1" number="710"/>
						<line hits="1" number="711"/>
						<line branch="true" condition-coverage="100% (2/2)" hits="1" number="713"/>
						<line branch="true" condition-coverage="100% (2/2)" hits="1" number="718"/>
						<line branch="true" condition-coverage="100% (2/2)" hits="1" number="719"/>
						<line hits="1" number="721"/>
						<line hits="1" number="722"/>
						<line hits="1" number="725"/>
						<line hits="1" number="731"/>
						<line branch="true" condition-coverage="100% (2/2)" hits="1" number="732"/>
						<line branch="true" condition-coverage="100% (2/2)" hits="1" number="733"/>
						<line hits="1" number="734"/>
						<line hits="1" number="735"/>
						<line hits="1" number="736"/>
						<line hits="1" number="739"/>
						<line hits="1" number="745"/>
						<line hits="1" number="747"/>
						<line branch="true" condition-coverage="50% (1/2)" hits="1" missing-branches="749" number="748"/>
						<line hits="0" number="749"/>
						<line branch="true" condition-coverage="0% (0/2)" hits="0" missing-branches="748,752" number="751"/>
						<line hits="0" number="752"/>
						<line hits="1" number="753"/>
						<line hits="1" number="755"/>
						<line hits="1" number="761"/>
						<line hits="1" number="763"/>
						<line branch="true" condition-coverage="100% (2/2)" hits="1" number="764"/>
						<line branch="true" condition-coverage="50% (1/2)" hits="1" missing-branches="766" number="765"/>
						<line hits="0" number="766"/>
						<line hits="1" number="767"/>
						<line hits="1" number="770"/>
						<line hits="1" number="784"/>
						<line hits="1" number="794"/>
						<line hits="1" number="795"/>
						<line branch="true" condition-coverage="100% (2/2)" hits="1" number="796"/>
						<line hits="1" number="798"/>
						<line branch="true" condition-coverage="50% (1/2)" hits="1" missing-branches="807" number="799"/>
						<line hits="1" number="800"/>
						<line hits="1" number="802"/>
						<line branch="true" condition-coverage="100% (2/2)" hits="1" number="805"/>
						<line hits="1" number="806"/>
						<line hits="1" number="807"/>
						<line hits="1" number="809"/>
						<line hits="1" number="819"/>
						<line hits="1" number="822"/>
						<line hits="1" number="824"/>
						<line branch="true" condition-coverage="100% (2/2)" hits="1" number="834"/>
						<line branch="true" condition-coverage="100% (2/2)" hits="1" number="835"/>
						<line hits="1" number="836"/>
						<line hits="1" number="837"/>
						<line hits="1" number="839"/>
						<line branch="true" condition-coverage="100% (2/2)" hits="1" number="845"/>
						<line hits="1" number="846"/>
						<line hits="1" number="847"/>
						<line hits="1" number="848"/>
						<line hits="1" number="850"/>
						<line hits="1" number="852"/>
						<line hits="1" number="853"/>
						<line hits="1" number="855"/>
						<line hits="1" number="857"/>
						<line branch="true" condition-coverage="100% (2/2)" hits="1" number="858"/>
						<line hits="1" number="859"/>
						<line hits="1" number="860"/>
						<line hits="1" number="862"/>
						<line hits="1" number="863"/>
						<line hits="1" number="864"/>
						<line branch="true" condition-coverage="100% (2/2)" hits="1" number="865"/>
						<line hits="1" number="866"/>
						<line branch="true" condition-coverage="100% (2/2)" hits="1" number="867"/>
						<line hits="1" number="868"/>
						<line branch="true" condition-coverage="100% (2/2)" hits="1" number="869"/>
						<line hits="1" number="870"/>
						<line hits="1" number="871"/>
						<line branch="true" condition-coverage="100% (2/2)" hits="1" number="873"/>
						<line hits="1" number="875"/>
						<line hits="1" number="876"/>
						<line hits="1" number="877"/>
						<line hits="1" number="879"/>
						<line hits="1" number="881"/>
						<line branch="true" condition-coverage="100% (2/2)" hits="1" number="883"/>
						<line hits="1" number="884"/>
						<line branch="true" condition-coverage="100% (2/2)" hits="1" number="888"/>
						<line branch="true" condition-coverage="100% (2/2)" hits="1" number="889"/>
						<line hits="1" number="890"/>
						<line hits="1" number="891"/>
						<line hits="1" number="894"/>
						<line hits="1" number="900"/>
						<line hits="1" number="901"/>
						<line branch="true" condition-coverage="100% (2/2)" hits="1" number="903"/>
						<line hits="1" number="904"/>
						<line hits="1" number="906"/>
						<line hits="1" number="908"/>
						<line hits="1" number="909"/>
						<line hits="1" number="911"/>
						<line hits="1" number="912"/>
						<line hits="1" number="918"/>
						<line hits="1" number="921"/>
						<line hits="1" number="924"/>
						<line hits="1" number="931"/>
						<line hits="1" number="932"/>
						<line hits="1" number="935"/>
						<line hits="1" number="946"/>
						<line hits="1" number="947"/>
						<line hits="1" number="948"/>
						<line hits="1" number="949"/>
						<line hits="1" number="950"/>
						<line hits="1" number="951"/>
						<line branch="true" condition-coverage="100% (2/2)" hits="1" number="952"/>
						<line hits="1" number="953"/>
						<line hits="1" number="955"/>
						<line hits="0" number="956"/>
						<line hits="0" number="957"/>
						<line hits="0" number="958"/>
						<line hits="1" number="959"/>
						<line hits="1" number="962"/>
						<line hits="1" number="968"/>
						<line hits="1" number="969"/>
						<line branch="true" condition-coverage="100% (2/2)" hits="1" number="970"/>
						<line hits="1" number="971"/>
						<line branch="true" condition-coverage="50% (1/2)" hits="1" missing-branches="exit" number="972"/>
						<line branch="true" condition-coverage="100% (2/2)" hits="1" number="973"/>
						<line hits="1" number="974"/>
						<line hits="0" number="975"/>
						<line hits="0" number="976"/>
						<line hits="1" number="979"/>
						<line hits="1" number="989"/>
						<line hits="1" number="990"/>
						<line hits="1" number="991"/>
						<line branch="true" condition-coverage="100% (2/2)" hits="1" number="992"/>
						<line hits="1" number="993"/>
						<line hits="1" number="996"/>
						<line branch="true" condition-coverage="100% (2/2)" hits="1" number="998"/>
						<line hits="1" number="999"/>
						<line branch="true" condition-coverage="100% (2/2)" hits="1" number="1003"/>
						<line hits="1" number="1004"/>
						<line branch="true" condition-coverage="100% (2/2)" hits="1" number="1005"/>
						<line hits="1" number="1006"/>
						<line hits="1" number="1009"/>
						<line hits="1" number="1012"/>
						<line branch="true" condition-coverage="100% (2/2)" hits="1" number="1022"/>
						<line hits="1" number="1025"/>
						<line hits="1" number="1026"/>
						<line hits="1" number="1027"/>
						<line hits="1" number="1030"/>
						<line hits="1" number="1047"/>
						<line hits="1" number="1048"/>
						<line hits="1" number="1049"/>
						<line hits="1" number="1050"/>
						<line hits="1" number="1051"/>
						<line hits="1" number="1052"/>
						<line branch="true" condition-coverage="100% (2/2)" hits="1" number="1053"/>
						<line hits="1" number="1054"/>
						<line branch="true" condition-coverage="50% (1/2)" hits="1" missing-branches="1056" number="1055"/>
						<line hits="0" number="1056"/>
						<line hits="0" number="1059"/>
						<line branch="true" condition-coverage="100% (2/2)" hits="1" number="1060"/>
						<line hits="1" number="1061"/>
						<line branch="true" condition-coverage="100% (2/2)" hits="1" number="1062"/>
						<line hits="1" number="1063"/>
						<line hits="1" number="1066"/>
						<line hits="1" number="1068"/>
						<line hits="1" number="1069"/>
						<line hits="1" number="1070"/>
						<line hits="1" number="1074"/>
						<line hits="1" number="1075"/>
						<line hits="1" number="1076"/>
						<line hits="1" number="1079"/>
						<line hits="1" number="1081"/>
						<line hits="1" number="1082"/>
						<line hits="1" number="1083"/>
						<line hits="1" number="1088"/>
						<line branch="true" condition-coverage="100% (2/2)" hits="1" number="1090"/>
						<line hits="1" number="1091"/>
						<line hits="1" number="1092"/>
						<line hits="1" number="1095"/>
						<line hits="1" number="1101"/>
						<line hits="1" number="1102"/>
						<line branch="true" condition-coverage="100% (2/2)" hits="1" number="1103"/>
						<line hits="1" number="1104"/>
						<line branch="true" condition-coverage="100% (2/2)" hits="1" number="1105"/>
						<line hits="1" number="1106"/>
						<line hits="1" number="1108"/>
						<line hits="1" number="1111"/>
						<line hits="1" number="1117"/>
						<line hits="1" number="1118"/>
						<line hits="1" number="1120"/>
						<line hits="1" number="1121"/>
						<line branch="true" condition-coverage="100% (2/2)" hits="1" number="1122"/>
						<line branch="true" condition-coverage="100% (2/2)" hits="1" number="1126"/>
						<line branch="true" condition-coverage="100% (2/2)" hits="1" number="1127"/>
						<line hits="1" number="1128"/>
						<line hits="1" number="1130"/>
						<line hits="1" number="1132"/>
						<line hits="1" number="1134"/>
						<line hits="1" number="1138"/>
						<line branch="true" condition-coverage="50% (1/2)" hits="1" missing-branches="1142" number="1139"/>
						<line hits="1" number="1140"/>
						<line hits="0" number="1142"/>
						<line hits="1" number="1143"/>
						<line branch="true" condition-coverage="100% (2/2)" hits="1" number="1144"/>
						<line hits="1" number="1145"/>
						<line hits="1" number="1146"/>
						<line hits="1" number="1147"/>
						<line hits="1" number="1149"/>
						<line hits="1" number="1150"/>
						<line hits="1" number="1151"/>
						<line hits="1" number="1153"/>
						<line hits="1" number="1156"/>
						<line hits="1" number="1157"/>
						<line branch="true" condition-coverage="100% (2/2)" hits="1" number="1158"/>
						<line hits="1" number="1159"/>
						<line hits="1" number="1161"/>
						<line hits="1" number="1162"/>
						<line hits="1" number="1163"/>
						<line hits="1" number="1164"/>
						<line hits="1" number="1165"/>
						<line hits="1" number="1167"/>
						<line hits="1" number="1171"/>
						<line hits="1" number="1173"/>
						<line hits="1" number="1174"/>
						<line branch="true" condition-coverage="100% (2/2)" hits="1" number="1175"/>
						<line hits="1" number="1176"/>
						<line hits="1" number="1177"/>
						<line hits="1" number="1178"/>
						<line hits="1" number="1180"/>
						<line hits="1" number="1182"/>
						<line hits="1" number="1183"/>
						<line branch="true" condition-coverage="100% (2/2)" hits="1" number="1184"/>
						<line hits="1" number="1185"/>
						<line hits="1" number="1186"/>
						<line hits="1" number="1187"/>
						<line hits="1" number="1189"/>
						<line branch="true" condition-coverage="100% (2/2)" hits="1" number="1190"/>
						<line hits="1" number="1191"/>
						<line hits="1" number="1193"/>
						<line hits="1" number="1194"/>
						<line hits="1" number="1195"/>
						<line hits="1" number="1197"/>
						<line hits="1" number="1199"/>
						<line hits="1" number="1200"/>
						<line branch="true" condition-coverage="100% (2/2)" hits="1" number="1201"/>
						<line hits="1" number="1202"/>
						<line branch="true" condition-coverage="100% (2/2)" hits="1" number="1203"/>
						<line hits="1" number="1204"/>
						<line hits="1" number="1205"/>
						<line hits="1" number="1207"/>
						<line hits="1" number="1209"/>
						<line hits="1" number="1210"/>
						<line hits="1" number="1211"/>
						<line hits="1" number="1212"/>
						<line hits="1" number="1213"/>
						<line hits="1" number="1226"/>
						<line hits="1" number="1227"/>
						<line branch="true" condition-coverage="50% (1/2)" hits="1" missing-branches="1234" number="1228"/>
						<line hits="1" number="1229"/>
						<line branch="true" condition-coverage="100% (2/2)" hits="1" number="1230"/>
						<line hits="1" number="1231"/>
						<line hits="1" number="1232"/>
						<line hits="1" number="1233"/>
						<line hits="1" number="1234"/>
						<line hits="1" number="1236"/>
						<line branch="true" condition-coverage="100% (3/3)" hits="1" number="1238"/>
						<line hits="1" number="1242"/>
						<line branch="true" condition-coverage="100% (3/3)" hits="1" number="1243"/>
						<line hits="1" number="1244"/>
						<line hits="1" number="1245"/>
					</lines>
				</class>
				<class branch-rate="1" complexity="0" filename="version.py" line-rate="1" name="version.py">
					<methods/>
					<lines>
						<line hits="1" number="21"/>
						<line hits="1" number="27"/>
					</lines>
				</class>
				<class branch-rate="0.7857" complexity="0" filename="views.py" line-rate="0.899" name="views.py">
					<methods/>
					<lines>
						<line hits="1" number="21"/>
						<line hits="1" number="23"/>
						<line hits="1" number="24"/>
						<line hits="1" number="25"/>
						<line hits="1" number="26"/>
						<line hits="1" number="28"/>
						<line hits="1" number="30"/>
						<line hits="1" number="31"/>
						<line hits="1" number="32"/>
						<line hits="1" number="34"/>
						<line hits="1" number="35"/>
						<line hits="1" number="39"/>
						<line hits="1" number="40"/>
						<line hits="1" number="42"/>
						<line hits="1" number="50"/>
						<line hits="1" number="58"/>
						<line hits="1" number="66"/>
						<line hits="1" number="67"/>
						<line hits="1" number="69"/>
						<line hits="1" number="71"/>
						<line branch="true" condition-coverage="50% (1/2)" hits="1" missing-branches="73" number="72"/>
						<line hits="0" number="73"/>
						<line hits="1" number="74"/>
						<line branch="true" condition-coverage="50% (1/2)" hits="1" missing-branches="76" number="75"/>
						<line hits="0" number="76"/>
						<line hits="1" number="77"/>
						<line branch="true" condition-coverage="50% (1/2)" hits="1" missing-branches="79" number="78"/>
						<line hits="0" number="79"/>
						<line hits="1" number="80"/>
						<line branch="true" condition-coverage="50% (1/2)" hits="1" missing-branches="82" number="81"/>
						<line hits="0" number="82"/>
						<line hits="1" number="83"/>
						<line branch="true" condition-coverage="100% (2/2)" hits="1" number="85"/>
						<line hits="1" number="86"/>
						<line hits="1" number="87"/>
						<line hits="1" number="88"/>
						<line hits="1" number="89"/>
						<line hits="1" number="93"/>
						<line hits="1" number="94"/>
						<line hits="1" number="95"/>
						<line hits="1" number="96"/>
						<line hits="1" number="97"/>
						<line hits="1" number="99"/>
						<line branch="true" condition-coverage="100% (2/2)" hits="1" number="100"/>
						<line branch="true" condition-coverage="100% (2/2)" hits="1" number="101"/>
						<line hits="1" number="102"/>
						<line hits="1" number="103"/>
						<line hits="1" number="105"/>
						<line hits="1" number="113"/>
						<line hits="1" number="116"/>
						<line hits="1" number="117"/>
						<line hits="1" number="118"/>
						<line hits="1" number="122"/>
						<line branch="true" condition-coverage="100% (2/2)" hits="1" number="123"/>
						<line branch="true" condition-coverage="50% (1/2)" hits="1" missing-branches="125" number="124"/>
						<line hits="0" number="125"/>
						<line hits="1" number="127"/>
						<line hits="1" number="129"/>
						<line hits="1" number="130"/>
						<line hits="1" number="132"/>
						<line hits="1" number="135"/>
						<line hits="1" number="136"/>
						<line hits="1" number="137"/>
						<line hits="1" number="140"/>
						<line hits="1" number="141"/>
						<line branch="true" condition-coverage="100% (2/2)" hits="1" number="142"/>
						<line hits="1" number="143"/>
						<line hits="1" number="144"/>
						<line hits="1" number="145"/>
						<line hits="1" number="146"/>
						<line hits="1" number="150"/>
						<line branch="true" condition-coverage="100% (2/2)" hits="1" number="151"/>
						<line hits="1" number="152"/>
						<line hits="1" number="156"/>
						<line hits="1" number="160"/>
						<line hits="1" number="163"/>
						<line hits="1" number="166"/>
						<line hits="1" number="170"/>
						<line hits="1" number="171"/>
						<line branch="true" condition-coverage="100% (2/2)" hits="1" number="172"/>
						<line hits="1" number="173"/>
						<line branch="true" condition-coverage="100% (2/2)" hits="1" number="174"/>
						<line hits="1" number="175"/>
						<line hits="1" number="177"/>
						<line hits="1" number="178"/>
						<line hits="1" number="180"/>
						<line hits="1" number="182"/>
						<line hits="0" number="183"/>
						<line hits="0" number="184"/>
						<line hits="0" number="185"/>
						<line hits="1" number="187"/>
						<line hits="1" number="188"/>
						<line hits="1" number="190"/>
						<line branch="true" condition-coverage="50% (1/2)" hits="1" missing-branches="196" number="191"/>
						<line hits="1" number="192"/>
						<line hits="1" number="193"/>
						<line hits="0" number="194"/>
						<line hits="0" number="195"/>
						<line hits="1" number="196"/>
					</lines>
				</class>
			</classes>
		</package>
	</packages>
</coverage>
