GLOB sdist-make: /code/modules/invenio-accounts/setup.py
<<<<<<< HEAD
c1 inst-nodeps: /code/modules/invenio-accounts/.tox/.tmp/package/1/invenio-accounts-1.1.4.zip
c1 installed: alabaster==0.7.13,alembic==0.9.6,amqp==2.6.0,angular-gettext-babel==0.3,aniso8601==8.0.0,arrow==0.12.1,asn1crypto==0.23.0,atomicwrites==1.4.1,attrs==17.4.0,b2handle==1.1.2,Babel==2.5.1,bagit==1.7.0,beautifulsoup4==4.9.3,bibtexparser==1.0.1,billiard==3.6.3.0,binaryornot==0.4.4,bleach==3.1.0,blinker==1.4,boto3==1.7.84,botocore==1.10.84,cachelib==0.1,cachetools==4.2.4,cchardet==2.1.1,celery==4.4.4,certifi==2017.11.5,cffi==1.11.2,chardet==3.0.4,citeproc-py==0.5.1,citeproc-py-styles==0.1.2,click==6.7,cookiecutter==1.6.0,counter-robots==2018.6,coverage==6.2,cryptography==2.1.4,datacite==1.0.1,DateTime==4.9,decorator==4.1.2,defusedxml==0.5.0,dictdiffer==0.7.0,distlib==0.3.6,dnspython==2.2.1,docutils==0.18.1,dojson==1.3.2,elasticsearch==6.1.1,elasticsearch-dsl==6.4.0,elementpath==1.0.6,email-validator==1.0.5,entrypoints==0.2.3,feedgen==0.7.0,filelock==3.4.1,Flask==1.1.0,Flask-Admin==1.5.3,Flask-Alembic==2.0.1,Flask-Assets==0.12,Flask-BabelEx==0.9.4,Flask-Breadcrumbs==0.5.0,Flask-Caching==1.10.1,Flask-CeleryExt==0.3.4,Flask-Collect==1.2.2,Flask-Cors==3.0.3,Flask-DebugToolbar==0.13.1,Flask-IIIF==0.6.1,Flask-KVSession==0.6.2,Flask-Limiter==1.1.0,Flask-Login==0.4.1,Flask-Mail==0.9.1,flask-marshmallow==0.14.0,Flask-Menu==0.6.0,-e git+https://github.com/RCOSDP/flask-oauthlib.git@83148ee01e9da37a8a1134febe83bc32b95bac6e#egg=Flask_OAuthlib,Flask-Plugins==1.6.1,Flask-Principal==0.4.0,Flask-RESTful==0.3.8,Flask-Security==3.0.0,flask-shell-ipython==0.4.1,Flask-Sitemap==0.4.0,Flask-SQLAlchemy==2.3.2,flask-talisman==0.4.1,Flask-WTF==0.14.3,-e git+https://github.com/RCOSDP/pyfpdf.git@f9b032148283d535cabc7789858081c80de36fef#egg=fpdf,frozendict==2.3.8,fs==0.5.4,ftfy==4.4.3,future==0.16.0,github3.py==1.1.0,html5lib==1.0.1,idna==2.6,iiif-prezi==0.3.0,imagesize==1.4.1,importlib-metadata==4.8.3,importlib-resources==5.4.0,infinity==1.4,intervals==0.8.0,invenio-access==1.1.0,invenio-accounts @ file:///code/modules/invenio-accounts/.tox/.tmp/package/1/invenio-accounts-1.1.4.zip,invenio-admin==1.1.2,invenio-app==1.1.0,invenio-assets==1.0.0,invenio-base==1.0.2,invenio-cache==1.0.0,invenio-celery==1.1.3,-e git+https://mhaya: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@github.com/RCOSDP/weko.git@7ad69513df30aa043c8d79e8ad9fe7104eee0d6a#egg=invenio_communities&subdirectory=modules/invenio-communities,invenio-config==1.0.0,invenio-csl-rest==1.0.0a1,-e git+https://mhaya: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@github.com/RCOSDP/weko.git@7ad69513df30aa043c8d79e8ad9fe7104eee0d6a#egg=invenio_db&subdirectory=modules/invenio-db,-e git+https://mhaya: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@github.com/RCOSDP/weko.git@7ad69513df30aa043c8d79e8ad9fe7104eee0d6a#egg=invenio_deposit&subdirectory=modules/invenio-deposit,-e git+https://mhaya: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@github.com/RCOSDP/weko.git@7ad69513df30aa043c8d79e8ad9fe7104eee0d6a#egg=invenio_files_rest&subdirectory=modules/invenio-files-rest,invenio-formatter==1.0.0b3,invenio-i18n==1.0.0,-e git+https://mhaya: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@github.com/RCOSDP/weko.git@7ad69513df30aa043c8d79e8ad9fe7104eee0d6a#egg=invenio_iiif&subdirectory=modules/invenio-iiif,-e git+https://mhaya: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@github.com/RCOSDP/weko.git@7ad69513df30aa043c8d79e8ad9fe7104eee0d6a#egg=invenio_indexer&subdirectory=modules/invenio-indexer,invenio-jsonschemas==1.0.0,invenio-logging==1.0.0b3,-e git+https://mhaya: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@github.com/RCOSDP/weko.git@7ad69513df30aa043c8d79e8ad9fe7104eee0d6a#egg=invenio_mail&subdirectory=modules/invenio-mail,invenio-marc21==1.0.0a8,-e git+https://mhaya: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@github.com/RCOSDP/weko.git@7ad69513df30aa043c8d79e8ad9fe7104eee0d6a#egg=invenio_oaiharvester&subdirectory=modules/invenio-oaiharvester,-e git+https://mhaya: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@github.com/RCOSDP/weko.git@7ad69513df30aa043c8d79e8ad9fe7104eee0d6a#egg=invenio_oaiserver&subdirectory=modules/invenio-oaiserver,-e git+https://mhaya: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@github.com/RCOSDP/weko.git@7ad69513df30aa043c8d79e8ad9fe7104eee0d6a#egg=invenio_oauth2server&subdirectory=modules/invenio-oauth2server,invenio-oauthclient==1.0.0,invenio-pidrelations==1.0.0a4,invenio-pidstore==1.0.0,-e git+https://mhaya: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@github.com/RCOSDP/weko.git@7ad69513df30aa043c8d79e8ad9fe7104eee0d6a#egg=invenio_previewer&subdirectory=modules/invenio-previewer,invenio-query-parser==0.6.0,-e git+https://mhaya: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@github.com/RCOSDP/weko.git@7ad69513df30aa043c8d79e8ad9fe7104eee0d6a#egg=invenio_queues&subdirectory=modules/invenio-queues,-e git+https://mhaya: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@github.com/RCOSDP/weko.git@7ad69513df30aa043c8d79e8ad9fe7104eee0d6a#egg=invenio_records&subdirectory=modules/invenio-records,invenio-records-files==1.0.0a10,-e git+https://mhaya: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@github.com/RCOSDP/weko.git@7ad69513df30aa043c8d79e8ad9fe7104eee0d6a#egg=invenio_records_rest&subdirectory=modules/invenio-records-rest,invenio-records-ui==1.0.0,-e git+https://mhaya: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@github.com/RCOSDP/weko.git@7ad69513df30aa043c8d79e8ad9fe7104eee0d6a#egg=invenio_resourcesyncclient&subdirectory=modules/invenio-resourcesyncclient,-e git+https://mhaya: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@github.com/RCOSDP/weko.git@7ad69513df30aa043c8d79e8ad9fe7104eee0d6a#egg=invenio_resourcesyncserver&subdirectory=modules/invenio-resourcesyncserver,invenio-rest==1.1.2,-e git+https://mhaya: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@github.com/RCOSDP/weko.git@7ad69513df30aa043c8d79e8ad9fe7104eee0d6a#egg=invenio_s3&subdirectory=modules/invenio-s3,-e git+https://github.com/RCOSDP/invenio-search.git@cff9744c5dc651893a9c51672c5b8da9adc21e16#egg=invenio_search,-e git+https://github.com/RCOSDP/invenio-search-ui.git@74bd3b2990ff27b39e01b6b31be9a0b5fda3dd0f#egg=invenio_search_ui,-e git+https://mhaya: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@github.com/RCOSDP/weko.git@7ad69513df30aa043c8d79e8ad9fe7104eee0d6a#egg=invenio_stats&subdirectory=modules/invenio-stats,invenio-theme==1.0.0b4,ipaddress==1.0.19,ipython==6.2.1,ipython-genutils==0.2.0,itsdangerous==0.24,jedi==0.11.0,Jinja2==2.10.1,jinja2-cli==0.6.0,jinja2-time==0.2.0,jmespath==0.10.0,jsmin==2.2.2,jsonpatch==1.21,jsonpath-ng==1.5.2,jsonpointer==1.14,jsonref==0.1,jsonresolver==0.2.1,jsonschema==2.6.0,jupyter-client==5.2.2,jupyter-core==4.4.0,-e git+https://github.com/RCOSDP/kombu.git@f204fdf078d5e94393c86693f545e2d011f620f5#egg=kombu,limits==1.2.1,lxml==4.1.1,Mako==1.0.7,MarkupSafe==1.1.1,marshmallow==2.20.1,marshmallow-sqlalchemy==0.23.1,maxminddb==1.5.2,maxminddb-geolite2==2017.803,mistune==0.8.3,mock==5.0.2,more-itertools==8.10.0,msgpack==0.6.2,nbconvert==5.3.1,nbformat==4.4.0,netaddr==0.8.0,node-semver==0.1.1,numpy==1.16.1,oauthlib==2.1.0,ordereddict==1.1,packaging==21.3,pandocfilters==1.4.2,parso==0.1.0,passlib==1.7.1,pbr==5.11.1,pexpect==4.3.0,pickleshare==0.7.4,Pillow==5.4.1,platformdirs==2.4.0,pluggy==0.13.1,ply==3.11,poyo==0.4.1,prompt-toolkit==1.0.15,psycopg2==2.7.3.2,ptyprocess==0.5.2,py==1.11.0,pycparser==2.18,Pygments==2.2.0,PyJWT==1.5.3,PyLD==2.0.3,pyparsing==3.1.0,-e git+https://github.com/RCOSDP/PyPDF2.git@fefc684a3a74aff6f99e5dff24f9b4dd1c95169d#egg=PyPDF2,pyPEG2==2.15.2,pytest==4.2.0,pytest-cov==2.9.0,python-dateutil==2.6.1,python-editor==1.0.3,python-geoip==1.2,pytz==2017.3,pyzmq==17.0.0,redis==2.10.6,requests==2.18.4,requests-oauthlib==1.1.0,resync==1.0.9,s3fs==0.1.6,s3transfer==0.1.13,selenium==3.141.0,Sickle==0.6.4,simplegeneric==0.8.1,simplejson==3.12.0,simplekv==0.11.2,six==1.16.0,snowballstemmer==2.2.0,soupsieve==2.3.2.post1,speaklater==1.3,Sphinx==1.8.4,sphinxcontrib-serializinghtml==1.1.5,sphinxcontrib-websupport==1.2.4,SQLAlchemy==1.2.19,SQLAlchemy-Continuum==1.3.6,SQLAlchemy-Utils==0.35.0,stevedore==3.5.2,sword3common==0.1.1,testpath==0.3.1,toml==0.10.2,tornado==4.5.3,tox==3.28.0,traitlets==4.3.2,typing_extensions==4.1.1,ua-parser==0.7.3,uritemplate==4.1.1,uritools==2.1.0,urllib3==1.22,uWSGI==2.0.21,uwsgitop==0.11,validators==0.12.0,vine==1.3.0,virtualenv==20.17.1,virtualenv-clone==0.5.7,virtualenvwrapper==4.8.4,Wand==0.6.1,wcwidth==0.1.7,webargs==5.5.2,webassets==0.12.1,webencodings==0.5.1,-e git+https://mhaya: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@github.com/RCOSDP/weko.git@7ad69513df30aa043c8d79e8ad9fe7104eee0d6a#egg=weko_accounts&subdirectory=modules/weko-accounts,-e git+https://mhaya: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@github.com/RCOSDP/weko.git@7ad69513df30aa043c8d79e8ad9fe7104eee0d6a#egg=weko_admin&subdirectory=modules/weko-admin,-e git+https://mhaya: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@github.com/RCOSDP/weko.git@7ad69513df30aa043c8d79e8ad9fe7104eee0d6a#egg=weko_authors&subdirectory=modules/weko-authors,-e git+https://mhaya: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@github.com/RCOSDP/weko.git@7ad69513df30aa043c8d79e8ad9fe7104eee0d6a#egg=weko_bulkupdate&subdirectory=modules/weko-bulkupdate,-e git+https://mhaya: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@github.com/RCOSDP/weko.git@7ad69513df30aa043c8d79e8ad9fe7104eee0d6a#egg=weko_deposit&subdirectory=modules/weko-deposit,-e git+https://mhaya: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@github.com/RCOSDP/weko.git@7ad69513df30aa043c8d79e8ad9fe7104eee0d6a#egg=weko_gridlayout&subdirectory=modules/weko-gridlayout,-e git+https://mhaya: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@github.com/RCOSDP/weko.git@7ad69513df30aa043c8d79e8ad9fe7104eee0d6a#egg=weko_groups&subdirectory=modules/weko-groups,-e git+https://mhaya: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@github.com/RCOSDP/weko.git@7ad69513df30aa043c8d79e8ad9fe7104eee0d6a#egg=weko_handle&subdirectory=modules/weko-handle,-e git+https://mhaya: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@github.com/RCOSDP/weko.git@7ad69513df30aa043c8d79e8ad9fe7104eee0d6a#egg=weko_index_tree&subdirectory=modules/weko-index-tree,-e git+https://mhaya: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@github.com/RCOSDP/weko.git@7ad69513df30aa043c8d79e8ad9fe7104eee0d6a#egg=weko_indextree_journal&subdirectory=modules/weko-indextree-journal,-e git+https://mhaya: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@github.com/RCOSDP/weko.git@7ad69513df30aa043c8d79e8ad9fe7104eee0d6a#egg=weko_items_autofill&subdirectory=modules/weko-items-autofill,-e git+https://mhaya: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@github.com/RCOSDP/weko.git@7ad69513df30aa043c8d79e8ad9fe7104eee0d6a#egg=weko_items_ui&subdirectory=modules/weko-items-ui,-e git+https://mhaya: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@github.com/RCOSDP/weko.git@7ad69513df30aa043c8d79e8ad9fe7104eee0d6a#egg=weko_itemtypes_ui&subdirectory=modules/weko-itemtypes-ui,-e git+https://mhaya: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@github.com/RCOSDP/weko.git@7ad69513df30aa043c8d79e8ad9fe7104eee0d6a#egg=weko_logging&subdirectory=modules/weko-logging,-e git+https://mhaya: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@github.com/RCOSDP/weko.git@7ad69513df30aa043c8d79e8ad9fe7104eee0d6a#egg=weko_records&subdirectory=modules/weko-records,-e git+https://mhaya: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@github.com/RCOSDP/weko.git@7ad69513df30aa043c8d79e8ad9fe7104eee0d6a#egg=weko_records_ui&subdirectory=modules/weko-records-ui,-e git+https://mhaya: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@github.com/RCOSDP/weko.git@7ad69513df30aa043c8d79e8ad9fe7104eee0d6a#egg=weko_redis&subdirectory=modules/weko-redis,-e git+https://mhaya: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@github.com/RCOSDP/weko.git@7ad69513df30aa043c8d79e8ad9fe7104eee0d6a#egg=weko_schema_ui&subdirectory=modules/weko-schema-ui,-e git+https://mhaya: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@github.com/RCOSDP/weko.git@7ad69513df30aa043c8d79e8ad9fe7104eee0d6a#egg=weko_search_ui&subdirectory=modules/weko-search-ui,-e git+https://mhaya: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@github.com/RCOSDP/weko.git@7ad69513df30aa043c8d79e8ad9fe7104eee0d6a#egg=weko_sitemap&subdirectory=modules/weko-sitemap,-e git+https://mhaya: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@github.com/RCOSDP/weko.git@7ad69513df30aa043c8d79e8ad9fe7104eee0d6a#egg=weko_swordserver&subdirectory=modules/weko-swordserver,-e git+https://mhaya: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@github.com/RCOSDP/weko.git@7ad69513df30aa043c8d79e8ad9fe7104eee0d6a#egg=weko_theme&subdirectory=modules/weko-theme,-e git+https://mhaya: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@github.com/RCOSDP/weko.git@7ad69513df30aa043c8d79e8ad9fe7104eee0d6a#egg=weko_user_profiles&subdirectory=modules/weko-user-profiles,-e git+https://mhaya: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@github.com/RCOSDP/weko.git@7ad69513df30aa043c8d79e8ad9fe7104eee0d6a#egg=weko_workflow&subdirectory=modules/weko-workflow,Werkzeug==0.15.2,whichcraft==0.4.1,WTForms==2.1,WTForms-Alchemy==0.16.5,WTForms-Components==0.10.3,xmlschema==0.9.30,xmltodict==0.12.0,zipp==3.6.0,zope.interface==5.5.2
c1 run-test-pre: PYTHONHASHSEED='3832212900'
c1 run-test: commands[0] | pytest --cov=invenio_accounts tests -v --cov-branch --cov-report=term --basetemp=/code/modules/invenio-accounts/.tox/c1/tmp
============================= test session starts ==============================
platform linux -- Python 3.6.15, pytest-4.2.0, py-1.11.0, pluggy-0.13.1 -- /code/modules/invenio-accounts/.tox/c1/bin/python
cachedir: .tox/c1/.pytest_cache
rootdir: /code/modules/invenio-accounts, inifile:
plugins: celery-4.4.4, cov-2.9.0
collecting ... collected 64 items / 1 skipped / 63 selected

tests/test_admin.py::test_admin PASSED                                   [  1%]
tests/test_admin.py::test_admin_createuser FAILED                        [  3%]
tests/test_admin.py::test_admin_sessions ERROR                           [  4%]
tests/test_cli.py::test_cli_createuser PASSED                            [  6%]
tests/test_cli.py::test_cli_createrole PASSED                            [  7%]
tests/test_cli.py::test_cli_addremove_role PASSED                        [  9%]
tests/test_cli.py::test_cli_activate_deactivate PASSED                   [ 10%]
tests/test_forms.py::test_confirm_register_form_factory PASSED           [ 12%]
tests/test_forms.py::test_register_form_factory PASSED                   [ 14%]
tests/test_hash.py::test_mysql_aes_encrypt PASSED                        [ 15%]
tests/test_hash.py::test_mysql_aes_decrypt PASSED                        [ 17%]
tests/test_hash.py::test_context PASSED                                  [ 18%]
tests/test_hash.py::test_conversion PASSED                               [ 20%]
tests/test_hash.py::test_unicode_regression PASSED                       [ 21%]
tests/test_hash.py::test_invenio_aes_encrypted_email PASSED              [ 23%]
tests/test_hash.py::test_user_login PASSED                               [ 25%]
tests/test_hash.py::test_legacy_user_login PASSED                        [ 26%]
tests/test_hash.py::test_monkey_patch PASSED                             [ 28%]
tests/test_hash.py::test_monkey_patch_legacy PASSED                      [ 29%]
tests/test_invenio_accounts.py::test_version PASSED                      [ 31%]
tests/test_invenio_accounts.py::test_init PASSED                         [ 32%]
tests/test_invenio_accounts.py::test_init_rest PASSED                    [ 34%]
tests/test_invenio_accounts.py::test_alembic FAILED                      [ 35%]
tests/test_invenio_accounts.py::test_datastore_usercreate PASSED         [ 37%]
tests/test_invenio_accounts.py::test_datastore_rolecreate PASSED         [ 39%]
tests/test_invenio_accounts.py::test_datastore_assignrole PASSED         [ 40%]
tests/test_invenio_accounts.py::test_view PASSED                         [ 42%]
tests/test_invenio_accounts.py::test_configuration PASSED                [ 43%]
tests/test_invenio_accounts.py::test_cookies ERROR                       [ 45%]
tests/test_invenio_accounts.py::test_kvsession_store_init PASSED         [ 46%]
tests/test_invenio_accounts.py::test_headers_info ERROR                  [ 48%]
tests/test_models.py::test_session_activity_model PASSED                 [ 50%]
tests/test_sessions.py::test_login_listener PASSED                       [ 51%]
tests/test_sessions.py::test_repeated_login_session_population PASSED    [ 53%]
tests/test_sessions.py::test_login_multiple_clients_single_user_session_population PASSED [ 54%]
tests/test_sessions.py::test_sessionstore_default_ttl_secs SKIPPED       [ 56%]
tests/test_sessions.py::test_session_ttl SKIPPED                         [ 57%]
tests/test_sessions.py::test_repeated_login_session_expiration PASSED    [ 59%]
tests/test_sessions.py::test_session_deletion PASSED                     [ 60%]
tests/test_sessions.py::test_deactivate_user PASSED                      [ 62%]
tests/test_sessions.py::test_session_extra_info_on_login ERROR           [ 64%]
tests/test_sessions.py::test_session_ip_no_country ERROR                 [ 65%]
tests/test_tasks.py::test_send_message_outbox PASSED                     [ 67%]
tests/test_tasks.py::test_send_message_through_security PASSED           [ 68%]
tests/test_tasks.py::test_clean_session_table PASSED                     [ 70%]
tests/test_template_context_processors.py::test_context_processor_jwt FAILED [ 71%]
tests/test_template_context_processors.py::test_context_processor_jwt_token FAILED [ 73%]
tests/test_token_duration.py::test_forgot_password_token[0-False] ERROR  [ 75%]
tests/test_token_duration.py::test_forgot_password_token[4-True] ERROR   [ 76%]
tests/test_token_duration.py::test_confirmation_token ERROR              [ 78%]
tests/test_utils.py::test_client_authenticated PASSED                    [ 79%]
tests/test_utils.py::test_create_test_user PASSED                        [ 81%]
tests/test_utils.py::test_create_test_user_defaults PASSED               [ 82%]
tests/test_utils.py::test_login_user_via_view PASSED                     [ 84%]
tests/test_utils.py::test_login_user_via_session PASSED                  [ 85%]
tests/test_utils.py::test_jwt_token FAILED                               [ 87%]
tests/test_utils.py::test_jwt_expired_token FAILED                       [ 89%]
tests/test_views.py::test_no_log_in_message_for_logged_in_users PASSED   [ 90%]
tests/test_views.py::test_view_list_sessions FAILED                      [ 92%]
tests/test_views.py::test_login_remember_me_disabled ERROR               [ 93%]
tests/test_views.py::test_login_from_headers_disabled ERROR              [ 95%]
tests/test_views.py::test_flask_login_disabled_function_exist PASSED     [ 96%]
tests/test_views.py::test_flask_login_load_from_header_works_as_expected ERROR [ 98%]
tests/test_views.py::test_flask_login_load_from_request_works_as_expected ERROR [100%]

==================================== ERRORS ====================================
____________________ ERROR at setup of test_admin_sessions _____________________

app = <Flask 'testapp'>

    @pytest.fixture()
    def users(app):
        """Create users."""
        user1 = create_test_user(email='info@inveniosoftware.org',
>                                password='tester')

tests/conftest.py:196: 
_ _ _ _ _ _ _ _ _ _ _ _ _ _ _ _ _ _ _ _ _ _ _ _ _ _ _ _ _ _ _ _ _ _ _ _ _ _ _ _ 
invenio_accounts/testutils.py:45: in create_test_user
    assert flask.current_app.testing
.tox/c1/lib/python3.6/site-packages/werkzeug/local.py:348: in __getattr__
    return getattr(self._get_current_object(), name)
.tox/c1/lib/python3.6/site-packages/werkzeug/local.py:307: in _get_current_object
    return self.__local()
_ _ _ _ _ _ _ _ _ _ _ _ _ _ _ _ _ _ _ _ _ _ _ _ _ _ _ _ _ _ _ _ _ _ _ _ _ _ _ _ 

    def _find_app():
        top = _app_ctx_stack.top
        if top is None:
>           raise RuntimeError(_app_ctx_err_msg)
E           RuntimeError: Working outside of application context.
E           
E           This typically means that you attempted to use functionality that needed
E           to interface with the current application object in some way. To solve
E           this, set up an application context with app.app_context().  See the
E           documentation for more information.

.tox/c1/lib/python3.6/site-packages/flask/globals.py:52: RuntimeError
________________________ ERROR at setup of test_cookies ________________________

app = <Flask 'testapp'>

    @pytest.fixture()
    def users(app):
        """Create users."""
        user1 = create_test_user(email='info@inveniosoftware.org',
>                                password='tester')

tests/conftest.py:196: 
_ _ _ _ _ _ _ _ _ _ _ _ _ _ _ _ _ _ _ _ _ _ _ _ _ _ _ _ _ _ _ _ _ _ _ _ _ _ _ _ 
invenio_accounts/testutils.py:45: in create_test_user
    assert flask.current_app.testing
.tox/c1/lib/python3.6/site-packages/werkzeug/local.py:348: in __getattr__
    return getattr(self._get_current_object(), name)
.tox/c1/lib/python3.6/site-packages/werkzeug/local.py:307: in _get_current_object
    return self.__local()
_ _ _ _ _ _ _ _ _ _ _ _ _ _ _ _ _ _ _ _ _ _ _ _ _ _ _ _ _ _ _ _ _ _ _ _ _ _ _ _ 

    def _find_app():
        top = _app_ctx_stack.top
        if top is None:
>           raise RuntimeError(_app_ctx_err_msg)
E           RuntimeError: Working outside of application context.
E           
E           This typically means that you attempted to use functionality that needed
E           to interface with the current application object in some way. To solve
E           this, set up an application context with app.app_context().  See the
E           documentation for more information.

.tox/c1/lib/python3.6/site-packages/flask/globals.py:52: RuntimeError
_____________________ ERROR at setup of test_headers_info ______________________

app = <Flask 'testapp'>

    @pytest.fixture()
    def users(app):
        """Create users."""
        user1 = create_test_user(email='info@inveniosoftware.org',
>                                password='tester')

tests/conftest.py:196: 
_ _ _ _ _ _ _ _ _ _ _ _ _ _ _ _ _ _ _ _ _ _ _ _ _ _ _ _ _ _ _ _ _ _ _ _ _ _ _ _ 
invenio_accounts/testutils.py:45: in create_test_user
    assert flask.current_app.testing
.tox/c1/lib/python3.6/site-packages/werkzeug/local.py:348: in __getattr__
    return getattr(self._get_current_object(), name)
.tox/c1/lib/python3.6/site-packages/werkzeug/local.py:307: in _get_current_object
    return self.__local()
_ _ _ _ _ _ _ _ _ _ _ _ _ _ _ _ _ _ _ _ _ _ _ _ _ _ _ _ _ _ _ _ _ _ _ _ _ _ _ _ 

    def _find_app():
        top = _app_ctx_stack.top
        if top is None:
>           raise RuntimeError(_app_ctx_err_msg)
E           RuntimeError: Working outside of application context.
E           
E           This typically means that you attempted to use functionality that needed
E           to interface with the current application object in some way. To solve
E           this, set up an application context with app.app_context().  See the
E           documentation for more information.

.tox/c1/lib/python3.6/site-packages/flask/globals.py:52: RuntimeError
______________ ERROR at setup of test_session_extra_info_on_login ______________

app = <Flask 'testapp'>

    @pytest.fixture()
    def users(app):
        """Create users."""
        user1 = create_test_user(email='info@inveniosoftware.org',
>                                password='tester')

tests/conftest.py:196: 
_ _ _ _ _ _ _ _ _ _ _ _ _ _ _ _ _ _ _ _ _ _ _ _ _ _ _ _ _ _ _ _ _ _ _ _ _ _ _ _ 
invenio_accounts/testutils.py:45: in create_test_user
    assert flask.current_app.testing
.tox/c1/lib/python3.6/site-packages/werkzeug/local.py:348: in __getattr__
    return getattr(self._get_current_object(), name)
.tox/c1/lib/python3.6/site-packages/werkzeug/local.py:307: in _get_current_object
    return self.__local()
_ _ _ _ _ _ _ _ _ _ _ _ _ _ _ _ _ _ _ _ _ _ _ _ _ _ _ _ _ _ _ _ _ _ _ _ _ _ _ _ 

    def _find_app():
        top = _app_ctx_stack.top
        if top is None:
>           raise RuntimeError(_app_ctx_err_msg)
E           RuntimeError: Working outside of application context.
E           
E           This typically means that you attempted to use functionality that needed
E           to interface with the current application object in some way. To solve
E           this, set up an application context with app.app_context().  See the
E           documentation for more information.

.tox/c1/lib/python3.6/site-packages/flask/globals.py:52: RuntimeError
_________________ ERROR at setup of test_session_ip_no_country _________________

app = <Flask 'testapp'>

    @pytest.fixture()
    def users(app):
        """Create users."""
        user1 = create_test_user(email='info@inveniosoftware.org',
>                                password='tester')

tests/conftest.py:196: 
_ _ _ _ _ _ _ _ _ _ _ _ _ _ _ _ _ _ _ _ _ _ _ _ _ _ _ _ _ _ _ _ _ _ _ _ _ _ _ _ 
invenio_accounts/testutils.py:45: in create_test_user
    assert flask.current_app.testing
.tox/c1/lib/python3.6/site-packages/werkzeug/local.py:348: in __getattr__
    return getattr(self._get_current_object(), name)
.tox/c1/lib/python3.6/site-packages/werkzeug/local.py:307: in _get_current_object
    return self.__local()
_ _ _ _ _ _ _ _ _ _ _ _ _ _ _ _ _ _ _ _ _ _ _ _ _ _ _ _ _ _ _ _ _ _ _ _ _ _ _ _ 

    def _find_app():
        top = _app_ctx_stack.top
        if top is None:
>           raise RuntimeError(_app_ctx_err_msg)
E           RuntimeError: Working outside of application context.
E           
E           This typically means that you attempted to use functionality that needed
E           to interface with the current application object in some way. To solve
E           this, set up an application context with app.app_context().  See the
E           documentation for more information.

.tox/c1/lib/python3.6/site-packages/flask/globals.py:52: RuntimeError
____________ ERROR at setup of test_forgot_password_token[0-False] _____________

app = <Flask 'testapp'>

    @pytest.fixture()
    def users(app):
        """Create users."""
        user1 = create_test_user(email='info@inveniosoftware.org',
>                                password='tester')

tests/conftest.py:196: 
_ _ _ _ _ _ _ _ _ _ _ _ _ _ _ _ _ _ _ _ _ _ _ _ _ _ _ _ _ _ _ _ _ _ _ _ _ _ _ _ 
invenio_accounts/testutils.py:45: in create_test_user
    assert flask.current_app.testing
.tox/c1/lib/python3.6/site-packages/werkzeug/local.py:348: in __getattr__
    return getattr(self._get_current_object(), name)
.tox/c1/lib/python3.6/site-packages/werkzeug/local.py:307: in _get_current_object
    return self.__local()
_ _ _ _ _ _ _ _ _ _ _ _ _ _ _ _ _ _ _ _ _ _ _ _ _ _ _ _ _ _ _ _ _ _ _ _ _ _ _ _ 

    def _find_app():
        top = _app_ctx_stack.top
        if top is None:
>           raise RuntimeError(_app_ctx_err_msg)
E           RuntimeError: Working outside of application context.
E           
E           This typically means that you attempted to use functionality that needed
E           to interface with the current application object in some way. To solve
E           this, set up an application context with app.app_context().  See the
E           documentation for more information.

.tox/c1/lib/python3.6/site-packages/flask/globals.py:52: RuntimeError
_____________ ERROR at setup of test_forgot_password_token[4-True] _____________

app = <Flask 'testapp'>

    @pytest.fixture()
    def users(app):
        """Create users."""
        user1 = create_test_user(email='info@inveniosoftware.org',
>                                password='tester')

tests/conftest.py:196: 
_ _ _ _ _ _ _ _ _ _ _ _ _ _ _ _ _ _ _ _ _ _ _ _ _ _ _ _ _ _ _ _ _ _ _ _ _ _ _ _ 
invenio_accounts/testutils.py:45: in create_test_user
    assert flask.current_app.testing
.tox/c1/lib/python3.6/site-packages/werkzeug/local.py:348: in __getattr__
    return getattr(self._get_current_object(), name)
.tox/c1/lib/python3.6/site-packages/werkzeug/local.py:307: in _get_current_object
    return self.__local()
_ _ _ _ _ _ _ _ _ _ _ _ _ _ _ _ _ _ _ _ _ _ _ _ _ _ _ _ _ _ _ _ _ _ _ _ _ _ _ _ 

    def _find_app():
        top = _app_ctx_stack.top
        if top is None:
>           raise RuntimeError(_app_ctx_err_msg)
E           RuntimeError: Working outside of application context.
E           
E           This typically means that you attempted to use functionality that needed
E           to interface with the current application object in some way. To solve
E           this, set up an application context with app.app_context().  See the
E           documentation for more information.

.tox/c1/lib/python3.6/site-packages/flask/globals.py:52: RuntimeError
__________________ ERROR at setup of test_confirmation_token ___________________

app = <Flask 'testapp'>

    @pytest.fixture()
    def users(app):
        """Create users."""
        user1 = create_test_user(email='info@inveniosoftware.org',
>                                password='tester')

tests/conftest.py:196: 
_ _ _ _ _ _ _ _ _ _ _ _ _ _ _ _ _ _ _ _ _ _ _ _ _ _ _ _ _ _ _ _ _ _ _ _ _ _ _ _ 
invenio_accounts/testutils.py:45: in create_test_user
    assert flask.current_app.testing
.tox/c1/lib/python3.6/site-packages/werkzeug/local.py:348: in __getattr__
    return getattr(self._get_current_object(), name)
.tox/c1/lib/python3.6/site-packages/werkzeug/local.py:307: in _get_current_object
    return self.__local()
_ _ _ _ _ _ _ _ _ _ _ _ _ _ _ _ _ _ _ _ _ _ _ _ _ _ _ _ _ _ _ _ _ _ _ _ _ _ _ _ 

    def _find_app():
        top = _app_ctx_stack.top
        if top is None:
>           raise RuntimeError(_app_ctx_err_msg)
E           RuntimeError: Working outside of application context.
E           
E           This typically means that you attempted to use functionality that needed
E           to interface with the current application object in some way. To solve
E           this, set up an application context with app.app_context().  See the
E           documentation for more information.

.tox/c1/lib/python3.6/site-packages/flask/globals.py:52: RuntimeError
______________ ERROR at setup of test_login_remember_me_disabled _______________

app = <Flask 'testapp'>

    @pytest.fixture()
    def users(app):
        """Create users."""
        user1 = create_test_user(email='info@inveniosoftware.org',
>                                password='tester')

tests/conftest.py:196: 
_ _ _ _ _ _ _ _ _ _ _ _ _ _ _ _ _ _ _ _ _ _ _ _ _ _ _ _ _ _ _ _ _ _ _ _ _ _ _ _ 
invenio_accounts/testutils.py:45: in create_test_user
    assert flask.current_app.testing
.tox/c1/lib/python3.6/site-packages/werkzeug/local.py:348: in __getattr__
    return getattr(self._get_current_object(), name)
.tox/c1/lib/python3.6/site-packages/werkzeug/local.py:307: in _get_current_object
    return self.__local()
_ _ _ _ _ _ _ _ _ _ _ _ _ _ _ _ _ _ _ _ _ _ _ _ _ _ _ _ _ _ _ _ _ _ _ _ _ _ _ _ 

    def _find_app():
        top = _app_ctx_stack.top
        if top is None:
>           raise RuntimeError(_app_ctx_err_msg)
E           RuntimeError: Working outside of application context.
E           
E           This typically means that you attempted to use functionality that needed
E           to interface with the current application object in some way. To solve
E           this, set up an application context with app.app_context().  See the
E           documentation for more information.

.tox/c1/lib/python3.6/site-packages/flask/globals.py:52: RuntimeError
______________ ERROR at setup of test_login_from_headers_disabled ______________

app = <Flask 'testapp'>

    @pytest.fixture()
    def users(app):
        """Create users."""
        user1 = create_test_user(email='info@inveniosoftware.org',
>                                password='tester')

tests/conftest.py:196: 
_ _ _ _ _ _ _ _ _ _ _ _ _ _ _ _ _ _ _ _ _ _ _ _ _ _ _ _ _ _ _ _ _ _ _ _ _ _ _ _ 
invenio_accounts/testutils.py:45: in create_test_user
    assert flask.current_app.testing
.tox/c1/lib/python3.6/site-packages/werkzeug/local.py:348: in __getattr__
    return getattr(self._get_current_object(), name)
.tox/c1/lib/python3.6/site-packages/werkzeug/local.py:307: in _get_current_object
    return self.__local()
_ _ _ _ _ _ _ _ _ _ _ _ _ _ _ _ _ _ _ _ _ _ _ _ _ _ _ _ _ _ _ _ _ _ _ _ _ _ _ _ 

    def _find_app():
        top = _app_ctx_stack.top
        if top is None:
>           raise RuntimeError(_app_ctx_err_msg)
E           RuntimeError: Working outside of application context.
E           
E           This typically means that you attempted to use functionality that needed
E           to interface with the current application object in some way. To solve
E           this, set up an application context with app.app_context().  See the
E           documentation for more information.

.tox/c1/lib/python3.6/site-packages/flask/globals.py:52: RuntimeError
____ ERROR at setup of test_flask_login_load_from_header_works_as_expected _____

app = <Flask 'testapp'>

    @pytest.fixture()
    def users(app):
        """Create users."""
        user1 = create_test_user(email='info@inveniosoftware.org',
>                                password='tester')

tests/conftest.py:196: 
_ _ _ _ _ _ _ _ _ _ _ _ _ _ _ _ _ _ _ _ _ _ _ _ _ _ _ _ _ _ _ _ _ _ _ _ _ _ _ _ 
invenio_accounts/testutils.py:45: in create_test_user
    assert flask.current_app.testing
.tox/c1/lib/python3.6/site-packages/werkzeug/local.py:348: in __getattr__
    return getattr(self._get_current_object(), name)
.tox/c1/lib/python3.6/site-packages/werkzeug/local.py:307: in _get_current_object
    return self.__local()
_ _ _ _ _ _ _ _ _ _ _ _ _ _ _ _ _ _ _ _ _ _ _ _ _ _ _ _ _ _ _ _ _ _ _ _ _ _ _ _ 

    def _find_app():
        top = _app_ctx_stack.top
        if top is None:
>           raise RuntimeError(_app_ctx_err_msg)
E           RuntimeError: Working outside of application context.
E           
E           This typically means that you attempted to use functionality that needed
E           to interface with the current application object in some way. To solve
E           this, set up an application context with app.app_context().  See the
E           documentation for more information.

.tox/c1/lib/python3.6/site-packages/flask/globals.py:52: RuntimeError
____ ERROR at setup of test_flask_login_load_from_request_works_as_expected ____

app = <Flask 'testapp'>

    @pytest.fixture()
    def users(app):
        """Create users."""
        user1 = create_test_user(email='info@inveniosoftware.org',
>                                password='tester')

tests/conftest.py:196: 
_ _ _ _ _ _ _ _ _ _ _ _ _ _ _ _ _ _ _ _ _ _ _ _ _ _ _ _ _ _ _ _ _ _ _ _ _ _ _ _ 
invenio_accounts/testutils.py:45: in create_test_user
    assert flask.current_app.testing
.tox/c1/lib/python3.6/site-packages/werkzeug/local.py:348: in __getattr__
    return getattr(self._get_current_object(), name)
.tox/c1/lib/python3.6/site-packages/werkzeug/local.py:307: in _get_current_object
    return self.__local()
_ _ _ _ _ _ _ _ _ _ _ _ _ _ _ _ _ _ _ _ _ _ _ _ _ _ _ _ _ _ _ _ _ _ _ _ _ _ _ _ 

    def _find_app():
        top = _app_ctx_stack.top
        if top is None:
>           raise RuntimeError(_app_ctx_err_msg)
E           RuntimeError: Working outside of application context.
E           
E           This typically means that you attempted to use functionality that needed
E           to interface with the current application object in some way. To solve
E           this, set up an application context with app.app_context().  See the
E           documentation for more information.

.tox/c1/lib/python3.6/site-packages/flask/globals.py:52: RuntimeError
=================================== FAILURES ===================================
____________________________ test_admin_createuser _____________________________

app = <Flask 'testapp'>, admin_view = None

    def test_admin_createuser(app, admin_view):
        """Test flask-admin user creation"""
    
        with app.test_client() as client:
            # Test empty mail form
            res = client.post(
>               url_for('user.create_view'),
                data={'email': ''},
                follow_redirects=True
            )

tests/test_admin.py:74: 
_ _ _ _ _ _ _ _ _ _ _ _ _ _ _ _ _ _ _ _ _ _ _ _ _ _ _ _ _ _ _ _ _ _ _ _ _ _ _ _ 

endpoint = 'user.create_view', values = {}, appctx = None, reqctx = None

    def url_for(endpoint, **values):
        """Generates a URL to the given endpoint with the method provided.
    
        Variable arguments that are unknown to the target endpoint are appended
        to the generated URL as query arguments.  If the value of a query argument
        is ``None``, the whole pair is skipped.  In case blueprints are active
        you can shortcut references to the same blueprint by prefixing the
        local endpoint with a dot (``.``).
    
        This will reference the index function local to the current blueprint::
    
            url_for('.index')
    
        For more information, head over to the :ref:`Quickstart <url-building>`.
    
        Configuration values ``APPLICATION_ROOT`` and ``SERVER_NAME`` are only used when
        generating URLs outside of a request context.
    
        To integrate applications, :class:`Flask` has a hook to intercept URL build
        errors through :attr:`Flask.url_build_error_handlers`.  The `url_for`
        function results in a :exc:`~werkzeug.routing.BuildError` when the current
        app does not have a URL for the given endpoint and values.  When it does, the
        :data:`~flask.current_app` calls its :attr:`~Flask.url_build_error_handlers` if
        it is not ``None``, which can return a string to use as the result of
        `url_for` (instead of `url_for`'s default to raise the
        :exc:`~werkzeug.routing.BuildError` exception) or re-raise the exception.
        An example::
    
            def external_url_handler(error, endpoint, values):
                "Looks up an external URL when `url_for` cannot build a URL."
                # This is an example of hooking the build_error_handler.
                # Here, lookup_url is some utility function you've built
                # which looks up the endpoint in some external URL registry.
                url = lookup_url(endpoint, **values)
                if url is None:
                    # External lookup did not have a URL.
                    # Re-raise the BuildError, in context of original traceback.
                    exc_type, exc_value, tb = sys.exc_info()
                    if exc_value is error:
                        raise exc_type, exc_value, tb
                    else:
                        raise error
                # url_for will use this result, instead of raising BuildError.
                return url
    
            app.url_build_error_handlers.append(external_url_handler)
    
        Here, `error` is the instance of :exc:`~werkzeug.routing.BuildError`, and
        `endpoint` and `values` are the arguments passed into `url_for`.  Note
        that this is for building URLs outside the current application, and not for
        handling 404 NotFound errors.
    
        .. versionadded:: 0.10
           The `_scheme` parameter was added.
    
        .. versionadded:: 0.9
           The `_anchor` and `_method` parameters were added.
    
        .. versionadded:: 0.9
           Calls :meth:`Flask.handle_build_error` on
           :exc:`~werkzeug.routing.BuildError`.
    
        :param endpoint: the endpoint of the URL (name of the function)
        :param values: the variable arguments of the URL rule
        :param _external: if set to ``True``, an absolute URL is generated. Server
          address can be changed via ``SERVER_NAME`` configuration variable which
          falls back to the `Host` header, then to the IP and port of the request.
        :param _scheme: a string specifying the desired URL scheme. The `_external`
          parameter must be set to ``True`` or a :exc:`ValueError` is raised. The default
          behavior uses the same scheme as the current request, or
          ``PREFERRED_URL_SCHEME`` from the :ref:`app configuration <config>` if no
          request context is available. As of Werkzeug 0.10, this also can be set
          to an empty string to build protocol-relative URLs.
        :param _anchor: if provided this is added as anchor to the URL.
        :param _method: if provided this explicitly specifies an HTTP method.
        """
        appctx = _app_ctx_stack.top
        reqctx = _request_ctx_stack.top
    
        if appctx is None:
            raise RuntimeError(
>               "Attempted to generate a URL without the application context being"
                " pushed. This has to be executed when application context is"
                " available."
            )
E           RuntimeError: Attempted to generate a URL without the application context being pushed. This has to be executed when application context is available.

.tox/c1/lib/python3.6/site-packages/flask/helpers.py:307: RuntimeError
_________________________________ test_alembic _________________________________

app = <Flask 'testapp'>

    def test_alembic(app):
        """Test alembic recipes."""
        ext = app.extensions['invenio-db']
    
>       if db.engine.name == 'sqlite':

tests/test_invenio_accounts.py:231: 
_ _ _ _ _ _ _ _ _ _ _ _ _ _ _ _ _ _ _ _ _ _ _ _ _ _ _ _ _ _ _ _ _ _ _ _ _ _ _ _ 
.tox/c1/lib/python3.6/site-packages/flask_sqlalchemy/__init__.py:877: in engine
    return self.get_engine()
.tox/c1/lib/python3.6/site-packages/flask_sqlalchemy/__init__.py:886: in get_engine
    app = self.get_app(app)
_ _ _ _ _ _ _ _ _ _ _ _ _ _ _ _ _ _ _ _ _ _ _ _ _ _ _ _ _ _ _ _ _ _ _ _ _ _ _ _ 

self = <SQLAlchemy engine=None>, reference_app = None

    def get_app(self, reference_app=None):
        """Helper method that implements the logic to look up an
        application."""
    
        if reference_app is not None:
            return reference_app
    
        if current_app:
            return current_app._get_current_object()
    
        if self.app is not None:
            return self.app
    
        raise RuntimeError(
>           'No application found. Either work inside a view function or push'
            ' an application context. See'
            ' http://flask-sqlalchemy.pocoo.org/contexts/.'
        )
E       RuntimeError: No application found. Either work inside a view function or push an application context. See http://flask-sqlalchemy.pocoo.org/contexts/.

.tox/c1/lib/python3.6/site-packages/flask_sqlalchemy/__init__.py:912: RuntimeError
__________________________ test_context_processor_jwt __________________________

app = <Flask 'testapp'>

    def test_context_processor_jwt(app):
        """Test context processor JWT."""
        template = r"""
        {{ jwt() }}
        """
        with app.test_request_context():
>           html = render_template_string(template)

tests/test_template_context_processors.py:23: 
_ _ _ _ _ _ _ _ _ _ _ _ _ _ _ _ _ _ _ _ _ _ _ _ _ _ _ _ _ _ _ _ _ _ _ _ _ _ _ _ 
.tox/c1/lib/python3.6/site-packages/flask/templating.py:155: in render_template_string
    return _render(ctx.app.jinja_env.from_string(source), context, ctx.app)
.tox/c1/lib/python3.6/site-packages/flask/templating.py:120: in _render
    rv = template.render(context)
.tox/c1/lib/python3.6/site-packages/jinja2/asyncsupport.py:76: in render
    return original_render(self, *args, **kwargs)
.tox/c1/lib/python3.6/site-packages/jinja2/environment.py:1008: in render
    return self.environment.handle_exception(exc_info, True)
.tox/c1/lib/python3.6/site-packages/jinja2/environment.py:780: in handle_exception
    reraise(exc_type, exc_value, tb)
.tox/c1/lib/python3.6/site-packages/jinja2/_compat.py:37: in reraise
    raise value.with_traceback(tb)
<template>:2: in top-level template code
    ???
invenio_accounts/context_processors/jwt.py:21: in jwt
    token = current_accounts.jwt_creation_factory()
invenio_accounts/utils.py:55: in jwt_create_token
    current_app.config['ACCOUNTS_JWT_ALOGORITHM']
.tox/c1/lib/python3.6/site-packages/jwt/api_jwt.py:56: in encode
    json_payload, key, algorithm, headers, json_encoder
.tox/c1/lib/python3.6/site-packages/jwt/api_jws.py:102: in encode
    key = alg_obj.prepare_key(key)
.tox/c1/lib/python3.6/site-packages/jwt/algorithms.py:140: in prepare_key
    key = force_bytes(key)
_ _ _ _ _ _ _ _ _ _ _ _ _ _ _ _ _ _ _ _ _ _ _ _ _ _ _ _ _ _ _ _ _ _ _ _ _ _ _ _ 

value = None

    def force_bytes(value):
        if isinstance(value, text_type):
            return value.encode('utf-8')
        elif isinstance(value, binary_type):
            return value
        else:
>           raise TypeError('Expected a string value')
E           TypeError: Expected a string value

.tox/c1/lib/python3.6/site-packages/jwt/utils.py:30: TypeError
_______________________ test_context_processor_jwt_token _______________________

app = <Flask 'testapp'>

    def test_context_processor_jwt_token(app):
        """Test context processor token JWT."""
        template = r"""
        {{ jwt_token() }}
        """
        with app.test_request_context():
>           html = render_template_string(template)

tests/test_template_context_processors.py:33: 
_ _ _ _ _ _ _ _ _ _ _ _ _ _ _ _ _ _ _ _ _ _ _ _ _ _ _ _ _ _ _ _ _ _ _ _ _ _ _ _ 
.tox/c1/lib/python3.6/site-packages/flask/templating.py:155: in render_template_string
    return _render(ctx.app.jinja_env.from_string(source), context, ctx.app)
.tox/c1/lib/python3.6/site-packages/flask/templating.py:120: in _render
    rv = template.render(context)
.tox/c1/lib/python3.6/site-packages/jinja2/asyncsupport.py:76: in render
    return original_render(self, *args, **kwargs)
.tox/c1/lib/python3.6/site-packages/jinja2/environment.py:1008: in render
    return self.environment.handle_exception(exc_info, True)
.tox/c1/lib/python3.6/site-packages/jinja2/environment.py:780: in handle_exception
    reraise(exc_type, exc_value, tb)
.tox/c1/lib/python3.6/site-packages/jinja2/_compat.py:37: in reraise
    raise value.with_traceback(tb)
<template>:2: in top-level template code
    ???
invenio_accounts/context_processors/jwt.py:31: in jwt_token
    return current_accounts.jwt_creation_factory()
invenio_accounts/utils.py:55: in jwt_create_token
    current_app.config['ACCOUNTS_JWT_ALOGORITHM']
.tox/c1/lib/python3.6/site-packages/jwt/api_jwt.py:56: in encode
    json_payload, key, algorithm, headers, json_encoder
.tox/c1/lib/python3.6/site-packages/jwt/api_jws.py:102: in encode
    key = alg_obj.prepare_key(key)
.tox/c1/lib/python3.6/site-packages/jwt/algorithms.py:140: in prepare_key
    key = force_bytes(key)
_ _ _ _ _ _ _ _ _ _ _ _ _ _ _ _ _ _ _ _ _ _ _ _ _ _ _ _ _ _ _ _ _ _ _ _ _ _ _ _ 

value = None

    def force_bytes(value):
        if isinstance(value, text_type):
            return value.encode('utf-8')
        elif isinstance(value, binary_type):
            return value
        else:
>           raise TypeError('Expected a string value')
E           TypeError: Expected a string value

.tox/c1/lib/python3.6/site-packages/jwt/utils.py:30: TypeError
________________________________ test_jwt_token ________________________________

app = <Flask 'testapp'>

    def test_jwt_token(app):
        """Test jwt creation."""
        with app.app_context():
            # Extra parameters
            extra = dict(
                defenders=['jessica', 'luke', 'danny', 'matt']
            )
            # Create token normally
>           token = jwt_create_token(user_id=22, additional_data=extra)

tests/test_utils.py:153: 
_ _ _ _ _ _ _ _ _ _ _ _ _ _ _ _ _ _ _ _ _ _ _ _ _ _ _ _ _ _ _ _ _ _ _ _ _ _ _ _ 
invenio_accounts/utils.py:55: in jwt_create_token
    current_app.config['ACCOUNTS_JWT_ALOGORITHM']
.tox/c1/lib/python3.6/site-packages/jwt/api_jwt.py:56: in encode
    json_payload, key, algorithm, headers, json_encoder
.tox/c1/lib/python3.6/site-packages/jwt/api_jws.py:102: in encode
    key = alg_obj.prepare_key(key)
.tox/c1/lib/python3.6/site-packages/jwt/algorithms.py:140: in prepare_key
    key = force_bytes(key)
_ _ _ _ _ _ _ _ _ _ _ _ _ _ _ _ _ _ _ _ _ _ _ _ _ _ _ _ _ _ _ _ _ _ _ _ _ _ _ _ 

value = None

    def force_bytes(value):
        if isinstance(value, text_type):
            return value.encode('utf-8')
        elif isinstance(value, binary_type):
            return value
        else:
>           raise TypeError('Expected a string value')
E           TypeError: Expected a string value

.tox/c1/lib/python3.6/site-packages/jwt/utils.py:30: TypeError
____________________________ test_jwt_expired_token ____________________________

app = <Flask 'testapp'>

    def test_jwt_expired_token(app):
        """Test jwt creation."""
        with app.app_context():
            # Extra parameters
            extra = dict(
                exp=datetime(1970, 1, 1),
            )
            # Create token
>           token = jwt_create_token(user_id=1, additional_data=extra)

tests/test_utils.py:168: 
_ _ _ _ _ _ _ _ _ _ _ _ _ _ _ _ _ _ _ _ _ _ _ _ _ _ _ _ _ _ _ _ _ _ _ _ _ _ _ _ 
invenio_accounts/utils.py:55: in jwt_create_token
    current_app.config['ACCOUNTS_JWT_ALOGORITHM']
.tox/c1/lib/python3.6/site-packages/jwt/api_jwt.py:56: in encode
    json_payload, key, algorithm, headers, json_encoder
.tox/c1/lib/python3.6/site-packages/jwt/api_jws.py:102: in encode
    key = alg_obj.prepare_key(key)
.tox/c1/lib/python3.6/site-packages/jwt/algorithms.py:140: in prepare_key
    key = force_bytes(key)
_ _ _ _ _ _ _ _ _ _ _ _ _ _ _ _ _ _ _ _ _ _ _ _ _ _ _ _ _ _ _ _ _ _ _ _ _ _ _ _ 

value = None

    def force_bytes(value):
        if isinstance(value, text_type):
            return value.encode('utf-8')
        elif isinstance(value, binary_type):
            return value
        else:
>           raise TypeError('Expected a string value')
E           TypeError: Expected a string value

.tox/c1/lib/python3.6/site-packages/jwt/utils.py:30: TypeError
___________________________ test_view_list_sessions ____________________________

app = <Flask 'testapp'>, app_i18n = <Flask 'testapp'>

    def test_view_list_sessions(app, app_i18n):
        """Test view list sessions."""
        with app.test_request_context():
            user1 = create_test_user(email='user1@invenio-software.org')
            user2 = create_test_user(email='user2@invenio-software.org')
    
            with app.test_client() as client:
                client.post(url_for_security('login'), data=dict(
                    email=user1.email,
                    password=user1.password_plaintext,
                ))
    
            with app.test_client() as client:
                client.post(url_for_security('login'), data=dict(
                    email=user2.email,
                    password=user2.password_plaintext,
                ))
    
                # get the list of user 2 sessions
                url = url_for('invenio_accounts.security')
                res = client.get(url)
                assert res.status_code == 200
    
                # check session for user 1 is not in the list
                sessions_1 = SessionActivity.query.filter_by(
                    user_id=user1.id).all()
                assert len(sessions_1) == 1
                assert sessions_1[0].sid_s not in res.data.decode('utf-8')
    
                # check session for user 2 is in the list
                sessions_2 = SessionActivity.query.filter_by(
                    user_id=user2.id).all()
                assert len(sessions_2) == 1
                assert sessions_2[0].sid_s in res.data.decode('utf-8')
    
                # test user 2 to delete user 1 session
                url = url_for('invenio_accounts.revoke_session')
                res = client.post(url, data={'sid_s': sessions_1[0].sid_s})
                assert res.status_code == 302
>               assert SessionActivity.query.filter_by(
                    user_id=user1.id, sid_s=sessions_1[0].sid_s).count() == 1

tests/test_views.py:107: 
_ _ _ _ _ _ _ _ _ _ _ _ _ _ _ _ _ _ _ _ _ _ _ _ _ _ _ _ _ _ _ _ _ _ _ _ _ _ _ _ 
.tox/c1/lib/python3.6/site-packages/sqlalchemy/orm/attributes.py:275: in __get__
    return self.impl.get(instance_state(instance), dict_)
.tox/c1/lib/python3.6/site-packages/sqlalchemy/orm/attributes.py:669: in get
    value = state._load_expired(state, passive)
.tox/c1/lib/python3.6/site-packages/sqlalchemy/orm/state.py:632: in _load_expired
    self.manager.deferred_scalar_loader(self, toload)
_ _ _ _ _ _ _ _ _ _ _ _ _ _ _ _ _ _ _ _ _ _ _ _ _ _ _ _ _ _ _ _ _ _ _ _ _ _ _ _ 

mapper = <Mapper at 0x7f12e7ad5eb8; User>
state = <sqlalchemy.orm.state.InstanceState object at 0x7f12b4097240>
attribute_names = {'active', 'confirmed_at', 'current_login_at', 'current_login_ip', 'email', 'id', ...}

    def load_scalar_attributes(mapper, state, attribute_names):
        """initiate a column-based attribute refresh operation."""
    
        # assert mapper is _state_mapper(state)
        session = state.session
        if not session:
            raise orm_exc.DetachedInstanceError(
                "Instance %s is not bound to a Session; "
>               "attribute refresh operation cannot proceed" % (state_str(state))
            )
E           sqlalchemy.orm.exc.DetachedInstanceError: Instance <User at 0x7f12b4097128> is not bound to a Session; attribute refresh operation cannot proceed (Background on this error at: http://sqlalche.me/e/bhk3)

.tox/c1/lib/python3.6/site-packages/sqlalchemy/orm/loading.py:913: DetachedInstanceError
=============================== warnings summary ===============================
tests/test_admin.py::test_admin
  /code/modules/invenio-accounts/.tox/c1/lib/python3.6/site-packages/pkg_resources/_vendor/packaging/specifiers.py:276: DeprecationWarning: Creating a LegacyVersion has been deprecated and will be removed in the next major release
    DeprecationWarning,

tests/test_admin.py::test_admin
tests/test_admin.py::test_admin
tests/test_admin.py::test_admin
tests/test_admin.py::test_admin
tests/test_admin.py::test_admin
tests/test_admin.py::test_admin
tests/test_admin.py::test_admin
tests/test_admin.py::test_admin
tests/test_admin.py::test_admin
tests/test_admin.py::test_admin
tests/test_admin.py::test_admin
tests/test_admin.py::test_admin
tests/test_admin.py::test_admin
tests/test_admin.py::test_admin
tests/test_admin.py::test_admin
tests/test_admin.py::test_admin
tests/test_admin.py::test_admin
tests/test_admin.py::test_admin
tests/test_admin.py::test_admin
tests/test_admin.py::test_admin
tests/test_admin.py::test_admin
tests/test_admin.py::test_admin
tests/test_admin.py::test_admin
tests/test_admin.py::test_admin
tests/test_admin.py::test_admin
tests/test_admin.py::test_admin
tests/test_admin.py::test_admin
tests/test_admin.py::test_admin
tests/test_admin.py::test_admin
tests/test_admin.py::test_admin
tests/test_admin.py::test_admin
tests/test_admin.py::test_admin
tests/test_admin.py::test_admin
tests/test_admin.py::test_admin
tests/test_admin.py::test_admin
tests/test_admin.py::test_admin
tests/test_admin.py::test_admin
tests/test_admin.py::test_admin
tests/test_admin.py::test_admin
tests/test_admin.py::test_admin
tests/test_admin.py::test_admin
tests/test_admin.py::test_admin
tests/test_admin.py::test_admin
tests/test_admin.py::test_admin
tests/test_admin.py::test_admin_createuser
tests/test_admin.py::test_admin_createuser
tests/test_admin.py::test_admin_createuser
tests/test_admin.py::test_admin_createuser
tests/test_admin.py::test_admin_createuser
tests/test_admin.py::test_admin_createuser
tests/test_admin.py::test_admin_createuser
tests/test_admin.py::test_admin_createuser
tests/test_admin.py::test_admin_createuser
tests/test_admin.py::test_admin_createuser
tests/test_admin.py::test_admin_createuser
tests/test_admin.py::test_admin_createuser
tests/test_admin.py::test_admin_createuser
tests/test_admin.py::test_admin_createuser
tests/test_admin.py::test_admin_createuser
tests/test_admin.py::test_admin_createuser
tests/test_admin.py::test_admin_createuser
tests/test_admin.py::test_admin_createuser
tests/test_admin.py::test_admin_createuser
tests/test_admin.py::test_admin_createuser
tests/test_admin.py::test_admin_createuser
tests/test_admin.py::test_admin_createuser
tests/test_admin.py::test_admin_createuser
tests/test_admin.py::test_admin_createuser
tests/test_admin.py::test_admin_createuser
tests/test_admin.py::test_admin_createuser
tests/test_admin.py::test_admin_createuser
tests/test_admin.py::test_admin_createuser
tests/test_admin.py::test_admin_createuser
tests/test_admin.py::test_admin_createuser
tests/test_admin.py::test_admin_createuser
tests/test_admin.py::test_admin_createuser
tests/test_admin.py::test_admin_createuser
tests/test_admin.py::test_admin_createuser
tests/test_admin.py::test_admin_createuser
tests/test_admin.py::test_admin_createuser
tests/test_admin.py::test_admin_createuser
tests/test_admin.py::test_admin_createuser
tests/test_admin.py::test_admin_createuser
tests/test_admin.py::test_admin_createuser
tests/test_admin.py::test_admin_createuser
tests/test_admin.py::test_admin_createuser
tests/test_admin.py::test_admin_createuser
tests/test_admin.py::test_admin_createuser
tests/test_admin.py::test_admin_sessions
tests/test_admin.py::test_admin_sessions
tests/test_admin.py::test_admin_sessions
tests/test_admin.py::test_admin_sessions
tests/test_admin.py::test_admin_sessions
tests/test_admin.py::test_admin_sessions
tests/test_admin.py::test_admin_sessions
tests/test_admin.py::test_admin_sessions
tests/test_admin.py::test_admin_sessions
tests/test_admin.py::test_admin_sessions
tests/test_admin.py::test_admin_sessions
tests/test_admin.py::test_admin_sessions
tests/test_admin.py::test_admin_sessions
tests/test_admin.py::test_admin_sessions
tests/test_admin.py::test_admin_sessions
tests/test_admin.py::test_admin_sessions
tests/test_admin.py::test_admin_sessions
tests/test_admin.py::test_admin_sessions
tests/test_admin.py::test_admin_sessions
tests/test_admin.py::test_admin_sessions
tests/test_admin.py::test_admin_sessions
tests/test_admin.py::test_admin_sessions
tests/test_admin.py::test_admin_sessions
tests/test_admin.py::test_admin_sessions
tests/test_admin.py::test_admin_sessions
tests/test_admin.py::test_admin_sessions
tests/test_admin.py::test_admin_sessions
tests/test_admin.py::test_admin_sessions
tests/test_admin.py::test_admin_sessions
tests/test_admin.py::test_admin_sessions
tests/test_admin.py::test_admin_sessions
tests/test_admin.py::test_admin_sessions
tests/test_admin.py::test_admin_sessions
tests/test_admin.py::test_admin_sessions
tests/test_admin.py::test_admin_sessions
tests/test_admin.py::test_admin_sessions
tests/test_admin.py::test_admin_sessions
tests/test_admin.py::test_admin_sessions
tests/test_admin.py::test_admin_sessions
tests/test_admin.py::test_admin_sessions
tests/test_admin.py::test_admin_sessions
tests/test_admin.py::test_admin_sessions
tests/test_admin.py::test_admin_sessions
tests/test_admin.py::test_admin_sessions
tests/test_cli.py::test_cli_createuser
tests/test_cli.py::test_cli_createuser
tests/test_cli.py::test_cli_createuser
tests/test_cli.py::test_cli_createuser
tests/test_cli.py::test_cli_createuser
tests/test_cli.py::test_cli_createuser
tests/test_cli.py::test_cli_createuser
tests/test_cli.py::test_cli_createuser
tests/test_cli.py::test_cli_createuser
tests/test_cli.py::test_cli_createuser
tests/test_cli.py::test_cli_createuser
tests/test_cli.py::test_cli_createuser
tests/test_cli.py::test_cli_createuser
tests/test_cli.py::test_cli_createuser
tests/test_cli.py::test_cli_createuser
tests/test_cli.py::test_cli_createuser
tests/test_cli.py::test_cli_createuser
tests/test_cli.py::test_cli_createuser
tests/test_cli.py::test_cli_createuser
tests/test_cli.py::test_cli_createuser
tests/test_cli.py::test_cli_createuser
tests/test_cli.py::test_cli_createuser
tests/test_cli.py::test_cli_createuser
tests/test_cli.py::test_cli_createuser
tests/test_cli.py::test_cli_createuser
tests/test_cli.py::test_cli_createuser
tests/test_cli.py::test_cli_createuser
tests/test_cli.py::test_cli_createuser
tests/test_cli.py::test_cli_createuser
tests/test_cli.py::test_cli_createuser
tests/test_cli.py::test_cli_createuser
tests/test_cli.py::test_cli_createuser
tests/test_cli.py::test_cli_createuser
tests/test_cli.py::test_cli_createuser
tests/test_cli.py::test_cli_createuser
tests/test_cli.py::test_cli_createuser
tests/test_cli.py::test_cli_createuser
tests/test_cli.py::test_cli_createuser
tests/test_cli.py::test_cli_createuser
tests/test_cli.py::test_cli_createuser
tests/test_cli.py::test_cli_createuser
tests/test_cli.py::test_cli_createuser
tests/test_cli.py::test_cli_createuser
tests/test_cli.py::test_cli_createuser
tests/test_cli.py::test_cli_createrole
tests/test_cli.py::test_cli_createrole
tests/test_cli.py::test_cli_createrole
tests/test_cli.py::test_cli_createrole
tests/test_cli.py::test_cli_createrole
tests/test_cli.py::test_cli_createrole
tests/test_cli.py::test_cli_createrole
tests/test_cli.py::test_cli_createrole
tests/test_cli.py::test_cli_createrole
tests/test_cli.py::test_cli_createrole
tests/test_cli.py::test_cli_createrole
tests/test_cli.py::test_cli_createrole
tests/test_cli.py::test_cli_createrole
tests/test_cli.py::test_cli_createrole
tests/test_cli.py::test_cli_createrole
tests/test_cli.py::test_cli_createrole
tests/test_cli.py::test_cli_createrole
tests/test_cli.py::test_cli_createrole
tests/test_cli.py::test_cli_createrole
tests/test_cli.py::test_cli_createrole
tests/test_cli.py::test_cli_createrole
tests/test_cli.py::test_cli_createrole
tests/test_cli.py::test_cli_createrole
tests/test_cli.py::test_cli_createrole
tests/test_cli.py::test_cli_createrole
tests/test_cli.py::test_cli_createrole
tests/test_cli.py::test_cli_createrole
tests/test_cli.py::test_cli_createrole
tests/test_cli.py::test_cli_createrole
tests/test_cli.py::test_cli_createrole
tests/test_cli.py::test_cli_createrole
tests/test_cli.py::test_cli_createrole
tests/test_cli.py::test_cli_createrole
tests/test_cli.py::test_cli_createrole
tests/test_cli.py::test_cli_createrole
tests/test_cli.py::test_cli_createrole
tests/test_cli.py::test_cli_createrole
tests/test_cli.py::test_cli_createrole
tests/test_cli.py::test_cli_createrole
tests/test_cli.py::test_cli_createrole
tests/test_cli.py::test_cli_createrole
tests/test_cli.py::test_cli_createrole
tests/test_cli.py::test_cli_createrole
tests/test_cli.py::test_cli_createrole
tests/test_cli.py::test_cli_addremove_role
tests/test_cli.py::test_cli_addremove_role
tests/test_cli.py::test_cli_addremove_role
tests/test_cli.py::test_cli_addremove_role
tests/test_cli.py::test_cli_addremove_role
tests/test_cli.py::test_cli_addremove_role
tests/test_cli.py::test_cli_addremove_role
tests/test_cli.py::test_cli_addremove_role
tests/test_cli.py::test_cli_addremove_role
tests/test_cli.py::test_cli_addremove_role
tests/test_cli.py::test_cli_addremove_role
tests/test_cli.py::test_cli_addremove_role
tests/test_cli.py::test_cli_addremove_role
tests/test_cli.py::test_cli_addremove_role
tests/test_cli.py::test_cli_addremove_role
tests/test_cli.py::test_cli_addremove_role
tests/test_cli.py::test_cli_addremove_role
tests/test_cli.py::test_cli_addremove_role
tests/test_cli.py::test_cli_addremove_role
tests/test_cli.py::test_cli_addremove_role
tests/test_cli.py::test_cli_addremove_role
tests/test_cli.py::test_cli_addremove_role
tests/test_cli.py::test_cli_addremove_role
tests/test_cli.py::test_cli_addremove_role
tests/test_cli.py::test_cli_addremove_role
tests/test_cli.py::test_cli_addremove_role
tests/test_cli.py::test_cli_addremove_role
tests/test_cli.py::test_cli_addremove_role
tests/test_cli.py::test_cli_addremove_role
tests/test_cli.py::test_cli_addremove_role
tests/test_cli.py::test_cli_addremove_role
tests/test_cli.py::test_cli_addremove_role
tests/test_cli.py::test_cli_addremove_role
tests/test_cli.py::test_cli_addremove_role
tests/test_cli.py::test_cli_addremove_role
tests/test_cli.py::test_cli_addremove_role
tests/test_cli.py::test_cli_addremove_role
tests/test_cli.py::test_cli_addremove_role
tests/test_cli.py::test_cli_addremove_role
tests/test_cli.py::test_cli_addremove_role
tests/test_cli.py::test_cli_addremove_role
tests/test_cli.py::test_cli_addremove_role
tests/test_cli.py::test_cli_addremove_role
tests/test_cli.py::test_cli_addremove_role
tests/test_cli.py::test_cli_activate_deactivate
tests/test_cli.py::test_cli_activate_deactivate
tests/test_cli.py::test_cli_activate_deactivate
tests/test_cli.py::test_cli_activate_deactivate
tests/test_cli.py::test_cli_activate_deactivate
tests/test_cli.py::test_cli_activate_deactivate
tests/test_cli.py::test_cli_activate_deactivate
tests/test_cli.py::test_cli_activate_deactivate
tests/test_cli.py::test_cli_activate_deactivate
tests/test_cli.py::test_cli_activate_deactivate
tests/test_cli.py::test_cli_activate_deactivate
tests/test_cli.py::test_cli_activate_deactivate
tests/test_cli.py::test_cli_activate_deactivate
tests/test_cli.py::test_cli_activate_deactivate
tests/test_cli.py::test_cli_activate_deactivate
tests/test_cli.py::test_cli_activate_deactivate
tests/test_cli.py::test_cli_activate_deactivate
tests/test_cli.py::test_cli_activate_deactivate
tests/test_cli.py::test_cli_activate_deactivate
tests/test_cli.py::test_cli_activate_deactivate
tests/test_cli.py::test_cli_activate_deactivate
tests/test_cli.py::test_cli_activate_deactivate
tests/test_cli.py::test_cli_activate_deactivate
tests/test_cli.py::test_cli_activate_deactivate
tests/test_cli.py::test_cli_activate_deactivate
tests/test_cli.py::test_cli_activate_deactivate
tests/test_cli.py::test_cli_activate_deactivate
tests/test_cli.py::test_cli_activate_deactivate
tests/test_cli.py::test_cli_activate_deactivate
tests/test_cli.py::test_cli_activate_deactivate
tests/test_cli.py::test_cli_activate_deactivate
tests/test_cli.py::test_cli_activate_deactivate
tests/test_cli.py::test_cli_activate_deactivate
tests/test_cli.py::test_cli_activate_deactivate
tests/test_cli.py::test_cli_activate_deactivate
tests/test_cli.py::test_cli_activate_deactivate
tests/test_cli.py::test_cli_activate_deactivate
tests/test_cli.py::test_cli_activate_deactivate
tests/test_cli.py::test_cli_activate_deactivate
tests/test_cli.py::test_cli_activate_deactivate
tests/test_cli.py::test_cli_activate_deactivate
tests/test_cli.py::test_cli_activate_deactivate
tests/test_cli.py::test_cli_activate_deactivate
tests/test_cli.py::test_cli_activate_deactivate
tests/test_forms.py::test_confirm_register_form_factory
tests/test_forms.py::test_confirm_register_form_factory
tests/test_forms.py::test_confirm_register_form_factory
tests/test_forms.py::test_confirm_register_form_factory
tests/test_forms.py::test_confirm_register_form_factory
tests/test_forms.py::test_confirm_register_form_factory
tests/test_forms.py::test_confirm_register_form_factory
tests/test_forms.py::test_confirm_register_form_factory
tests/test_forms.py::test_confirm_register_form_factory
tests/test_forms.py::test_confirm_register_form_factory
tests/test_forms.py::test_confirm_register_form_factory
tests/test_forms.py::test_confirm_register_form_factory
tests/test_forms.py::test_confirm_register_form_factory
tests/test_forms.py::test_confirm_register_form_factory
tests/test_forms.py::test_confirm_register_form_factory
tests/test_forms.py::test_confirm_register_form_factory
tests/test_forms.py::test_confirm_register_form_factory
tests/test_forms.py::test_confirm_register_form_factory
tests/test_forms.py::test_confirm_register_form_factory
tests/test_forms.py::test_confirm_register_form_factory
tests/test_forms.py::test_confirm_register_form_factory
tests/test_forms.py::test_confirm_register_form_factory
tests/test_forms.py::test_confirm_register_form_factory
tests/test_forms.py::test_confirm_register_form_factory
tests/test_forms.py::test_confirm_register_form_factory
tests/test_forms.py::test_confirm_register_form_factory
tests/test_forms.py::test_confirm_register_form_factory
tests/test_forms.py::test_confirm_register_form_factory
tests/test_forms.py::test_confirm_register_form_factory
tests/test_forms.py::test_confirm_register_form_factory
tests/test_forms.py::test_confirm_register_form_factory
tests/test_forms.py::test_confirm_register_form_factory
tests/test_forms.py::test_confirm_register_form_factory
tests/test_forms.py::test_confirm_register_form_factory
tests/test_forms.py::test_confirm_register_form_factory
tests/test_forms.py::test_confirm_register_form_factory
tests/test_forms.py::test_confirm_register_form_factory
tests/test_forms.py::test_confirm_register_form_factory
tests/test_forms.py::test_confirm_register_form_factory
tests/test_forms.py::test_confirm_register_form_factory
tests/test_forms.py::test_confirm_register_form_factory
tests/test_forms.py::test_confirm_register_form_factory
tests/test_forms.py::test_confirm_register_form_factory
tests/test_forms.py::test_confirm_register_form_factory
tests/test_forms.py::test_register_form_factory
tests/test_forms.py::test_register_form_factory
tests/test_forms.py::test_register_form_factory
tests/test_forms.py::test_register_form_factory
tests/test_forms.py::test_register_form_factory
tests/test_forms.py::test_register_form_factory
tests/test_forms.py::test_register_form_factory
tests/test_forms.py::test_register_form_factory
tests/test_forms.py::test_register_form_factory
tests/test_forms.py::test_register_form_factory
tests/test_forms.py::test_register_form_factory
tests/test_forms.py::test_register_form_factory
tests/test_forms.py::test_register_form_factory
tests/test_forms.py::test_register_form_factory
tests/test_forms.py::test_register_form_factory
tests/test_forms.py::test_register_form_factory
tests/test_forms.py::test_register_form_factory
tests/test_forms.py::test_register_form_factory
tests/test_forms.py::test_register_form_factory
tests/test_forms.py::test_register_form_factory
tests/test_forms.py::test_register_form_factory
tests/test_forms.py::test_register_form_factory
tests/test_forms.py::test_register_form_factory
tests/test_forms.py::test_register_form_factory
tests/test_forms.py::test_register_form_factory
tests/test_forms.py::test_register_form_factory
tests/test_forms.py::test_register_form_factory
tests/test_forms.py::test_register_form_factory
tests/test_forms.py::test_register_form_factory
tests/test_forms.py::test_register_form_factory
tests/test_forms.py::test_register_form_factory
tests/test_forms.py::test_register_form_factory
tests/test_forms.py::test_register_form_factory
tests/test_forms.py::test_register_form_factory
tests/test_forms.py::test_register_form_factory
tests/test_forms.py::test_register_form_factory
tests/test_forms.py::test_register_form_factory
tests/test_forms.py::test_register_form_factory
tests/test_forms.py::test_register_form_factory
tests/test_forms.py::test_register_form_factory
tests/test_forms.py::test_register_form_factory
tests/test_forms.py::test_register_form_factory
tests/test_forms.py::test_register_form_factory
tests/test_forms.py::test_register_form_factory
tests/test_hash.py::test_context
tests/test_hash.py::test_context
tests/test_hash.py::test_context
tests/test_hash.py::test_context
tests/test_hash.py::test_context
tests/test_hash.py::test_context
tests/test_hash.py::test_context
tests/test_hash.py::test_context
tests/test_hash.py::test_context
tests/test_hash.py::test_context
tests/test_hash.py::test_context
tests/test_hash.py::test_context
tests/test_hash.py::test_context
tests/test_hash.py::test_context
tests/test_hash.py::test_context
tests/test_hash.py::test_context
tests/test_hash.py::test_context
tests/test_hash.py::test_context
tests/test_hash.py::test_context
tests/test_hash.py::test_context
tests/test_hash.py::test_context
tests/test_hash.py::test_context
tests/test_hash.py::test_context
tests/test_hash.py::test_context
tests/test_hash.py::test_context
tests/test_hash.py::test_context
tests/test_hash.py::test_context
tests/test_hash.py::test_context
tests/test_hash.py::test_context
tests/test_hash.py::test_context
tests/test_hash.py::test_context
tests/test_hash.py::test_context
tests/test_hash.py::test_context
tests/test_hash.py::test_context
tests/test_hash.py::test_context
tests/test_hash.py::test_context
tests/test_hash.py::test_context
tests/test_hash.py::test_context
tests/test_hash.py::test_context
tests/test_hash.py::test_context
tests/test_hash.py::test_context
tests/test_hash.py::test_context
tests/test_hash.py::test_context
tests/test_hash.py::test_context
tests/test_hash.py::test_unicode_regression
tests/test_hash.py::test_unicode_regression
tests/test_hash.py::test_unicode_regression
tests/test_hash.py::test_unicode_regression
tests/test_hash.py::test_unicode_regression
tests/test_hash.py::test_unicode_regression
tests/test_hash.py::test_unicode_regression
tests/test_hash.py::test_unicode_regression
tests/test_hash.py::test_unicode_regression
tests/test_hash.py::test_unicode_regression
tests/test_hash.py::test_unicode_regression
tests/test_hash.py::test_unicode_regression
tests/test_hash.py::test_unicode_regression
tests/test_hash.py::test_unicode_regression
tests/test_hash.py::test_unicode_regression
tests/test_hash.py::test_unicode_regression
tests/test_hash.py::test_unicode_regression
tests/test_hash.py::test_unicode_regression
tests/test_hash.py::test_unicode_regression
tests/test_hash.py::test_unicode_regression
tests/test_hash.py::test_unicode_regression
tests/test_hash.py::test_unicode_regression
tests/test_hash.py::test_unicode_regression
tests/test_hash.py::test_unicode_regression
tests/test_hash.py::test_unicode_regression
tests/test_hash.py::test_unicode_regression
tests/test_hash.py::test_unicode_regression
tests/test_hash.py::test_unicode_regression
tests/test_hash.py::test_unicode_regression
tests/test_hash.py::test_unicode_regression
tests/test_hash.py::test_unicode_regression
tests/test_hash.py::test_unicode_regression
tests/test_hash.py::test_unicode_regression
tests/test_hash.py::test_unicode_regression
tests/test_hash.py::test_unicode_regression
tests/test_hash.py::test_unicode_regression
tests/test_hash.py::test_unicode_regression
tests/test_hash.py::test_unicode_regression
tests/test_hash.py::test_unicode_regression
tests/test_hash.py::test_unicode_regression
tests/test_hash.py::test_unicode_regression
tests/test_hash.py::test_unicode_regression
tests/test_hash.py::test_unicode_regression
tests/test_hash.py::test_unicode_regression
tests/test_hash.py::test_invenio_aes_encrypted_email
tests/test_hash.py::test_invenio_aes_encrypted_email
tests/test_hash.py::test_invenio_aes_encrypted_email
tests/test_hash.py::test_invenio_aes_encrypted_email
tests/test_hash.py::test_invenio_aes_encrypted_email
tests/test_hash.py::test_invenio_aes_encrypted_email
tests/test_hash.py::test_invenio_aes_encrypted_email
tests/test_hash.py::test_invenio_aes_encrypted_email
tests/test_hash.py::test_invenio_aes_encrypted_email
tests/test_hash.py::test_invenio_aes_encrypted_email
tests/test_hash.py::test_invenio_aes_encrypted_email
tests/test_hash.py::test_invenio_aes_encrypted_email
tests/test_hash.py::test_invenio_aes_encrypted_email
tests/test_hash.py::test_invenio_aes_encrypted_email
tests/test_hash.py::test_invenio_aes_encrypted_email
tests/test_hash.py::test_invenio_aes_encrypted_email
tests/test_hash.py::test_invenio_aes_encrypted_email
tests/test_hash.py::test_invenio_aes_encrypted_email
tests/test_hash.py::test_invenio_aes_encrypted_email
tests/test_hash.py::test_invenio_aes_encrypted_email
tests/test_hash.py::test_invenio_aes_encrypted_email
tests/test_hash.py::test_invenio_aes_encrypted_email
tests/test_hash.py::test_invenio_aes_encrypted_email
tests/test_hash.py::test_invenio_aes_encrypted_email
tests/test_hash.py::test_invenio_aes_encrypted_email
tests/test_hash.py::test_invenio_aes_encrypted_email
tests/test_hash.py::test_invenio_aes_encrypted_email
tests/test_hash.py::test_invenio_aes_encrypted_email
tests/test_hash.py::test_invenio_aes_encrypted_email
tests/test_hash.py::test_invenio_aes_encrypted_email
tests/test_hash.py::test_invenio_aes_encrypted_email
tests/test_hash.py::test_invenio_aes_encrypted_email
tests/test_hash.py::test_invenio_aes_encrypted_email
tests/test_hash.py::test_invenio_aes_encrypted_email
tests/test_hash.py::test_invenio_aes_encrypted_email
tests/test_hash.py::test_invenio_aes_encrypted_email
tests/test_hash.py::test_invenio_aes_encrypted_email
tests/test_hash.py::test_invenio_aes_encrypted_email
tests/test_hash.py::test_invenio_aes_encrypted_email
tests/test_hash.py::test_invenio_aes_encrypted_email
tests/test_hash.py::test_invenio_aes_encrypted_email
tests/test_hash.py::test_invenio_aes_encrypted_email
tests/test_hash.py::test_invenio_aes_encrypted_email
tests/test_hash.py::test_invenio_aes_encrypted_email
tests/test_hash.py::test_user_login
tests/test_hash.py::test_user_login
tests/test_hash.py::test_user_login
tests/test_hash.py::test_user_login
tests/test_hash.py::test_user_login
tests/test_hash.py::test_user_login
tests/test_hash.py::test_user_login
tests/test_hash.py::test_user_login
tests/test_hash.py::test_user_login
tests/test_hash.py::test_user_login
tests/test_hash.py::test_user_login
tests/test_hash.py::test_user_login
tests/test_hash.py::test_user_login
tests/test_hash.py::test_user_login
tests/test_hash.py::test_user_login
tests/test_hash.py::test_user_login
tests/test_hash.py::test_user_login
tests/test_hash.py::test_user_login
tests/test_hash.py::test_user_login
tests/test_hash.py::test_user_login
tests/test_hash.py::test_user_login
tests/test_hash.py::test_user_login
tests/test_hash.py::test_user_login
tests/test_hash.py::test_user_login
tests/test_hash.py::test_user_login
tests/test_hash.py::test_user_login
tests/test_hash.py::test_user_login
tests/test_hash.py::test_user_login
tests/test_hash.py::test_user_login
tests/test_hash.py::test_user_login
tests/test_hash.py::test_user_login
tests/test_hash.py::test_user_login
tests/test_hash.py::test_user_login
tests/test_hash.py::test_user_login
tests/test_hash.py::test_user_login
tests/test_hash.py::test_user_login
tests/test_hash.py::test_user_login
tests/test_hash.py::test_user_login
tests/test_hash.py::test_user_login
tests/test_hash.py::test_user_login
tests/test_hash.py::test_user_login
tests/test_hash.py::test_user_login
tests/test_hash.py::test_user_login
tests/test_hash.py::test_user_login
tests/test_hash.py::test_legacy_user_login
tests/test_hash.py::test_legacy_user_login
tests/test_hash.py::test_legacy_user_login
tests/test_hash.py::test_legacy_user_login
tests/test_hash.py::test_legacy_user_login
tests/test_hash.py::test_legacy_user_login
tests/test_hash.py::test_legacy_user_login
tests/test_hash.py::test_legacy_user_login
tests/test_hash.py::test_legacy_user_login
tests/test_hash.py::test_legacy_user_login
tests/test_hash.py::test_legacy_user_login
tests/test_hash.py::test_legacy_user_login
tests/test_hash.py::test_legacy_user_login
tests/test_hash.py::test_legacy_user_login
tests/test_hash.py::test_legacy_user_login
tests/test_hash.py::test_legacy_user_login
tests/test_hash.py::test_legacy_user_login
tests/test_hash.py::test_legacy_user_login
tests/test_hash.py::test_legacy_user_login
tests/test_hash.py::test_legacy_user_login
tests/test_hash.py::test_legacy_user_login
tests/test_hash.py::test_legacy_user_login
tests/test_hash.py::test_legacy_user_login
tests/test_hash.py::test_legacy_user_login
tests/test_hash.py::test_legacy_user_login
tests/test_hash.py::test_legacy_user_login
tests/test_hash.py::test_legacy_user_login
tests/test_hash.py::test_legacy_user_login
tests/test_hash.py::test_legacy_user_login
tests/test_hash.py::test_legacy_user_login
tests/test_hash.py::test_legacy_user_login
tests/test_hash.py::test_legacy_user_login
tests/test_hash.py::test_legacy_user_login
tests/test_hash.py::test_legacy_user_login
tests/test_hash.py::test_legacy_user_login
tests/test_hash.py::test_legacy_user_login
tests/test_hash.py::test_legacy_user_login
tests/test_hash.py::test_legacy_user_login
tests/test_hash.py::test_legacy_user_login
tests/test_hash.py::test_legacy_user_login
tests/test_hash.py::test_legacy_user_login
tests/test_hash.py::test_legacy_user_login
tests/test_hash.py::test_legacy_user_login
tests/test_hash.py::test_legacy_user_login
tests/test_hash.py::test_monkey_patch
tests/test_hash.py::test_monkey_patch
tests/test_hash.py::test_monkey_patch
tests/test_hash.py::test_monkey_patch
tests/test_hash.py::test_monkey_patch
tests/test_hash.py::test_monkey_patch
tests/test_hash.py::test_monkey_patch
tests/test_hash.py::test_monkey_patch
tests/test_hash.py::test_monkey_patch
tests/test_hash.py::test_monkey_patch
tests/test_hash.py::test_monkey_patch
tests/test_hash.py::test_monkey_patch
tests/test_hash.py::test_monkey_patch
tests/test_hash.py::test_monkey_patch
tests/test_hash.py::test_monkey_patch
tests/test_hash.py::test_monkey_patch
tests/test_hash.py::test_monkey_patch
tests/test_hash.py::test_monkey_patch
tests/test_hash.py::test_monkey_patch
tests/test_hash.py::test_monkey_patch
tests/test_hash.py::test_monkey_patch
tests/test_hash.py::test_monkey_patch
tests/test_hash.py::test_monkey_patch
tests/test_hash.py::test_monkey_patch
tests/test_hash.py::test_monkey_patch
tests/test_hash.py::test_monkey_patch
tests/test_hash.py::test_monkey_patch
tests/test_hash.py::test_monkey_patch
tests/test_hash.py::test_monkey_patch
tests/test_hash.py::test_monkey_patch
tests/test_hash.py::test_monkey_patch
tests/test_hash.py::test_monkey_patch
tests/test_hash.py::test_monkey_patch
tests/test_hash.py::test_monkey_patch
tests/test_hash.py::test_monkey_patch
tests/test_hash.py::test_monkey_patch
tests/test_hash.py::test_monkey_patch
tests/test_hash.py::test_monkey_patch
tests/test_hash.py::test_monkey_patch
tests/test_hash.py::test_monkey_patch
tests/test_hash.py::test_monkey_patch
tests/test_hash.py::test_monkey_patch
tests/test_hash.py::test_monkey_patch
tests/test_hash.py::test_monkey_patch
tests/test_hash.py::test_monkey_patch_legacy
tests/test_hash.py::test_monkey_patch_legacy
tests/test_hash.py::test_monkey_patch_legacy
tests/test_hash.py::test_monkey_patch_legacy
tests/test_hash.py::test_monkey_patch_legacy
tests/test_hash.py::test_monkey_patch_legacy
tests/test_hash.py::test_monkey_patch_legacy
tests/test_hash.py::test_monkey_patch_legacy
tests/test_hash.py::test_monkey_patch_legacy
tests/test_hash.py::test_monkey_patch_legacy
tests/test_hash.py::test_monkey_patch_legacy
tests/test_hash.py::test_monkey_patch_legacy
tests/test_hash.py::test_monkey_patch_legacy
tests/test_hash.py::test_monkey_patch_legacy
tests/test_hash.py::test_monkey_patch_legacy
tests/test_hash.py::test_monkey_patch_legacy
tests/test_hash.py::test_monkey_patch_legacy
tests/test_hash.py::test_monkey_patch_legacy
tests/test_hash.py::test_monkey_patch_legacy
tests/test_hash.py::test_monkey_patch_legacy
tests/test_hash.py::test_monkey_patch_legacy
tests/test_hash.py::test_monkey_patch_legacy
tests/test_hash.py::test_monkey_patch_legacy
tests/test_hash.py::test_monkey_patch_legacy
tests/test_hash.py::test_monkey_patch_legacy
tests/test_hash.py::test_monkey_patch_legacy
tests/test_hash.py::test_monkey_patch_legacy
tests/test_hash.py::test_monkey_patch_legacy
tests/test_hash.py::test_monkey_patch_legacy
tests/test_hash.py::test_monkey_patch_legacy
tests/test_hash.py::test_monkey_patch_legacy
tests/test_hash.py::test_monkey_patch_legacy
tests/test_hash.py::test_monkey_patch_legacy
tests/test_hash.py::test_monkey_patch_legacy
tests/test_hash.py::test_monkey_patch_legacy
tests/test_hash.py::test_monkey_patch_legacy
tests/test_hash.py::test_monkey_patch_legacy
tests/test_hash.py::test_monkey_patch_legacy
tests/test_hash.py::test_monkey_patch_legacy
tests/test_hash.py::test_monkey_patch_legacy
tests/test_hash.py::test_monkey_patch_legacy
tests/test_hash.py::test_monkey_patch_legacy
tests/test_hash.py::test_monkey_patch_legacy
tests/test_hash.py::test_monkey_patch_legacy
tests/test_invenio_accounts.py::test_init
tests/test_invenio_accounts.py::test_init
tests/test_invenio_accounts.py::test_init
tests/test_invenio_accounts.py::test_init
tests/test_invenio_accounts.py::test_init
tests/test_invenio_accounts.py::test_init
tests/test_invenio_accounts.py::test_init
tests/test_invenio_accounts.py::test_init
tests/test_invenio_accounts.py::test_init
tests/test_invenio_accounts.py::test_init
tests/test_invenio_accounts.py::test_init
tests/test_invenio_accounts.py::test_init
tests/test_invenio_accounts.py::test_init
tests/test_invenio_accounts.py::test_init
tests/test_invenio_accounts.py::test_init
tests/test_invenio_accounts.py::test_init
tests/test_invenio_accounts.py::test_init
tests/test_invenio_accounts.py::test_init
tests/test_invenio_accounts.py::test_init
tests/test_invenio_accounts.py::test_init
tests/test_invenio_accounts.py::test_init
tests/test_invenio_accounts.py::test_init
tests/test_invenio_accounts.py::test_init
tests/test_invenio_accounts.py::test_init
tests/test_invenio_accounts.py::test_init
tests/test_invenio_accounts.py::test_init
tests/test_invenio_accounts.py::test_init
tests/test_invenio_accounts.py::test_init
tests/test_invenio_accounts.py::test_init
tests/test_invenio_accounts.py::test_init
tests/test_invenio_accounts.py::test_init
tests/test_invenio_accounts.py::test_init
tests/test_invenio_accounts.py::test_init
tests/test_invenio_accounts.py::test_init
tests/test_invenio_accounts.py::test_init
tests/test_invenio_accounts.py::test_init
tests/test_invenio_accounts.py::test_init
tests/test_invenio_accounts.py::test_init
tests/test_invenio_accounts.py::test_init
tests/test_invenio_accounts.py::test_init
tests/test_invenio_accounts.py::test_init
tests/test_invenio_accounts.py::test_init
tests/test_invenio_accounts.py::test_init
tests/test_invenio_accounts.py::test_init
tests/test_invenio_accounts.py::test_init
tests/test_invenio_accounts.py::test_init
tests/test_invenio_accounts.py::test_init
tests/test_invenio_accounts.py::test_init
tests/test_invenio_accounts.py::test_init
tests/test_invenio_accounts.py::test_init
tests/test_invenio_accounts.py::test_init
tests/test_invenio_accounts.py::test_init
tests/test_invenio_accounts.py::test_init
tests/test_invenio_accounts.py::test_init
tests/test_invenio_accounts.py::test_init
tests/test_invenio_accounts.py::test_init
tests/test_invenio_accounts.py::test_init
tests/test_invenio_accounts.py::test_init
tests/test_invenio_accounts.py::test_init
tests/test_invenio_accounts.py::test_init
tests/test_invenio_accounts.py::test_init
tests/test_invenio_accounts.py::test_init
tests/test_invenio_accounts.py::test_init
tests/test_invenio_accounts.py::test_init
tests/test_invenio_accounts.py::test_init
tests/test_invenio_accounts.py::test_init
tests/test_invenio_accounts.py::test_init
tests/test_invenio_accounts.py::test_init
tests/test_invenio_accounts.py::test_init
tests/test_invenio_accounts.py::test_init
tests/test_invenio_accounts.py::test_init
tests/test_invenio_accounts.py::test_init
tests/test_invenio_accounts.py::test_init
tests/test_invenio_accounts.py::test_init
tests/test_invenio_accounts.py::test_init
tests/test_invenio_accounts.py::test_init
tests/test_invenio_accounts.py::test_init
tests/test_invenio_accounts.py::test_init
tests/test_invenio_accounts.py::test_init
tests/test_invenio_accounts.py::test_init
tests/test_invenio_accounts.py::test_init
tests/test_invenio_accounts.py::test_init
tests/test_invenio_accounts.py::test_init
tests/test_invenio_accounts.py::test_init
tests/test_invenio_accounts.py::test_init
tests/test_invenio_accounts.py::test_init
tests/test_invenio_accounts.py::test_init
tests/test_invenio_accounts.py::test_init
tests/test_invenio_accounts.py::test_init_rest
tests/test_invenio_accounts.py::test_init_rest
tests/test_invenio_accounts.py::test_init_rest
tests/test_invenio_accounts.py::test_init_rest
tests/test_invenio_accounts.py::test_init_rest
tests/test_invenio_accounts.py::test_init_rest
tests/test_invenio_accounts.py::test_init_rest
tests/test_invenio_accounts.py::test_init_rest
tests/test_invenio_accounts.py::test_init_rest
tests/test_invenio_accounts.py::test_init_rest
tests/test_invenio_accounts.py::test_init_rest
tests/test_invenio_accounts.py::test_init_rest
tests/test_invenio_accounts.py::test_init_rest
tests/test_invenio_accounts.py::test_init_rest
tests/test_invenio_accounts.py::test_init_rest
tests/test_invenio_accounts.py::test_init_rest
tests/test_invenio_accounts.py::test_init_rest
tests/test_invenio_accounts.py::test_init_rest
tests/test_invenio_accounts.py::test_init_rest
tests/test_invenio_accounts.py::test_init_rest
tests/test_invenio_accounts.py::test_init_rest
tests/test_invenio_accounts.py::test_init_rest
tests/test_invenio_accounts.py::test_init_rest
tests/test_invenio_accounts.py::test_init_rest
tests/test_invenio_accounts.py::test_init_rest
tests/test_invenio_accounts.py::test_init_rest
tests/test_invenio_accounts.py::test_init_rest
tests/test_invenio_accounts.py::test_init_rest
tests/test_invenio_accounts.py::test_init_rest
tests/test_invenio_accounts.py::test_init_rest
tests/test_invenio_accounts.py::test_init_rest
tests/test_invenio_accounts.py::test_init_rest
tests/test_invenio_accounts.py::test_init_rest
tests/test_invenio_accounts.py::test_init_rest
tests/test_invenio_accounts.py::test_init_rest
tests/test_invenio_accounts.py::test_init_rest
tests/test_invenio_accounts.py::test_init_rest
tests/test_invenio_accounts.py::test_init_rest
tests/test_invenio_accounts.py::test_init_rest
tests/test_invenio_accounts.py::test_init_rest
tests/test_invenio_accounts.py::test_init_rest
tests/test_invenio_accounts.py::test_init_rest
tests/test_invenio_accounts.py::test_init_rest
tests/test_invenio_accounts.py::test_init_rest
tests/test_invenio_accounts.py::test_init_rest
tests/test_invenio_accounts.py::test_init_rest
tests/test_invenio_accounts.py::test_init_rest
tests/test_invenio_accounts.py::test_init_rest
tests/test_invenio_accounts.py::test_init_rest
tests/test_invenio_accounts.py::test_init_rest
tests/test_invenio_accounts.py::test_init_rest
tests/test_invenio_accounts.py::test_init_rest
tests/test_invenio_accounts.py::test_init_rest
tests/test_invenio_accounts.py::test_init_rest
tests/test_invenio_accounts.py::test_init_rest
tests/test_invenio_accounts.py::test_init_rest
tests/test_invenio_accounts.py::test_init_rest
tests/test_invenio_accounts.py::test_init_rest
tests/test_invenio_accounts.py::test_init_rest
tests/test_invenio_accounts.py::test_init_rest
tests/test_invenio_accounts.py::test_init_rest
tests/test_invenio_accounts.py::test_init_rest
tests/test_invenio_accounts.py::test_init_rest
tests/test_invenio_accounts.py::test_init_rest
tests/test_invenio_accounts.py::test_init_rest
tests/test_invenio_accounts.py::test_init_rest
tests/test_invenio_accounts.py::test_init_rest
tests/test_invenio_accounts.py::test_init_rest
tests/test_invenio_accounts.py::test_init_rest
tests/test_invenio_accounts.py::test_init_rest
tests/test_invenio_accounts.py::test_init_rest
tests/test_invenio_accounts.py::test_init_rest
tests/test_invenio_accounts.py::test_init_rest
tests/test_invenio_accounts.py::test_init_rest
tests/test_invenio_accounts.py::test_init_rest
tests/test_invenio_accounts.py::test_init_rest
tests/test_invenio_accounts.py::test_init_rest
tests/test_invenio_accounts.py::test_init_rest
tests/test_invenio_accounts.py::test_init_rest
tests/test_invenio_accounts.py::test_init_rest
tests/test_invenio_accounts.py::test_init_rest
tests/test_invenio_accounts.py::test_init_rest
tests/test_invenio_accounts.py::test_init_rest
tests/test_invenio_accounts.py::test_init_rest
tests/test_invenio_accounts.py::test_init_rest
tests/test_invenio_accounts.py::test_init_rest
tests/test_invenio_accounts.py::test_init_rest
tests/test_invenio_accounts.py::test_init_rest
tests/test_invenio_accounts.py::test_init_rest
tests/test_invenio_accounts.py::test_init_rest
tests/test_invenio_accounts.py::test_init_rest
tests/test_invenio_accounts.py::test_init_rest
tests/test_invenio_accounts.py::test_init_rest
tests/test_invenio_accounts.py::test_init_rest
tests/test_invenio_accounts.py::test_init_rest
tests/test_invenio_accounts.py::test_init_rest
tests/test_invenio_accounts.py::test_init_rest
tests/test_invenio_accounts.py::test_init_rest
tests/test_invenio_accounts.py::test_init_rest
tests/test_invenio_accounts.py::test_init_rest
tests/test_invenio_accounts.py::test_init_rest
tests/test_invenio_accounts.py::test_init_rest
tests/test_invenio_accounts.py::test_init_rest
tests/test_invenio_accounts.py::test_init_rest
tests/test_invenio_accounts.py::test_init_rest
tests/test_invenio_accounts.py::test_init_rest
tests/test_invenio_accounts.py::test_init_rest
tests/test_invenio_accounts.py::test_init_rest
tests/test_invenio_accounts.py::test_init_rest
tests/test_invenio_accounts.py::test_init_rest
tests/test_invenio_accounts.py::test_init_rest
tests/test_invenio_accounts.py::test_init_rest
tests/test_invenio_accounts.py::test_init_rest
tests/test_invenio_accounts.py::test_init_rest
tests/test_invenio_accounts.py::test_init_rest
tests/test_invenio_accounts.py::test_init_rest
tests/test_invenio_accounts.py::test_init_rest
tests/test_invenio_accounts.py::test_init_rest
tests/test_invenio_accounts.py::test_init_rest
tests/test_invenio_accounts.py::test_init_rest
tests/test_invenio_accounts.py::test_init_rest
tests/test_invenio_accounts.py::test_init_rest
tests/test_invenio_accounts.py::test_init_rest
tests/test_invenio_accounts.py::test_init_rest
tests/test_invenio_accounts.py::test_init_rest
tests/test_invenio_accounts.py::test_init_rest
tests/test_invenio_accounts.py::test_init_rest
tests/test_invenio_accounts.py::test_init_rest
tests/test_invenio_accounts.py::test_init_rest
tests/test_invenio_accounts.py::test_init_rest
tests/test_invenio_accounts.py::test_init_rest
tests/test_invenio_accounts.py::test_init_rest
tests/test_invenio_accounts.py::test_alembic
tests/test_invenio_accounts.py::test_alembic
tests/test_invenio_accounts.py::test_alembic
tests/test_invenio_accounts.py::test_alembic
tests/test_invenio_accounts.py::test_alembic
tests/test_invenio_accounts.py::test_alembic
tests/test_invenio_accounts.py::test_alembic
tests/test_invenio_accounts.py::test_alembic
tests/test_invenio_accounts.py::test_alembic
tests/test_invenio_accounts.py::test_alembic
tests/test_invenio_accounts.py::test_alembic
tests/test_invenio_accounts.py::test_alembic
tests/test_invenio_accounts.py::test_alembic
tests/test_invenio_accounts.py::test_alembic
tests/test_invenio_accounts.py::test_alembic
tests/test_invenio_accounts.py::test_alembic
tests/test_invenio_accounts.py::test_alembic
tests/test_invenio_accounts.py::test_alembic
tests/test_invenio_accounts.py::test_alembic
tests/test_invenio_accounts.py::test_alembic
tests/test_invenio_accounts.py::test_alembic
tests/test_invenio_accounts.py::test_alembic
tests/test_invenio_accounts.py::test_alembic
tests/test_invenio_accounts.py::test_alembic
tests/test_invenio_accounts.py::test_alembic
tests/test_invenio_accounts.py::test_alembic
tests/test_invenio_accounts.py::test_alembic
tests/test_invenio_accounts.py::test_alembic
tests/test_invenio_accounts.py::test_alembic
tests/test_invenio_accounts.py::test_alembic
tests/test_invenio_accounts.py::test_alembic
tests/test_invenio_accounts.py::test_alembic
tests/test_invenio_accounts.py::test_alembic
tests/test_invenio_accounts.py::test_alembic
tests/test_invenio_accounts.py::test_alembic
tests/test_invenio_accounts.py::test_alembic
tests/test_invenio_accounts.py::test_alembic
tests/test_invenio_accounts.py::test_alembic
tests/test_invenio_accounts.py::test_alembic
tests/test_invenio_accounts.py::test_alembic
tests/test_invenio_accounts.py::test_alembic
tests/test_invenio_accounts.py::test_alembic
tests/test_invenio_accounts.py::test_alembic
tests/test_invenio_accounts.py::test_alembic
tests/test_invenio_accounts.py::test_datastore_usercreate
tests/test_invenio_accounts.py::test_datastore_usercreate
tests/test_invenio_accounts.py::test_datastore_usercreate
tests/test_invenio_accounts.py::test_datastore_usercreate
tests/test_invenio_accounts.py::test_datastore_usercreate
tests/test_invenio_accounts.py::test_datastore_usercreate
tests/test_invenio_accounts.py::test_datastore_usercreate
tests/test_invenio_accounts.py::test_datastore_usercreate
tests/test_invenio_accounts.py::test_datastore_usercreate
tests/test_invenio_accounts.py::test_datastore_usercreate
tests/test_invenio_accounts.py::test_datastore_usercreate
tests/test_invenio_accounts.py::test_datastore_usercreate
tests/test_invenio_accounts.py::test_datastore_usercreate
tests/test_invenio_accounts.py::test_datastore_usercreate
tests/test_invenio_accounts.py::test_datastore_usercreate
tests/test_invenio_accounts.py::test_datastore_usercreate
tests/test_invenio_accounts.py::test_datastore_usercreate
tests/test_invenio_accounts.py::test_datastore_usercreate
tests/test_invenio_accounts.py::test_datastore_usercreate
tests/test_invenio_accounts.py::test_datastore_usercreate
tests/test_invenio_accounts.py::test_datastore_usercreate
tests/test_invenio_accounts.py::test_datastore_usercreate
tests/test_invenio_accounts.py::test_datastore_usercreate
tests/test_invenio_accounts.py::test_datastore_usercreate
tests/test_invenio_accounts.py::test_datastore_usercreate
tests/test_invenio_accounts.py::test_datastore_usercreate
tests/test_invenio_accounts.py::test_datastore_usercreate
tests/test_invenio_accounts.py::test_datastore_usercreate
tests/test_invenio_accounts.py::test_datastore_usercreate
tests/test_invenio_accounts.py::test_datastore_usercreate
tests/test_invenio_accounts.py::test_datastore_usercreate
tests/test_invenio_accounts.py::test_datastore_usercreate
tests/test_invenio_accounts.py::test_datastore_usercreate
tests/test_invenio_accounts.py::test_datastore_usercreate
tests/test_invenio_accounts.py::test_datastore_usercreate
tests/test_invenio_accounts.py::test_datastore_usercreate
tests/test_invenio_accounts.py::test_datastore_usercreate
tests/test_invenio_accounts.py::test_datastore_usercreate
tests/test_invenio_accounts.py::test_datastore_usercreate
tests/test_invenio_accounts.py::test_datastore_usercreate
tests/test_invenio_accounts.py::test_datastore_usercreate
tests/test_invenio_accounts.py::test_datastore_usercreate
tests/test_invenio_accounts.py::test_datastore_usercreate
tests/test_invenio_accounts.py::test_datastore_usercreate
tests/test_invenio_accounts.py::test_datastore_rolecreate
tests/test_invenio_accounts.py::test_datastore_rolecreate
tests/test_invenio_accounts.py::test_datastore_rolecreate
tests/test_invenio_accounts.py::test_datastore_rolecreate
tests/test_invenio_accounts.py::test_datastore_rolecreate
tests/test_invenio_accounts.py::test_datastore_rolecreate
tests/test_invenio_accounts.py::test_datastore_rolecreate
tests/test_invenio_accounts.py::test_datastore_rolecreate
tests/test_invenio_accounts.py::test_datastore_rolecreate
tests/test_invenio_accounts.py::test_datastore_rolecreate
tests/test_invenio_accounts.py::test_datastore_rolecreate
tests/test_invenio_accounts.py::test_datastore_rolecreate
tests/test_invenio_accounts.py::test_datastore_rolecreate
tests/test_invenio_accounts.py::test_datastore_rolecreate
tests/test_invenio_accounts.py::test_datastore_rolecreate
tests/test_invenio_accounts.py::test_datastore_rolecreate
tests/test_invenio_accounts.py::test_datastore_rolecreate
tests/test_invenio_accounts.py::test_datastore_rolecreate
tests/test_invenio_accounts.py::test_datastore_rolecreate
tests/test_invenio_accounts.py::test_datastore_rolecreate
tests/test_invenio_accounts.py::test_datastore_rolecreate
tests/test_invenio_accounts.py::test_datastore_rolecreate
tests/test_invenio_accounts.py::test_datastore_rolecreate
tests/test_invenio_accounts.py::test_datastore_rolecreate
tests/test_invenio_accounts.py::test_datastore_rolecreate
tests/test_invenio_accounts.py::test_datastore_rolecreate
tests/test_invenio_accounts.py::test_datastore_rolecreate
tests/test_invenio_accounts.py::test_datastore_rolecreate
tests/test_invenio_accounts.py::test_datastore_rolecreate
tests/test_invenio_accounts.py::test_datastore_rolecreate
tests/test_invenio_accounts.py::test_datastore_rolecreate
tests/test_invenio_accounts.py::test_datastore_rolecreate
tests/test_invenio_accounts.py::test_datastore_rolecreate
tests/test_invenio_accounts.py::test_datastore_rolecreate
tests/test_invenio_accounts.py::test_datastore_rolecreate
tests/test_invenio_accounts.py::test_datastore_rolecreate
tests/test_invenio_accounts.py::test_datastore_rolecreate
tests/test_invenio_accounts.py::test_datastore_rolecreate
tests/test_invenio_accounts.py::test_datastore_rolecreate
tests/test_invenio_accounts.py::test_datastore_rolecreate
tests/test_invenio_accounts.py::test_datastore_rolecreate
tests/test_invenio_accounts.py::test_datastore_rolecreate
tests/test_invenio_accounts.py::test_datastore_rolecreate
tests/test_invenio_accounts.py::test_datastore_rolecreate
tests/test_invenio_accounts.py::test_datastore_assignrole
tests/test_invenio_accounts.py::test_datastore_assignrole
tests/test_invenio_accounts.py::test_datastore_assignrole
tests/test_invenio_accounts.py::test_datastore_assignrole
tests/test_invenio_accounts.py::test_datastore_assignrole
tests/test_invenio_accounts.py::test_datastore_assignrole
tests/test_invenio_accounts.py::test_datastore_assignrole
tests/test_invenio_accounts.py::test_datastore_assignrole
tests/test_invenio_accounts.py::test_datastore_assignrole
tests/test_invenio_accounts.py::test_datastore_assignrole
tests/test_invenio_accounts.py::test_datastore_assignrole
tests/test_invenio_accounts.py::test_datastore_assignrole
tests/test_invenio_accounts.py::test_datastore_assignrole
tests/test_invenio_accounts.py::test_datastore_assignrole
tests/test_invenio_accounts.py::test_datastore_assignrole
tests/test_invenio_accounts.py::test_datastore_assignrole
tests/test_invenio_accounts.py::test_datastore_assignrole
tests/test_invenio_accounts.py::test_datastore_assignrole
tests/test_invenio_accounts.py::test_datastore_assignrole
tests/test_invenio_accounts.py::test_datastore_assignrole
tests/test_invenio_accounts.py::test_datastore_assignrole
tests/test_invenio_accounts.py::test_datastore_assignrole
tests/test_invenio_accounts.py::test_datastore_assignrole
tests/test_invenio_accounts.py::test_datastore_assignrole
tests/test_invenio_accounts.py::test_datastore_assignrole
tests/test_invenio_accounts.py::test_datastore_assignrole
tests/test_invenio_accounts.py::test_datastore_assignrole
tests/test_invenio_accounts.py::test_datastore_assignrole
tests/test_invenio_accounts.py::test_datastore_assignrole
tests/test_invenio_accounts.py::test_datastore_assignrole
tests/test_invenio_accounts.py::test_datastore_assignrole
tests/test_invenio_accounts.py::test_datastore_assignrole
tests/test_invenio_accounts.py::test_datastore_assignrole
tests/test_invenio_accounts.py::test_datastore_assignrole
tests/test_invenio_accounts.py::test_datastore_assignrole
tests/test_invenio_accounts.py::test_datastore_assignrole
tests/test_invenio_accounts.py::test_datastore_assignrole
tests/test_invenio_accounts.py::test_datastore_assignrole
tests/test_invenio_accounts.py::test_datastore_assignrole
tests/test_invenio_accounts.py::test_datastore_assignrole
tests/test_invenio_accounts.py::test_datastore_assignrole
tests/test_invenio_accounts.py::test_datastore_assignrole
tests/test_invenio_accounts.py::test_datastore_assignrole
tests/test_invenio_accounts.py::test_datastore_assignrole
tests/test_invenio_accounts.py::test_view
tests/test_invenio_accounts.py::test_view
tests/test_invenio_accounts.py::test_view
tests/test_invenio_accounts.py::test_view
tests/test_invenio_accounts.py::test_view
tests/test_invenio_accounts.py::test_view
tests/test_invenio_accounts.py::test_view
tests/test_invenio_accounts.py::test_view
tests/test_invenio_accounts.py::test_view
tests/test_invenio_accounts.py::test_view
tests/test_invenio_accounts.py::test_view
tests/test_invenio_accounts.py::test_view
tests/test_invenio_accounts.py::test_view
tests/test_invenio_accounts.py::test_view
tests/test_invenio_accounts.py::test_view
tests/test_invenio_accounts.py::test_view
tests/test_invenio_accounts.py::test_view
tests/test_invenio_accounts.py::test_view
tests/test_invenio_accounts.py::test_view
tests/test_invenio_accounts.py::test_view
tests/test_invenio_accounts.py::test_view
tests/test_invenio_accounts.py::test_view
tests/test_invenio_accounts.py::test_view
tests/test_invenio_accounts.py::test_view
tests/test_invenio_accounts.py::test_view
tests/test_invenio_accounts.py::test_view
tests/test_invenio_accounts.py::test_view
tests/test_invenio_accounts.py::test_view
tests/test_invenio_accounts.py::test_view
tests/test_invenio_accounts.py::test_view
tests/test_invenio_accounts.py::test_view
tests/test_invenio_accounts.py::test_view
tests/test_invenio_accounts.py::test_view
tests/test_invenio_accounts.py::test_view
tests/test_invenio_accounts.py::test_view
tests/test_invenio_accounts.py::test_view
tests/test_invenio_accounts.py::test_view
tests/test_invenio_accounts.py::test_view
tests/test_invenio_accounts.py::test_view
tests/test_invenio_accounts.py::test_view
tests/test_invenio_accounts.py::test_view
tests/test_invenio_accounts.py::test_view
tests/test_invenio_accounts.py::test_view
tests/test_invenio_accounts.py::test_view
tests/test_invenio_accounts.py::test_configuration
tests/test_invenio_accounts.py::test_configuration
tests/test_invenio_accounts.py::test_configuration
tests/test_invenio_accounts.py::test_configuration
tests/test_invenio_accounts.py::test_configuration
tests/test_invenio_accounts.py::test_configuration
tests/test_invenio_accounts.py::test_configuration
tests/test_invenio_accounts.py::test_configuration
tests/test_invenio_accounts.py::test_configuration
tests/test_invenio_accounts.py::test_configuration
tests/test_invenio_accounts.py::test_configuration
tests/test_invenio_accounts.py::test_configuration
tests/test_invenio_accounts.py::test_configuration
tests/test_invenio_accounts.py::test_configuration
tests/test_invenio_accounts.py::test_configuration
tests/test_invenio_accounts.py::test_configuration
tests/test_invenio_accounts.py::test_configuration
tests/test_invenio_accounts.py::test_configuration
tests/test_invenio_accounts.py::test_configuration
tests/test_invenio_accounts.py::test_configuration
tests/test_invenio_accounts.py::test_configuration
tests/test_invenio_accounts.py::test_configuration
tests/test_invenio_accounts.py::test_configuration
tests/test_invenio_accounts.py::test_configuration
tests/test_invenio_accounts.py::test_configuration
tests/test_invenio_accounts.py::test_configuration
tests/test_invenio_accounts.py::test_configuration
tests/test_invenio_accounts.py::test_configuration
tests/test_invenio_accounts.py::test_configuration
tests/test_invenio_accounts.py::test_configuration
tests/test_invenio_accounts.py::test_configuration
tests/test_invenio_accounts.py::test_configuration
tests/test_invenio_accounts.py::test_configuration
tests/test_invenio_accounts.py::test_configuration
tests/test_invenio_accounts.py::test_configuration
tests/test_invenio_accounts.py::test_configuration
tests/test_invenio_accounts.py::test_configuration
tests/test_invenio_accounts.py::test_configuration
tests/test_invenio_accounts.py::test_configuration
tests/test_invenio_accounts.py::test_configuration
tests/test_invenio_accounts.py::test_configuration
tests/test_invenio_accounts.py::test_configuration
tests/test_invenio_accounts.py::test_configuration
tests/test_invenio_accounts.py::test_configuration
tests/test_invenio_accounts.py::test_cookies
tests/test_invenio_accounts.py::test_cookies
tests/test_invenio_accounts.py::test_cookies
tests/test_invenio_accounts.py::test_cookies
tests/test_invenio_accounts.py::test_cookies
tests/test_invenio_accounts.py::test_cookies
tests/test_invenio_accounts.py::test_cookies
tests/test_invenio_accounts.py::test_cookies
tests/test_invenio_accounts.py::test_cookies
tests/test_invenio_accounts.py::test_cookies
tests/test_invenio_accounts.py::test_cookies
tests/test_invenio_accounts.py::test_cookies
tests/test_invenio_accounts.py::test_cookies
tests/test_invenio_accounts.py::test_cookies
tests/test_invenio_accounts.py::test_cookies
tests/test_invenio_accounts.py::test_cookies
tests/test_invenio_accounts.py::test_cookies
tests/test_invenio_accounts.py::test_cookies
tests/test_invenio_accounts.py::test_cookies
tests/test_invenio_accounts.py::test_cookies
tests/test_invenio_accounts.py::test_cookies
tests/test_invenio_accounts.py::test_cookies
tests/test_invenio_accounts.py::test_cookies
tests/test_invenio_accounts.py::test_cookies
tests/test_invenio_accounts.py::test_cookies
tests/test_invenio_accounts.py::test_cookies
tests/test_invenio_accounts.py::test_cookies
tests/test_invenio_accounts.py::test_cookies
tests/test_invenio_accounts.py::test_cookies
tests/test_invenio_accounts.py::test_cookies
tests/test_invenio_accounts.py::test_cookies
tests/test_invenio_accounts.py::test_cookies
tests/test_invenio_accounts.py::test_cookies
tests/test_invenio_accounts.py::test_cookies
tests/test_invenio_accounts.py::test_cookies
tests/test_invenio_accounts.py::test_cookies
tests/test_invenio_accounts.py::test_cookies
tests/test_invenio_accounts.py::test_cookies
tests/test_invenio_accounts.py::test_cookies
tests/test_invenio_accounts.py::test_cookies
tests/test_invenio_accounts.py::test_cookies
tests/test_invenio_accounts.py::test_cookies
tests/test_invenio_accounts.py::test_cookies
tests/test_invenio_accounts.py::test_cookies
tests/test_invenio_accounts.py::test_cookies
tests/test_invenio_accounts.py::test_cookies
tests/test_invenio_accounts.py::test_cookies
tests/test_invenio_accounts.py::test_cookies
tests/test_invenio_accounts.py::test_cookies
tests/test_invenio_accounts.py::test_cookies
tests/test_invenio_accounts.py::test_cookies
tests/test_invenio_accounts.py::test_cookies
tests/test_invenio_accounts.py::test_cookies
tests/test_invenio_accounts.py::test_cookies
tests/test_invenio_accounts.py::test_cookies
tests/test_invenio_accounts.py::test_cookies
tests/test_invenio_accounts.py::test_cookies
tests/test_invenio_accounts.py::test_cookies
tests/test_invenio_accounts.py::test_cookies
tests/test_invenio_accounts.py::test_cookies
tests/test_invenio_accounts.py::test_cookies
tests/test_invenio_accounts.py::test_cookies
tests/test_invenio_accounts.py::test_cookies
tests/test_invenio_accounts.py::test_cookies
tests/test_invenio_accounts.py::test_cookies
tests/test_invenio_accounts.py::test_cookies
tests/test_invenio_accounts.py::test_cookies
tests/test_invenio_accounts.py::test_cookies
tests/test_invenio_accounts.py::test_cookies
tests/test_invenio_accounts.py::test_cookies
tests/test_invenio_accounts.py::test_cookies
tests/test_invenio_accounts.py::test_cookies
tests/test_invenio_accounts.py::test_cookies
tests/test_invenio_accounts.py::test_cookies
tests/test_invenio_accounts.py::test_cookies
tests/test_invenio_accounts.py::test_cookies
tests/test_invenio_accounts.py::test_cookies
tests/test_invenio_accounts.py::test_cookies
tests/test_invenio_accounts.py::test_cookies
tests/test_invenio_accounts.py::test_cookies
tests/test_invenio_accounts.py::test_cookies
tests/test_invenio_accounts.py::test_cookies
tests/test_invenio_accounts.py::test_cookies
tests/test_invenio_accounts.py::test_cookies
tests/test_invenio_accounts.py::test_cookies
tests/test_invenio_accounts.py::test_cookies
tests/test_invenio_accounts.py::test_cookies
tests/test_invenio_accounts.py::test_cookies
tests/test_invenio_accounts.py::test_kvsession_store_init
tests/test_invenio_accounts.py::test_kvsession_store_init
tests/test_invenio_accounts.py::test_kvsession_store_init
tests/test_invenio_accounts.py::test_kvsession_store_init
tests/test_invenio_accounts.py::test_kvsession_store_init
tests/test_invenio_accounts.py::test_kvsession_store_init
tests/test_invenio_accounts.py::test_kvsession_store_init
tests/test_invenio_accounts.py::test_kvsession_store_init
tests/test_invenio_accounts.py::test_kvsession_store_init
tests/test_invenio_accounts.py::test_kvsession_store_init
tests/test_invenio_accounts.py::test_kvsession_store_init
tests/test_invenio_accounts.py::test_kvsession_store_init
tests/test_invenio_accounts.py::test_kvsession_store_init
tests/test_invenio_accounts.py::test_kvsession_store_init
tests/test_invenio_accounts.py::test_kvsession_store_init
tests/test_invenio_accounts.py::test_kvsession_store_init
tests/test_invenio_accounts.py::test_kvsession_store_init
tests/test_invenio_accounts.py::test_kvsession_store_init
tests/test_invenio_accounts.py::test_kvsession_store_init
tests/test_invenio_accounts.py::test_kvsession_store_init
tests/test_invenio_accounts.py::test_kvsession_store_init
tests/test_invenio_accounts.py::test_kvsession_store_init
tests/test_invenio_accounts.py::test_kvsession_store_init
tests/test_invenio_accounts.py::test_kvsession_store_init
tests/test_invenio_accounts.py::test_kvsession_store_init
tests/test_invenio_accounts.py::test_kvsession_store_init
tests/test_invenio_accounts.py::test_kvsession_store_init
tests/test_invenio_accounts.py::test_kvsession_store_init
tests/test_invenio_accounts.py::test_kvsession_store_init
tests/test_invenio_accounts.py::test_kvsession_store_init
tests/test_invenio_accounts.py::test_kvsession_store_init
tests/test_invenio_accounts.py::test_kvsession_store_init
tests/test_invenio_accounts.py::test_kvsession_store_init
tests/test_invenio_accounts.py::test_kvsession_store_init
tests/test_invenio_accounts.py::test_kvsession_store_init
tests/test_invenio_accounts.py::test_kvsession_store_init
tests/test_invenio_accounts.py::test_kvsession_store_init
tests/test_invenio_accounts.py::test_kvsession_store_init
tests/test_invenio_accounts.py::test_kvsession_store_init
tests/test_invenio_accounts.py::test_kvsession_store_init
tests/test_invenio_accounts.py::test_kvsession_store_init
tests/test_invenio_accounts.py::test_kvsession_store_init
tests/test_invenio_accounts.py::test_kvsession_store_init
tests/test_invenio_accounts.py::test_kvsession_store_init
tests/test_invenio_accounts.py::test_headers_info
tests/test_invenio_accounts.py::test_headers_info
tests/test_invenio_accounts.py::test_headers_info
tests/test_invenio_accounts.py::test_headers_info
tests/test_invenio_accounts.py::test_headers_info
tests/test_invenio_accounts.py::test_headers_info
tests/test_invenio_accounts.py::test_headers_info
tests/test_invenio_accounts.py::test_headers_info
tests/test_invenio_accounts.py::test_headers_info
tests/test_invenio_accounts.py::test_headers_info
tests/test_invenio_accounts.py::test_headers_info
tests/test_invenio_accounts.py::test_headers_info
tests/test_invenio_accounts.py::test_headers_info
tests/test_invenio_accounts.py::test_headers_info
tests/test_invenio_accounts.py::test_headers_info
tests/test_invenio_accounts.py::test_headers_info
tests/test_invenio_accounts.py::test_headers_info
tests/test_invenio_accounts.py::test_headers_info
tests/test_invenio_accounts.py::test_headers_info
tests/test_invenio_accounts.py::test_headers_info
tests/test_invenio_accounts.py::test_headers_info
tests/test_invenio_accounts.py::test_headers_info
tests/test_invenio_accounts.py::test_headers_info
tests/test_invenio_accounts.py::test_headers_info
tests/test_invenio_accounts.py::test_headers_info
tests/test_invenio_accounts.py::test_headers_info
tests/test_invenio_accounts.py::test_headers_info
tests/test_invenio_accounts.py::test_headers_info
tests/test_invenio_accounts.py::test_headers_info
tests/test_invenio_accounts.py::test_headers_info
tests/test_invenio_accounts.py::test_headers_info
tests/test_invenio_accounts.py::test_headers_info
tests/test_invenio_accounts.py::test_headers_info
tests/test_invenio_accounts.py::test_headers_info
tests/test_invenio_accounts.py::test_headers_info
tests/test_invenio_accounts.py::test_headers_info
tests/test_invenio_accounts.py::test_headers_info
tests/test_invenio_accounts.py::test_headers_info
tests/test_invenio_accounts.py::test_headers_info
tests/test_invenio_accounts.py::test_headers_info
tests/test_invenio_accounts.py::test_headers_info
tests/test_invenio_accounts.py::test_headers_info
tests/test_invenio_accounts.py::test_headers_info
tests/test_invenio_accounts.py::test_headers_info
tests/test_models.py::test_session_activity_model
tests/test_models.py::test_session_activity_model
tests/test_models.py::test_session_activity_model
tests/test_models.py::test_session_activity_model
tests/test_models.py::test_session_activity_model
tests/test_models.py::test_session_activity_model
tests/test_models.py::test_session_activity_model
tests/test_models.py::test_session_activity_model
tests/test_models.py::test_session_activity_model
tests/test_models.py::test_session_activity_model
tests/test_models.py::test_session_activity_model
tests/test_models.py::test_session_activity_model
tests/test_models.py::test_session_activity_model
tests/test_models.py::test_session_activity_model
tests/test_models.py::test_session_activity_model
tests/test_models.py::test_session_activity_model
tests/test_models.py::test_session_activity_model
tests/test_models.py::test_session_activity_model
tests/test_models.py::test_session_activity_model
tests/test_models.py::test_session_activity_model
tests/test_models.py::test_session_activity_model
tests/test_models.py::test_session_activity_model
tests/test_models.py::test_session_activity_model
tests/test_models.py::test_session_activity_model
tests/test_models.py::test_session_activity_model
tests/test_models.py::test_session_activity_model
tests/test_models.py::test_session_activity_model
tests/test_models.py::test_session_activity_model
tests/test_models.py::test_session_activity_model
tests/test_models.py::test_session_activity_model
tests/test_models.py::test_session_activity_model
tests/test_models.py::test_session_activity_model
tests/test_models.py::test_session_activity_model
tests/test_models.py::test_session_activity_model
tests/test_models.py::test_session_activity_model
tests/test_models.py::test_session_activity_model
tests/test_models.py::test_session_activity_model
tests/test_models.py::test_session_activity_model
tests/test_models.py::test_session_activity_model
tests/test_models.py::test_session_activity_model
tests/test_models.py::test_session_activity_model
tests/test_models.py::test_session_activity_model
tests/test_models.py::test_session_activity_model
tests/test_models.py::test_session_activity_model
tests/test_sessions.py::test_login_listener
tests/test_sessions.py::test_login_listener
tests/test_sessions.py::test_login_listener
tests/test_sessions.py::test_login_listener
tests/test_sessions.py::test_login_listener
tests/test_sessions.py::test_login_listener
tests/test_sessions.py::test_login_listener
tests/test_sessions.py::test_login_listener
tests/test_sessions.py::test_login_listener
tests/test_sessions.py::test_login_listener
tests/test_sessions.py::test_login_listener
tests/test_sessions.py::test_login_listener
tests/test_sessions.py::test_login_listener
tests/test_sessions.py::test_login_listener
tests/test_sessions.py::test_login_listener
tests/test_sessions.py::test_login_listener
tests/test_sessions.py::test_login_listener
tests/test_sessions.py::test_login_listener
tests/test_sessions.py::test_login_listener
tests/test_sessions.py::test_login_listener
tests/test_sessions.py::test_login_listener
tests/test_sessions.py::test_login_listener
tests/test_sessions.py::test_login_listener
tests/test_sessions.py::test_login_listener
tests/test_sessions.py::test_login_listener
tests/test_sessions.py::test_login_listener
tests/test_sessions.py::test_login_listener
tests/test_sessions.py::test_login_listener
tests/test_sessions.py::test_login_listener
tests/test_sessions.py::test_login_listener
tests/test_sessions.py::test_login_listener
tests/test_sessions.py::test_login_listener
tests/test_sessions.py::test_login_listener
tests/test_sessions.py::test_login_listener
tests/test_sessions.py::test_login_listener
tests/test_sessions.py::test_login_listener
tests/test_sessions.py::test_login_listener
tests/test_sessions.py::test_login_listener
tests/test_sessions.py::test_login_listener
tests/test_sessions.py::test_login_listener
tests/test_sessions.py::test_login_listener
tests/test_sessions.py::test_login_listener
tests/test_sessions.py::test_login_listener
tests/test_sessions.py::test_login_listener
tests/test_sessions.py::test_repeated_login_session_population
tests/test_sessions.py::test_repeated_login_session_population
tests/test_sessions.py::test_repeated_login_session_population
tests/test_sessions.py::test_repeated_login_session_population
tests/test_sessions.py::test_repeated_login_session_population
tests/test_sessions.py::test_repeated_login_session_population
tests/test_sessions.py::test_repeated_login_session_population
tests/test_sessions.py::test_repeated_login_session_population
tests/test_sessions.py::test_repeated_login_session_population
tests/test_sessions.py::test_repeated_login_session_population
tests/test_sessions.py::test_repeated_login_session_population
tests/test_sessions.py::test_repeated_login_session_population
tests/test_sessions.py::test_repeated_login_session_population
tests/test_sessions.py::test_repeated_login_session_population
tests/test_sessions.py::test_repeated_login_session_population
tests/test_sessions.py::test_repeated_login_session_population
tests/test_sessions.py::test_repeated_login_session_population
tests/test_sessions.py::test_repeated_login_session_population
tests/test_sessions.py::test_repeated_login_session_population
tests/test_sessions.py::test_repeated_login_session_population
tests/test_sessions.py::test_repeated_login_session_population
tests/test_sessions.py::test_repeated_login_session_population
tests/test_sessions.py::test_repeated_login_session_population
tests/test_sessions.py::test_repeated_login_session_population
tests/test_sessions.py::test_repeated_login_session_population
tests/test_sessions.py::test_repeated_login_session_population
tests/test_sessions.py::test_repeated_login_session_population
tests/test_sessions.py::test_repeated_login_session_population
tests/test_sessions.py::test_repeated_login_session_population
tests/test_sessions.py::test_repeated_login_session_population
tests/test_sessions.py::test_repeated_login_session_population
tests/test_sessions.py::test_repeated_login_session_population
tests/test_sessions.py::test_repeated_login_session_population
tests/test_sessions.py::test_repeated_login_session_population
tests/test_sessions.py::test_repeated_login_session_population
tests/test_sessions.py::test_repeated_login_session_population
tests/test_sessions.py::test_repeated_login_session_population
tests/test_sessions.py::test_repeated_login_session_population
tests/test_sessions.py::test_repeated_login_session_population
tests/test_sessions.py::test_repeated_login_session_population
tests/test_sessions.py::test_repeated_login_session_population
tests/test_sessions.py::test_repeated_login_session_population
tests/test_sessions.py::test_repeated_login_session_population
tests/test_sessions.py::test_repeated_login_session_population
tests/test_sessions.py::test_login_multiple_clients_single_user_session_population
tests/test_sessions.py::test_login_multiple_clients_single_user_session_population
tests/test_sessions.py::test_login_multiple_clients_single_user_session_population
tests/test_sessions.py::test_login_multiple_clients_single_user_session_population
tests/test_sessions.py::test_login_multiple_clients_single_user_session_population
tests/test_sessions.py::test_login_multiple_clients_single_user_session_population
tests/test_sessions.py::test_login_multiple_clients_single_user_session_population
tests/test_sessions.py::test_login_multiple_clients_single_user_session_population
tests/test_sessions.py::test_login_multiple_clients_single_user_session_population
tests/test_sessions.py::test_login_multiple_clients_single_user_session_population
tests/test_sessions.py::test_login_multiple_clients_single_user_session_population
tests/test_sessions.py::test_login_multiple_clients_single_user_session_population
tests/test_sessions.py::test_login_multiple_clients_single_user_session_population
tests/test_sessions.py::test_login_multiple_clients_single_user_session_population
tests/test_sessions.py::test_login_multiple_clients_single_user_session_population
tests/test_sessions.py::test_login_multiple_clients_single_user_session_population
tests/test_sessions.py::test_login_multiple_clients_single_user_session_population
tests/test_sessions.py::test_login_multiple_clients_single_user_session_population
tests/test_sessions.py::test_login_multiple_clients_single_user_session_population
tests/test_sessions.py::test_login_multiple_clients_single_user_session_population
tests/test_sessions.py::test_login_multiple_clients_single_user_session_population
tests/test_sessions.py::test_login_multiple_clients_single_user_session_population
tests/test_sessions.py::test_login_multiple_clients_single_user_session_population
tests/test_sessions.py::test_login_multiple_clients_single_user_session_population
tests/test_sessions.py::test_login_multiple_clients_single_user_session_population
tests/test_sessions.py::test_login_multiple_clients_single_user_session_population
tests/test_sessions.py::test_login_multiple_clients_single_user_session_population
tests/test_sessions.py::test_login_multiple_clients_single_user_session_population
tests/test_sessions.py::test_login_multiple_clients_single_user_session_population
tests/test_sessions.py::test_login_multiple_clients_single_user_session_population
tests/test_sessions.py::test_login_multiple_clients_single_user_session_population
tests/test_sessions.py::test_login_multiple_clients_single_user_session_population
tests/test_sessions.py::test_login_multiple_clients_single_user_session_population
tests/test_sessions.py::test_login_multiple_clients_single_user_session_population
tests/test_sessions.py::test_login_multiple_clients_single_user_session_population
tests/test_sessions.py::test_login_multiple_clients_single_user_session_population
tests/test_sessions.py::test_login_multiple_clients_single_user_session_population
tests/test_sessions.py::test_login_multiple_clients_single_user_session_population
tests/test_sessions.py::test_login_multiple_clients_single_user_session_population
tests/test_sessions.py::test_login_multiple_clients_single_user_session_population
tests/test_sessions.py::test_login_multiple_clients_single_user_session_population
tests/test_sessions.py::test_login_multiple_clients_single_user_session_population
tests/test_sessions.py::test_login_multiple_clients_single_user_session_population
tests/test_sessions.py::test_login_multiple_clients_single_user_session_population
tests/test_sessions.py::test_sessionstore_default_ttl_secs
tests/test_sessions.py::test_sessionstore_default_ttl_secs
tests/test_sessions.py::test_sessionstore_default_ttl_secs
tests/test_sessions.py::test_sessionstore_default_ttl_secs
tests/test_sessions.py::test_sessionstore_default_ttl_secs
tests/test_sessions.py::test_sessionstore_default_ttl_secs
tests/test_sessions.py::test_sessionstore_default_ttl_secs
tests/test_sessions.py::test_sessionstore_default_ttl_secs
tests/test_sessions.py::test_sessionstore_default_ttl_secs
tests/test_sessions.py::test_sessionstore_default_ttl_secs
tests/test_sessions.py::test_sessionstore_default_ttl_secs
tests/test_sessions.py::test_sessionstore_default_ttl_secs
tests/test_sessions.py::test_sessionstore_default_ttl_secs
tests/test_sessions.py::test_sessionstore_default_ttl_secs
tests/test_sessions.py::test_sessionstore_default_ttl_secs
tests/test_sessions.py::test_sessionstore_default_ttl_secs
tests/test_sessions.py::test_sessionstore_default_ttl_secs
tests/test_sessions.py::test_sessionstore_default_ttl_secs
tests/test_sessions.py::test_sessionstore_default_ttl_secs
tests/test_sessions.py::test_sessionstore_default_ttl_secs
tests/test_sessions.py::test_sessionstore_default_ttl_secs
tests/test_sessions.py::test_sessionstore_default_ttl_secs
tests/test_sessions.py::test_sessionstore_default_ttl_secs
tests/test_sessions.py::test_sessionstore_default_ttl_secs
tests/test_sessions.py::test_sessionstore_default_ttl_secs
tests/test_sessions.py::test_sessionstore_default_ttl_secs
tests/test_sessions.py::test_sessionstore_default_ttl_secs
tests/test_sessions.py::test_sessionstore_default_ttl_secs
tests/test_sessions.py::test_sessionstore_default_ttl_secs
tests/test_sessions.py::test_sessionstore_default_ttl_secs
tests/test_sessions.py::test_sessionstore_default_ttl_secs
tests/test_sessions.py::test_sessionstore_default_ttl_secs
tests/test_sessions.py::test_sessionstore_default_ttl_secs
tests/test_sessions.py::test_sessionstore_default_ttl_secs
tests/test_sessions.py::test_sessionstore_default_ttl_secs
tests/test_sessions.py::test_sessionstore_default_ttl_secs
tests/test_sessions.py::test_sessionstore_default_ttl_secs
tests/test_sessions.py::test_sessionstore_default_ttl_secs
tests/test_sessions.py::test_sessionstore_default_ttl_secs
tests/test_sessions.py::test_sessionstore_default_ttl_secs
tests/test_sessions.py::test_sessionstore_default_ttl_secs
tests/test_sessions.py::test_sessionstore_default_ttl_secs
tests/test_sessions.py::test_sessionstore_default_ttl_secs
tests/test_sessions.py::test_sessionstore_default_ttl_secs
tests/test_sessions.py::test_session_ttl
tests/test_sessions.py::test_session_ttl
tests/test_sessions.py::test_session_ttl
tests/test_sessions.py::test_session_ttl
tests/test_sessions.py::test_session_ttl
tests/test_sessions.py::test_session_ttl
tests/test_sessions.py::test_session_ttl
tests/test_sessions.py::test_session_ttl
tests/test_sessions.py::test_session_ttl
tests/test_sessions.py::test_session_ttl
tests/test_sessions.py::test_session_ttl
tests/test_sessions.py::test_session_ttl
tests/test_sessions.py::test_session_ttl
tests/test_sessions.py::test_session_ttl
tests/test_sessions.py::test_session_ttl
tests/test_sessions.py::test_session_ttl
tests/test_sessions.py::test_session_ttl
tests/test_sessions.py::test_session_ttl
tests/test_sessions.py::test_session_ttl
tests/test_sessions.py::test_session_ttl
tests/test_sessions.py::test_session_ttl
tests/test_sessions.py::test_session_ttl
tests/test_sessions.py::test_session_ttl
tests/test_sessions.py::test_session_ttl
tests/test_sessions.py::test_session_ttl
tests/test_sessions.py::test_session_ttl
tests/test_sessions.py::test_session_ttl
tests/test_sessions.py::test_session_ttl
tests/test_sessions.py::test_session_ttl
tests/test_sessions.py::test_session_ttl
tests/test_sessions.py::test_session_ttl
tests/test_sessions.py::test_session_ttl
tests/test_sessions.py::test_session_ttl
tests/test_sessions.py::test_session_ttl
tests/test_sessions.py::test_session_ttl
tests/test_sessions.py::test_session_ttl
tests/test_sessions.py::test_session_ttl
tests/test_sessions.py::test_session_ttl
tests/test_sessions.py::test_session_ttl
tests/test_sessions.py::test_session_ttl
tests/test_sessions.py::test_session_ttl
tests/test_sessions.py::test_session_ttl
tests/test_sessions.py::test_session_ttl
tests/test_sessions.py::test_session_ttl
tests/test_sessions.py::test_repeated_login_session_expiration
tests/test_sessions.py::test_repeated_login_session_expiration
tests/test_sessions.py::test_repeated_login_session_expiration
tests/test_sessions.py::test_repeated_login_session_expiration
tests/test_sessions.py::test_repeated_login_session_expiration
tests/test_sessions.py::test_repeated_login_session_expiration
tests/test_sessions.py::test_repeated_login_session_expiration
tests/test_sessions.py::test_repeated_login_session_expiration
tests/test_sessions.py::test_repeated_login_session_expiration
tests/test_sessions.py::test_repeated_login_session_expiration
tests/test_sessions.py::test_repeated_login_session_expiration
tests/test_sessions.py::test_repeated_login_session_expiration
tests/test_sessions.py::test_repeated_login_session_expiration
tests/test_sessions.py::test_repeated_login_session_expiration
tests/test_sessions.py::test_repeated_login_session_expiration
tests/test_sessions.py::test_repeated_login_session_expiration
tests/test_sessions.py::test_repeated_login_session_expiration
tests/test_sessions.py::test_repeated_login_session_expiration
tests/test_sessions.py::test_repeated_login_session_expiration
tests/test_sessions.py::test_repeated_login_session_expiration
tests/test_sessions.py::test_repeated_login_session_expiration
tests/test_sessions.py::test_repeated_login_session_expiration
tests/test_sessions.py::test_repeated_login_session_expiration
tests/test_sessions.py::test_repeated_login_session_expiration
tests/test_sessions.py::test_repeated_login_session_expiration
tests/test_sessions.py::test_repeated_login_session_expiration
tests/test_sessions.py::test_repeated_login_session_expiration
tests/test_sessions.py::test_repeated_login_session_expiration
tests/test_sessions.py::test_repeated_login_session_expiration
tests/test_sessions.py::test_repeated_login_session_expiration
tests/test_sessions.py::test_repeated_login_session_expiration
tests/test_sessions.py::test_repeated_login_session_expiration
tests/test_sessions.py::test_repeated_login_session_expiration
tests/test_sessions.py::test_repeated_login_session_expiration
tests/test_sessions.py::test_repeated_login_session_expiration
tests/test_sessions.py::test_repeated_login_session_expiration
tests/test_sessions.py::test_repeated_login_session_expiration
tests/test_sessions.py::test_repeated_login_session_expiration
tests/test_sessions.py::test_repeated_login_session_expiration
tests/test_sessions.py::test_repeated_login_session_expiration
tests/test_sessions.py::test_repeated_login_session_expiration
tests/test_sessions.py::test_repeated_login_session_expiration
tests/test_sessions.py::test_repeated_login_session_expiration
tests/test_sessions.py::test_repeated_login_session_expiration
tests/test_sessions.py::test_session_deletion
tests/test_sessions.py::test_session_deletion
tests/test_sessions.py::test_session_deletion
tests/test_sessions.py::test_session_deletion
tests/test_sessions.py::test_session_deletion
tests/test_sessions.py::test_session_deletion
tests/test_sessions.py::test_session_deletion
tests/test_sessions.py::test_session_deletion
tests/test_sessions.py::test_session_deletion
tests/test_sessions.py::test_session_deletion
tests/test_sessions.py::test_session_deletion
tests/test_sessions.py::test_session_deletion
tests/test_sessions.py::test_session_deletion
tests/test_sessions.py::test_session_deletion
tests/test_sessions.py::test_session_deletion
tests/test_sessions.py::test_session_deletion
tests/test_sessions.py::test_session_deletion
tests/test_sessions.py::test_session_deletion
tests/test_sessions.py::test_session_deletion
tests/test_sessions.py::test_session_deletion
tests/test_sessions.py::test_session_deletion
tests/test_sessions.py::test_session_deletion
tests/test_sessions.py::test_session_deletion
tests/test_sessions.py::test_session_deletion
tests/test_sessions.py::test_session_deletion
tests/test_sessions.py::test_session_deletion
tests/test_sessions.py::test_session_deletion
tests/test_sessions.py::test_session_deletion
tests/test_sessions.py::test_session_deletion
tests/test_sessions.py::test_session_deletion
tests/test_sessions.py::test_session_deletion
tests/test_sessions.py::test_session_deletion
tests/test_sessions.py::test_session_deletion
tests/test_sessions.py::test_session_deletion
tests/test_sessions.py::test_session_deletion
tests/test_sessions.py::test_session_deletion
tests/test_sessions.py::test_session_deletion
tests/test_sessions.py::test_session_deletion
tests/test_sessions.py::test_session_deletion
tests/test_sessions.py::test_session_deletion
tests/test_sessions.py::test_session_deletion
tests/test_sessions.py::test_session_deletion
tests/test_sessions.py::test_session_deletion
tests/test_sessions.py::test_session_deletion
tests/test_sessions.py::test_deactivate_user
tests/test_sessions.py::test_deactivate_user
tests/test_sessions.py::test_deactivate_user
tests/test_sessions.py::test_deactivate_user
tests/test_sessions.py::test_deactivate_user
tests/test_sessions.py::test_deactivate_user
tests/test_sessions.py::test_deactivate_user
tests/test_sessions.py::test_deactivate_user
tests/test_sessions.py::test_deactivate_user
tests/test_sessions.py::test_deactivate_user
tests/test_sessions.py::test_deactivate_user
tests/test_sessions.py::test_deactivate_user
tests/test_sessions.py::test_deactivate_user
tests/test_sessions.py::test_deactivate_user
tests/test_sessions.py::test_deactivate_user
tests/test_sessions.py::test_deactivate_user
tests/test_sessions.py::test_deactivate_user
tests/test_sessions.py::test_deactivate_user
tests/test_sessions.py::test_deactivate_user
tests/test_sessions.py::test_deactivate_user
tests/test_sessions.py::test_deactivate_user
tests/test_sessions.py::test_deactivate_user
tests/test_sessions.py::test_deactivate_user
tests/test_sessions.py::test_deactivate_user
tests/test_sessions.py::test_deactivate_user
tests/test_sessions.py::test_deactivate_user
tests/test_sessions.py::test_deactivate_user
tests/test_sessions.py::test_deactivate_user
tests/test_sessions.py::test_deactivate_user
tests/test_sessions.py::test_deactivate_user
tests/test_sessions.py::test_deactivate_user
tests/test_sessions.py::test_deactivate_user
tests/test_sessions.py::test_deactivate_user
tests/test_sessions.py::test_deactivate_user
tests/test_sessions.py::test_deactivate_user
tests/test_sessions.py::test_deactivate_user
tests/test_sessions.py::test_deactivate_user
tests/test_sessions.py::test_deactivate_user
tests/test_sessions.py::test_deactivate_user
tests/test_sessions.py::test_deactivate_user
tests/test_sessions.py::test_deactivate_user
tests/test_sessions.py::test_deactivate_user
tests/test_sessions.py::test_deactivate_user
tests/test_sessions.py::test_deactivate_user
tests/test_sessions.py::test_session_extra_info_on_login
tests/test_sessions.py::test_session_extra_info_on_login
tests/test_sessions.py::test_session_extra_info_on_login
tests/test_sessions.py::test_session_extra_info_on_login
tests/test_sessions.py::test_session_extra_info_on_login
tests/test_sessions.py::test_session_extra_info_on_login
tests/test_sessions.py::test_session_extra_info_on_login
tests/test_sessions.py::test_session_extra_info_on_login
tests/test_sessions.py::test_session_extra_info_on_login
tests/test_sessions.py::test_session_extra_info_on_login
tests/test_sessions.py::test_session_extra_info_on_login
tests/test_sessions.py::test_session_extra_info_on_login
tests/test_sessions.py::test_session_extra_info_on_login
tests/test_sessions.py::test_session_extra_info_on_login
tests/test_sessions.py::test_session_extra_info_on_login
tests/test_sessions.py::test_session_extra_info_on_login
tests/test_sessions.py::test_session_extra_info_on_login
tests/test_sessions.py::test_session_extra_info_on_login
tests/test_sessions.py::test_session_extra_info_on_login
tests/test_sessions.py::test_session_extra_info_on_login
tests/test_sessions.py::test_session_extra_info_on_login
tests/test_sessions.py::test_session_extra_info_on_login
tests/test_sessions.py::test_session_extra_info_on_login
tests/test_sessions.py::test_session_extra_info_on_login
tests/test_sessions.py::test_session_extra_info_on_login
tests/test_sessions.py::test_session_extra_info_on_login
tests/test_sessions.py::test_session_extra_info_on_login
tests/test_sessions.py::test_session_extra_info_on_login
tests/test_sessions.py::test_session_extra_info_on_login
tests/test_sessions.py::test_session_extra_info_on_login
tests/test_sessions.py::test_session_extra_info_on_login
tests/test_sessions.py::test_session_extra_info_on_login
tests/test_sessions.py::test_session_extra_info_on_login
tests/test_sessions.py::test_session_extra_info_on_login
tests/test_sessions.py::test_session_extra_info_on_login
tests/test_sessions.py::test_session_extra_info_on_login
tests/test_sessions.py::test_session_extra_info_on_login
tests/test_sessions.py::test_session_extra_info_on_login
tests/test_sessions.py::test_session_extra_info_on_login
tests/test_sessions.py::test_session_extra_info_on_login
tests/test_sessions.py::test_session_extra_info_on_login
tests/test_sessions.py::test_session_extra_info_on_login
tests/test_sessions.py::test_session_extra_info_on_login
tests/test_sessions.py::test_session_extra_info_on_login
tests/test_sessions.py::test_session_ip_no_country
tests/test_sessions.py::test_session_ip_no_country
tests/test_sessions.py::test_session_ip_no_country
tests/test_sessions.py::test_session_ip_no_country
tests/test_sessions.py::test_session_ip_no_country
tests/test_sessions.py::test_session_ip_no_country
tests/test_sessions.py::test_session_ip_no_country
tests/test_sessions.py::test_session_ip_no_country
tests/test_sessions.py::test_session_ip_no_country
tests/test_sessions.py::test_session_ip_no_country
tests/test_sessions.py::test_session_ip_no_country
tests/test_sessions.py::test_session_ip_no_country
tests/test_sessions.py::test_session_ip_no_country
tests/test_sessions.py::test_session_ip_no_country
tests/test_sessions.py::test_session_ip_no_country
tests/test_sessions.py::test_session_ip_no_country
tests/test_sessions.py::test_session_ip_no_country
tests/test_sessions.py::test_session_ip_no_country
tests/test_sessions.py::test_session_ip_no_country
tests/test_sessions.py::test_session_ip_no_country
tests/test_sessions.py::test_session_ip_no_country
tests/test_sessions.py::test_session_ip_no_country
tests/test_sessions.py::test_session_ip_no_country
tests/test_sessions.py::test_session_ip_no_country
tests/test_sessions.py::test_session_ip_no_country
tests/test_sessions.py::test_session_ip_no_country
tests/test_sessions.py::test_session_ip_no_country
tests/test_sessions.py::test_session_ip_no_country
tests/test_sessions.py::test_session_ip_no_country
tests/test_sessions.py::test_session_ip_no_country
tests/test_sessions.py::test_session_ip_no_country
tests/test_sessions.py::test_session_ip_no_country
tests/test_sessions.py::test_session_ip_no_country
tests/test_sessions.py::test_session_ip_no_country
tests/test_sessions.py::test_session_ip_no_country
tests/test_sessions.py::test_session_ip_no_country
tests/test_sessions.py::test_session_ip_no_country
tests/test_sessions.py::test_session_ip_no_country
tests/test_sessions.py::test_session_ip_no_country
tests/test_sessions.py::test_session_ip_no_country
tests/test_sessions.py::test_session_ip_no_country
tests/test_sessions.py::test_session_ip_no_country
tests/test_sessions.py::test_session_ip_no_country
tests/test_sessions.py::test_session_ip_no_country
tests/test_tasks.py::test_send_message_outbox
tests/test_tasks.py::test_send_message_outbox
tests/test_tasks.py::test_send_message_outbox
tests/test_tasks.py::test_send_message_outbox
tests/test_tasks.py::test_send_message_outbox
tests/test_tasks.py::test_send_message_outbox
tests/test_tasks.py::test_send_message_outbox
tests/test_tasks.py::test_send_message_outbox
tests/test_tasks.py::test_send_message_outbox
tests/test_tasks.py::test_send_message_outbox
tests/test_tasks.py::test_send_message_outbox
tests/test_tasks.py::test_send_message_outbox
tests/test_tasks.py::test_send_message_outbox
tests/test_tasks.py::test_send_message_outbox
tests/test_tasks.py::test_send_message_outbox
tests/test_tasks.py::test_send_message_outbox
tests/test_tasks.py::test_send_message_outbox
tests/test_tasks.py::test_send_message_outbox
tests/test_tasks.py::test_send_message_outbox
tests/test_tasks.py::test_send_message_outbox
tests/test_tasks.py::test_send_message_outbox
tests/test_tasks.py::test_send_message_outbox
tests/test_tasks.py::test_send_message_outbox
tests/test_tasks.py::test_send_message_outbox
tests/test_tasks.py::test_send_message_outbox
tests/test_tasks.py::test_send_message_outbox
tests/test_tasks.py::test_send_message_outbox
tests/test_tasks.py::test_send_message_outbox
tests/test_tasks.py::test_send_message_outbox
tests/test_tasks.py::test_send_message_outbox
tests/test_tasks.py::test_send_message_outbox
tests/test_tasks.py::test_send_message_outbox
tests/test_tasks.py::test_send_message_outbox
tests/test_tasks.py::test_send_message_outbox
tests/test_tasks.py::test_send_message_outbox
tests/test_tasks.py::test_send_message_outbox
tests/test_tasks.py::test_send_message_outbox
tests/test_tasks.py::test_send_message_outbox
tests/test_tasks.py::test_send_message_outbox
tests/test_tasks.py::test_send_message_outbox
tests/test_tasks.py::test_send_message_outbox
tests/test_tasks.py::test_send_message_outbox
tests/test_tasks.py::test_send_message_outbox
tests/test_tasks.py::test_send_message_outbox
tests/test_tasks.py::test_send_message_through_security
tests/test_tasks.py::test_send_message_through_security
tests/test_tasks.py::test_send_message_through_security
tests/test_tasks.py::test_send_message_through_security
tests/test_tasks.py::test_send_message_through_security
tests/test_tasks.py::test_send_message_through_security
tests/test_tasks.py::test_send_message_through_security
tests/test_tasks.py::test_send_message_through_security
tests/test_tasks.py::test_send_message_through_security
tests/test_tasks.py::test_send_message_through_security
tests/test_tasks.py::test_send_message_through_security
tests/test_tasks.py::test_send_message_through_security
tests/test_tasks.py::test_send_message_through_security
tests/test_tasks.py::test_send_message_through_security
tests/test_tasks.py::test_send_message_through_security
tests/test_tasks.py::test_send_message_through_security
tests/test_tasks.py::test_send_message_through_security
tests/test_tasks.py::test_send_message_through_security
tests/test_tasks.py::test_send_message_through_security
tests/test_tasks.py::test_send_message_through_security
tests/test_tasks.py::test_send_message_through_security
tests/test_tasks.py::test_send_message_through_security
tests/test_tasks.py::test_send_message_through_security
tests/test_tasks.py::test_send_message_through_security
tests/test_tasks.py::test_send_message_through_security
tests/test_tasks.py::test_send_message_through_security
tests/test_tasks.py::test_send_message_through_security
tests/test_tasks.py::test_send_message_through_security
tests/test_tasks.py::test_send_message_through_security
tests/test_tasks.py::test_send_message_through_security
tests/test_tasks.py::test_send_message_through_security
tests/test_tasks.py::test_send_message_through_security
tests/test_tasks.py::test_send_message_through_security
tests/test_tasks.py::test_send_message_through_security
tests/test_tasks.py::test_send_message_through_security
tests/test_tasks.py::test_send_message_through_security
tests/test_tasks.py::test_send_message_through_security
tests/test_tasks.py::test_send_message_through_security
tests/test_tasks.py::test_send_message_through_security
tests/test_tasks.py::test_send_message_through_security
tests/test_tasks.py::test_send_message_through_security
tests/test_tasks.py::test_send_message_through_security
tests/test_tasks.py::test_send_message_through_security
tests/test_tasks.py::test_send_message_through_security
tests/test_tasks.py::test_clean_session_table
tests/test_tasks.py::test_clean_session_table
tests/test_tasks.py::test_clean_session_table
tests/test_tasks.py::test_clean_session_table
tests/test_tasks.py::test_clean_session_table
tests/test_tasks.py::test_clean_session_table
tests/test_tasks.py::test_clean_session_table
tests/test_tasks.py::test_clean_session_table
tests/test_tasks.py::test_clean_session_table
tests/test_tasks.py::test_clean_session_table
tests/test_tasks.py::test_clean_session_table
tests/test_tasks.py::test_clean_session_table
tests/test_tasks.py::test_clean_session_table
tests/test_tasks.py::test_clean_session_table
tests/test_tasks.py::test_clean_session_table
tests/test_tasks.py::test_clean_session_table
tests/test_tasks.py::test_clean_session_table
tests/test_tasks.py::test_clean_session_table
tests/test_tasks.py::test_clean_session_table
tests/test_tasks.py::test_clean_session_table
tests/test_tasks.py::test_clean_session_table
tests/test_tasks.py::test_clean_session_table
tests/test_tasks.py::test_clean_session_table
tests/test_tasks.py::test_clean_session_table
tests/test_tasks.py::test_clean_session_table
tests/test_tasks.py::test_clean_session_table
tests/test_tasks.py::test_clean_session_table
tests/test_tasks.py::test_clean_session_table
tests/test_tasks.py::test_clean_session_table
tests/test_tasks.py::test_clean_session_table
tests/test_tasks.py::test_clean_session_table
tests/test_tasks.py::test_clean_session_table
tests/test_tasks.py::test_clean_session_table
tests/test_tasks.py::test_clean_session_table
tests/test_tasks.py::test_clean_session_table
tests/test_tasks.py::test_clean_session_table
tests/test_tasks.py::test_clean_session_table
tests/test_tasks.py::test_clean_session_table
tests/test_tasks.py::test_clean_session_table
tests/test_tasks.py::test_clean_session_table
tests/test_tasks.py::test_clean_session_table
tests/test_tasks.py::test_clean_session_table
tests/test_tasks.py::test_clean_session_table
tests/test_tasks.py::test_clean_session_table
tests/test_template_context_processors.py::test_context_processor_jwt
tests/test_template_context_processors.py::test_context_processor_jwt
tests/test_template_context_processors.py::test_context_processor_jwt
tests/test_template_context_processors.py::test_context_processor_jwt
tests/test_template_context_processors.py::test_context_processor_jwt
tests/test_template_context_processors.py::test_context_processor_jwt
tests/test_template_context_processors.py::test_context_processor_jwt
tests/test_template_context_processors.py::test_context_processor_jwt
tests/test_template_context_processors.py::test_context_processor_jwt
tests/test_template_context_processors.py::test_context_processor_jwt
tests/test_template_context_processors.py::test_context_processor_jwt
tests/test_template_context_processors.py::test_context_processor_jwt
tests/test_template_context_processors.py::test_context_processor_jwt
tests/test_template_context_processors.py::test_context_processor_jwt
tests/test_template_context_processors.py::test_context_processor_jwt
tests/test_template_context_processors.py::test_context_processor_jwt
tests/test_template_context_processors.py::test_context_processor_jwt
tests/test_template_context_processors.py::test_context_processor_jwt
tests/test_template_context_processors.py::test_context_processor_jwt
tests/test_template_context_processors.py::test_context_processor_jwt
tests/test_template_context_processors.py::test_context_processor_jwt
tests/test_template_context_processors.py::test_context_processor_jwt
tests/test_template_context_processors.py::test_context_processor_jwt
tests/test_template_context_processors.py::test_context_processor_jwt
tests/test_template_context_processors.py::test_context_processor_jwt
tests/test_template_context_processors.py::test_context_processor_jwt
tests/test_template_context_processors.py::test_context_processor_jwt
tests/test_template_context_processors.py::test_context_processor_jwt
tests/test_template_context_processors.py::test_context_processor_jwt
tests/test_template_context_processors.py::test_context_processor_jwt
tests/test_template_context_processors.py::test_context_processor_jwt
tests/test_template_context_processors.py::test_context_processor_jwt
tests/test_template_context_processors.py::test_context_processor_jwt
tests/test_template_context_processors.py::test_context_processor_jwt
tests/test_template_context_processors.py::test_context_processor_jwt
tests/test_template_context_processors.py::test_context_processor_jwt
tests/test_template_context_processors.py::test_context_processor_jwt
tests/test_template_context_processors.py::test_context_processor_jwt
tests/test_template_context_processors.py::test_context_processor_jwt
tests/test_template_context_processors.py::test_context_processor_jwt
tests/test_template_context_processors.py::test_context_processor_jwt
tests/test_template_context_processors.py::test_context_processor_jwt
tests/test_template_context_processors.py::test_context_processor_jwt
tests/test_template_context_processors.py::test_context_processor_jwt
tests/test_template_context_processors.py::test_context_processor_jwt_token
tests/test_template_context_processors.py::test_context_processor_jwt_token
tests/test_template_context_processors.py::test_context_processor_jwt_token
tests/test_template_context_processors.py::test_context_processor_jwt_token
tests/test_template_context_processors.py::test_context_processor_jwt_token
tests/test_template_context_processors.py::test_context_processor_jwt_token
tests/test_template_context_processors.py::test_context_processor_jwt_token
tests/test_template_context_processors.py::test_context_processor_jwt_token
tests/test_template_context_processors.py::test_context_processor_jwt_token
tests/test_template_context_processors.py::test_context_processor_jwt_token
tests/test_template_context_processors.py::test_context_processor_jwt_token
tests/test_template_context_processors.py::test_context_processor_jwt_token
tests/test_template_context_processors.py::test_context_processor_jwt_token
tests/test_template_context_processors.py::test_context_processor_jwt_token
tests/test_template_context_processors.py::test_context_processor_jwt_token
tests/test_template_context_processors.py::test_context_processor_jwt_token
tests/test_template_context_processors.py::test_context_processor_jwt_token
tests/test_template_context_processors.py::test_context_processor_jwt_token
tests/test_template_context_processors.py::test_context_processor_jwt_token
tests/test_template_context_processors.py::test_context_processor_jwt_token
tests/test_template_context_processors.py::test_context_processor_jwt_token
tests/test_template_context_processors.py::test_context_processor_jwt_token
tests/test_template_context_processors.py::test_context_processor_jwt_token
tests/test_template_context_processors.py::test_context_processor_jwt_token
tests/test_template_context_processors.py::test_context_processor_jwt_token
tests/test_template_context_processors.py::test_context_processor_jwt_token
tests/test_template_context_processors.py::test_context_processor_jwt_token
tests/test_template_context_processors.py::test_context_processor_jwt_token
tests/test_template_context_processors.py::test_context_processor_jwt_token
tests/test_template_context_processors.py::test_context_processor_jwt_token
tests/test_template_context_processors.py::test_context_processor_jwt_token
tests/test_template_context_processors.py::test_context_processor_jwt_token
tests/test_template_context_processors.py::test_context_processor_jwt_token
tests/test_template_context_processors.py::test_context_processor_jwt_token
tests/test_template_context_processors.py::test_context_processor_jwt_token
tests/test_template_context_processors.py::test_context_processor_jwt_token
tests/test_template_context_processors.py::test_context_processor_jwt_token
tests/test_template_context_processors.py::test_context_processor_jwt_token
tests/test_template_context_processors.py::test_context_processor_jwt_token
tests/test_template_context_processors.py::test_context_processor_jwt_token
tests/test_template_context_processors.py::test_context_processor_jwt_token
tests/test_template_context_processors.py::test_context_processor_jwt_token
tests/test_template_context_processors.py::test_context_processor_jwt_token
tests/test_template_context_processors.py::test_context_processor_jwt_token
tests/test_token_duration.py::test_forgot_password_token[0-False]
tests/test_token_duration.py::test_forgot_password_token[0-False]
tests/test_token_duration.py::test_forgot_password_token[0-False]
tests/test_token_duration.py::test_forgot_password_token[0-False]
tests/test_token_duration.py::test_forgot_password_token[0-False]
tests/test_token_duration.py::test_forgot_password_token[0-False]
tests/test_token_duration.py::test_forgot_password_token[0-False]
tests/test_token_duration.py::test_forgot_password_token[0-False]
tests/test_token_duration.py::test_forgot_password_token[0-False]
tests/test_token_duration.py::test_forgot_password_token[0-False]
tests/test_token_duration.py::test_forgot_password_token[0-False]
tests/test_token_duration.py::test_forgot_password_token[0-False]
tests/test_token_duration.py::test_forgot_password_token[0-False]
tests/test_token_duration.py::test_forgot_password_token[0-False]
tests/test_token_duration.py::test_forgot_password_token[0-False]
tests/test_token_duration.py::test_forgot_password_token[0-False]
tests/test_token_duration.py::test_forgot_password_token[0-False]
tests/test_token_duration.py::test_forgot_password_token[0-False]
tests/test_token_duration.py::test_forgot_password_token[0-False]
tests/test_token_duration.py::test_forgot_password_token[0-False]
tests/test_token_duration.py::test_forgot_password_token[0-False]
tests/test_token_duration.py::test_forgot_password_token[0-False]
tests/test_token_duration.py::test_forgot_password_token[0-False]
tests/test_token_duration.py::test_forgot_password_token[0-False]
tests/test_token_duration.py::test_forgot_password_token[0-False]
tests/test_token_duration.py::test_forgot_password_token[0-False]
tests/test_token_duration.py::test_forgot_password_token[0-False]
tests/test_token_duration.py::test_forgot_password_token[0-False]
tests/test_token_duration.py::test_forgot_password_token[0-False]
tests/test_token_duration.py::test_forgot_password_token[0-False]
tests/test_token_duration.py::test_forgot_password_token[0-False]
tests/test_token_duration.py::test_forgot_password_token[0-False]
tests/test_token_duration.py::test_forgot_password_token[0-False]
tests/test_token_duration.py::test_forgot_password_token[0-False]
tests/test_token_duration.py::test_forgot_password_token[0-False]
tests/test_token_duration.py::test_forgot_password_token[0-False]
tests/test_token_duration.py::test_forgot_password_token[0-False]
tests/test_token_duration.py::test_forgot_password_token[0-False]
tests/test_token_duration.py::test_forgot_password_token[0-False]
tests/test_token_duration.py::test_forgot_password_token[0-False]
tests/test_token_duration.py::test_forgot_password_token[0-False]
tests/test_token_duration.py::test_forgot_password_token[0-False]
tests/test_token_duration.py::test_forgot_password_token[0-False]
tests/test_token_duration.py::test_forgot_password_token[0-False]
tests/test_token_duration.py::test_forgot_password_token[4-True]
tests/test_token_duration.py::test_forgot_password_token[4-True]
tests/test_token_duration.py::test_forgot_password_token[4-True]
tests/test_token_duration.py::test_forgot_password_token[4-True]
tests/test_token_duration.py::test_forgot_password_token[4-True]
tests/test_token_duration.py::test_forgot_password_token[4-True]
tests/test_token_duration.py::test_forgot_password_token[4-True]
tests/test_token_duration.py::test_forgot_password_token[4-True]
tests/test_token_duration.py::test_forgot_password_token[4-True]
tests/test_token_duration.py::test_forgot_password_token[4-True]
tests/test_token_duration.py::test_forgot_password_token[4-True]
tests/test_token_duration.py::test_forgot_password_token[4-True]
tests/test_token_duration.py::test_forgot_password_token[4-True]
tests/test_token_duration.py::test_forgot_password_token[4-True]
tests/test_token_duration.py::test_forgot_password_token[4-True]
tests/test_token_duration.py::test_forgot_password_token[4-True]
tests/test_token_duration.py::test_forgot_password_token[4-True]
tests/test_token_duration.py::test_forgot_password_token[4-True]
tests/test_token_duration.py::test_forgot_password_token[4-True]
tests/test_token_duration.py::test_forgot_password_token[4-True]
tests/test_token_duration.py::test_forgot_password_token[4-True]
tests/test_token_duration.py::test_forgot_password_token[4-True]
tests/test_token_duration.py::test_forgot_password_token[4-True]
tests/test_token_duration.py::test_forgot_password_token[4-True]
tests/test_token_duration.py::test_forgot_password_token[4-True]
tests/test_token_duration.py::test_forgot_password_token[4-True]
tests/test_token_duration.py::test_forgot_password_token[4-True]
tests/test_token_duration.py::test_forgot_password_token[4-True]
tests/test_token_duration.py::test_forgot_password_token[4-True]
tests/test_token_duration.py::test_forgot_password_token[4-True]
tests/test_token_duration.py::test_forgot_password_token[4-True]
tests/test_token_duration.py::test_forgot_password_token[4-True]
tests/test_token_duration.py::test_forgot_password_token[4-True]
tests/test_token_duration.py::test_forgot_password_token[4-True]
tests/test_token_duration.py::test_forgot_password_token[4-True]
tests/test_token_duration.py::test_forgot_password_token[4-True]
tests/test_token_duration.py::test_forgot_password_token[4-True]
tests/test_token_duration.py::test_forgot_password_token[4-True]
tests/test_token_duration.py::test_forgot_password_token[4-True]
tests/test_token_duration.py::test_forgot_password_token[4-True]
tests/test_token_duration.py::test_forgot_password_token[4-True]
tests/test_token_duration.py::test_forgot_password_token[4-True]
tests/test_token_duration.py::test_forgot_password_token[4-True]
tests/test_token_duration.py::test_forgot_password_token[4-True]
tests/test_token_duration.py::test_confirmation_token
tests/test_token_duration.py::test_confirmation_token
tests/test_token_duration.py::test_confirmation_token
tests/test_token_duration.py::test_confirmation_token
tests/test_token_duration.py::test_confirmation_token
tests/test_token_duration.py::test_confirmation_token
tests/test_token_duration.py::test_confirmation_token
tests/test_token_duration.py::test_confirmation_token
tests/test_token_duration.py::test_confirmation_token
tests/test_token_duration.py::test_confirmation_token
tests/test_token_duration.py::test_confirmation_token
tests/test_token_duration.py::test_confirmation_token
tests/test_token_duration.py::test_confirmation_token
tests/test_token_duration.py::test_confirmation_token
tests/test_token_duration.py::test_confirmation_token
tests/test_token_duration.py::test_confirmation_token
tests/test_token_duration.py::test_confirmation_token
tests/test_token_duration.py::test_confirmation_token
tests/test_token_duration.py::test_confirmation_token
tests/test_token_duration.py::test_confirmation_token
tests/test_token_duration.py::test_confirmation_token
tests/test_token_duration.py::test_confirmation_token
tests/test_token_duration.py::test_confirmation_token
tests/test_token_duration.py::test_confirmation_token
tests/test_token_duration.py::test_confirmation_token
tests/test_token_duration.py::test_confirmation_token
tests/test_token_duration.py::test_confirmation_token
tests/test_token_duration.py::test_confirmation_token
tests/test_token_duration.py::test_confirmation_token
tests/test_token_duration.py::test_confirmation_token
tests/test_token_duration.py::test_confirmation_token
tests/test_token_duration.py::test_confirmation_token
tests/test_token_duration.py::test_confirmation_token
tests/test_token_duration.py::test_confirmation_token
tests/test_token_duration.py::test_confirmation_token
tests/test_token_duration.py::test_confirmation_token
tests/test_token_duration.py::test_confirmation_token
tests/test_token_duration.py::test_confirmation_token
tests/test_token_duration.py::test_confirmation_token
tests/test_token_duration.py::test_confirmation_token
tests/test_token_duration.py::test_confirmation_token
tests/test_token_duration.py::test_confirmation_token
tests/test_token_duration.py::test_confirmation_token
tests/test_token_duration.py::test_confirmation_token
tests/test_utils.py::test_client_authenticated
tests/test_utils.py::test_client_authenticated
tests/test_utils.py::test_client_authenticated
tests/test_utils.py::test_client_authenticated
tests/test_utils.py::test_client_authenticated
tests/test_utils.py::test_client_authenticated
tests/test_utils.py::test_client_authenticated
tests/test_utils.py::test_client_authenticated
tests/test_utils.py::test_client_authenticated
tests/test_utils.py::test_client_authenticated
tests/test_utils.py::test_client_authenticated
tests/test_utils.py::test_client_authenticated
tests/test_utils.py::test_client_authenticated
tests/test_utils.py::test_client_authenticated
tests/test_utils.py::test_client_authenticated
tests/test_utils.py::test_client_authenticated
tests/test_utils.py::test_client_authenticated
tests/test_utils.py::test_client_authenticated
tests/test_utils.py::test_client_authenticated
tests/test_utils.py::test_client_authenticated
tests/test_utils.py::test_client_authenticated
tests/test_utils.py::test_client_authenticated
tests/test_utils.py::test_client_authenticated
tests/test_utils.py::test_client_authenticated
tests/test_utils.py::test_client_authenticated
tests/test_utils.py::test_client_authenticated
tests/test_utils.py::test_client_authenticated
tests/test_utils.py::test_client_authenticated
tests/test_utils.py::test_client_authenticated
tests/test_utils.py::test_client_authenticated
tests/test_utils.py::test_client_authenticated
tests/test_utils.py::test_client_authenticated
tests/test_utils.py::test_client_authenticated
tests/test_utils.py::test_client_authenticated
tests/test_utils.py::test_client_authenticated
tests/test_utils.py::test_client_authenticated
tests/test_utils.py::test_client_authenticated
tests/test_utils.py::test_client_authenticated
tests/test_utils.py::test_client_authenticated
tests/test_utils.py::test_client_authenticated
tests/test_utils.py::test_client_authenticated
tests/test_utils.py::test_client_authenticated
tests/test_utils.py::test_client_authenticated
tests/test_utils.py::test_client_authenticated
tests/test_utils.py::test_create_test_user
tests/test_utils.py::test_create_test_user
tests/test_utils.py::test_create_test_user
tests/test_utils.py::test_create_test_user
tests/test_utils.py::test_create_test_user
tests/test_utils.py::test_create_test_user
tests/test_utils.py::test_create_test_user
tests/test_utils.py::test_create_test_user
tests/test_utils.py::test_create_test_user
tests/test_utils.py::test_create_test_user
tests/test_utils.py::test_create_test_user
tests/test_utils.py::test_create_test_user
tests/test_utils.py::test_create_test_user
tests/test_utils.py::test_create_test_user
tests/test_utils.py::test_create_test_user
tests/test_utils.py::test_create_test_user
tests/test_utils.py::test_create_test_user
tests/test_utils.py::test_create_test_user
tests/test_utils.py::test_create_test_user
tests/test_utils.py::test_create_test_user
tests/test_utils.py::test_create_test_user
tests/test_utils.py::test_create_test_user
tests/test_utils.py::test_create_test_user
tests/test_utils.py::test_create_test_user
tests/test_utils.py::test_create_test_user
tests/test_utils.py::test_create_test_user
tests/test_utils.py::test_create_test_user
tests/test_utils.py::test_create_test_user
tests/test_utils.py::test_create_test_user
tests/test_utils.py::test_create_test_user
tests/test_utils.py::test_create_test_user
tests/test_utils.py::test_create_test_user
tests/test_utils.py::test_create_test_user
tests/test_utils.py::test_create_test_user
tests/test_utils.py::test_create_test_user
tests/test_utils.py::test_create_test_user
tests/test_utils.py::test_create_test_user
tests/test_utils.py::test_create_test_user
tests/test_utils.py::test_create_test_user
tests/test_utils.py::test_create_test_user
tests/test_utils.py::test_create_test_user
tests/test_utils.py::test_create_test_user
tests/test_utils.py::test_create_test_user
tests/test_utils.py::test_create_test_user
tests/test_utils.py::test_create_test_user_defaults
tests/test_utils.py::test_create_test_user_defaults
tests/test_utils.py::test_create_test_user_defaults
tests/test_utils.py::test_create_test_user_defaults
tests/test_utils.py::test_create_test_user_defaults
tests/test_utils.py::test_create_test_user_defaults
tests/test_utils.py::test_create_test_user_defaults
tests/test_utils.py::test_create_test_user_defaults
tests/test_utils.py::test_create_test_user_defaults
tests/test_utils.py::test_create_test_user_defaults
tests/test_utils.py::test_create_test_user_defaults
tests/test_utils.py::test_create_test_user_defaults
tests/test_utils.py::test_create_test_user_defaults
tests/test_utils.py::test_create_test_user_defaults
tests/test_utils.py::test_create_test_user_defaults
tests/test_utils.py::test_create_test_user_defaults
tests/test_utils.py::test_create_test_user_defaults
tests/test_utils.py::test_create_test_user_defaults
tests/test_utils.py::test_create_test_user_defaults
tests/test_utils.py::test_create_test_user_defaults
tests/test_utils.py::test_create_test_user_defaults
tests/test_utils.py::test_create_test_user_defaults
tests/test_utils.py::test_create_test_user_defaults
tests/test_utils.py::test_create_test_user_defaults
tests/test_utils.py::test_create_test_user_defaults
tests/test_utils.py::test_create_test_user_defaults
tests/test_utils.py::test_create_test_user_defaults
tests/test_utils.py::test_create_test_user_defaults
tests/test_utils.py::test_create_test_user_defaults
tests/test_utils.py::test_create_test_user_defaults
tests/test_utils.py::test_create_test_user_defaults
tests/test_utils.py::test_create_test_user_defaults
tests/test_utils.py::test_create_test_user_defaults
tests/test_utils.py::test_create_test_user_defaults
tests/test_utils.py::test_create_test_user_defaults
tests/test_utils.py::test_create_test_user_defaults
tests/test_utils.py::test_create_test_user_defaults
tests/test_utils.py::test_create_test_user_defaults
tests/test_utils.py::test_create_test_user_defaults
tests/test_utils.py::test_create_test_user_defaults
tests/test_utils.py::test_create_test_user_defaults
tests/test_utils.py::test_create_test_user_defaults
tests/test_utils.py::test_create_test_user_defaults
tests/test_utils.py::test_create_test_user_defaults
tests/test_utils.py::test_login_user_via_view
tests/test_utils.py::test_login_user_via_view
tests/test_utils.py::test_login_user_via_view
tests/test_utils.py::test_login_user_via_view
tests/test_utils.py::test_login_user_via_view
tests/test_utils.py::test_login_user_via_view
tests/test_utils.py::test_login_user_via_view
tests/test_utils.py::test_login_user_via_view
tests/test_utils.py::test_login_user_via_view
tests/test_utils.py::test_login_user_via_view
tests/test_utils.py::test_login_user_via_view
tests/test_utils.py::test_login_user_via_view
tests/test_utils.py::test_login_user_via_view
tests/test_utils.py::test_login_user_via_view
tests/test_utils.py::test_login_user_via_view
tests/test_utils.py::test_login_user_via_view
tests/test_utils.py::test_login_user_via_view
tests/test_utils.py::test_login_user_via_view
tests/test_utils.py::test_login_user_via_view
tests/test_utils.py::test_login_user_via_view
tests/test_utils.py::test_login_user_via_view
tests/test_utils.py::test_login_user_via_view
tests/test_utils.py::test_login_user_via_view
tests/test_utils.py::test_login_user_via_view
tests/test_utils.py::test_login_user_via_view
tests/test_utils.py::test_login_user_via_view
tests/test_utils.py::test_login_user_via_view
tests/test_utils.py::test_login_user_via_view
tests/test_utils.py::test_login_user_via_view
tests/test_utils.py::test_login_user_via_view
tests/test_utils.py::test_login_user_via_view
tests/test_utils.py::test_login_user_via_view
tests/test_utils.py::test_login_user_via_view
tests/test_utils.py::test_login_user_via_view
tests/test_utils.py::test_login_user_via_view
tests/test_utils.py::test_login_user_via_view
tests/test_utils.py::test_login_user_via_view
tests/test_utils.py::test_login_user_via_view
tests/test_utils.py::test_login_user_via_view
tests/test_utils.py::test_login_user_via_view
tests/test_utils.py::test_login_user_via_view
tests/test_utils.py::test_login_user_via_view
tests/test_utils.py::test_login_user_via_view
tests/test_utils.py::test_login_user_via_view
tests/test_utils.py::test_login_user_via_session
tests/test_utils.py::test_login_user_via_session
tests/test_utils.py::test_login_user_via_session
tests/test_utils.py::test_login_user_via_session
tests/test_utils.py::test_login_user_via_session
tests/test_utils.py::test_login_user_via_session
tests/test_utils.py::test_login_user_via_session
tests/test_utils.py::test_login_user_via_session
tests/test_utils.py::test_login_user_via_session
tests/test_utils.py::test_login_user_via_session
tests/test_utils.py::test_login_user_via_session
tests/test_utils.py::test_login_user_via_session
tests/test_utils.py::test_login_user_via_session
tests/test_utils.py::test_login_user_via_session
tests/test_utils.py::test_login_user_via_session
tests/test_utils.py::test_login_user_via_session
tests/test_utils.py::test_login_user_via_session
tests/test_utils.py::test_login_user_via_session
tests/test_utils.py::test_login_user_via_session
tests/test_utils.py::test_login_user_via_session
tests/test_utils.py::test_login_user_via_session
tests/test_utils.py::test_login_user_via_session
tests/test_utils.py::test_login_user_via_session
tests/test_utils.py::test_login_user_via_session
tests/test_utils.py::test_login_user_via_session
tests/test_utils.py::test_login_user_via_session
tests/test_utils.py::test_login_user_via_session
tests/test_utils.py::test_login_user_via_session
tests/test_utils.py::test_login_user_via_session
tests/test_utils.py::test_login_user_via_session
tests/test_utils.py::test_login_user_via_session
tests/test_utils.py::test_login_user_via_session
tests/test_utils.py::test_login_user_via_session
tests/test_utils.py::test_login_user_via_session
tests/test_utils.py::test_login_user_via_session
tests/test_utils.py::test_login_user_via_session
tests/test_utils.py::test_login_user_via_session
tests/test_utils.py::test_login_user_via_session
tests/test_utils.py::test_login_user_via_session
tests/test_utils.py::test_login_user_via_session
tests/test_utils.py::test_login_user_via_session
tests/test_utils.py::test_login_user_via_session
tests/test_utils.py::test_login_user_via_session
tests/test_utils.py::test_login_user_via_session
tests/test_utils.py::test_jwt_token
tests/test_utils.py::test_jwt_token
tests/test_utils.py::test_jwt_token
tests/test_utils.py::test_jwt_token
tests/test_utils.py::test_jwt_token
tests/test_utils.py::test_jwt_token
tests/test_utils.py::test_jwt_token
tests/test_utils.py::test_jwt_token
tests/test_utils.py::test_jwt_token
tests/test_utils.py::test_jwt_token
tests/test_utils.py::test_jwt_token
tests/test_utils.py::test_jwt_token
tests/test_utils.py::test_jwt_token
tests/test_utils.py::test_jwt_token
tests/test_utils.py::test_jwt_token
tests/test_utils.py::test_jwt_token
tests/test_utils.py::test_jwt_token
tests/test_utils.py::test_jwt_token
tests/test_utils.py::test_jwt_token
tests/test_utils.py::test_jwt_token
tests/test_utils.py::test_jwt_token
tests/test_utils.py::test_jwt_token
tests/test_utils.py::test_jwt_token
tests/test_utils.py::test_jwt_token
tests/test_utils.py::test_jwt_token
tests/test_utils.py::test_jwt_token
tests/test_utils.py::test_jwt_token
tests/test_utils.py::test_jwt_token
tests/test_utils.py::test_jwt_token
tests/test_utils.py::test_jwt_token
tests/test_utils.py::test_jwt_token
tests/test_utils.py::test_jwt_token
tests/test_utils.py::test_jwt_token
tests/test_utils.py::test_jwt_token
tests/test_utils.py::test_jwt_token
tests/test_utils.py::test_jwt_token
tests/test_utils.py::test_jwt_token
tests/test_utils.py::test_jwt_token
tests/test_utils.py::test_jwt_token
tests/test_utils.py::test_jwt_token
tests/test_utils.py::test_jwt_token
tests/test_utils.py::test_jwt_token
tests/test_utils.py::test_jwt_token
tests/test_utils.py::test_jwt_token
tests/test_utils.py::test_jwt_expired_token
tests/test_utils.py::test_jwt_expired_token
tests/test_utils.py::test_jwt_expired_token
tests/test_utils.py::test_jwt_expired_token
tests/test_utils.py::test_jwt_expired_token
tests/test_utils.py::test_jwt_expired_token
tests/test_utils.py::test_jwt_expired_token
tests/test_utils.py::test_jwt_expired_token
tests/test_utils.py::test_jwt_expired_token
tests/test_utils.py::test_jwt_expired_token
tests/test_utils.py::test_jwt_expired_token
tests/test_utils.py::test_jwt_expired_token
tests/test_utils.py::test_jwt_expired_token
tests/test_utils.py::test_jwt_expired_token
tests/test_utils.py::test_jwt_expired_token
tests/test_utils.py::test_jwt_expired_token
tests/test_utils.py::test_jwt_expired_token
tests/test_utils.py::test_jwt_expired_token
tests/test_utils.py::test_jwt_expired_token
tests/test_utils.py::test_jwt_expired_token
tests/test_utils.py::test_jwt_expired_token
tests/test_utils.py::test_jwt_expired_token
tests/test_utils.py::test_jwt_expired_token
tests/test_utils.py::test_jwt_expired_token
tests/test_utils.py::test_jwt_expired_token
tests/test_utils.py::test_jwt_expired_token
tests/test_utils.py::test_jwt_expired_token
tests/test_utils.py::test_jwt_expired_token
tests/test_utils.py::test_jwt_expired_token
tests/test_utils.py::test_jwt_expired_token
tests/test_utils.py::test_jwt_expired_token
tests/test_utils.py::test_jwt_expired_token
tests/test_utils.py::test_jwt_expired_token
tests/test_utils.py::test_jwt_expired_token
tests/test_utils.py::test_jwt_expired_token
tests/test_utils.py::test_jwt_expired_token
tests/test_utils.py::test_jwt_expired_token
tests/test_utils.py::test_jwt_expired_token
tests/test_utils.py::test_jwt_expired_token
tests/test_utils.py::test_jwt_expired_token
tests/test_utils.py::test_jwt_expired_token
tests/test_utils.py::test_jwt_expired_token
tests/test_utils.py::test_jwt_expired_token
tests/test_utils.py::test_jwt_expired_token
tests/test_views.py::test_no_log_in_message_for_logged_in_users
tests/test_views.py::test_no_log_in_message_for_logged_in_users
tests/test_views.py::test_no_log_in_message_for_logged_in_users
tests/test_views.py::test_no_log_in_message_for_logged_in_users
tests/test_views.py::test_no_log_in_message_for_logged_in_users
tests/test_views.py::test_no_log_in_message_for_logged_in_users
tests/test_views.py::test_no_log_in_message_for_logged_in_users
tests/test_views.py::test_no_log_in_message_for_logged_in_users
tests/test_views.py::test_no_log_in_message_for_logged_in_users
tests/test_views.py::test_no_log_in_message_for_logged_in_users
tests/test_views.py::test_no_log_in_message_for_logged_in_users
tests/test_views.py::test_no_log_in_message_for_logged_in_users
tests/test_views.py::test_no_log_in_message_for_logged_in_users
tests/test_views.py::test_no_log_in_message_for_logged_in_users
tests/test_views.py::test_no_log_in_message_for_logged_in_users
tests/test_views.py::test_no_log_in_message_for_logged_in_users
tests/test_views.py::test_no_log_in_message_for_logged_in_users
tests/test_views.py::test_no_log_in_message_for_logged_in_users
tests/test_views.py::test_no_log_in_message_for_logged_in_users
tests/test_views.py::test_no_log_in_message_for_logged_in_users
tests/test_views.py::test_no_log_in_message_for_logged_in_users
tests/test_views.py::test_no_log_in_message_for_logged_in_users
tests/test_views.py::test_no_log_in_message_for_logged_in_users
tests/test_views.py::test_no_log_in_message_for_logged_in_users
tests/test_views.py::test_no_log_in_message_for_logged_in_users
tests/test_views.py::test_no_log_in_message_for_logged_in_users
tests/test_views.py::test_no_log_in_message_for_logged_in_users
tests/test_views.py::test_no_log_in_message_for_logged_in_users
tests/test_views.py::test_no_log_in_message_for_logged_in_users
tests/test_views.py::test_no_log_in_message_for_logged_in_users
tests/test_views.py::test_no_log_in_message_for_logged_in_users
tests/test_views.py::test_no_log_in_message_for_logged_in_users
tests/test_views.py::test_no_log_in_message_for_logged_in_users
tests/test_views.py::test_no_log_in_message_for_logged_in_users
tests/test_views.py::test_no_log_in_message_for_logged_in_users
tests/test_views.py::test_no_log_in_message_for_logged_in_users
tests/test_views.py::test_no_log_in_message_for_logged_in_users
tests/test_views.py::test_no_log_in_message_for_logged_in_users
tests/test_views.py::test_no_log_in_message_for_logged_in_users
tests/test_views.py::test_no_log_in_message_for_logged_in_users
tests/test_views.py::test_no_log_in_message_for_logged_in_users
tests/test_views.py::test_no_log_in_message_for_logged_in_users
tests/test_views.py::test_no_log_in_message_for_logged_in_users
tests/test_views.py::test_no_log_in_message_for_logged_in_users
tests/test_views.py::test_view_list_sessions
tests/test_views.py::test_view_list_sessions
tests/test_views.py::test_view_list_sessions
tests/test_views.py::test_view_list_sessions
tests/test_views.py::test_view_list_sessions
tests/test_views.py::test_view_list_sessions
tests/test_views.py::test_view_list_sessions
tests/test_views.py::test_view_list_sessions
tests/test_views.py::test_view_list_sessions
tests/test_views.py::test_view_list_sessions
tests/test_views.py::test_view_list_sessions
tests/test_views.py::test_view_list_sessions
tests/test_views.py::test_view_list_sessions
tests/test_views.py::test_view_list_sessions
tests/test_views.py::test_view_list_sessions
tests/test_views.py::test_view_list_sessions
tests/test_views.py::test_view_list_sessions
tests/test_views.py::test_view_list_sessions
tests/test_views.py::test_view_list_sessions
tests/test_views.py::test_view_list_sessions
tests/test_views.py::test_view_list_sessions
tests/test_views.py::test_view_list_sessions
tests/test_views.py::test_view_list_sessions
tests/test_views.py::test_view_list_sessions
tests/test_views.py::test_view_list_sessions
tests/test_views.py::test_view_list_sessions
tests/test_views.py::test_view_list_sessions
tests/test_views.py::test_view_list_sessions
tests/test_views.py::test_view_list_sessions
tests/test_views.py::test_view_list_sessions
tests/test_views.py::test_view_list_sessions
tests/test_views.py::test_view_list_sessions
tests/test_views.py::test_view_list_sessions
tests/test_views.py::test_view_list_sessions
tests/test_views.py::test_view_list_sessions
tests/test_views.py::test_view_list_sessions
tests/test_views.py::test_view_list_sessions
tests/test_views.py::test_view_list_sessions
tests/test_views.py::test_view_list_sessions
tests/test_views.py::test_view_list_sessions
tests/test_views.py::test_view_list_sessions
tests/test_views.py::test_view_list_sessions
tests/test_views.py::test_view_list_sessions
tests/test_views.py::test_view_list_sessions
tests/test_views.py::test_login_remember_me_disabled
tests/test_views.py::test_login_remember_me_disabled
tests/test_views.py::test_login_remember_me_disabled
tests/test_views.py::test_login_remember_me_disabled
tests/test_views.py::test_login_remember_me_disabled
tests/test_views.py::test_login_remember_me_disabled
tests/test_views.py::test_login_remember_me_disabled
tests/test_views.py::test_login_remember_me_disabled
tests/test_views.py::test_login_remember_me_disabled
tests/test_views.py::test_login_remember_me_disabled
tests/test_views.py::test_login_remember_me_disabled
tests/test_views.py::test_login_remember_me_disabled
tests/test_views.py::test_login_remember_me_disabled
tests/test_views.py::test_login_remember_me_disabled
tests/test_views.py::test_login_remember_me_disabled
tests/test_views.py::test_login_remember_me_disabled
tests/test_views.py::test_login_remember_me_disabled
tests/test_views.py::test_login_remember_me_disabled
tests/test_views.py::test_login_remember_me_disabled
tests/test_views.py::test_login_remember_me_disabled
tests/test_views.py::test_login_remember_me_disabled
tests/test_views.py::test_login_remember_me_disabled
tests/test_views.py::test_login_remember_me_disabled
tests/test_views.py::test_login_remember_me_disabled
tests/test_views.py::test_login_remember_me_disabled
tests/test_views.py::test_login_remember_me_disabled
tests/test_views.py::test_login_remember_me_disabled
tests/test_views.py::test_login_remember_me_disabled
tests/test_views.py::test_login_remember_me_disabled
tests/test_views.py::test_login_remember_me_disabled
tests/test_views.py::test_login_remember_me_disabled
tests/test_views.py::test_login_remember_me_disabled
tests/test_views.py::test_login_remember_me_disabled
tests/test_views.py::test_login_remember_me_disabled
tests/test_views.py::test_login_remember_me_disabled
tests/test_views.py::test_login_remember_me_disabled
tests/test_views.py::test_login_remember_me_disabled
tests/test_views.py::test_login_remember_me_disabled
tests/test_views.py::test_login_remember_me_disabled
tests/test_views.py::test_login_remember_me_disabled
tests/test_views.py::test_login_remember_me_disabled
tests/test_views.py::test_login_remember_me_disabled
tests/test_views.py::test_login_remember_me_disabled
tests/test_views.py::test_login_remember_me_disabled
tests/test_views.py::test_login_from_headers_disabled
tests/test_views.py::test_login_from_headers_disabled
tests/test_views.py::test_login_from_headers_disabled
tests/test_views.py::test_login_from_headers_disabled
tests/test_views.py::test_login_from_headers_disabled
tests/test_views.py::test_login_from_headers_disabled
tests/test_views.py::test_login_from_headers_disabled
tests/test_views.py::test_login_from_headers_disabled
tests/test_views.py::test_login_from_headers_disabled
tests/test_views.py::test_login_from_headers_disabled
tests/test_views.py::test_login_from_headers_disabled
tests/test_views.py::test_login_from_headers_disabled
tests/test_views.py::test_login_from_headers_disabled
tests/test_views.py::test_login_from_headers_disabled
tests/test_views.py::test_login_from_headers_disabled
tests/test_views.py::test_login_from_headers_disabled
tests/test_views.py::test_login_from_headers_disabled
tests/test_views.py::test_login_from_headers_disabled
tests/test_views.py::test_login_from_headers_disabled
tests/test_views.py::test_login_from_headers_disabled
tests/test_views.py::test_login_from_headers_disabled
tests/test_views.py::test_login_from_headers_disabled
tests/test_views.py::test_login_from_headers_disabled
tests/test_views.py::test_login_from_headers_disabled
tests/test_views.py::test_login_from_headers_disabled
tests/test_views.py::test_login_from_headers_disabled
tests/test_views.py::test_login_from_headers_disabled
tests/test_views.py::test_login_from_headers_disabled
tests/test_views.py::test_login_from_headers_disabled
tests/test_views.py::test_login_from_headers_disabled
tests/test_views.py::test_login_from_headers_disabled
tests/test_views.py::test_login_from_headers_disabled
tests/test_views.py::test_login_from_headers_disabled
tests/test_views.py::test_login_from_headers_disabled
tests/test_views.py::test_login_from_headers_disabled
tests/test_views.py::test_login_from_headers_disabled
tests/test_views.py::test_login_from_headers_disabled
tests/test_views.py::test_login_from_headers_disabled
tests/test_views.py::test_login_from_headers_disabled
tests/test_views.py::test_login_from_headers_disabled
tests/test_views.py::test_login_from_headers_disabled
tests/test_views.py::test_login_from_headers_disabled
tests/test_views.py::test_login_from_headers_disabled
tests/test_views.py::test_login_from_headers_disabled
tests/test_views.py::test_flask_login_load_from_header_works_as_expected
tests/test_views.py::test_flask_login_load_from_header_works_as_expected
tests/test_views.py::test_flask_login_load_from_header_works_as_expected
tests/test_views.py::test_flask_login_load_from_header_works_as_expected
tests/test_views.py::test_flask_login_load_from_header_works_as_expected
tests/test_views.py::test_flask_login_load_from_header_works_as_expected
tests/test_views.py::test_flask_login_load_from_header_works_as_expected
tests/test_views.py::test_flask_login_load_from_header_works_as_expected
tests/test_views.py::test_flask_login_load_from_header_works_as_expected
tests/test_views.py::test_flask_login_load_from_header_works_as_expected
tests/test_views.py::test_flask_login_load_from_header_works_as_expected
tests/test_views.py::test_flask_login_load_from_header_works_as_expected
tests/test_views.py::test_flask_login_load_from_header_works_as_expected
tests/test_views.py::test_flask_login_load_from_header_works_as_expected
tests/test_views.py::test_flask_login_load_from_header_works_as_expected
tests/test_views.py::test_flask_login_load_from_header_works_as_expected
tests/test_views.py::test_flask_login_load_from_header_works_as_expected
tests/test_views.py::test_flask_login_load_from_header_works_as_expected
tests/test_views.py::test_flask_login_load_from_header_works_as_expected
tests/test_views.py::test_flask_login_load_from_header_works_as_expected
tests/test_views.py::test_flask_login_load_from_header_works_as_expected
tests/test_views.py::test_flask_login_load_from_header_works_as_expected
tests/test_views.py::test_flask_login_load_from_header_works_as_expected
tests/test_views.py::test_flask_login_load_from_header_works_as_expected
tests/test_views.py::test_flask_login_load_from_header_works_as_expected
tests/test_views.py::test_flask_login_load_from_header_works_as_expected
tests/test_views.py::test_flask_login_load_from_header_works_as_expected
tests/test_views.py::test_flask_login_load_from_header_works_as_expected
tests/test_views.py::test_flask_login_load_from_header_works_as_expected
tests/test_views.py::test_flask_login_load_from_header_works_as_expected
tests/test_views.py::test_flask_login_load_from_header_works_as_expected
tests/test_views.py::test_flask_login_load_from_header_works_as_expected
tests/test_views.py::test_flask_login_load_from_header_works_as_expected
tests/test_views.py::test_flask_login_load_from_header_works_as_expected
tests/test_views.py::test_flask_login_load_from_header_works_as_expected
tests/test_views.py::test_flask_login_load_from_header_works_as_expected
tests/test_views.py::test_flask_login_load_from_header_works_as_expected
tests/test_views.py::test_flask_login_load_from_header_works_as_expected
tests/test_views.py::test_flask_login_load_from_header_works_as_expected
tests/test_views.py::test_flask_login_load_from_header_works_as_expected
tests/test_views.py::test_flask_login_load_from_header_works_as_expected
tests/test_views.py::test_flask_login_load_from_header_works_as_expected
tests/test_views.py::test_flask_login_load_from_header_works_as_expected
tests/test_views.py::test_flask_login_load_from_header_works_as_expected
tests/test_views.py::test_flask_login_load_from_request_works_as_expected
tests/test_views.py::test_flask_login_load_from_request_works_as_expected
tests/test_views.py::test_flask_login_load_from_request_works_as_expected
tests/test_views.py::test_flask_login_load_from_request_works_as_expected
tests/test_views.py::test_flask_login_load_from_request_works_as_expected
tests/test_views.py::test_flask_login_load_from_request_works_as_expected
tests/test_views.py::test_flask_login_load_from_request_works_as_expected
tests/test_views.py::test_flask_login_load_from_request_works_as_expected
tests/test_views.py::test_flask_login_load_from_request_works_as_expected
tests/test_views.py::test_flask_login_load_from_request_works_as_expected
tests/test_views.py::test_flask_login_load_from_request_works_as_expected
tests/test_views.py::test_flask_login_load_from_request_works_as_expected
tests/test_views.py::test_flask_login_load_from_request_works_as_expected
tests/test_views.py::test_flask_login_load_from_request_works_as_expected
tests/test_views.py::test_flask_login_load_from_request_works_as_expected
tests/test_views.py::test_flask_login_load_from_request_works_as_expected
tests/test_views.py::test_flask_login_load_from_request_works_as_expected
tests/test_views.py::test_flask_login_load_from_request_works_as_expected
tests/test_views.py::test_flask_login_load_from_request_works_as_expected
tests/test_views.py::test_flask_login_load_from_request_works_as_expected
tests/test_views.py::test_flask_login_load_from_request_works_as_expected
tests/test_views.py::test_flask_login_load_from_request_works_as_expected
tests/test_views.py::test_flask_login_load_from_request_works_as_expected
tests/test_views.py::test_flask_login_load_from_request_works_as_expected
tests/test_views.py::test_flask_login_load_from_request_works_as_expected
tests/test_views.py::test_flask_login_load_from_request_works_as_expected
tests/test_views.py::test_flask_login_load_from_request_works_as_expected
tests/test_views.py::test_flask_login_load_from_request_works_as_expected
tests/test_views.py::test_flask_login_load_from_request_works_as_expected
tests/test_views.py::test_flask_login_load_from_request_works_as_expected
tests/test_views.py::test_flask_login_load_from_request_works_as_expected
tests/test_views.py::test_flask_login_load_from_request_works_as_expected
tests/test_views.py::test_flask_login_load_from_request_works_as_expected
tests/test_views.py::test_flask_login_load_from_request_works_as_expected
tests/test_views.py::test_flask_login_load_from_request_works_as_expected
tests/test_views.py::test_flask_login_load_from_request_works_as_expected
tests/test_views.py::test_flask_login_load_from_request_works_as_expected
tests/test_views.py::test_flask_login_load_from_request_works_as_expected
tests/test_views.py::test_flask_login_load_from_request_works_as_expected
tests/test_views.py::test_flask_login_load_from_request_works_as_expected
tests/test_views.py::test_flask_login_load_from_request_works_as_expected
tests/test_views.py::test_flask_login_load_from_request_works_as_expected
tests/test_views.py::test_flask_login_load_from_request_works_as_expected
tests/test_views.py::test_flask_login_load_from_request_works_as_expected
  /code/modules/invenio-accounts/.tox/c1/lib/python3.6/site-packages/pkg_resources/_vendor/packaging/version.py:114: DeprecationWarning: Creating a LegacyVersion has been deprecated and will be removed in the next major release
    DeprecationWarning,

tests/test_cli.py::test_cli_createuser
tests/test_cli.py::test_cli_createuser
tests/test_cli.py::test_cli_addremove_role
tests/test_cli.py::test_cli_activate_deactivate
  /code/modules/invenio-accounts/.tox/c1/lib/python3.6/site-packages/wtforms/form.py:212: FlaskWTFDeprecationWarning: "csrf_enabled" is deprecated and will be removed in 1.0. Pass meta={'csrf': False} instead.
    return type.__call__(cls, *args, **kwargs)

tests/test_hash.py::test_unicode_regression
tests/test_hash.py::test_invenio_aes_encrypted_email
tests/test_hash.py::test_legacy_user_login
tests/test_hash.py::test_monkey_patch_legacy
  /code/modules/invenio-accounts/tests/test_hash.py:141: DeprecationWarning: the method passlib.context.CryptContext.encrypt() is deprecated as of Passlib 1.7, and will be removed in Passlib 2.0, use CryptContext.hash() instead.
    salt=email,

tests/test_hash.py::test_unicode_regression
tests/test_hash.py::test_invenio_aes_encrypted_email
tests/test_hash.py::test_legacy_user_login
tests/test_hash.py::test_monkey_patch_legacy
  /code/modules/invenio-accounts/.tox/c1/lib/python3.6/site-packages/passlib/context.py:2248: DeprecationWarning: CryptContext.hash(): 'scheme' keyword is deprecated as of Passlib 1.7, and will be removed in Passlib 2.0
    DeprecationWarning)

tests/test_hash.py::test_unicode_regression
tests/test_hash.py::test_invenio_aes_encrypted_email
tests/test_hash.py::test_legacy_user_login
tests/test_hash.py::test_monkey_patch_legacy
  /code/modules/invenio-accounts/.tox/c1/lib/python3.6/site-packages/passlib/context.py:2265: DeprecationWarning: passing settings to invenio_aes_encrypted_email.hash() is deprecated, and won't be supported in Passlib 2.0; use 'invenio_aes_encrypted_email.using(**settings).hash(secret)' instead
    return self.hash(*args, **kwds)

-- Docs: https://docs.pytest.org/en/latest/warnings.html

---------- coverage: platform linux, python 3.6.15-final-0 -----------
Name                                              Stmts   Miss Branch BrPart  Cover
-----------------------------------------------------------------------------------
invenio_accounts/__init__.py                          6      0      0      0   100%
invenio_accounts/admin.py                           130     32     56      6    68%
invenio_accounts/cli.py                              87      0     24      0   100%
invenio_accounts/config.py                           47      0      0      0   100%
invenio_accounts/context_processors/__init__.py       2      0      0      0   100%
invenio_accounts/context_processors/jwt.py           11      1      0      0    91%
invenio_accounts/datastore.py                        10      0      4      0   100%
invenio_accounts/errors.py                            4      0      6      0   100%
invenio_accounts/ext.py                             123     15     39      5    84%
invenio_accounts/forms.py                            26      0     14      0   100%
invenio_accounts/hash.py                             57      0      8      0   100%
invenio_accounts/models.py                           52      0      6      0   100%
invenio_accounts/proxies.py                           5      0      2      0   100%
invenio_accounts/sessions.py                         63      6     18      5    81%
invenio_accounts/tasks.py                            18      0      2      0   100%
invenio_accounts/testutils.py                        38      6      6      1    84%
invenio_accounts/utils.py                            29      7      8      0    76%
invenio_accounts/version.py                           3      0      0      0   100%
invenio_accounts/views/__init__.py                    3      0      0      0   100%
invenio_accounts/views/security.py                   35      5     10      3    78%
invenio_accounts/views/settings.py                   36      3      6      2    88%
-----------------------------------------------------------------------------------
TOTAL                                               785     75    209     22    87%

== 7 failed, 43 passed, 3 skipped, 2789 warnings, 12 error in 204.01 seconds ===
ERROR: InvocationError for command /code/modules/invenio-accounts/.tox/c1/bin/pytest --cov=invenio_accounts tests -v --cov-branch --cov-report=term --basetemp=/code/modules/invenio-accounts/.tox/c1/tmp (exited with code 1)
=======
c1 recreate: /code/modules/invenio-accounts/.tox/c1
c1 installdeps: pytest>=3, pytest-cov, -rrequirements2.txt
c1 inst: /code/modules/invenio-accounts/.tox/.tmp/package/1/invenio-accounts-1.1.4.zip
c1 installed: alabaster==0.7.12,alembic==1.4.3,amqp==5.1.0,async-timeout==4.0.2,atomicwrites==1.4.0,attrs==21.4.0,Babel==2.9.1,billiard==3.6.4.0,blinker==1.4,build==0.7.0,cached-property==1.5.2,celery==5.1.2,certifi==2021.10.8,cffi==1.15.0,charset-normalizer==2.0.12,check-manifest==0.48,click==7.1.2,click-didyoumean==0.3.0,click-plugins==1.1.1,click-repl==0.2.0,coverage==6.2,cryptography==36.0.2,dataclasses==0.8,Deprecated==1.2.13,dnspython==2.2.1,docutils==0.18.1,email-validator==1.1.3,execnet==1.9.0,Flask==2.0.3,Flask-Admin==1.6.0,Flask-Alembic==2.0.1,Flask-BabelEx==0.9.4,Flask-Breadcrumbs==0.5.1,Flask-CeleryExt==0.4.1,Flask-KVSession==0.6.2,Flask-Login==0.4.1,Flask-Mail==0.9.1,Flask-Menu==0.7.2,Flask-Principal==0.4.0,Flask-Security==3.0.0,Flask-SQLAlchemy==2.3.2,Flask-WTF==1.0.1,future==0.18.2,greenlet==1.1.2,idna==3.3,imagesize==1.3.0,importlib-metadata==4.8.3,importlib-resources==5.4.0,invenio-accounts @ file:///code/modules/invenio-accounts/.tox/.tmp/package/1/invenio-accounts-1.1.4.zip,invenio-base==1.2.11,invenio-celery==1.2.4,-e git+https://github.com/RCOSDP/weko.git@76430b4c7fb0c43f0e7c651235e280a7adbcc333#egg=invenio_db&subdirectory=modules/invenio-db,invenio-i18n==1.3.1,isort==5.10.1,itsdangerous==2.0.1,Jinja2==3.0.3,kombu==5.1.0,Mako==1.1.6,MarkupSafe==2.0.1,maxminddb==2.2.0,maxminddb-geolite2==2018.703,mock==4.0.3,more-itertools==8.12.0,msgpack==1.0.3,packaging==21.3,passlib==1.7.4,pep517==0.12.0,pep8==1.7.1,pluggy==0.13.1,prompt-toolkit==3.0.29,py==1.11.0,pycparser==2.21,pydocstyle==6.1.1,Pygments==2.11.2,PyJWT==2.3.0,pyparsing==3.0.8,pytest==4.6.11,pytest-cache==1.0,pytest-cov==3.0.0,pytest-flask==0.15.1,pytest-pep8==1.0.6,python-dateutil==2.8.2,python-editor==1.0.4,pytz==2022.1,redis==4.2.2,requests==2.27.1,selenium==3.141.0,simplekv==0.14.1,six==1.16.0,snowballstemmer==2.2.0,speaklater==1.3,Sphinx==1.5.6,SQLAlchemy==1.2.19,SQLAlchemy-Continuum==1.3.6,SQLAlchemy-Utils==0.35.0,tomli==1.2.3,typing_extensions==4.1.1,ua-parser==0.10.0,urllib3==1.26.9,vine==5.0.0,wcwidth==0.2.5,-e git+https://github.com/RCOSDP/weko.git@76430b4c7fb0c43f0e7c651235e280a7adbcc333#egg=weko_redis&subdirectory=modules/weko-redis,Werkzeug==2.0.3,wrapt==1.14.0,WTForms==3.0.0,zipp==3.6.0
c1 run-test-pre: PYTHONHASHSEED='2876773198'
c1 run-test: commands[0] | pytest --cov=invenio_accounts tests -v --cov-branch --cov-report=term --basetemp=/code/modules/invenio-accounts/.tox/c1/tmp
ImportError while loading conftest '/code/modules/invenio-accounts/tests/conftest.py'.
tests/conftest.py:33: in <module>
    from invenio_accounts.admin import role_adminview, session_adminview, \
invenio_accounts/admin.py:30: in <module>
    from weko_workflow.models import WorkFlow, WorkflowRole
E   ModuleNotFoundError: No module named 'weko_workflow'
ERROR: InvocationError for command /code/modules/invenio-accounts/.tox/c1/bin/pytest --cov=invenio_accounts tests -v --cov-branch --cov-report=term --basetemp=/code/modules/invenio-accounts/.tox/c1/tmp (exited with code 4)
>>>>>>> origin/feature/change-pub-status-enum
___________________________________ summary ____________________________________
ERROR:   c1: commands failed
