GLOB sdist-make: /code/modules/weko-items-autofill/setup.py
c1 create: /code/modules/weko-items-autofill/.tox/c1
c1 setuptools_version is setuptools==57.5.0
c1 installdeps: pytest>=3, pytest-cov, -rrequirements2.txt
c1 inst: /code/modules/weko-items-autofill/.tox/.tmp/package/1/weko-items-autofill-1.0.0.dev20190000.zip
c1 installed: alabaster==0.7.13,alembic==0.9.6,amqp==2.6.0,angular-gettext-babel==0.3,aniso8601==8.0.0,arrow==0.12.1,asn1crypto==0.23.0,atomicwrites==1.4.1,attrs==17.4.0,b2handle==1.1.2,Babel==2.5.1,bagit==1.7.0,beautifulsoup4==4.9.3,bibtexparser==1.0.1,billiard==3.6.3.0,binaryornot==0.4.4,bleach==3.1.0,blinker==1.4,boto3==1.7.84,botocore==1.10.84,cachelib==0.1,cachetools==4.2.4,cchardet==2.1.1,celery==4.4.4,certifi==2017.11.5,cffi==1.11.2,chardet==3.0.4,citeproc-py==0.5.1,citeproc-py-styles==0.1.2,click==6.7,cookiecutter==1.6.0,counter-robots==2018.6,coverage==6.2,cryptography==2.1.4,datacite==1.0.1,DateTime==4.9,decorator==4.1.2,defusedxml==0.5.0,dictdiffer==0.7.0,distlib==0.3.6,dnspython==2.2.1,docutils==0.18.1,dojson==1.3.2,elasticsearch==6.1.1,elasticsearch-dsl==6.4.0,elementpath==1.0.6,email-validator==1.0.5,entrypoints==0.2.3,feedgen==0.7.0,filelock==3.4.1,Flask==1.1.0,Flask-Admin==1.5.3,Flask-Alembic==2.0.1,Flask-Assets==0.12,Flask-BabelEx==0.9.4,Flask-Breadcrumbs==0.5.0,Flask-Caching==1.10.1,Flask-CeleryExt==0.3.4,Flask-Collect==1.2.2,Flask-Cors==3.0.3,Flask-DebugToolbar==0.13.1,Flask-IIIF==0.6.1,Flask-KVSession==0.6.2,Flask-Limiter==1.1.0,Flask-Login==0.4.1,Flask-Mail==0.9.1,flask-marshmallow==0.14.0,Flask-Menu==0.6.0,-e git+https://github.com/RCOSDP/flask-oauthlib.git@98eb36e1dfc66256fa7ea62237e9879acb906e9d#egg=Flask_OAuthlib,Flask-Plugins==1.6.1,Flask-Principal==0.4.0,Flask-RESTful==0.3.8,Flask-Security==3.0.0,flask-shell-ipython==0.4.1,Flask-Sitemap==0.4.0,Flask-SQLAlchemy==2.3.2,flask-talisman==0.4.1,Flask-WTF==0.14.3,-e git+https://github.com/RCOSDP/pyfpdf.git@f9b032148283d535cabc7789858081c80de36fef#egg=fpdf,frozendict==2.3.8,fs==0.5.4,ftfy==4.4.3,future==0.16.0,github3.py==1.1.0,html5lib==1.0.1,idna==2.6,iiif-prezi==0.3.0,imagesize==1.4.1,importlib-metadata==4.8.3,importlib-resources==5.4.0,infinity==1.4,intervals==0.8.0,invenio-access==1.1.0,-e git+https://github.com/RCOSDP/weko.git@9e2ff42cef3fe897016441f305f67d5a18580e9c#egg=invenio_accounts&subdirectory=modules/invenio-accounts,invenio-admin==1.1.2,invenio-app==1.1.0,invenio-assets==1.0.0,invenio-base==1.0.2,invenio-cache==1.0.0,invenio-celery==1.1.3,-e git+https://github.com/RCOSDP/weko.git@9e2ff42cef3fe897016441f305f67d5a18580e9c#egg=invenio_communities&subdirectory=modules/invenio-communities,invenio-config==1.0.0,invenio-csl-rest==1.0.0a1,-e git+https://github.com/RCOSDP/weko.git@9e2ff42cef3fe897016441f305f67d5a18580e9c#egg=invenio_db&subdirectory=modules/invenio-db,-e git+https://github.com/RCOSDP/weko.git@9e2ff42cef3fe897016441f305f67d5a18580e9c#egg=invenio_deposit&subdirectory=modules/invenio-deposit,-e git+https://github.com/RCOSDP/weko.git@9e2ff42cef3fe897016441f305f67d5a18580e9c#egg=invenio_files_rest&subdirectory=modules/invenio-files-rest,invenio-formatter==1.0.0b3,invenio-i18n==1.0.0,-e git+https://github.com/RCOSDP/weko.git@9e2ff42cef3fe897016441f305f67d5a18580e9c#egg=invenio_iiif&subdirectory=modules/invenio-iiif,-e git+https://github.com/RCOSDP/weko.git@9e2ff42cef3fe897016441f305f67d5a18580e9c#egg=invenio_indexer&subdirectory=modules/invenio-indexer,invenio-jsonschemas==1.0.0,invenio-logging==1.0.0b3,-e git+https://github.com/RCOSDP/weko.git@9e2ff42cef3fe897016441f305f67d5a18580e9c#egg=invenio_mail&subdirectory=modules/invenio-mail,invenio-marc21==1.0.0a8,-e git+https://github.com/RCOSDP/weko.git@9e2ff42cef3fe897016441f305f67d5a18580e9c#egg=invenio_oaiharvester&subdirectory=modules/invenio-oaiharvester,-e git+https://github.com/RCOSDP/weko.git@9e2ff42cef3fe897016441f305f67d5a18580e9c#egg=invenio_oaiserver&subdirectory=modules/invenio-oaiserver,-e git+https://github.com/RCOSDP/weko.git@9e2ff42cef3fe897016441f305f67d5a18580e9c#egg=invenio_oauth2server&subdirectory=modules/invenio-oauth2server,invenio-oauthclient==1.0.0,invenio-pidrelations==1.0.0a4,invenio-pidstore==1.0.0,-e git+https://github.com/RCOSDP/weko.git@9e2ff42cef3fe897016441f305f67d5a18580e9c#egg=invenio_previewer&subdirectory=modules/invenio-previewer,invenio-query-parser==0.6.0,-e git+https://github.com/RCOSDP/weko.git@9e2ff42cef3fe897016441f305f67d5a18580e9c#egg=invenio_queues&subdirectory=modules/invenio-queues,-e git+https://github.com/RCOSDP/weko.git@9e2ff42cef3fe897016441f305f67d5a18580e9c#egg=invenio_records&subdirectory=modules/invenio-records,invenio-records-files==1.0.0a10,-e git+https://github.com/RCOSDP/weko.git@9e2ff42cef3fe897016441f305f67d5a18580e9c#egg=invenio_records_rest&subdirectory=modules/invenio-records-rest,invenio-records-ui==1.0.0,-e git+https://github.com/RCOSDP/weko.git@9e2ff42cef3fe897016441f305f67d5a18580e9c#egg=invenio_resourcesyncclient&subdirectory=modules/invenio-resourcesyncclient,-e git+https://github.com/RCOSDP/weko.git@9e2ff42cef3fe897016441f305f67d5a18580e9c#egg=invenio_resourcesyncserver&subdirectory=modules/invenio-resourcesyncserver,invenio-rest==1.1.2,-e git+https://github.com/RCOSDP/weko.git@9e2ff42cef3fe897016441f305f67d5a18580e9c#egg=invenio_s3&subdirectory=modules/invenio-s3,-e git+https://github.com/RCOSDP/invenio-search.git@cff9744c5dc651893a9c51672c5b8da9adc21e16#egg=invenio_search,-e git+https://github.com/RCOSDP/invenio-search-ui.git@74bd3b2990ff27b39e01b6b31be9a0b5fda3dd0f#egg=invenio_search_ui,-e git+https://github.com/RCOSDP/weko.git@9e2ff42cef3fe897016441f305f67d5a18580e9c#egg=invenio_stats&subdirectory=modules/invenio-stats,invenio-theme==1.0.0b4,ipaddress==1.0.19,ipython==6.2.1,ipython-genutils==0.2.0,itsdangerous==0.24,jedi==0.11.0,Jinja2==2.10.1,jinja2-cli==0.6.0,jinja2-time==0.2.0,jmespath==0.10.0,jsmin==2.2.2,jsonpatch==1.21,jsonpath-ng==1.5.2,jsonpointer==1.14,jsonref==0.1,jsonresolver==0.2.1,jsonschema==2.6.0,jupyter-client==5.2.2,jupyter-core==4.4.0,-e git+https://github.com/RCOSDP/kombu.git@f204fdf078d5e94393c86693f545e2d011f620f5#egg=kombu,limits==1.2.1,lxml==4.1.1,Mako==1.0.7,MarkupSafe==1.1.1,marshmallow==2.20.1,marshmallow-sqlalchemy==0.23.1,maxminddb==1.5.2,maxminddb-geolite2==2017.803,mistune==0.8.3,mock==5.0.2,more-itertools==8.10.0,msgpack==0.6.2,nbconvert==5.3.1,nbformat==4.4.0,netaddr==0.8.0,node-semver==0.1.1,numpy==1.16.1,oauthlib==2.1.0,ordereddict==1.1,packaging==21.3,pandocfilters==1.4.2,parso==0.1.0,passlib==1.7.1,pbr==5.11.1,pexpect==4.3.0,pickleshare==0.7.4,Pillow==5.4.1,platformdirs==2.4.0,pluggy==0.13.1,ply==3.11,poyo==0.4.1,prompt-toolkit==1.0.15,psycopg2==2.7.3.2,ptyprocess==0.5.2,py==1.11.0,pycparser==2.18,Pygments==2.2.0,PyJWT==1.5.3,PyLD==2.0.3,pyparsing==3.1.0,-e git+https://github.com/RCOSDP/PyPDF2.git@fefc684a3a74aff6f99e5dff24f9b4dd1c95169d#egg=PyPDF2,pyPEG2==2.15.2,pytest==4.2.0,pytest-cov==2.9.0,pytest-mock==3.2.0,python-dateutil==2.6.1,python-editor==1.0.3,python-geoip==1.2,pytz==2017.3,pyzmq==17.0.0,redis==2.10.6,requests==2.18.4,requests-oauthlib==1.1.0,resync==1.0.9,s3fs==0.1.6,s3transfer==0.1.13,selenium==3.141.0,Sickle==0.6.4,simplegeneric==0.8.1,simplejson==3.12.0,simplekv==0.11.2,six==1.16.0,snowballstemmer==2.2.0,soupsieve==2.3.2.post1,speaklater==1.3,Sphinx==1.8.4,sphinxcontrib-serializinghtml==1.1.5,sphinxcontrib-websupport==1.2.4,SQLAlchemy==1.2.19,SQLAlchemy-Continuum==1.3.6,SQLAlchemy-Utils==0.35.0,stevedore==3.5.2,sword3common==0.1.1,testpath==0.3.1,tika==2.6.0,toml==0.10.2,tornado==4.5.3,tox==3.28.0,traitlets==4.3.2,typing_extensions==4.1.1,ua-parser==0.7.3,uritemplate==4.1.1,uritools==2.1.0,urllib3==1.22,uWSGI==2.0.21,uwsgitop==0.11,validators==0.12.0,vine==1.3.0,virtualenv==20.17.1,virtualenv-clone==0.5.7,virtualenvwrapper==4.8.4,Wand==0.6.1,wcwidth==0.1.7,webargs==5.5.2,webassets==0.12.1,webencodings==0.5.1,-e git+https://github.com/RCOSDP/weko.git@9e2ff42cef3fe897016441f305f67d5a18580e9c#egg=weko_accounts&subdirectory=modules/weko-accounts,-e git+https://github.com/RCOSDP/weko.git@9e2ff42cef3fe897016441f305f67d5a18580e9c#egg=weko_admin&subdirectory=modules/weko-admin,-e git+https://github.com/RCOSDP/weko.git@9e2ff42cef3fe897016441f305f67d5a18580e9c#egg=weko_authors&subdirectory=modules/weko-authors,-e git+https://github.com/RCOSDP/weko.git@9e2ff42cef3fe897016441f305f67d5a18580e9c#egg=weko_bulkupdate&subdirectory=modules/weko-bulkupdate,-e git+https://github.com/RCOSDP/weko.git@9e2ff42cef3fe897016441f305f67d5a18580e9c#egg=weko_deposit&subdirectory=modules/weko-deposit,-e git+https://github.com/RCOSDP/weko.git@9e2ff42cef3fe897016441f305f67d5a18580e9c#egg=weko_gridlayout&subdirectory=modules/weko-gridlayout,-e git+https://github.com/RCOSDP/weko.git@9e2ff42cef3fe897016441f305f67d5a18580e9c#egg=weko_groups&subdirectory=modules/weko-groups,-e git+https://github.com/RCOSDP/weko.git@9e2ff42cef3fe897016441f305f67d5a18580e9c#egg=weko_handle&subdirectory=modules/weko-handle,-e git+https://github.com/RCOSDP/weko.git@9e2ff42cef3fe897016441f305f67d5a18580e9c#egg=weko_index_tree&subdirectory=modules/weko-index-tree,-e git+https://github.com/RCOSDP/weko.git@9e2ff42cef3fe897016441f305f67d5a18580e9c#egg=weko_indextree_journal&subdirectory=modules/weko-indextree-journal,weko-items-autofill @ file:///code/modules/weko-items-autofill/.tox/.tmp/package/1/weko-items-autofill-1.0.0.dev20190000.zip,-e git+https://github.com/RCOSDP/weko.git@9e2ff42cef3fe897016441f305f67d5a18580e9c#egg=weko_items_ui&subdirectory=modules/weko-items-ui,-e git+https://github.com/RCOSDP/weko.git@9e2ff42cef3fe897016441f305f67d5a18580e9c#egg=weko_itemtypes_ui&subdirectory=modules/weko-itemtypes-ui,-e git+https://github.com/RCOSDP/weko.git@9e2ff42cef3fe897016441f305f67d5a18580e9c#egg=weko_logging&subdirectory=modules/weko-logging,-e git+https://github.com/RCOSDP/weko.git@9e2ff42cef3fe897016441f305f67d5a18580e9c#egg=weko_records&subdirectory=modules/weko-records,-e git+https://github.com/RCOSDP/weko.git@9e2ff42cef3fe897016441f305f67d5a18580e9c#egg=weko_records_ui&subdirectory=modules/weko-records-ui,-e git+https://github.com/RCOSDP/weko.git@9e2ff42cef3fe897016441f305f67d5a18580e9c#egg=weko_redis&subdirectory=modules/weko-redis,-e git+https://github.com/RCOSDP/weko.git@9e2ff42cef3fe897016441f305f67d5a18580e9c#egg=weko_schema_ui&subdirectory=modules/weko-schema-ui,-e git+https://github.com/RCOSDP/weko.git@9e2ff42cef3fe897016441f305f67d5a18580e9c#egg=weko_search_ui&subdirectory=modules/weko-search-ui,-e git+https://github.com/RCOSDP/weko.git@9e2ff42cef3fe897016441f305f67d5a18580e9c#egg=weko_sitemap&subdirectory=modules/weko-sitemap,-e git+https://github.com/RCOSDP/weko.git@9e2ff42cef3fe897016441f305f67d5a18580e9c#egg=weko_swordserver&subdirectory=modules/weko-swordserver,-e git+https://github.com/RCOSDP/weko.git@9e2ff42cef3fe897016441f305f67d5a18580e9c#egg=weko_theme&subdirectory=modules/weko-theme,-e git+https://github.com/RCOSDP/weko.git@9e2ff42cef3fe897016441f305f67d5a18580e9c#egg=weko_user_profiles&subdirectory=modules/weko-user-profiles,-e git+https://github.com/RCOSDP/weko.git@9e2ff42cef3fe897016441f305f67d5a18580e9c#egg=weko_workflow&subdirectory=modules/weko-workflow,Werkzeug==0.15.2,whichcraft==0.4.1,WTForms==2.1,WTForms-Alchemy==0.16.5,WTForms-Components==0.10.3,xmlschema==0.9.30,xmltodict==0.12.0,zipp==3.6.0,zope.interface==5.5.2
c1 run-test-pre: PYTHONHASHSEED='2366809364'
c1 run-test: commands[0] | pytest --cov=weko_items_autofill tests -v -s -vv --cov-branch --cov-report=term --cov-report=xml --cov-report=html --basetemp=/code/modules/weko-items-autofill/.tox/c1/tmp
============================= test session starts ==============================
platform linux -- Python 3.6.15, pytest-4.2.0, py-1.11.0, pluggy-0.13.1 -- /code/modules/weko-items-autofill/.tox/c1/bin/python
cachedir: .tox/c1/.pytest_cache
rootdir: /code/modules/weko-items-autofill, inifile:
plugins: celery-4.4.4, mock-3.2.0, cov-2.9.0
collecting ... collected 107 items

tests/test_api.py::TestCrossRefOpenURL::test__init__ PASSED
tests/test_api.py::TestCrossRefOpenURL::test_create_endpoint PASSED
tests/test_api.py::TestCrossRefOpenURL::test_create_url PASSED
tests/test_api.py::TestCrossRefOpenURL::test_url PASSED
tests/test_api.py::TestCrossRefOpenURL::test_do_http_request PASSED
tests/test_api.py::TestCrossRefOpenURL::test_get_data PASSED
tests/test_api.py::TestCiNiiURL::test__init__ PASSED
tests/test_api.py::TestCiNiiURL::test_create_endpoint FAILED
tests/test_api.py::TestCiNiiURL::test_create_url FAILED
tests/test_api.py::TestCiNiiURL::test_url PASSED
tests/test_api.py::TestCiNiiURL::test_do_http_request FAILED
tests/test_api.py::TestCiNiiURL::test_get_data PASSED
tests/test_utils.py::test_is_update_cache PASSED
tests/test_utils.py::test_cached_api_json PASSED
tests/test_utils.py::test_get_item_id PASSED
tests/test_utils.py::test_get_title_data PASSED
tests/test_utils.py::test_get_title_pubdate_path PASSED
tests/test_utils.py::test_get_crossref_record_data PASSED
tests/test_utils.py::test_get_crossref_record_data2 PASSED
tests/test_utils.py::test_get_cinii_record_data PASSED
tests/test_utils.py::test_get_basic_cinii_data PASSED
tests/test_utils.py::test_pack_single_value_as_dict PASSED
tests/test_utils.py::test_pack_data_with_multiple_type_cinii PASSED
tests/test_utils.py::test_get_cinii_creator_data FAILED
tests/test_utils.py::test_get_cinii_contributor_data FAILED
tests/test_utils.py::test_get_cinii_description_data PASSED
tests/test_utils.py::test_get_cinii_subject_data PASSED
tests/test_utils.py::test_get_cinii_page_data PASSED
tests/test_utils.py::test_get_cinii_numpage PASSED
tests/test_utils.py::test_get_cinii_date_data PASSED
tests/test_utils.py::test_get_cinii_product_identifier PASSED
tests/test_utils.py::test_get_cinii_data_by_key FAILED
tests/test_utils.py::test_get_crossref_title_data PASSED
tests/test_utils.py::test__build_name_data PASSED
tests/test_utils.py::test_get_crossref_creator_data PASSED
tests/test_utils.py::test_get_crossref_contributor_data PASSED
tests/test_utils.py::test_get_start_and_end_page PASSED
tests/test_utils.py::test_get_crossref_issue_date PASSED
tests/test_utils.py::test_get_crossref_source_title_data PASSED
tests/test_utils.py::test_get_crossref_publisher_data PASSED
tests/test_utils.py::test_get_crossref_relation_data PASSED
tests/test_utils.py::test_get_crossref_source_data PASSED
tests/test_utils.py::test_get_crossref_data_by_key PASSED
tests/test_utils.py::test_get_cinii_autofill_item PASSED
tests/test_utils.py::test_get_crossref_autofill_item PASSED
tests/test_utils.py::test_get_autofill_key_tree PASSED
tests/test_utils.py::test_sort_by_item_type_order PASSED
tests/test_utils.py::test_get_key_value PASSED
tests/test_utils.py::test_get_autofill_key_path PASSED
tests/test_utils.py::test_get_specific_key_path PASSED
tests/test_utils.py::test_build_record_model PASSED
tests/test_utils.py::test_build_model PASSED
tests/test_utils.py::test_build_form_model PASSED
tests/test_utils.py::test_merge_dict PASSED
tests/test_utils.py::test_deepcopy PASSED
tests/test_utils.py::test_fill_data PASSED
tests/test_utils.py::test_is_multiple PASSED
tests/test_utils.py::test_get_workflow_journal FAILED
tests/test_utils.py::test_convert_crossref_xml_data_to_dictionary PASSED
tests/test_utils.py::test_get_contributor_and_author_names PASSED
tests/test_utils.py::test_get_wekoid_record_data PASSED
tests/test_utils.py::test_build_record_model_for_wekoid PASSED
tests/test_utils.py::test_is_multiple_item PASSED
tests/test_utils.py::test_get_record_model PASSED
tests/test_utils.py::test_set_val_for_record_model PASSED
tests/test_utils.py::test_set_val_for_all_child PASSED
tests/test_utils.py::test_remove_sub_record_model_no_value PASSED
tests/test_views.py::test_index PASSED
tests/test_views.py::test_get_selection_option_acl_login[0-True] PASSED
tests/test_views.py::test_get_selection_option_acl_login[1-True] PASSED
tests/test_views.py::test_get_selection_option_acl_login[2-True] PASSED
tests/test_views.py::test_get_selection_option_acl_login[3-True] PASSED
tests/test_views.py::test_get_selection_option_acl_login[4-True] PASSED
tests/test_views.py::test_get_selection_option_acl_login[5-True] PASSED
tests/test_views.py::test_get_selection_option_acl_login[7-True] PASSED
tests/test_views.py::test_get_selection_option_acl_guest PASSED
tests/test_views.py::test_get_selection_option PASSED
tests/test_views.py::test_get_title_pubdate_id_acl_login[0-True] PASSED
tests/test_views.py::test_get_title_pubdate_id_acl_login[1-True] PASSED
tests/test_views.py::test_get_title_pubdate_id_acl_login[2-True] PASSED
tests/test_views.py::test_get_title_pubdate_id_acl_login[3-True] PASSED
tests/test_views.py::test_get_title_pubdate_id_acl_login[4-True] PASSED
tests/test_views.py::test_get_title_pubdate_id_acl_login[5-True] PASSED
tests/test_views.py::test_get_title_pubdate_id_acl_login[7-True] PASSED
tests/test_views.py::test_get_title_pubdate_id_acl_guest PASSED
tests/test_views.py::test_get_title_pubdate_id PASSED
tests/test_views.py::test_get_auto_fill_record_data_acl_login[0-True] PASSED
tests/test_views.py::test_get_auto_fill_record_data_acl_login[1-True] PASSED
tests/test_views.py::test_get_auto_fill_record_data_acl_login[2-True] PASSED
tests/test_views.py::test_get_auto_fill_record_data_acl_login[3-True] PASSED
tests/test_views.py::test_get_auto_fill_record_data_acl_login[4-True] PASSED
tests/test_views.py::test_get_auto_fill_record_data_acl_login[5-True] PASSED
tests/test_views.py::test_get_auto_fill_record_data_acl_login[7-True] PASSED
tests/test_views.py::test_get_auto_fill_record_data_acl_guest PASSED
tests/test_views.py::test_get_auto_fill_record_data PASSED
tests/test_views.py::test_get_item_auto_fill_journal_acl_login[0-True] PASSED
tests/test_views.py::test_get_item_auto_fill_journal_acl_login[1-True] PASSED
tests/test_views.py::test_get_item_auto_fill_journal_acl_login[2-True] PASSED
tests/test_views.py::test_get_item_auto_fill_journal_acl_login[3-True] PASSED
tests/test_views.py::test_get_item_auto_fill_journal_acl_login[4-True] PASSED
tests/test_views.py::test_get_item_auto_fill_journal_acl_login[5-True] PASSED
tests/test_views.py::test_get_item_auto_fill_journal_acl_login[7-True] PASSED
tests/test_views.py::test_get_item_auto_fill_journal_acl_guest PASSED
tests/test_views.py::test_get_item_auto_fill_journal PASSED
tests/test_views.py::test_dbsession_clean PASSED
tests/test_weko_items_autofill.py::test_version PASSED
tests/test_weko_items_autofill.py::test_init PASSED

=================================== FAILURES ===================================
______________________ TestCiNiiURL.test_create_endpoint _______________________

self = <tests.test_api.TestCiNiiURL object at 0x7f268f2260b8>

    def test_create_endpoint(self):
        cini = CiNiiURL("test_naid")
        result = cini._create_endpoint()
>       assert result == "naid/test_naid.json"
E       AssertionError: assert 'crid/test_naid.json' == 'naid/test_naid.json'
E         - crid/test_naid.json
E         ? ^^
E         + naid/test_naid.json
E         ? ^^

tests/test_api.py:130: AssertionError
_________________________ TestCiNiiURL.test_create_url _________________________

self = <tests.test_api.TestCiNiiURL object at 0x7f268f118940>
mocker = <pytest_mock.plugin.MockFixture object at 0x7f268f118b70>

    def test_create_url(self,mocker):
        mocker.patch("weko_items_autofill.api.CiNiiURL._create_endpoint",return_value="naid/test_naid.json")
        cini = CiNiiURL("test_naid")
        result = cini._create_url()
>       assert result == "https://ci.nii.ac.jp/naid/test_naid.json"
E       AssertionError: assert 'https://cir....est_naid.json' == 'https://ci.ni...est_naid.json'
E         - https://cir.nii.ac.jp/naid/test_naid.json
E         ?           -
E         + https://ci.nii.ac.jp/naid/test_naid.json

tests/test_api.py:139: AssertionError
______________________ TestCiNiiURL.test_do_http_request _______________________

self = <tests.test_api.TestCiNiiURL object at 0x7f268f242588>
mocker = <pytest_mock.plugin.MockFixture object at 0x7f268f23fdd8>

    def test_do_http_request(self,mocker):
        mock_get = mocker.patch("weko_items_autofill.api.requests.get")
        cini = CiNiiURL("test_naid")
        cini._do_http_request()
        mock_get.assert_called_with("https://ci.nii.ac.jp/naid/test_naid.json",
>                                   timeout=5,proxies={"http":"test_http_proxy","https":"test_https_proxy"})
E       AssertionError: Expected call: get('https://ci.nii.ac.jp/naid/test_naid.json', proxies={'http': 'test_http_proxy', 'https': 'test_https_proxy'}, timeout=5)
E       Actual call: get('https://cir.nii.ac.jp/crid/test_naid.json', proxies={'http': 'test_http_proxy', 'https': 'test_https_proxy'}, timeout=5)
E       
E       pytest introspection follows:
E       
E       Args:
E       assert ('https://cir...t_naid.json',) == ('https://ci.n...t_naid.json',)
E         At index 0 diff: 'https://cir.nii.ac.jp/crid/test_naid.json' != 'https://ci.nii.ac.jp/naid/test_naid.json'
E         Full diff:
E         - ('https://cir.nii.ac.jp/crid/test_naid.json',)
E         ?             -           ^^
E         + ('https://ci.nii.ac.jp/naid/test_naid.json',)
E         ?                        ^^

tests/test_api.py:158: AssertionError
_________________________ test_get_cinii_creator_data __________________________

    def test_get_cinii_creator_data():
        data = json_data("data/cinii_response_sample1.json")['response']['creator']
        result = get_cinii_creator_data(data)
        test = [
            {"@value":"テスト 太郎", "@language":"ja"},
            {"@value":"TEST Taro", "@language":"en"},
            {"@value":"テスト 三郎", "@language":"ja"},
            {"@value":"TEST Saburo", "@language":"en"},
        ]
>       assert result == test
E       AssertionError: assert [[{'@language...EST Saburo'}]] == [{'@language':...TEST Saburo'}]
E         At index 0 diff: [{'@value': 'テスト 太郎', '@language': 'ja'}, {'@value': 'TEST Taro', '@language': 'en'}] != {'@value': 'テスト 太郎', '@language': 'ja'}
E         Right contains more items, first extra item: {'@language': 'ja', '@value': 'テスト 三郎'}
E         Full diff:
E         - [[{'@language': 'ja', '@value': 'テスト 太郎'},
E         ? -
E         + [{'@language': 'ja', '@value': 'テスト 太郎'},
E         -   {'@language': 'en', '@value': 'TEST Taro'}],
E         ? -                                           -
E         +  {'@language': 'en', '@value': 'TEST Taro'},
E         -  [{'@language': 'ja', '@value': 'テスト 三郎'},
E         ?  -
E         +  {'@language': 'ja', '@value': 'テスト 三郎'},
E         -   {'@language': 'en', '@value': 'TEST Saburo'}]]
E         ? -                                              -
E         +  {'@language': 'en', '@value': 'TEST Saburo'}]

tests/test_utils.py:495: AssertionError
_______________________ test_get_cinii_contributor_data ________________________

    def test_get_cinii_contributor_data():
        data = json_data("data/cinii_response_sample1.json")['response']["contributor"]
        test = [
            {"@value": "テスト 次郎", "@language": "ja"},
            {"@value": "TEST Ziro", "@language": "en"},
            {"@value": "テスト 花子", "@language": "ja"},
            {"@value": "TEST Hanako", "@language": "en"},
        ]
        result = get_cinii_contributor_data(data)
>       assert result == test
E       AssertionError: assert [[{'@language...EST Hanako'}]] == [{'@language':...TEST Hanako'}]
E         At index 0 diff: [{'@value': 'テスト 次郎', '@language': 'ja'}, {'@value': 'TEST Ziro', '@language': 'en'}] != {'@value': 'テスト 次郎', '@language': 'ja'}
E         Right contains more items, first extra item: {'@language': 'ja', '@value': 'テスト 花子'}
E         Full diff:
E         - [[{'@language': 'ja', '@value': 'テスト 次郎'},
E         ? -
E         + [{'@language': 'ja', '@value': 'テスト 次郎'},
E         -   {'@language': 'en', '@value': 'TEST Ziro'}],
E         ? -                                           -
E         +  {'@language': 'en', '@value': 'TEST Ziro'},
E         -  [{'@language': 'ja', '@value': 'テスト 花子'},
E         ?  -
E         +  {'@language': 'ja', '@value': 'テスト 花子'},
E         -   {'@language': 'en', '@value': 'TEST Hanako'}]]
E         ? -                                              -
E         +  {'@language': 'en', '@value': 'TEST Hanako'}]

tests/test_utils.py:508: AssertionError
__________________________ test_get_cinii_data_by_key __________________________

app = <Flask 'testapp'>

    def test_get_cinii_data_by_key(app):
        api = {"response": {}}
        result = get_cinii_data_by_key(api, "key")
        assert result == {}
    
        api = json_data("data/cinii_response_sample1.json")
        test = {
            "title": [
                {"@value": "テストタイトル", "@language": "ja"},
                {"@value": "test title", "@language": "en"},
                {"@value": "テストのタイトル", "@language": "ja"},
            ],
            "alternative": [
                {"@value": "other title", "@language": "en"},
                {"@value": "別タイトル", "@language": "ja"},
            ],
            "creator": [
                {"@value": "テスト 太郎", "@language": "ja"},
                {"@value": "TEST Taro", "@language": "en"},
                {"@value": "テスト 三郎", "@language": "ja"},
                {"@value": "TEST Saburo", "@language": "en"},
            ],
            "contributor": [
                {"@value": "テスト 次郎", "@language": "ja"},
                {"@value": "TEST Ziro", "@language": "en"},
                {"@value": "テスト 花子", "@language": "ja"},
                {"@value": "TEST Hanako", "@language": "en"}
            ],
            "description": [
                {"@value": "this is test abstract.", "@type": "Abstract", "@language": "en"},
                {"@value": "これはテストの抄録です。", "@type": "Abstract", "@language": "ja"},
                {"@value": "this is other abstract.", "@type": "Other", "@language": "en"},
                {"@value": "これはその他の抄録です。", "@type": "Other", "@language": "ja"},
            ],
            "subject": [
                {
                    "@scheme": "Other",
                    "@URI": "https://cir.nii.ac.jp/all?q=%E3%82%B7%E3%82%B9%E3%83%86%E3%83%A0%E3%83%87%E3%82%B6%E3%82%A4%E3%83%B3",
                    "@value": "システムデザイン",
                    "@language": "ja",
                },
                {
                    "@scheme": "Other",
                    "@URI": "https://cir.nii.ac.jp/all?q=%E6%A4%9C%E7%B4%A2%E3%82%A8%E3%83%B3%E3%82%B8%E3%83%B3",
                    "@value": "検索エンジン",
                    "@language": "ja",
                }
            ],
            "sourceTitle": [
                {"@value": "テスト雑誌", "@language": "ja"},
                {"@value": "test journal", "@language": "en"}
            ],
            "volume": {"@value": "62"},
            "issue": {"@value": "11"},
            "pageStart": {"@value": "473"},
            "pageEnd": {"@value": "477"},
            "numPages": {"@value": "5"},
            "date": {"@value": "2012-11-02", "@type": "Issued"},
            "publisher": [
                {"@value": "test publisher", "@language": "en"},
                {"@value": "テスト公開", "@language": "ja"}
            ],
            "sourceIdentifier": [
                {"@value": "87654321", "@type": "ISSN"},
                {"@value": "AN34567890", "@type": "NCID"}
            ],
            "relation": [
                {"@value": "001122334455", "@type": "NAID"},
                {"@value": "10.12334/jkg.12.11_222", "@type": "DOI"},
            ],
        }
        result = get_cinii_data_by_key(api, "all")
>       assert result == test
E       AssertionError: assert {'alternative...-11-02'}, ...} == {'alternative'...-11-02'}, ...}
E         Common items:
E         {'alternative': [{'@language': 'en', '@value': 'other title'},
E                          {'@language': 'ja', '@value': '別タイトル'}],
E          'date': {'@type': 'Issued', '@value': '2012-11-02'},
E          'description': [{'@language': 'en',
E                           '@type': 'Abstract',
E                           '@value': 'this is test abstract.'},
E                          {'@language': 'ja',
E                           '@type': 'Abstract',
E                           '@value': 'これはテストの抄録です。'},
E                          {'@language': 'en',
E                           '@type': 'Other',
E                           '@value': 'this is other abstract.'},
E                          {'@language': 'ja',
E                           '@type': 'Other',
E                           '@value': 'これはその他の抄録です。'}],
E          'issue': {'@value': '11'},
E          'numPages': {'@value': '5'},
E          'pageEnd': {'@value': '477'},
E          'pageStart': {'@value': '473'},
E          'publisher': [{'@language': 'en', '@value': 'test publisher'},
E                        {'@language': 'ja', '@value': 'テスト公開'}],
E          'relation': [{'@type': 'NAID', '@value': '001122334455'},
E                       {'@type': 'DOI', '@value': '10.12334/jkg.12.11_222'}],
E          'sourceIdentifier': [{'@type': 'ISSN', '@value': '87654321'},
E                               {'@type': 'NCID', '@value': 'AN34567890'}],
E          'sourceTitle': [{'@language': 'ja', '@value': 'テスト雑誌'},
E                          {'@language': 'en', '@value': 'test journal'}],
E          'subject': [{'@URI': 'https://cir.nii.ac.jp/all?q=%E3%82%B7%E3%82%B9%E3%83%86%E3%83%A0%E3%83%87%E3%82%B6%E3%82%A4%E3%83%B3',
E                       '@language': 'ja',
E                       '@scheme': 'Other',
E                       '@value': 'システムデザイン'},
E                      {'@URI': 'https://cir.nii.ac.jp/all?q=%E6%A4%9C%E7%B4%A2%E3%82%A8%E3%83%B3%E3%82%B8%E3%83%B3',
E                       '@language': 'ja',
E                       '@scheme': 'Other',
E                       '@value': '検索エンジン'}],
E          'title': [{'@language': 'ja', '@value': 'テストタイトル'},
E                    {'@language': 'en', '@value': 'test title'},
E                    {'@language': 'ja', '@value': 'テストのタイトル'}],
E          'volume': {'@value': '62'}}
E         Differing items:
E         {'creator': [[{'@language': 'ja', '@value': 'テスト 太郎'}, {'@language': 'en', '@value': 'TEST Taro'}], [{'@language': 'ja', '@value': 'テスト 三郎'}, {'@language': 'en', '@value': 'TEST Saburo'}]]} != {'creator': [{'@language': 'ja', '@value': 'テスト 太郎'}, {'@language': 'en', '@value': 'TEST Taro'}, {'@language': 'ja', '@value': 'テスト 三郎'}, {'@language': 'en', '@value': 'TEST Saburo'}]}
E         {'contributor': [[{'@language': 'ja', '@value': 'テスト 次郎'}, {'@language': 'en', '@value': 'TEST Ziro'}], [{'@language': 'ja', '@value': 'テスト 花子'}, {'@language': 'en', '@value': 'TEST Hanako'}]]} != {'contributor': [{'@language': 'ja', '@value': 'テスト 次郎'}, {'@language': 'en', '@value': 'TEST Ziro'}, {'@language': 'ja', '@value': 'テスト 花子'}, {'@language': 'en', '@value': 'TEST Hanako'}]}
E         Full diff:
E         {'alternative': [{'@language': 'en', '@value': 'other title'},
E         {'@language': 'ja', '@value': '別タイトル'}],
E         -  'contributor': [[{'@language': 'ja', '@value': 'テスト 次郎'},
E         ?                 -
E         +  'contributor': [{'@language': 'ja', '@value': 'テスト 次郎'},
E         -                   {'@language': 'en', '@value': 'TEST Ziro'}],
E         ? -                                                           -
E         +                  {'@language': 'en', '@value': 'TEST Ziro'},
E         -                  [{'@language': 'ja', '@value': 'テスト 花子'},
E         ?                  -
E         +                  {'@language': 'ja', '@value': 'テスト 花子'},
E         -                   {'@language': 'en', '@value': 'TEST Hanako'}]],
E         ? -                                                              -
E         +                  {'@language': 'en', '@value': 'TEST Hanako'}],
E         -  'creator': [[{'@language': 'ja', '@value': 'テスト 太郎'},
E         ?             -
E         +  'creator': [{'@language': 'ja', '@value': 'テスト 太郎'},
E         -               {'@language': 'en', '@value': 'TEST Taro'}],
E         ? -                                                       -
E         +              {'@language': 'en', '@value': 'TEST Taro'},
E         -              [{'@language': 'ja', '@value': 'テスト 三郎'},
E         ?              -
E         +              {'@language': 'ja', '@value': 'テスト 三郎'},
E         -               {'@language': 'en', '@value': 'TEST Saburo'}]],
E         ? -                                                          -
E         +              {'@language': 'en', '@value': 'TEST Saburo'}],
E         'date': {'@type': 'Issued', '@value': '2012-11-02'},
E         'description': [{'@language': 'en',
E         '@type': 'Abstract',
E         '@value': 'this is test abstract.'},
E         {'@language': 'ja',
E         '@type': 'Abstract',
E         '@value': 'これはテストの抄録です。'},
E         {'@language': 'en',
E         '@type': 'Other',
E         '@value': 'this is other abstract.'},
E         {'@language': 'ja',
E         '@type': 'Other',
E         '@value': 'これはその他の抄録です。'}],
E         'issue': {'@value': '11'},
E         'numPages': {'@value': '5'},
E         'pageEnd': {'@value': '477'},
E         'pageStart': {'@value': '473'},
E         'publisher': [{'@language': 'en', '@value': 'test publisher'},
E         {'@language': 'ja', '@value': 'テスト公開'}],
E         'relation': [{'@type': 'NAID', '@value': '001122334455'},
E         {'@type': 'DOI', '@value': '10.12334/jkg.12.11_222'}],
E         'sourceIdentifier': [{'@type': 'ISSN', '@value': '87654321'},
E         {'@type': 'NCID', '@value': 'AN34567890'}],
E         'sourceTitle': [{'@language': 'ja', '@value': 'テスト雑誌'},
E         {'@language': 'en', '@value': 'test journal'}],
E         'subject': [{'@URI': 'https://cir.nii.ac.jp/all?q=%E3%82%B7%E3%82%B9%E3%83%86%E3%83%A0%E3%83%87%E3%82%B6%E3%82%A4%E3%83%B3',
E         '@language': 'ja',
E         '@scheme': 'Other',
E         '@value': 'システムデザイン'},
E         {'@URI': 'https://cir.nii.ac.jp/all?q=%E6%A4%9C%E7%B4%A2%E3%82%A8%E3%83%B3%E3%82%B8%E3%83%B3',
E         '@language': 'ja',
E         '@scheme': 'Other',
E         '@value': '検索エンジン'}],
E         'title': [{'@language': 'ja', '@value': 'テストタイトル'},
E         {'@language': 'en', '@value': 'test title'},
E         {'@language': 'ja', '@value': 'テストのタイトル'}],
E         'volume': {'@value': '62'}}

tests/test_utils.py:693: AssertionError
__________________________ test_get_workflow_journal ___________________________

self = <sqlalchemy.engine.base.Connection object at 0x7f268e4c29b0>
dialect = <sqlalchemy.dialects.postgresql.psycopg2.PGDialect_psycopg2 object at 0x7f268e093240>
constructor = <bound method DefaultExecutionContext._init_compiled of <class 'sqlalchemy.dialects.postgresql.psycopg2.PGExecutionContext_psycopg2'>>
statement = 'SELECT workflow_action_journal.status AS workflow_action_journal_status, workflow_action_journal.created AS workflow_..._journal_action_journal \nFROM workflow_action_journal \nWHERE workflow_action_journal.activity_id = %(activity_id_1)s'
parameters = {'activity_id_1': 100}
args = (<sqlalchemy.dialects.postgresql.psycopg2.PGCompiler_psycopg2 object at 0x7f268e4c2a58>, [immutabledict({})])
conn = <sqlalchemy.pool._ConnectionFairy object at 0x7f268e4b8828>
context = <sqlalchemy.dialects.postgresql.psycopg2.PGExecutionContext_psycopg2 object at 0x7f268e4c2b00>

    def _execute_context(
        self, dialect, constructor, statement, parameters, *args
    ):
        """Create an :class:`.ExecutionContext` and execute, returning
        a :class:`.ResultProxy`."""
    
        try:
            try:
                conn = self.__connection
            except AttributeError:
                # escape "except AttributeError" before revalidating
                # to prevent misleading stacktraces in Py3K
                conn = None
            if conn is None:
                conn = self._revalidate_connection()
    
            context = constructor(dialect, self, conn, *args)
        except BaseException as e:
            self._handle_dbapi_exception(
                e, util.text_type(statement), parameters, None, None
            )
    
        if context.compiled:
            context.pre_exec()
    
        cursor, statement, parameters = (
            context.cursor,
            context.statement,
            context.parameters,
        )
    
        if not context.executemany:
            parameters = parameters[0]
    
        if self._has_events or self.engine._has_events:
            for fn in self.dispatch.before_cursor_execute:
                statement, parameters = fn(
                    self,
                    cursor,
                    statement,
                    parameters,
                    context,
                    context.executemany,
                )
    
        if self._echo:
            self.engine.logger.info(statement)
            self.engine.logger.info(
                "%r", sql_util._repr_params(parameters, batches=10)
            )
    
        evt_handled = False
        try:
            if context.executemany:
                if self.dialect._has_events:
                    for fn in self.dialect.dispatch.do_executemany:
                        if fn(cursor, statement, parameters, context):
                            evt_handled = True
                            break
                if not evt_handled:
                    self.dialect.do_executemany(
                        cursor, statement, parameters, context
                    )
            elif not parameters and context.no_parameters:
                if self.dialect._has_events:
                    for fn in self.dialect.dispatch.do_execute_no_params:
                        if fn(cursor, statement, context):
                            evt_handled = True
                            break
                if not evt_handled:
                    self.dialect.do_execute_no_params(
                        cursor, statement, context
                    )
            else:
                if self.dialect._has_events:
                    for fn in self.dialect.dispatch.do_execute:
                        if fn(cursor, statement, parameters, context):
                            evt_handled = True
                            break
                if not evt_handled:
                    self.dialect.do_execute(
>                       cursor, statement, parameters, context
                    )

.tox/c1/lib/python3.6/site-packages/sqlalchemy/engine/base.py:1236: 
_ _ _ _ _ _ _ _ _ _ _ _ _ _ _ _ _ _ _ _ _ _ _ _ _ _ _ _ _ _ _ _ _ _ _ _ _ _ _ _ 

self = <sqlalchemy.dialects.postgresql.psycopg2.PGDialect_psycopg2 object at 0x7f268e093240>
cursor = <cursor object at 0x7f268e0fc238; closed: -1>
statement = 'SELECT workflow_action_journal.status AS workflow_action_journal_status, workflow_action_journal.created AS workflow_..._journal_action_journal \nFROM workflow_action_journal \nWHERE workflow_action_journal.activity_id = %(activity_id_1)s'
parameters = {'activity_id_1': 100}
context = <sqlalchemy.dialects.postgresql.psycopg2.PGExecutionContext_psycopg2 object at 0x7f268e4c2b00>

    def do_execute(self, cursor, statement, parameters, context=None):
>       cursor.execute(statement, parameters)
E       psycopg2.ProgrammingError: operator does not exist: character varying = integer
E       LINE 3: WHERE workflow_action_journal.activity_id = 100
E                                                         ^
E       HINT:  No operator matches the given name and argument types. You might need to add explicit type casts.

.tox/c1/lib/python3.6/site-packages/sqlalchemy/engine/default.py:536: ProgrammingError

The above exception was the direct cause of the following exception:

app = <Flask 'testapp'>
db = <SQLAlchemy engine=postgresql+psycopg2://invenio:***@postgresql:5432/wekotest>
actions = ([<Action 1>, <Action 2>, <Action 3>, <Action 4>, <Action 5>, <Action 6>, ...], [<ActionStatus 1>, <ActionStatus 2>, <ActionStatus 3>, <ActionStatus 4>, <ActionStatus 5>, <ActionStatus 6>, ...])

    def test_get_workflow_journal(app, db, actions):
        action_journal = ActionJournal(
            activity_id=1, action_id=1, action_journal={"key": "value"}
        )
        db.session.add(action_journal)
        db.session.commit()
    
        # not exist journal
>       result = get_workflow_journal(100)

tests/test_utils.py:1691: 
_ _ _ _ _ _ _ _ _ _ _ _ _ _ _ _ _ _ _ _ _ _ _ _ _ _ _ _ _ _ _ _ _ _ _ _ _ _ _ _ 
weko_items_autofill/utils.py:1192: in get_workflow_journal
    activity_id=activity_id).one_or_none()
.tox/c1/lib/python3.6/site-packages/sqlalchemy/orm/query.py:3008: in one_or_none
    ret = list(self)
.tox/c1/lib/python3.6/site-packages/sqlalchemy/orm/query.py:3081: in __iter__
    return self._execute_and_instances(context)
.tox/c1/lib/python3.6/site-packages/sqlalchemy/orm/query.py:3106: in _execute_and_instances
    result = conn.execute(querycontext.statement, self._params)
.tox/c1/lib/python3.6/site-packages/sqlalchemy/engine/base.py:980: in execute
    return meth(self, multiparams, params)
.tox/c1/lib/python3.6/site-packages/sqlalchemy/sql/elements.py:273: in _execute_on_connection
    return connection._execute_clauseelement(self, multiparams, params)
.tox/c1/lib/python3.6/site-packages/sqlalchemy/engine/base.py:1099: in _execute_clauseelement
    distilled_params,
.tox/c1/lib/python3.6/site-packages/sqlalchemy/engine/base.py:1240: in _execute_context
    e, statement, parameters, cursor, context
.tox/c1/lib/python3.6/site-packages/sqlalchemy/engine/base.py:1458: in _handle_dbapi_exception
    util.raise_from_cause(sqlalchemy_exception, exc_info)
.tox/c1/lib/python3.6/site-packages/sqlalchemy/util/compat.py:296: in raise_from_cause
    reraise(type(exception), exception, tb=exc_tb, cause=cause)
.tox/c1/lib/python3.6/site-packages/sqlalchemy/util/compat.py:276: in reraise
    raise value.with_traceback(tb)
.tox/c1/lib/python3.6/site-packages/sqlalchemy/engine/base.py:1236: in _execute_context
    cursor, statement, parameters, context
_ _ _ _ _ _ _ _ _ _ _ _ _ _ _ _ _ _ _ _ _ _ _ _ _ _ _ _ _ _ _ _ _ _ _ _ _ _ _ _ 

self = <sqlalchemy.dialects.postgresql.psycopg2.PGDialect_psycopg2 object at 0x7f268e093240>
cursor = <cursor object at 0x7f268e0fc238; closed: -1>
statement = 'SELECT workflow_action_journal.status AS workflow_action_journal_status, workflow_action_journal.created AS workflow_..._journal_action_journal \nFROM workflow_action_journal \nWHERE workflow_action_journal.activity_id = %(activity_id_1)s'
parameters = {'activity_id_1': 100}
context = <sqlalchemy.dialects.postgresql.psycopg2.PGExecutionContext_psycopg2 object at 0x7f268e4c2b00>

    def do_execute(self, cursor, statement, parameters, context=None):
>       cursor.execute(statement, parameters)
E       sqlalchemy.exc.ProgrammingError: (psycopg2.ProgrammingError) operator does not exist: character varying = integer
E       LINE 3: WHERE workflow_action_journal.activity_id = 100
E                                                         ^
E       HINT:  No operator matches the given name and argument types. You might need to add explicit type casts.
E        [SQL: 'SELECT workflow_action_journal.status AS workflow_action_journal_status, workflow_action_journal.created AS workflow_action_journal_created, workflow_action_journal.updated AS workflow_action_journal_updated, workflow_action_journal.id AS workflow_action_journal_id, workflow_action_journal.activity_id AS workflow_action_journal_activity_id, workflow_action_journal.action_id AS workflow_action_journal_action_id, workflow_action_journal.action_journal AS workflow_action_journal_action_journal \nFROM workflow_action_journal \nWHERE workflow_action_journal.activity_id = %(activity_id_1)s'] [parameters: {'activity_id_1': 100}] (Background on this error at: http://sqlalche.me/e/f405)

.tox/c1/lib/python3.6/site-packages/sqlalchemy/engine/default.py:536: ProgrammingError
=============================== warnings summary ===============================
tests/test_utils.py::test_is_update_cache
tests/test_utils.py::test_cached_api_json
tests/test_utils.py::test_get_item_id
tests/test_utils.py::test_get_title_data
tests/test_utils.py::test_get_title_pubdate_path
tests/test_utils.py::test_get_crossref_record_data
tests/test_utils.py::test_get_crossref_record_data2
tests/test_utils.py::test_get_cinii_record_data
tests/test_utils.py::test_get_cinii_page_data
tests/test_utils.py::test_get_cinii_numpage
tests/test_utils.py::test_get_cinii_data_by_key
tests/test_utils.py::test_get_start_and_end_page
tests/test_utils.py::test_get_crossref_data_by_key
tests/test_utils.py::test_get_cinii_autofill_item
tests/test_utils.py::test_get_crossref_autofill_item
tests/test_utils.py::test_get_autofill_key_path
tests/test_utils.py::test_merge_dict
tests/test_utils.py::test_get_workflow_journal
tests/test_utils.py::test_get_wekoid_record_data
tests/test_utils.py::test_build_record_model_for_wekoid
tests/test_views.py::test_index
tests/test_views.py::test_get_selection_option_acl_login[0-True]
tests/test_views.py::test_get_selection_option_acl_login[1-True]
tests/test_views.py::test_get_selection_option_acl_login[2-True]
tests/test_views.py::test_get_selection_option_acl_login[3-True]
tests/test_views.py::test_get_selection_option_acl_login[4-True]
tests/test_views.py::test_get_selection_option_acl_login[5-True]
tests/test_views.py::test_get_selection_option_acl_login[7-True]
tests/test_views.py::test_get_selection_option_acl_guest
tests/test_views.py::test_get_selection_option
tests/test_views.py::test_get_title_pubdate_id_acl_login[0-True]
tests/test_views.py::test_get_title_pubdate_id_acl_login[1-True]
tests/test_views.py::test_get_title_pubdate_id_acl_login[2-True]
tests/test_views.py::test_get_title_pubdate_id_acl_login[3-True]
tests/test_views.py::test_get_title_pubdate_id_acl_login[4-True]
tests/test_views.py::test_get_title_pubdate_id_acl_login[5-True]
tests/test_views.py::test_get_title_pubdate_id_acl_login[7-True]
tests/test_views.py::test_get_title_pubdate_id_acl_guest
tests/test_views.py::test_get_title_pubdate_id
tests/test_views.py::test_get_auto_fill_record_data_acl_login[0-True]
tests/test_views.py::test_get_auto_fill_record_data_acl_login[1-True]
tests/test_views.py::test_get_auto_fill_record_data_acl_login[2-True]
tests/test_views.py::test_get_auto_fill_record_data_acl_login[3-True]
tests/test_views.py::test_get_auto_fill_record_data_acl_login[4-True]
tests/test_views.py::test_get_auto_fill_record_data_acl_login[5-True]
tests/test_views.py::test_get_auto_fill_record_data_acl_login[7-True]
tests/test_views.py::test_get_auto_fill_record_data_acl_guest
tests/test_views.py::test_get_auto_fill_record_data
tests/test_views.py::test_get_item_auto_fill_journal_acl_login[0-True]
tests/test_views.py::test_get_item_auto_fill_journal_acl_login[1-True]
tests/test_views.py::test_get_item_auto_fill_journal_acl_login[2-True]
tests/test_views.py::test_get_item_auto_fill_journal_acl_login[3-True]
tests/test_views.py::test_get_item_auto_fill_journal_acl_login[4-True]
tests/test_views.py::test_get_item_auto_fill_journal_acl_login[5-True]
tests/test_views.py::test_get_item_auto_fill_journal_acl_login[7-True]
tests/test_views.py::test_get_item_auto_fill_journal_acl_guest
tests/test_views.py::test_get_item_auto_fill_journal
tests/test_views.py::test_dbsession_clean
  /code/modules/weko-items-autofill/.tox/c1/lib/python3.6/site-packages/flask_sqlalchemy/__init__.py:794: FSADeprecationWarning: SQLALCHEMY_TRACK_MODIFICATIONS adds significant overhead and will be disabled by default in the future.  Set it to True or False to suppress this warning.
    'SQLALCHEMY_TRACK_MODIFICATIONS adds significant overhead and '

tests/test_utils.py::test_is_update_cache
tests/test_utils.py::test_cached_api_json
tests/test_utils.py::test_get_item_id
tests/test_utils.py::test_get_title_data
tests/test_utils.py::test_get_title_pubdate_path
tests/test_utils.py::test_get_crossref_record_data
tests/test_utils.py::test_get_crossref_record_data2
tests/test_utils.py::test_get_cinii_record_data
tests/test_utils.py::test_get_cinii_page_data
tests/test_utils.py::test_get_cinii_numpage
tests/test_utils.py::test_get_cinii_data_by_key
tests/test_utils.py::test_get_start_and_end_page
tests/test_utils.py::test_get_crossref_data_by_key
tests/test_utils.py::test_get_cinii_autofill_item
tests/test_utils.py::test_get_crossref_autofill_item
tests/test_utils.py::test_get_autofill_key_path
tests/test_utils.py::test_merge_dict
tests/test_utils.py::test_get_workflow_journal
tests/test_utils.py::test_get_wekoid_record_data
tests/test_utils.py::test_build_record_model_for_wekoid
tests/test_views.py::test_index
tests/test_views.py::test_get_selection_option_acl_login[0-True]
tests/test_views.py::test_get_selection_option_acl_login[1-True]
tests/test_views.py::test_get_selection_option_acl_login[2-True]
tests/test_views.py::test_get_selection_option_acl_login[3-True]
tests/test_views.py::test_get_selection_option_acl_login[4-True]
tests/test_views.py::test_get_selection_option_acl_login[5-True]
tests/test_views.py::test_get_selection_option_acl_login[7-True]
tests/test_views.py::test_get_selection_option_acl_guest
tests/test_views.py::test_get_selection_option
tests/test_views.py::test_get_title_pubdate_id_acl_login[0-True]
tests/test_views.py::test_get_title_pubdate_id_acl_login[1-True]
tests/test_views.py::test_get_title_pubdate_id_acl_login[2-True]
tests/test_views.py::test_get_title_pubdate_id_acl_login[3-True]
tests/test_views.py::test_get_title_pubdate_id_acl_login[4-True]
tests/test_views.py::test_get_title_pubdate_id_acl_login[5-True]
tests/test_views.py::test_get_title_pubdate_id_acl_login[7-True]
tests/test_views.py::test_get_title_pubdate_id_acl_guest
tests/test_views.py::test_get_title_pubdate_id
tests/test_views.py::test_get_auto_fill_record_data_acl_login[0-True]
tests/test_views.py::test_get_auto_fill_record_data_acl_login[1-True]
tests/test_views.py::test_get_auto_fill_record_data_acl_login[2-True]
tests/test_views.py::test_get_auto_fill_record_data_acl_login[3-True]
tests/test_views.py::test_get_auto_fill_record_data_acl_login[4-True]
tests/test_views.py::test_get_auto_fill_record_data_acl_login[5-True]
tests/test_views.py::test_get_auto_fill_record_data_acl_login[7-True]
tests/test_views.py::test_get_auto_fill_record_data_acl_guest
tests/test_views.py::test_get_auto_fill_record_data
tests/test_views.py::test_get_item_auto_fill_journal_acl_login[0-True]
tests/test_views.py::test_get_item_auto_fill_journal_acl_login[1-True]
tests/test_views.py::test_get_item_auto_fill_journal_acl_login[2-True]
tests/test_views.py::test_get_item_auto_fill_journal_acl_login[3-True]
tests/test_views.py::test_get_item_auto_fill_journal_acl_login[4-True]
tests/test_views.py::test_get_item_auto_fill_journal_acl_login[5-True]
tests/test_views.py::test_get_item_auto_fill_journal_acl_login[7-True]
tests/test_views.py::test_get_item_auto_fill_journal_acl_guest
tests/test_views.py::test_get_item_auto_fill_journal
tests/test_views.py::test_dbsession_clean
  /code/modules/weko-items-autofill/.tox/c1/lib/python3.6/site-packages/flask_caching/__init__.py:241: DeprecationWarning: Using the initialization functions in flask_caching.backend is deprecated.  Use the a full path to backend classes directly.
    category=DeprecationWarning,

-- Docs: https://docs.pytest.org/en/latest/warnings.html

---------- coverage: platform linux, python 3.6.15-final-0 -----------
Name                                 Stmts   Miss Branch BrPart  Cover
----------------------------------------------------------------------
weko_items_autofill/__init__.py          5      0      0      0   100%
weko_items_autofill/api.py              84      0     30      0   100%
weko_items_autofill/config.py           18      0      0      0   100%
weko_items_autofill/ext.py              18      0     10      0   100%
weko_items_autofill/permissions.py       4      0      0      0   100%
weko_items_autofill/utils.py           799      4    485      2    99%
weko_items_autofill/version.py           3      0      0      0   100%
weko_items_autofill/views.py            63      0     10      0   100%
----------------------------------------------------------------------
TOTAL                                  994      4    535      2    99%
Coverage HTML written to dir htmlcov
Coverage XML written to file coverage.xml

============= 7 failed, 100 passed, 116 warnings in 228.75 seconds =============
ERROR: InvocationError for command /code/modules/weko-items-autofill/.tox/c1/bin/pytest --cov=weko_items_autofill tests -v -s -vv --cov-branch --cov-report=term --cov-report=xml --cov-report=html --basetemp=/code/modules/weko-items-autofill/.tox/c1/tmp (exited with code 1)
___________________________________ summary ____________________________________
ERROR:   c1: commands failed
