<?xml version="1.0" ?>
<coverage branch-rate="0.01364" branches-covered="17" branches-valid="1246" complexity="0" line-rate="0.1632" lines-covered="505" lines-valid="3095" timestamp="1712251447024" version="6.2">
	<!-- Generated by coverage.py: https://coverage.readthedocs.io -->
	<!-- Based on https://raw.githubusercontent.com/cobertura/web/master/htdocs/xml/coverage-04.dtd -->
	<sources>
		<source>/code/modules/weko-records-ui/weko_records_ui</source>
	</sources>
	<packages>
		<package branch-rate="0.01364" complexity="0" line-rate="0.1632" name=".">
			<classes>
				<class branch-rate="1" complexity="0" filename="__init__.py" line-rate="1" name="__init__.py">
					<methods/>
					<lines>
						<line hits="1" number="21"/>
						<line hits="1" number="23"/>
						<line hits="1" number="24"/>
						<line hits="1" number="26"/>
					</lines>
				</class>
				<class branch-rate="0" complexity="0" filename="admin.py" line-rate="0" name="admin.py">
					<methods/>
					<lines>
						<line hits="0" number="21"/>
						<line hits="0" number="23"/>
						<line hits="0" number="24"/>
						<line hits="0" number="25"/>
						<line hits="0" number="27"/>
						<line hits="0" number="28"/>
						<line hits="0" number="29"/>
						<line hits="0" number="30"/>
						<line hits="0" number="31"/>
						<line hits="0" number="32"/>
						<line hits="0" number="33"/>
						<line hits="0" number="34"/>
						<line hits="0" number="35"/>
						<line hits="0" number="36"/>
						<line hits="0" number="37"/>
						<line hits="0" number="38"/>
						<line hits="0" number="39"/>
						<line hits="0" number="40"/>
						<line hits="0" number="41"/>
						<line hits="0" number="43"/>
						<line hits="0" number="44"/>
						<line hits="0" number="45"/>
						<line branch="true" condition-coverage="0% (0/2)" hits="0" missing-branches="exit,50" number="47"/>
						<line branch="true" condition-coverage="0% (0/2)" hits="0" missing-branches="51,102" number="50"/>
						<line hits="0" number="53"/>
						<line hits="0" number="56"/>
						<line hits="0" number="57"/>
						<line hits="0" number="58"/>
						<line hits="0" number="59"/>
						<line hits="0" number="60"/>
						<line hits="0" number="61"/>
						<line branch="true" condition-coverage="0% (0/2)" hits="0" missing-branches="64,65" number="63"/>
						<line hits="0" number="64"/>
						<line branch="true" condition-coverage="0% (0/2)" hits="0" missing-branches="66,67" number="65"/>
						<line hits="0" number="66"/>
						<line branch="true" condition-coverage="0% (0/2)" hits="0" missing-branches="68,71" number="67"/>
						<line hits="0" number="68"/>
						<line branch="true" condition-coverage="0% (0/2)" hits="0" missing-branches="73,91" number="71"/>
						<line hits="0" number="73"/>
						<line branch="true" condition-coverage="0% (0/2)" hits="0" missing-branches="75,91" number="74"/>
						<line hits="0" number="75"/>
						<line hits="0" number="76"/>
						<line branch="true" condition-coverage="0% (0/2)" hits="0" missing-branches="78,80" number="77"/>
						<line hits="0" number="78"/>
						<line hits="0" number="80"/>
						<line hits="0" number="81"/>
						<line branch="true" condition-coverage="0% (0/2)" hits="0" missing-branches="84,86" number="83"/>
						<line hits="0" number="84"/>
						<line hits="0" number="86"/>
						<line hits="0" number="87"/>
						<line hits="0" number="89"/>
						<line hits="0" number="91"/>
						<line hits="0" number="96"/>
						<line hits="0" number="97"/>
						<line hits="0" number="99"/>
						<line branch="true" condition-coverage="0% (0/2)" hits="0" missing-branches="103,155" number="102"/>
						<line hits="0" number="105"/>
						<line hits="0" number="108"/>
						<line hits="0" number="109"/>
						<line hits="0" number="110"/>
						<line hits="0" number="111"/>
						<line branch="true" condition-coverage="0% (0/2)" hits="0" missing-branches="113,115" number="112"/>
						<line hits="0" number="113"/>
						<line hits="0" number="115"/>
						<line hits="0" number="123"/>
						<line hits="0" number="124"/>
						<line hits="0" number="125"/>
						<line hits="0" number="131"/>
						<line hits="0" number="132"/>
						<line hits="0" number="133"/>
						<line hits="0" number="134"/>
						<line hits="0" number="135"/>
						<line hits="0" number="136"/>
						<line hits="0" number="144"/>
						<line hits="0" number="145"/>
						<line branch="true" condition-coverage="0% (0/2)" hits="0" missing-branches="156,171" number="155"/>
						<line hits="0" number="158"/>
						<line hits="0" number="161"/>
						<line branch="true" condition-coverage="0% (0/2)" hits="0" missing-branches="163,166" number="162"/>
						<line hits="0" number="163"/>
						<line hits="0" number="164"/>
						<line hits="0" number="165"/>
						<line hits="0" number="166"/>
						<line hits="0" number="167"/>
						<line branch="true" condition-coverage="0% (0/2)" hits="0" missing-branches="172,225" number="171"/>
						<line hits="0" number="174"/>
						<line hits="0" number="177"/>
						<line hits="0" number="178"/>
						<line hits="0" number="186"/>
						<line hits="0" number="189"/>
						<line hits="0" number="190"/>
						<line branch="true" condition-coverage="0% (0/2)" hits="0" missing-branches="192,197" number="191"/>
						<line branch="true" condition-coverage="0% (0/2)" hits="0" missing-branches="191,193" number="192"/>
						<line branch="true" condition-coverage="0% (0/2)" hits="0" missing-branches="191,194" number="193"/>
						<line branch="true" condition-coverage="0% (0/2)" hits="0" missing-branches="193,195" number="194"/>
						<line hits="0" number="195"/>
						<line hits="0" number="196"/>
						<line hits="0" number="197"/>
						<line hits="0" number="199"/>
						<line hits="0" number="200"/>
						<line branch="true" condition-coverage="0% (0/2)" hits="0" missing-branches="202,204" number="201"/>
						<line hits="0" number="202"/>
						<line hits="0" number="204"/>
						<line branch="true" condition-coverage="0% (0/2)" hits="0" missing-branches="206,222" number="205"/>
						<line hits="0" number="206"/>
						<line hits="0" number="207"/>
						<line branch="true" condition-coverage="0% (0/2)" hits="0" missing-branches="209,211" number="208"/>
						<line hits="0" number="209"/>
						<line hits="0" number="211"/>
						<line hits="0" number="212"/>
						<line hits="0" number="213"/>
						<line branch="true" condition-coverage="0% (0/2)" hits="0" missing-branches="205,216" number="215"/>
						<line hits="0" number="216"/>
						<line hits="0" number="217"/>
						<line hits="0" number="218"/>
						<line hits="0" number="219"/>
						<line hits="0" number="220"/>
						<line hits="0" number="222"/>
						<line hits="0" number="225"/>
						<line hits="0" number="234"/>
						<line hits="0" number="243"/>
						<line hits="0" number="252"/>
						<line hits="0" number="261"/>
					</lines>
				</class>
				<class branch-rate="1" complexity="0" filename="bundles.py" line-rate="0" name="bundles.py">
					<methods/>
					<lines>
						<line hits="0" number="21"/>
						<line hits="0" number="23"/>
						<line hits="0" number="24"/>
						<line hits="0" number="26"/>
						<line hits="0" number="40"/>
						<line hits="0" number="67"/>
						<line hits="0" number="81"/>
						<line hits="0" number="87"/>
						<line hits="0" number="93"/>
						<line hits="0" number="99"/>
					</lines>
				</class>
				<class branch-rate="1" complexity="0" filename="config.py" line-rate="1" name="config.py">
					<methods/>
					<lines>
						<line hits="1" number="21"/>
						<line hits="1" number="22"/>
						<line hits="1" number="24"/>
						<line hits="1" number="25"/>
						<line hits="1" number="27"/>
						<line hits="1" number="29"/>
						<line hits="1" number="30"/>
						<line hits="1" number="32"/>
						<line hits="1" number="34"/>
						<line hits="1" number="40"/>
						<line hits="1" number="43"/>
						<line hits="1" number="45"/>
						<line hits="1" number="47"/>
						<line hits="1" number="52"/>
						<line hits="1" number="55"/>
						<line hits="1" number="58"/>
						<line hits="1" number="62"/>
						<line hits="1" number="65"/>
						<line hits="1" number="68"/>
						<line hits="1" number="69"/>
						<line hits="1" number="70"/>
						<line hits="1" number="76"/>
						<line hits="1" number="79"/>
						<line hits="1" number="82"/>
						<line hits="1" number="85"/>
						<line hits="1" number="88"/>
						<line hits="1" number="91"/>
						<line hits="1" number="94"/>
						<line hits="1" number="97"/>
						<line hits="1" number="99"/>
						<line hits="1" number="189"/>
						<line hits="1" number="192"/>
						<line hits="1" number="196"/>
						<line hits="1" number="200"/>
						<line hits="1" number="202"/>
						<line hits="1" number="242"/>
						<line hits="1" number="258"/>
						<line hits="1" number="325"/>
						<line hits="1" number="327"/>
						<line hits="1" number="329"/>
						<line hits="1" number="331"/>
						<line hits="1" number="333"/>
						<line hits="1" number="336"/>
						<line hits="1" number="339"/>
						<line hits="1" number="341"/>
						<line hits="1" number="343"/>
						<line hits="1" number="345"/>
						<line hits="1" number="348"/>
						<line hits="1" number="351"/>
						<line hits="1" number="354"/>
						<line hits="1" number="357"/>
						<line hits="1" number="360"/>
						<line hits="1" number="549"/>
						<line hits="1" number="552"/>
						<line hits="1" number="555"/>
						<line hits="1" number="558"/>
						<line hits="1" number="561"/>
						<line hits="1" number="612"/>
						<line hits="1" number="615"/>
						<line hits="1" number="617"/>
						<line hits="1" number="620"/>
						<line hits="1" number="630"/>
						<line hits="1" number="633"/>
						<line hits="1" number="636"/>
						<line hits="1" number="639"/>
						<line hits="1" number="642"/>
						<line hits="1" number="645"/>
						<line hits="1" number="648"/>
						<line hits="1" number="651"/>
						<line hits="1" number="652"/>
					</lines>
				</class>
				<class branch-rate="0.2222" complexity="0" filename="ext.py" line-rate="0.3636" name="ext.py">
					<methods/>
					<lines>
						<line hits="1" number="21"/>
						<line hits="1" number="23"/>
						<line hits="1" number="24"/>
						<line hits="1" number="25"/>
						<line branch="true" condition-coverage="100% (2/2)" hits="1" number="28"/>
						<line hits="1" number="31"/>
						<line branch="true" condition-coverage="0% (0/2)" hits="0" missing-branches="exit,37" number="36"/>
						<line hits="0" number="37"/>
						<line hits="1" number="39"/>
						<line hits="0" number="44"/>
						<line hits="0" number="45"/>
						<line hits="0" number="46"/>
						<line hits="1" number="48"/>
						<line branch="true" condition-coverage="0% (0/2)" hits="0" missing-branches="55,59" number="54"/>
						<line hits="0" number="55"/>
						<line branch="true" condition-coverage="0% (0/2)" hits="0" missing-branches="60,62" number="59"/>
						<line branch="true" condition-coverage="0% (0/2)" hits="0" missing-branches="59,61" number="60"/>
						<line hits="0" number="61"/>
						<line hits="0" number="62"/>
						<line hits="0" number="64"/>
						<line branch="true" condition-coverage="100% (2/2)" hits="1" number="68"/>
						<line hits="1" number="71"/>
						<line branch="true" condition-coverage="0% (0/2)" hits="0" missing-branches="exit,77" number="76"/>
						<line hits="0" number="77"/>
						<line hits="1" number="79"/>
						<line hits="0" number="87"/>
						<line hits="0" number="88"/>
						<line hits="0" number="91"/>
						<line hits="0" number="92"/>
						<line hits="1" number="94"/>
						<line branch="true" condition-coverage="0% (0/2)" hits="0" missing-branches="exit,100" number="99"/>
						<line branch="true" condition-coverage="0% (0/2)" hits="0" missing-branches="99,101" number="100"/>
						<line hits="0" number="101"/>
					</lines>
				</class>
				<class branch-rate="0" complexity="0" filename="fd.py" line-rate="0.1625" name="fd.py">
					<methods/>
					<lines>
						<line hits="1" number="21"/>
						<line hits="1" number="23"/>
						<line hits="1" number="24"/>
						<line hits="1" number="25"/>
						<line hits="1" number="26"/>
						<line hits="1" number="27"/>
						<line hits="1" number="29"/>
						<line hits="1" number="30"/>
						<line hits="1" number="31"/>
						<line hits="1" number="32"/>
						<line hits="1" number="33"/>
						<line hits="1" number="34"/>
						<line hits="1" number="35"/>
						<line hits="1" number="36"/>
						<line hits="1" number="37"/>
						<line hits="1" number="38"/>
						<line hits="1" number="39"/>
						<line hits="1" number="40"/>
						<line hits="1" number="41"/>
						<line hits="1" number="42"/>
						<line hits="1" number="43"/>
						<line hits="1" number="44"/>
						<line hits="1" number="45"/>
						<line hits="1" number="46"/>
						<line hits="1" number="47"/>
						<line hits="1" number="49"/>
						<line hits="1" number="50"/>
						<line hits="1" number="51"/>
						<line hits="1" number="53"/>
						<line hits="1" number="60"/>
						<line hits="0" number="70"/>
						<line hits="0" number="71"/>
						<line branch="true" condition-coverage="0% (0/2)" hits="0" missing-branches="74,77" number="73"/>
						<line branch="true" condition-coverage="0% (0/2)" hits="0" missing-branches="75,77" number="74"/>
						<line hits="0" number="75"/>
						<line hits="0" number="77"/>
						<line hits="0" number="78"/>
						<line hits="0" number="80"/>
						<line hits="1" number="89"/>
						<line hits="0" number="96"/>
						<line hits="0" number="97"/>
						<line branch="true" condition-coverage="0% (0/2)" hits="0" missing-branches="99,105" number="98"/>
						<line branch="true" condition-coverage="0% (0/2)" hits="0" missing-branches="98,100" number="99"/>
						<line hits="0" number="100"/>
						<line hits="0" number="101"/>
						<line hits="0" number="102"/>
						<line hits="0" number="103"/>
						<line hits="0" number="105"/>
						<line hits="0" number="106"/>
						<line hits="0" number="107"/>
						<line hits="0" number="108"/>
						<line hits="0" number="109"/>
						<line hits="0" number="110"/>
						<line hits="0" number="111"/>
						<line branch="true" condition-coverage="0% (0/2)" hits="0" missing-branches="114,116" number="113"/>
						<line hits="0" number="114"/>
						<line branch="true" condition-coverage="0% (0/2)" hits="0" missing-branches="117,120" number="116"/>
						<line hits="0" number="117"/>
						<line hits="0" number="118"/>
						<line hits="0" number="120"/>
						<line hits="0" number="121"/>
						<line hits="0" number="122"/>
						<line hits="0" number="134"/>
						<line hits="0" number="141"/>
						<line hits="1" number="144"/>
						<line hits="0" number="165"/>
						<line hits="1" number="173"/>
						<line hits="0" number="194"/>
						<line hits="1" number="202"/>
						<line hits="0" number="217"/>
						<line hits="0" number="219"/>
						<line branch="true" condition-coverage="0% (0/2)" hits="0" missing-branches="224,226" number="223"/>
						<line hits="0" number="224"/>
						<line hits="0" number="226"/>
						<line hits="0" number="229"/>
						<line branch="true" condition-coverage="0% (0/2)" hits="0" missing-branches="232,237" number="230"/>
						<line branch="true" condition-coverage="0% (0/2)" hits="0" missing-branches="233,237" number="232"/>
						<line branch="true" condition-coverage="0% (0/2)" hits="0" missing-branches="234,235" number="233"/>
						<line hits="0" number="234"/>
						<line hits="0" number="235"/>
						<line branch="true" condition-coverage="0% (0/2)" hits="0" missing-branches="239,259" number="237"/>
						<line branch="true" condition-coverage="0% (0/2)" hits="0" missing-branches="243,259" number="239"/>
						<line hits="0" number="243"/>
						<line hits="0" number="244"/>
						<line hits="0" number="245"/>
						<line hits="0" number="246"/>
						<line branch="true" condition-coverage="0% (0/2)" hits="0" missing-branches="248,251" number="247"/>
						<line hits="0" number="248"/>
						<line hits="0" number="249"/>
						<line hits="0" number="251"/>
						<line hits="0" number="253"/>
						<line hits="0" number="259"/>
						<line hits="0" number="260"/>
						<line hits="0" number="263"/>
						<line hits="1" number="266"/>
						<line hits="0" number="278"/>
						<line hits="0" number="280"/>
						<line hits="0" number="281"/>
						<line hits="0" number="282"/>
						<line hits="0" number="284"/>
						<line hits="0" number="285"/>
						<line hits="0" number="286"/>
						<line hits="0" number="289"/>
						<line branch="true" condition-coverage="0% (0/2)" hits="0" missing-branches="294,299" number="290"/>
						<line hits="0" number="294"/>
						<line branch="true" condition-coverage="0% (0/2)" hits="0" missing-branches="304,329" number="299"/>
						<line hits="0" number="304"/>
						<line hits="0" number="316"/>
						<line hits="0" number="317"/>
						<line hits="0" number="329"/>
						<line hits="0" number="333"/>
						<line hits="0" number="335"/>
						<line hits="1" number="338"/>
						<line hits="0" number="348"/>
						<line hits="0" number="349"/>
						<line hits="0" number="350"/>
						<line branch="true" condition-coverage="0% (0/2)" hits="0" missing-branches="352,365" number="351"/>
						<line hits="0" number="352"/>
						<line hits="0" number="353"/>
						<line branch="true" condition-coverage="0% (0/2)" hits="0" missing-branches="355,356" number="354"/>
						<line hits="0" number="355"/>
						<line branch="true" condition-coverage="0% (0/2)" hits="0" missing-branches="357,359" number="356"/>
						<line hits="0" number="357"/>
						<line hits="0" number="359"/>
						<line branch="true" condition-coverage="0% (0/2)" hits="0" missing-branches="361,365" number="360"/>
						<line branch="true" condition-coverage="0% (0/2)" hits="0" missing-branches="360,362" number="361"/>
						<line branch="true" condition-coverage="0% (0/2)" hits="0" missing-branches="360,363" number="362"/>
						<line hits="0" number="363"/>
						<line hits="0" number="364"/>
						<line hits="0" number="365"/>
						<line hits="0" number="366"/>
						<line branch="true" condition-coverage="0% (0/2)" hits="0" missing-branches="exit,370" number="369"/>
						<line hits="0" number="370"/>
						<line hits="0" number="373"/>
						<line hits="0" number="376"/>
						<line branch="true" condition-coverage="0% (0/2)" hits="0" missing-branches="378,386" number="377"/>
						<line hits="0" number="378"/>
						<line hits="0" number="379"/>
						<line hits="0" number="381"/>
						<line branch="true" condition-coverage="0% (0/2)" hits="0" missing-branches="385,386" number="384"/>
						<line hits="0" number="385"/>
						<line hits="0" number="386"/>
						<line hits="0" number="389"/>
						<line hits="0" number="391"/>
						<line hits="0" number="395"/>
						<line hits="0" number="396"/>
						<line branch="true" condition-coverage="0% (0/2)" hits="0" missing-branches="398,404" number="397"/>
						<line branch="true" condition-coverage="0% (0/2)" hits="0" missing-branches="399,404" number="398"/>
						<line hits="0" number="399"/>
						<line branch="true" condition-coverage="0% (0/2)" hits="0" missing-branches="401,403" number="400"/>
						<line hits="0" number="401"/>
						<line hits="0" number="403"/>
						<line hits="0" number="404"/>
						<line hits="0" number="407"/>
						<line hits="0" number="408"/>
						<line hits="1" number="411"/>
						<line hits="0" number="420"/>
						<line hits="0" number="421"/>
						<line hits="0" number="422"/>
						<line hits="0" number="424"/>
						<line branch="true" condition-coverage="0% (0/2)" hits="0" missing-branches="427,428" number="426"/>
						<line hits="0" number="427"/>
						<line hits="0" number="428"/>
						<line hits="0" number="431"/>
						<line hits="0" number="434"/>
						<line hits="0" number="439"/>
						<line branch="true" condition-coverage="0% (0/2)" hits="0" missing-branches="442,444" number="441"/>
						<line hits="0" number="442"/>
						<line hits="0" number="444"/>
						<line hits="0" number="447"/>
						<line branch="true" condition-coverage="0% (0/2)" hits="0" missing-branches="449,453" number="448"/>
						<line hits="0" number="449"/>
						<line hits="0" number="453"/>
						<line branch="true" condition-coverage="0% (0/2)" hits="0" missing-branches="461,479" number="459"/>
						<line hits="0" number="461"/>
						<line hits="0" number="462"/>
						<line hits="0" number="463"/>
						<line branch="true" condition-coverage="0% (0/2)" hits="0" missing-branches="465,466" number="464"/>
						<line hits="0" number="465"/>
						<line hits="0" number="466"/>
						<line branch="true" condition-coverage="0% (0/2)" hits="0" missing-branches="468,471" number="467"/>
						<line hits="0" number="468"/>
						<line hits="0" number="469"/>
						<line hits="0" number="470"/>
						<line hits="0" number="471"/>
						<line hits="0" number="472"/>
						<line hits="0" number="473"/>
						<line hits="0" number="474"/>
						<line hits="0" number="476"/>
						<line branch="true" condition-coverage="0% (0/2)" hits="0" missing-branches="480,483" number="479"/>
						<line hits="0" number="480"/>
						<line hits="0" number="483"/>
						<line hits="1" number="486"/>
						<line hits="0" number="497"/>
						<line branch="true" condition-coverage="0% (0/2)" hits="0" missing-branches="499,501" number="498"/>
						<line hits="0" number="499"/>
						<line hits="0" number="501"/>
						<line hits="0" number="502"/>
						<line branch="true" condition-coverage="0% (0/2)" hits="0" missing-branches="504,517" number="503"/>
						<line branch="true" condition-coverage="0% (0/2)" hits="0" missing-branches="505,511" number="504"/>
						<line hits="0" number="505"/>
						<line branch="true" condition-coverage="0% (0/2)" hits="0" missing-branches="507,514" number="506"/>
						<line branch="true" condition-coverage="0% (0/2)" hits="0" missing-branches="506,508" number="507"/>
						<line hits="0" number="508"/>
						<line hits="0" number="509"/>
						<line branch="true" condition-coverage="0% (0/2)" hits="0" missing-branches="512,514" number="511"/>
						<line hits="0" number="512"/>
						<line branch="true" condition-coverage="0% (0/2)" hits="0" missing-branches="503,515" number="514"/>
						<line hits="0" number="515"/>
						<line hits="0" number="517"/>
						<line hits="1" number="519"/>
						<line hits="0" number="528"/>
						<line hits="0" number="529"/>
						<line hits="0" number="530"/>
						<line hits="0" number="532"/>
						<line branch="true" condition-coverage="0% (0/2)" hits="0" missing-branches="535,536" number="534"/>
						<line hits="0" number="535"/>
						<line hits="0" number="536"/>
						<line hits="0" number="539"/>
						<line branch="true" condition-coverage="0% (0/2)" hits="0" missing-branches="542,545" number="541"/>
						<line hits="0" number="542"/>
						<line hits="0" number="545"/>
						<line branch="true" condition-coverage="0% (0/2)" hits="0" missing-branches="550,553" number="549"/>
						<line hits="0" number="550"/>
						<line hits="0" number="553"/>
						<line hits="0" number="555"/>
						<line branch="true" condition-coverage="0% (0/2)" hits="0" missing-branches="558,560" number="557"/>
						<line hits="0" number="558"/>
						<line hits="0" number="560"/>
						<line hits="0" number="563"/>
						<line branch="true" condition-coverage="0% (0/2)" hits="0" missing-branches="565,569" number="564"/>
						<line hits="0" number="565"/>
						<line hits="0" number="569"/>
						<line branch="true" condition-coverage="0% (0/2)" hits="0" missing-branches="576,580" number="575"/>
						<line hits="0" number="576"/>
						<line hits="0" number="580"/>
						<line branch="true" condition-coverage="0% (0/2)" hits="0" missing-branches="582,585" number="581"/>
						<line hits="0" number="582"/>
						<line hits="0" number="583"/>
						<line hits="0" number="585"/>
					</lines>
				</class>
				<class branch-rate="0" complexity="0" filename="ipaddr.py" line-rate="0.2162" name="ipaddr.py">
					<methods/>
					<lines>
						<line hits="1" number="21"/>
						<line hits="1" number="23"/>
						<line hits="1" number="25"/>
						<line hits="1" number="26"/>
						<line hits="1" number="27"/>
						<line hits="1" number="28"/>
						<line hits="1" number="31"/>
						<line hits="0" number="36"/>
						<line hits="0" number="38"/>
						<line branch="true" condition-coverage="0% (0/2)" hits="0" missing-branches="40,50" number="39"/>
						<line branch="true" condition-coverage="0% (0/2)" hits="0" missing-branches="41,50" number="40"/>
						<line hits="0" number="41"/>
						<line hits="0" number="42"/>
						<line branch="true" condition-coverage="0% (0/2)" hits="0" missing-branches="40,45" number="43"/>
						<line branch="true" condition-coverage="0% (0/2)" hits="0" missing-branches="43,46" number="45"/>
						<line hits="0" number="46"/>
						<line hits="0" number="47"/>
						<line hits="0" number="49"/>
						<line hits="0" number="50"/>
						<line hits="1" number="53"/>
						<line hits="0" number="60"/>
						<line hits="0" number="61"/>
						<line hits="0" number="62"/>
						<line hits="0" number="63"/>
						<line hits="0" number="65"/>
						<line hits="0" number="66"/>
						<line hits="0" number="67"/>
						<line hits="0" number="69"/>
						<line hits="0" number="70"/>
						<line hits="0" number="71"/>
						<line branch="true" condition-coverage="0% (0/2)" hits="0" missing-branches="74,78" number="73"/>
						<line hits="0" number="74"/>
						<line hits="0" number="75"/>
						<line hits="0" number="76"/>
						<line branch="true" condition-coverage="0% (0/2)" hits="0" missing-branches="79,81" number="78"/>
						<line hits="0" number="79"/>
						<line hits="0" number="81"/>
					</lines>
				</class>
				<class branch-rate="0.3667" complexity="0" filename="models.py" line-rate="0.4398" name="models.py">
					<methods/>
					<lines>
						<line hits="1" number="22"/>
						<line hits="1" number="24"/>
						<line hits="1" number="25"/>
						<line hits="1" number="26"/>
						<line hits="1" number="27"/>
						<line hits="1" number="29"/>
						<line hits="1" number="30"/>
						<line hits="1" number="31"/>
						<line hits="1" number="32"/>
						<line hits="1" number="33"/>
						<line hits="1" number="34"/>
						<line hits="1" number="35"/>
						<line hits="1" number="36"/>
						<line branch="true" condition-coverage="100% (2/2)" hits="1" number="41"/>
						<line hits="1" number="44"/>
						<line hits="1" number="46"/>
						<line hits="1" number="48"/>
						<line hits="1" number="51"/>
						<line hits="1" number="54"/>
						<line hits="1" number="57"/>
						<line hits="1" number="60"/>
						<line hits="1" number="64"/>
						<line hits="1" number="67"/>
						<line hits="1" number="74"/>
						<line hits="0" number="82"/>
						<line hits="0" number="83"/>
						<line hits="0" number="84"/>
						<line hits="0" number="85"/>
						<line hits="0" number="86"/>
						<line hits="1" number="88"/>
						<line hits="0" number="91"/>
						<line hits="0" number="92"/>
						<line hits="1" number="94"/>
						<line hits="0" number="104"/>
						<line hits="0" number="112"/>
						<line hits="0" number="114"/>
						<line hits="0" number="115"/>
						<line hits="0" number="116"/>
						<line hits="0" number="117"/>
						<line hits="0" number="118"/>
						<line hits="0" number="120"/>
						<line branch="true" condition-coverage="100% (2/2)" hits="1" number="126"/>
						<line hits="1" number="129"/>
						<line hits="1" number="132"/>
						<line hits="1" number="135"/>
						<line hits="1" number="137"/>
						<line hits="1" number="139"/>
						<line hits="0" number="147"/>
						<line branch="true" condition-coverage="0% (0/2)" hits="0" missing-branches="149,150" number="148"/>
						<line hits="0" number="149"/>
						<line hits="0" number="150"/>
						<line hits="1" number="152"/>
						<line hits="0" number="160"/>
						<line hits="0" number="161"/>
						<line hits="0" number="162"/>
						<line branch="true" condition-coverage="0% (0/2)" hits="0" missing-branches="164,167" number="163"/>
						<line hits="0" number="164"/>
						<line hits="0" number="165"/>
						<line hits="0" number="167"/>
						<line hits="0" number="168"/>
						<line hits="0" number="169"/>
						<line hits="0" number="170"/>
						<line hits="0" number="171"/>
						<line branch="true" condition-coverage="100% (2/2)" hits="1" number="174"/>
						<line hits="1" number="177"/>
						<line hits="1" number="179"/>
						<line hits="1" number="182"/>
						<line hits="1" number="185"/>
						<line hits="1" number="188"/>
						<line hits="1" number="191"/>
						<line hits="1" number="194"/>
						<line hits="1" number="197"/>
						<line hits="1" number="201"/>
						<line hits="1" number="203"/>
						<line hits="1" number="207"/>
						<line hits="1" number="208"/>
						<line hits="1" number="209"/>
						<line hits="1" number="210"/>
						<line hits="1" number="211"/>
						<line hits="1" number="212"/>
						<line hits="1" number="214"/>
						<line hits="0" number="217"/>
						<line hits="0" number="221"/>
						<line hits="1" number="223"/>
						<line hits="1" number="224"/>
						<line hits="0" number="234"/>
						<line hits="0" number="242"/>
						<line hits="1" number="244"/>
						<line hits="0" number="247"/>
						<line hits="0" number="248"/>
						<line hits="0" number="252"/>
						<line hits="0" number="253"/>
						<line hits="1" number="255"/>
						<line hits="0" number="258"/>
						<line hits="0" number="259"/>
						<line hits="0" number="260"/>
						<line hits="1" number="262"/>
						<line hits="0" number="265"/>
						<line hits="0" number="266"/>
						<line hits="0" number="267"/>
						<line hits="1" number="269"/>
						<line hits="0" number="272"/>
						<line hits="0" number="274"/>
						<line hits="1" number="276"/>
						<line hits="0" number="279"/>
						<line hits="0" number="280"/>
						<line hits="0" number="281"/>
						<line hits="1" number="283"/>
						<line hits="0" number="289"/>
						<line branch="true" condition-coverage="100% (2/2)" hits="1" number="292"/>
						<line hits="1" number="295"/>
						<line hits="1" number="297"/>
						<line hits="1" number="300"/>
						<line hits="1" number="303"/>
						<line hits="1" number="306"/>
						<line hits="1" number="309"/>
						<line hits="1" number="312"/>
						<line branch="true" condition-coverage="50% (1/2)" hits="1" missing-branches="exit" number="315"/>
						<line hits="1" number="331"/>
						<line hits="1" number="342"/>
						<line hits="1" number="343"/>
						<line hits="1" number="344"/>
						<line hits="1" number="345"/>
						<line hits="1" number="346"/>
						<line hits="1" number="347"/>
						<line hits="1" number="349"/>
						<line hits="0" number="352"/>
						<line hits="0" number="353"/>
						<line hits="0" number="354"/>
						<line hits="0" number="355"/>
						<line hits="0" number="356"/>
						<line hits="0" number="357"/>
						<line hits="0" number="358"/>
						<line hits="0" number="359"/>
						<line hits="0" number="360"/>
						<line hits="1" number="362"/>
						<line hits="0" number="369"/>
						<line hits="0" number="370"/>
						<line hits="0" number="371"/>
						<line hits="0" number="372"/>
						<line hits="0" number="373"/>
						<line branch="true" condition-coverage="0% (0/2)" hits="0" missing-branches="376,386" number="375"/>
						<line branch="true" condition-coverage="0% (0/2)" hits="0" missing-branches="377,384" number="376"/>
						<line branch="true" condition-coverage="0% (0/2)" hits="0" missing-branches="378,379" number="377"/>
						<line hits="0" number="378"/>
						<line branch="true" condition-coverage="0% (0/2)" hits="0" missing-branches="380,381" number="379"/>
						<line hits="0" number="380"/>
						<line branch="true" condition-coverage="0% (0/2)" hits="0" missing-branches="382,383" number="381"/>
						<line hits="0" number="382"/>
						<line hits="0" number="383"/>
						<line hits="0" number="384"/>
						<line hits="0" number="385"/>
						<line hits="0" number="386"/>
						<line hits="0" number="387"/>
						<line hits="0" number="388"/>
						<line hits="0" number="389"/>
						<line hits="0" number="390"/>
						<line hits="1" number="392"/>
						<line hits="1" number="393"/>
						<line hits="0" number="399"/>
						<line hits="0" number="404"/>
						<line hits="1" number="406"/>
						<line hits="1" number="407"/>
						<line hits="0" number="413"/>
						<line hits="0" number="420"/>
						<line branch="true" condition-coverage="100% (2/2)" hits="1" number="423"/>
						<line hits="1" number="426"/>
						<line hits="1" number="428"/>
						<line hits="1" number="431"/>
						<line hits="1" number="434"/>
						<line hits="1" number="437"/>
						<line hits="1" number="440"/>
						<line hits="1" number="443"/>
						<line hits="1" number="446"/>
						<line hits="0" number="456"/>
						<line hits="0" number="457"/>
						<line hits="0" number="458"/>
						<line hits="0" number="459"/>
						<line hits="0" number="460"/>
						<line hits="1" number="462"/>
						<line hits="0" number="465"/>
						<line hits="0" number="466"/>
						<line hits="0" number="467"/>
						<line hits="0" number="468"/>
						<line hits="0" number="469"/>
						<line hits="0" number="470"/>
						<line hits="0" number="471"/>
						<line hits="0" number="472"/>
						<line hits="0" number="473"/>
						<line hits="0" number="474"/>
						<line hits="1" number="476"/>
						<line hits="0" number="483"/>
						<line hits="0" number="484"/>
						<line hits="0" number="485"/>
						<line hits="0" number="486"/>
						<line hits="0" number="487"/>
						<line hits="0" number="488"/>
						<line hits="0" number="489"/>
						<line hits="0" number="491"/>
						<line branch="true" condition-coverage="0% (0/2)" hits="0" missing-branches="493,500" number="492"/>
						<line hits="0" number="493"/>
						<line branch="true" condition-coverage="0% (0/2)" hits="0" missing-branches="495,496" number="494"/>
						<line hits="0" number="495"/>
						<line hits="0" number="496"/>
						<line hits="0" number="497"/>
						<line hits="0" number="498"/>
						<line hits="0" number="500"/>
						<line hits="0" number="501"/>
						<line hits="0" number="502"/>
						<line hits="0" number="503"/>
						<line hits="0" number="504"/>
						<line hits="1" number="506"/>
						<line hits="1" number="507"/>
						<line hits="0" number="513"/>
						<line hits="0" number="519"/>
						<line hits="1" number="521"/>
					</lines>
				</class>
				<class branch-rate="0" complexity="0" filename="pdf.py" line-rate="0.07039" name="pdf.py">
					<methods/>
					<lines>
						<line hits="1" number="21"/>
						<line hits="1" number="23"/>
						<line hits="1" number="24"/>
						<line hits="1" number="25"/>
						<line hits="1" number="26"/>
						<line hits="1" number="27"/>
						<line hits="1" number="28"/>
						<line hits="1" number="29"/>
						<line hits="1" number="31"/>
						<line hits="1" number="32"/>
						<line hits="1" number="33"/>
						<line hits="1" number="34"/>
						<line hits="1" number="35"/>
						<line hits="1" number="36"/>
						<line hits="1" number="37"/>
						<line hits="1" number="38"/>
						<line hits="1" number="39"/>
						<line hits="1" number="40"/>
						<line hits="1" number="41"/>
						<line hits="1" number="42"/>
						<line hits="1" number="43"/>
						<line hits="1" number="44"/>
						<line hits="1" number="45"/>
						<line hits="1" number="46"/>
						<line hits="1" number="48"/>
						<line hits="1" number="51"/>
						<line hits="1" number="52"/>
						<line hits="1" number="55"/>
						<line hits="0" number="57"/>
						<line branch="true" condition-coverage="0% (0/2)" hits="0" missing-branches="59,63" number="58"/>
						<line branch="true" condition-coverage="0% (0/2)" hits="0" missing-branches="60,62" number="59"/>
						<line hits="0" number="60"/>
						<line hits="0" number="62"/>
						<line hits="0" number="63"/>
						<line hits="1" number="66"/>
						<line hits="0" number="75"/>
						<line hits="0" number="76"/>
						<line hits="0" number="78"/>
						<line hits="0" number="79"/>
						<line hits="0" number="81"/>
						<line hits="0" number="83"/>
						<line hits="0" number="84"/>
						<line hits="0" number="86"/>
						<line hits="0" number="87"/>
						<line hits="0" number="88"/>
						<line hits="0" number="89"/>
						<line hits="0" number="90"/>
						<line hits="0" number="91"/>
						<line hits="0" number="92"/>
						<line hits="0" number="93"/>
						<line hits="0" number="94"/>
						<line hits="0" number="96"/>
						<line hits="0" number="98"/>
						<line hits="0" number="99"/>
						<line hits="0" number="100"/>
						<line hits="0" number="102"/>
						<line hits="0" number="104"/>
						<line hits="0" number="106"/>
						<line hits="0" number="107"/>
						<line hits="0" number="109"/>
						<line hits="0" number="111"/>
						<line hits="0" number="112"/>
						<line hits="0" number="113"/>
						<line hits="0" number="115"/>
						<line hits="0" number="117"/>
						<line hits="0" number="119"/>
						<line hits="0" number="120"/>
						<line hits="0" number="122"/>
						<line hits="0" number="124"/>
						<line hits="0" number="125"/>
						<line hits="0" number="126"/>
						<line hits="0" number="127"/>
						<line hits="0" number="131"/>
						<line hits="0" number="133"/>
						<line hits="0" number="135"/>
						<line hits="0" number="136"/>
						<line hits="0" number="137"/>
						<line hits="0" number="139"/>
						<line hits="0" number="141"/>
						<line hits="0" number="143"/>
						<line hits="0" number="144"/>
						<line hits="0" number="145"/>
						<line hits="0" number="146"/>
						<line hits="0" number="147"/>
						<line branch="true" condition-coverage="0% (0/2)" hits="0" missing-branches="150,158" number="149"/>
						<line hits="0" number="150"/>
						<line hits="0" number="151"/>
						<line hits="0" number="152"/>
						<line branch="true" condition-coverage="0% (0/2)" hits="0" missing-branches="154,156" number="153"/>
						<line hits="0" number="154"/>
						<line hits="0" number="156"/>
						<line hits="0" number="158"/>
						<line hits="0" number="160"/>
						<line hits="0" number="162"/>
						<line hits="0" number="163"/>
						<line hits="0" number="164"/>
						<line hits="0" number="166"/>
						<line hits="0" number="168"/>
						<line hits="0" number="169"/>
						<line hits="0" number="170"/>
						<line hits="0" number="172"/>
						<line hits="0" number="173"/>
						<line hits="0" number="174"/>
						<line hits="0" number="175"/>
						<line hits="0" number="177"/>
						<line hits="0" number="178"/>
						<line hits="0" number="179"/>
						<line hits="0" number="180"/>
						<line hits="0" number="181"/>
						<line hits="0" number="182"/>
						<line hits="0" number="183"/>
						<line hits="0" number="184"/>
						<line hits="0" number="186"/>
						<line hits="0" number="187"/>
						<line hits="0" number="188"/>
						<line hits="0" number="189"/>
						<line hits="0" number="190"/>
						<line hits="0" number="191"/>
						<line hits="0" number="192"/>
						<line hits="0" number="195"/>
						<line hits="0" number="196"/>
						<line hits="0" number="197"/>
						<line hits="0" number="198"/>
						<line hits="0" number="199"/>
						<line hits="0" number="204"/>
						<line hits="0" number="211"/>
						<line hits="0" number="212"/>
						<line hits="0" number="213"/>
						<line hits="0" number="216"/>
						<line hits="0" number="218"/>
						<line hits="0" number="220"/>
						<line hits="0" number="222"/>
						<line hits="0" number="225"/>
						<line hits="0" number="226"/>
						<line hits="0" number="228"/>
						<line hits="0" number="231"/>
						<line hits="0" number="232"/>
						<line hits="0" number="233"/>
						<line hits="0" number="234"/>
						<line hits="0" number="235"/>
						<line hits="0" number="238"/>
						<line branch="true" condition-coverage="0% (0/2)" hits="0" missing-branches="241,243" number="240"/>
						<line hits="0" number="241"/>
						<line hits="0" number="242"/>
						<line branch="true" condition-coverage="0% (0/2)" hits="0" missing-branches="247,252" number="243"/>
						<line hits="0" number="247"/>
						<line hits="0" number="248"/>
						<line branch="true" condition-coverage="0% (0/2)" hits="0" missing-branches="250,251" number="249"/>
						<line hits="0" number="250"/>
						<line hits="0" number="251"/>
						<line branch="true" condition-coverage="0% (0/2)" hits="0" missing-branches="253,260" number="252"/>
						<line hits="0" number="253"/>
						<line hits="0" number="254"/>
						<line branch="true" condition-coverage="0% (0/2)" hits="0" missing-branches="256,257" number="255"/>
						<line hits="0" number="256"/>
						<line hits="0" number="257"/>
						<line branch="true" condition-coverage="0% (0/2)" hits="0" missing-branches="261,269" number="260"/>
						<line hits="0" number="261"/>
						<line hits="0" number="262"/>
						<line branch="true" condition-coverage="0% (0/2)" hits="0" missing-branches="270,280" number="269"/>
						<line hits="0" number="270"/>
						<line hits="0" number="277"/>
						<line hits="0" number="280"/>
						<line hits="0" number="281"/>
						<line hits="0" number="284"/>
						<line hits="0" number="285"/>
						<line branch="true" condition-coverage="0% (0/2)" hits="0" missing-branches="287,291" number="286"/>
						<line hits="0" number="287"/>
						<line hits="0" number="288"/>
						<line hits="0" number="291"/>
						<line hits="0" number="292"/>
						<line hits="0" number="293"/>
						<line branch="true" condition-coverage="0% (0/2)" hits="0" missing-branches="296,312" number="294"/>
						<line hits="0" number="296"/>
						<line hits="0" number="299"/>
						<line hits="0" number="301"/>
						<line hits="0" number="312"/>
						<line hits="0" number="313"/>
						<line hits="0" number="314"/>
						<line hits="0" number="317"/>
						<line hits="0" number="319"/>
						<line hits="0" number="320"/>
						<line branch="true" condition-coverage="0% (0/2)" hits="0" missing-branches="322,326" number="321"/>
						<line branch="true" condition-coverage="0% (0/2)" hits="0" missing-branches="323,324" number="322"/>
						<line hits="0" number="323"/>
						<line branch="true" condition-coverage="0% (0/2)" hits="0" missing-branches="325,334" number="324"/>
						<line hits="0" number="325"/>
						<line branch="true" condition-coverage="0% (0/2)" hits="0" missing-branches="327,334" number="326"/>
						<line branch="true" condition-coverage="0% (0/2)" hits="0" missing-branches="328,329" number="327"/>
						<line hits="0" number="328"/>
						<line branch="true" condition-coverage="0% (0/2)" hits="0" missing-branches="330,334" number="329"/>
						<line hits="0" number="330"/>
						<line hits="0" number="331"/>
						<line hits="0" number="332"/>
						<line hits="0" number="334"/>
						<line hits="0" number="335"/>
						<line hits="0" number="336"/>
						<line hits="0" number="337"/>
						<line hits="0" number="340"/>
						<line hits="0" number="341"/>
						<line hits="0" number="342"/>
						<line hits="0" number="343"/>
						<line branch="true" condition-coverage="0% (0/2)" hits="0" missing-branches="345,374" number="344"/>
						<line hits="0" number="345"/>
						<line hits="0" number="346"/>
						<line hits="0" number="347"/>
						<line branch="true" condition-coverage="0% (0/2)" hits="0" missing-branches="349,351" number="348"/>
						<line branch="true" condition-coverage="0% (0/2)" hits="0" missing-branches="348,350" number="349"/>
						<line hits="0" number="350"/>
						<line branch="true" condition-coverage="0% (0/2)" hits="0" missing-branches="352,353" number="351"/>
						<line hits="0" number="352"/>
						<line branch="true" condition-coverage="0% (0/2)" hits="0" missing-branches="344,354" number="353"/>
						<line hits="0" number="354"/>
						<line branch="true" condition-coverage="0% (0/2)" hits="0" missing-branches="353,356" number="355"/>
						<line hits="0" number="356"/>
						<line hits="0" number="357"/>
						<line hits="0" number="358"/>
						<line hits="0" number="359"/>
						<line hits="0" number="360"/>
						<line branch="true" condition-coverage="0% (0/2)" hits="0" missing-branches="364,367" number="363"/>
						<line branch="true" condition-coverage="0% (0/2)" hits="0" missing-branches="365,366" number="364"/>
						<line hits="0" number="365"/>
						<line hits="0" number="366"/>
						<line hits="0" number="367"/>
						<line branch="true" condition-coverage="0% (0/2)" hits="0" missing-branches="353,369" number="368"/>
						<line hits="0" number="369"/>
						<line hits="0" number="370"/>
						<line hits="0" number="371"/>
						<line hits="0" number="374"/>
						<line hits="0" number="375"/>
						<line hits="0" number="376"/>
						<line hits="0" number="377"/>
						<line hits="0" number="380"/>
						<line hits="0" number="381"/>
						<line hits="0" number="382"/>
						<line hits="0" number="383"/>
						<line hits="0" number="384"/>
						<line branch="true" condition-coverage="0% (0/2)" hits="0" missing-branches="386,413" number="385"/>
						<line hits="0" number="386"/>
						<line hits="0" number="387"/>
						<line hits="0" number="388"/>
						<line branch="true" condition-coverage="0% (0/2)" hits="0" missing-branches="390,392" number="389"/>
						<line branch="true" condition-coverage="0% (0/2)" hits="0" missing-branches="389,391" number="390"/>
						<line hits="0" number="391"/>
						<line branch="true" condition-coverage="0% (0/2)" hits="0" missing-branches="393,394" number="392"/>
						<line hits="0" number="393"/>
						<line branch="true" condition-coverage="0% (0/2)" hits="0" missing-branches="385,395" number="394"/>
						<line hits="0" number="395"/>
						<line branch="true" condition-coverage="0% (0/2)" hits="0" missing-branches="394,397" number="396"/>
						<line hits="0" number="397"/>
						<line hits="0" number="398"/>
						<line hits="0" number="399"/>
						<line hits="0" number="400"/>
						<line branch="true" condition-coverage="0% (0/2)" hits="0" missing-branches="394,404" number="403"/>
						<line branch="true" condition-coverage="0% (0/2)" hits="0" missing-branches="405,406" number="404"/>
						<line hits="0" number="405"/>
						<line branch="true" condition-coverage="0% (0/2)" hits="0" missing-branches="403,407" number="406"/>
						<line hits="0" number="407"/>
						<line hits="0" number="408"/>
						<line hits="0" number="409"/>
						<line hits="0" number="410"/>
						<line hits="0" number="413"/>
						<line hits="0" number="414"/>
						<line branch="true" condition-coverage="0% (0/2)" hits="0" missing-branches="416,445" number="415"/>
						<line branch="true" condition-coverage="0% (0/2)" hits="0" missing-branches="417,445" number="416"/>
						<line hits="0" number="417"/>
						<line hits="0" number="418"/>
						<line hits="0" number="419"/>
						<line hits="0" number="420"/>
						<line hits="0" number="421"/>
						<line hits="0" number="422"/>
						<line branch="true" condition-coverage="0% (0/2)" hits="0" missing-branches="424,430" number="423"/>
						<line branch="true" condition-coverage="0% (0/2)" hits="0" missing-branches="425,426" number="424"/>
						<line hits="0" number="425"/>
						<line branch="true" condition-coverage="0% (0/2)" hits="0" missing-branches="427,428" number="426"/>
						<line hits="0" number="427"/>
						<line branch="true" condition-coverage="0% (0/2)" hits="0" missing-branches="423,429" number="428"/>
						<line hits="0" number="429"/>
						<line branch="true" condition-coverage="0% (0/2)" hits="0" missing-branches="431,432" number="430"/>
						<line hits="0" number="431"/>
						<line hits="0" number="432"/>
						<line branch="true" condition-coverage="0% (0/2)" hits="0" missing-branches="434,435" number="433"/>
						<line hits="0" number="434"/>
						<line branch="true" condition-coverage="0% (0/2)" hits="0" missing-branches="436,437" number="435"/>
						<line hits="0" number="436"/>
						<line branch="true" condition-coverage="0% (0/2)" hits="0" missing-branches="416,438" number="437"/>
						<line branch="true" condition-coverage="0% (0/2)" hits="0" missing-branches="439,440" number="438"/>
						<line hits="0" number="439"/>
						<line branch="true" condition-coverage="0% (0/2)" hits="0" missing-branches="441,442" number="440"/>
						<line hits="0" number="441"/>
						<line branch="true" condition-coverage="0% (0/2)" hits="0" missing-branches="437,443" number="442"/>
						<line hits="0" number="443"/>
						<line hits="0" number="445"/>
						<line hits="0" number="446"/>
						<line hits="0" number="447"/>
						<line branch="true" condition-coverage="0% (0/2)" hits="0" missing-branches="451,485" number="449"/>
						<line branch="true" condition-coverage="0% (0/2)" hits="0" missing-branches="452,459" number="451"/>
						<line hits="0" number="452"/>
						<line branch="true" condition-coverage="0% (0/2)" hits="0" missing-branches="455,459" number="454"/>
						<line hits="0" number="455"/>
						<line hits="0" number="456"/>
						<line hits="0" number="459"/>
						<line hits="0" number="460"/>
						<line branch="true" condition-coverage="0% (0/2)" hits="0" missing-branches="462,465" number="461"/>
						<line hits="0" number="462"/>
						<line hits="0" number="463"/>
						<line hits="0" number="464"/>
						<line hits="0" number="465"/>
						<line branch="true" condition-coverage="0% (0/2)" hits="0" missing-branches="468,471" number="467"/>
						<line hits="0" number="468"/>
						<line hits="0" number="471"/>
						<line branch="true" condition-coverage="0% (0/2)" hits="0" missing-branches="449,473" number="472"/>
						<line hits="0" number="473"/>
						<line hits="0" number="474"/>
						<line branch="true" condition-coverage="0% (0/2)" hits="0" missing-branches="476,480" number="475"/>
						<line hits="0" number="476"/>
						<line hits="0" number="477"/>
						<line hits="0" number="479"/>
						<line hits="0" number="480"/>
						<line branch="true" condition-coverage="0% (0/2)" hits="0" missing-branches="472,483" number="482"/>
						<line hits="0" number="483"/>
						<line hits="0" number="485"/>
						<line hits="0" number="486"/>
						<line branch="true" condition-coverage="0% (0/2)" hits="0" missing-branches="499,502" number="498"/>
						<line branch="true" condition-coverage="0% (0/2)" hits="0" missing-branches="498,500" number="499"/>
						<line hits="0" number="500"/>
						<line hits="0" number="502"/>
						<line hits="0" number="526"/>
						<line hits="0" number="529"/>
						<line hits="0" number="532"/>
						<line hits="0" number="535"/>
						<line hits="0" number="537"/>
						<line hits="0" number="539"/>
						<line hits="0" number="540"/>
						<line hits="0" number="542"/>
						<line hits="0" number="543"/>
						<line branch="true" condition-coverage="0% (0/2)" hits="0" missing-branches="545,547" number="544"/>
						<line hits="0" number="545"/>
						<line hits="0" number="547"/>
						<line hits="0" number="548"/>
						<line hits="0" number="556"/>
						<line hits="0" number="558"/>
						<line hits="0" number="560"/>
						<line hits="0" number="561"/>
						<line hits="0" number="563"/>
						<line hits="0" number="564"/>
						<line branch="true" condition-coverage="0% (0/2)" hits="0" missing-branches="566,568" number="565"/>
						<line hits="0" number="566"/>
						<line hits="0" number="568"/>
						<line hits="0" number="569"/>
						<line hits="0" number="577"/>
						<line hits="0" number="578"/>
						<line hits="0" number="580"/>
						<line hits="0" number="581"/>
						<line hits="0" number="582"/>
						<line hits="0" number="583"/>
						<line hits="0" number="585"/>
						<line branch="true" condition-coverage="0% (0/2)" hits="0" missing-branches="588,593" number="587"/>
						<line branch="true" condition-coverage="0% (0/2)" hits="0" missing-branches="587,589" number="588"/>
						<line hits="0" number="589"/>
						<line hits="0" number="591"/>
						<line hits="0" number="593"/>
						<line hits="0" number="596"/>
						<line hits="0" number="597"/>
						<line hits="0" number="600"/>
						<line hits="0" number="601"/>
						<line hits="0" number="602"/>
						<line branch="true" condition-coverage="0% (0/2)" hits="0" missing-branches="608,623" number="606"/>
						<line hits="0" number="608"/>
						<line hits="0" number="609"/>
						<line hits="0" number="610"/>
						<line hits="0" number="611"/>
						<line branch="true" condition-coverage="0% (0/2)" hits="0" missing-branches="624,635" number="623"/>
						<line hits="0" number="624"/>
						<line hits="0" number="635"/>
						<line hits="0" number="636"/>
						<line branch="true" condition-coverage="0% (0/2)" hits="0" missing-branches="639,643" number="638"/>
						<line hits="0" number="639"/>
						<line hits="0" number="640"/>
						<line hits="0" number="643"/>
						<line hits="0" number="644"/>
						<line hits="0" number="646"/>
						<line hits="0" number="647"/>
						<line hits="0" number="649"/>
						<line branch="true" condition-coverage="0% (0/2)" hits="0" missing-branches="652,654" number="651"/>
						<line hits="0" number="652"/>
						<line hits="0" number="654"/>
						<line hits="0" number="656"/>
						<line hits="0" number="657"/>
						<line hits="0" number="658"/>
						<line branch="true" condition-coverage="0% (0/2)" hits="0" missing-branches="660,672" number="659"/>
						<line hits="0" number="660"/>
						<line hits="0" number="661"/>
						<line hits="0" number="666"/>
						<line hits="0" number="667"/>
						<line branch="true" condition-coverage="0% (0/2)" hits="0" missing-branches="673,685" number="672"/>
						<line hits="0" number="673"/>
						<line hits="0" number="674"/>
						<line hits="0" number="679"/>
						<line hits="0" number="680"/>
						<line branch="true" condition-coverage="0% (0/2)" hits="0" missing-branches="686,698" number="685"/>
						<line branch="true" condition-coverage="0% (0/2)" hits="0" missing-branches="687,709" number="686"/>
						<line hits="0" number="687"/>
						<line hits="0" number="688"/>
						<line hits="0" number="692"/>
						<line hits="0" number="693"/>
						<line hits="0" number="698"/>
						<line hits="0" number="699"/>
						<line hits="0" number="700"/>
						<line hits="0" number="701"/>
						<line hits="0" number="703"/>
						<line hits="0" number="709"/>
					</lines>
				</class>
				<class branch-rate="0" complexity="0" filename="permissions.py" line-rate="0.1451" name="permissions.py">
					<methods/>
					<lines>
						<line hits="1" number="21"/>
						<line hits="1" number="23"/>
						<line hits="1" number="24"/>
						<line hits="1" number="25"/>
						<line hits="1" number="26"/>
						<line hits="1" number="28"/>
						<line hits="1" number="29"/>
						<line hits="1" number="30"/>
						<line hits="1" number="31"/>
						<line hits="1" number="32"/>
						<line hits="1" number="33"/>
						<line hits="1" number="34"/>
						<line hits="1" number="35"/>
						<line hits="1" number="36"/>
						<line hits="1" number="37"/>
						<line hits="1" number="39"/>
						<line hits="1" number="40"/>
						<line hits="1" number="42"/>
						<line hits="1" number="43"/>
						<line hits="1" number="45"/>
						<line hits="1" number="47"/>
						<line hits="1" number="51"/>
						<line hits="0" number="54"/>
						<line hits="0" number="55"/>
						<line hits="0" number="58"/>
						<line hits="0" number="60"/>
						<line branch="true" condition-coverage="0% (0/2)" hits="0" missing-branches="62,65" number="61"/>
						<line hits="0" number="62"/>
						<line hits="0" number="65"/>
						<line branch="true" condition-coverage="0% (0/2)" hits="0" missing-branches="68,71" number="66"/>
						<line branch="true" condition-coverage="0% (0/2)" hits="0" missing-branches="69,71" number="68"/>
						<line hits="0" number="69"/>
						<line hits="0" number="71"/>
						<line hits="0" number="73"/>
						<line hits="1" number="76"/>
						<line hits="0" number="79"/>
						<line hits="0" number="80"/>
						<line hits="0" number="81"/>
						<line hits="0" number="83"/>
						<line hits="1" number="86"/>
						<line hits="0" number="88"/>
						<line hits="0" number="90"/>
						<line branch="true" condition-coverage="0% (0/2)" hits="0" missing-branches="92,94" number="91"/>
						<line hits="0" number="92"/>
						<line hits="0" number="94"/>
						<line hits="0" number="96"/>
						<line hits="0" number="102"/>
						<line hits="0" number="103"/>
						<line branch="true" condition-coverage="0% (0/2)" hits="0" missing-branches="exit,105" number="104"/>
						<line hits="0" number="105"/>
						<line hits="0" number="107"/>
						<line hits="0" number="112"/>
						<line branch="true" condition-coverage="0% (0/2)" hits="0" missing-branches="115,117" number="114"/>
						<line hits="0" number="115"/>
						<line branch="true" condition-coverage="0% (0/2)" hits="0" missing-branches="118,121" number="117"/>
						<line hits="0" number="118"/>
						<line hits="0" number="121"/>
						<line branch="true" condition-coverage="0% (0/2)" hits="0" missing-branches="124,127" number="123"/>
						<line branch="true" condition-coverage="0% (0/2)" hits="0" missing-branches="123,125" number="124"/>
						<line hits="0" number="125"/>
						<line hits="0" number="126"/>
						<line hits="0" number="127"/>
						<line branch="true" condition-coverage="0% (0/2)" hits="0" missing-branches="exit,130" number="129"/>
						<line hits="0" number="130"/>
						<line hits="0" number="131"/>
						<line hits="0" number="133"/>
						<line hits="0" number="134"/>
						<line hits="0" number="137"/>
						<line branch="true" condition-coverage="0% (0/2)" hits="0" missing-branches="139,140" number="138"/>
						<line hits="0" number="139"/>
						<line hits="0" number="140"/>
						<line branch="true" condition-coverage="0% (0/2)" hits="0" missing-branches="146,149" number="143"/>
						<line hits="0" number="146"/>
						<line hits="0" number="149"/>
						<line branch="true" condition-coverage="0% (0/2)" hits="0" missing-branches="152,155" number="151"/>
						<line branch="true" condition-coverage="0% (0/2)" hits="0" missing-branches="151,153" number="152"/>
						<line hits="0" number="153"/>
						<line hits="0" number="155"/>
						<line hits="0" number="156"/>
						<line branch="true" condition-coverage="0% (0/2)" hits="0" missing-branches="159,171" number="158"/>
						<line branch="true" condition-coverage="0% (0/2)" hits="0" missing-branches="161,163" number="159"/>
						<line hits="0" number="161"/>
						<line hits="0" number="163"/>
						<line branch="true" condition-coverage="0% (0/2)" hits="0" missing-branches="165,243" number="164"/>
						<line hits="0" number="165"/>
						<line branch="true" condition-coverage="0% (0/2)" hits="0" missing-branches="167,169" number="166"/>
						<line hits="0" number="167"/>
						<line hits="0" number="169"/>
						<line branch="true" condition-coverage="0% (0/2)" hits="0" missing-branches="172,189" number="171"/>
						<line branch="true" condition-coverage="0% (0/2)" hits="0" missing-branches="174,176" number="172"/>
						<line hits="0" number="174"/>
						<line hits="0" number="176"/>
						<line hits="0" number="177"/>
						<line branch="true" condition-coverage="0% (0/2)" hits="0" missing-branches="179,184" number="178"/>
						<line hits="0" number="179"/>
						<line hits="0" number="180"/>
						<line hits="0" number="181"/>
						<line hits="0" number="182"/>
						<line branch="true" condition-coverage="0% (0/2)" hits="0" missing-branches="186,243" number="184"/>
						<line hits="0" number="186"/>
						<line branch="true" condition-coverage="0% (0/2)" hits="0" missing-branches="190,224" number="189"/>
						<line branch="true" condition-coverage="0% (0/2)" hits="0" missing-branches="192,194" number="190"/>
						<line hits="0" number="192"/>
						<line hits="0" number="194"/>
						<line hits="0" number="195"/>
						<line branch="true" condition-coverage="0% (0/2)" hits="0" missing-branches="197,202" number="196"/>
						<line branch="true" condition-coverage="0% (0/2)" hits="0" missing-branches="196,198" number="197"/>
						<line hits="0" number="198"/>
						<line hits="0" number="199"/>
						<line branch="true" condition-coverage="0% (0/2)" hits="0" missing-branches="203,213" number="202"/>
						<line hits="0" number="203"/>
						<line hits="0" number="204"/>
						<line branch="true" condition-coverage="0% (0/2)" hits="0" missing-branches="206,211" number="205"/>
						<line hits="0" number="206"/>
						<line branch="true" condition-coverage="0% (0/2)" hits="0" missing-branches="205,208" number="207"/>
						<line hits="0" number="208"/>
						<line hits="0" number="210"/>
						<line hits="0" number="211"/>
						<line branch="true" condition-coverage="0% (0/2)" hits="0" missing-branches="214,219" number="213"/>
						<line branch="true" condition-coverage="0% (0/2)" hits="0" missing-branches="215,218" number="214"/>
						<line hits="0" number="215"/>
						<line hits="0" number="218"/>
						<line branch="true" condition-coverage="0% (0/2)" hits="0" missing-branches="221,243" number="219"/>
						<line hits="0" number="221"/>
						<line branch="true" condition-coverage="0% (0/2)" hits="0" missing-branches="225,239" number="224"/>
						<line branch="true" condition-coverage="0% (0/2)" hits="0" missing-branches="227,234" number="225"/>
						<line hits="0" number="227"/>
						<line hits="0" number="228"/>
						<line branch="true" condition-coverage="0% (0/2)" hits="0" missing-branches="232,243" number="230"/>
						<line hits="0" number="232"/>
						<line branch="true" condition-coverage="0% (0/2)" hits="0" missing-branches="236,238" number="234"/>
						<line hits="0" number="236"/>
						<line hits="0" number="238"/>
						<line branch="true" condition-coverage="0% (0/2)" hits="0" missing-branches="240,243" number="239"/>
						<line hits="0" number="240"/>
						<line hits="0" number="241"/>
						<line hits="0" number="242"/>
						<line hits="0" number="243"/>
						<line hits="1" number="246"/>
						<line hits="0" number="248"/>
						<line hits="0" number="249"/>
						<line hits="0" number="250"/>
						<line branch="true" condition-coverage="0% (0/2)" hits="0" missing-branches="252,255" number="251"/>
						<line hits="0" number="252"/>
						<line hits="0" number="253"/>
						<line hits="0" number="255"/>
						<line hits="1" number="258"/>
						<line hits="0" number="264"/>
						<line branch="true" condition-coverage="0% (0/2)" hits="0" missing-branches="266,269" number="265"/>
						<line hits="0" number="266"/>
						<line branch="true" condition-coverage="0% (0/2)" hits="0" missing-branches="268,269" number="267"/>
						<line hits="0" number="268"/>
						<line hits="0" number="269"/>
						<line hits="1" number="271"/>
						<line branch="true" condition-coverage="0% (0/2)" hits="0" missing-branches="281,282" number="280"/>
						<line hits="0" number="281"/>
						<line hits="0" number="282"/>
						<line hits="1" number="285"/>
						<line hits="0" number="293"/>
						<line hits="0" number="294"/>
						<line branch="true" condition-coverage="0% (0/2)" hits="0" missing-branches="297,301" number="296"/>
						<line hits="0" number="297"/>
						<line hits="0" number="298"/>
						<line hits="0" number="299"/>
						<line hits="0" number="301"/>
						<line hits="1" number="304"/>
						<line branch="true" condition-coverage="0% (0/2)" hits="0" missing-branches="314,315" number="313"/>
						<line hits="0" number="314"/>
						<line hits="0" number="315"/>
						<line hits="0" number="316"/>
						<line hits="0" number="317"/>
						<line branch="true" condition-coverage="0% (0/2)" hits="0" missing-branches="319,332" number="318"/>
						<line hits="0" number="319"/>
						<line branch="true" condition-coverage="0% (0/2)" hits="0" missing-branches="321,323" number="320"/>
						<line hits="0" number="321"/>
						<line hits="0" number="323"/>
						<line hits="0" number="324"/>
						<line hits="0" number="325"/>
						<line branch="true" condition-coverage="0% (0/2)" hits="0" missing-branches="327,330" number="326"/>
						<line branch="true" condition-coverage="0% (0/2)" hits="0" missing-branches="328,330" number="327"/>
						<line branch="true" condition-coverage="0% (0/2)" hits="0" missing-branches="327,329" number="328"/>
						<line hits="0" number="329"/>
						<line hits="0" number="330"/>
						<line hits="0" number="332"/>
						<line hits="1" number="335"/>
						<line hits="0" number="337"/>
						<line hits="0" number="339"/>
						<line hits="0" number="341"/>
						<line hits="0" number="343"/>
						<line branch="true" condition-coverage="0% (0/2)" hits="0" missing-branches="349,354" number="348"/>
						<line branch="true" condition-coverage="0% (0/2)" hits="0" missing-branches="350,353" number="349"/>
						<line branch="true" condition-coverage="0% (0/2)" hits="0" missing-branches="351,354" number="350"/>
						<line hits="0" number="351"/>
						<line hits="0" number="353"/>
						<line hits="0" number="354"/>
						<line hits="1" number="357"/>
						<line hits="0" number="362"/>
						<line hits="0" number="363"/>
						<line branch="true" condition-coverage="0% (0/2)" hits="0" missing-branches="365,374" number="364"/>
						<line hits="0" number="365"/>
						<line hits="0" number="366"/>
						<line hits="0" number="367"/>
						<line hits="0" number="368"/>
						<line branch="true" condition-coverage="0% (0/2)" hits="0" missing-branches="370,374" number="369"/>
						<line hits="0" number="370"/>
						<line branch="true" condition-coverage="0% (0/2)" hits="0" missing-branches="373,374" number="372"/>
						<line hits="0" number="373"/>
						<line hits="0" number="374"/>
						<line hits="1" number="377"/>
						<line hits="0" number="383"/>
						<line hits="0" number="384"/>
						<line hits="0" number="385"/>
						<line hits="0" number="386"/>
						<line hits="1" number="435"/>
						<line hits="0" number="445"/>
						<line hits="0" number="447"/>
						<line hits="0" number="448"/>
						<line branch="true" condition-coverage="0% (0/2)" hits="0" missing-branches="451,461" number="450"/>
						<line hits="0" number="451"/>
						<line hits="0" number="452"/>
						<line branch="true" condition-coverage="0% (0/2)" hits="0" missing-branches="454,455" number="453"/>
						<line hits="0" number="454"/>
						<line branch="true" condition-coverage="0% (0/2)" hits="0" missing-branches="456,457" number="455"/>
						<line hits="0" number="456"/>
						<line branch="true" condition-coverage="0% (0/2)" hits="0" missing-branches="459,461" number="457"/>
						<line branch="true" condition-coverage="0% (0/2)" hits="0" missing-branches="457,460" number="459"/>
						<line hits="0" number="460"/>
						<line hits="0" number="461"/>
						<line hits="1" number="464"/>
						<line branch="true" condition-coverage="0% (0/2)" hits="0" missing-branches="467,469" number="466"/>
						<line hits="0" number="467"/>
						<line hits="0" number="469"/>
						<line hits="1" number="472"/>
						<line hits="0" number="479"/>
						<line hits="0" number="480"/>
						<line hits="0" number="481"/>
						<line branch="true" condition-coverage="0% (0/2)" hits="0" missing-branches="483,485" number="482"/>
						<line branch="true" condition-coverage="0% (0/2)" hits="0" missing-branches="482,484" number="483"/>
						<line hits="0" number="484"/>
						<line hits="0" number="485"/>
						<line hits="1" number="487"/>
						<line hits="0" number="498"/>
						<line branch="true" condition-coverage="0% (0/2)" hits="0" missing-branches="500,503" number="499"/>
						<line hits="0" number="500"/>
						<line branch="true" condition-coverage="0% (0/2)" hits="0" missing-branches="506,509" number="503"/>
						<line hits="0" number="506"/>
						<line hits="0" number="509"/>
						<line branch="true" condition-coverage="0% (0/2)" hits="0" missing-branches="512,515" number="511"/>
						<line branch="true" condition-coverage="0% (0/2)" hits="0" missing-branches="511,513" number="512"/>
						<line hits="0" number="513"/>
						<line hits="0" number="515"/>
						<line hits="1" number="518"/>
						<line hits="0" number="526"/>
						<line hits="0" number="527"/>
						<line hits="0" number="529"/>
					</lines>
				</class>
				<class branch-rate="0" complexity="0" filename="preview.py" line-rate="0.1803" name="preview.py">
					<methods/>
					<lines>
						<line hits="1" number="21"/>
						<line hits="1" number="23"/>
						<line hits="1" number="24"/>
						<line hits="1" number="25"/>
						<line hits="1" number="26"/>
						<line hits="1" number="27"/>
						<line hits="1" number="28"/>
						<line hits="1" number="31"/>
						<line hits="0" number="54"/>
						<line branch="true" condition-coverage="0% (0/2)" hits="0" missing-branches="59,62" number="58"/>
						<line hits="0" number="59"/>
						<line hits="0" number="62"/>
						<line hits="0" number="63"/>
						<line hits="0" number="64"/>
						<line hits="0" number="65"/>
						<line hits="0" number="68"/>
						<line hits="0" number="70"/>
						<line branch="true" condition-coverage="0% (0/2)" hits="0" missing-branches="74,84" number="72"/>
						<line branch="true" condition-coverage="0% (0/2)" hits="0" missing-branches="exit,75" number="74"/>
						<line hits="0" number="75"/>
						<line hits="0" number="76"/>
						<line hits="0" number="77"/>
						<line hits="0" number="78"/>
						<line branch="true" condition-coverage="0% (0/2)" hits="0" missing-branches="85,87" number="84"/>
						<line hits="0" number="85"/>
						<line branch="true" condition-coverage="0% (0/2)" hits="0" missing-branches="89,99" number="87"/>
						<line branch="true" condition-coverage="0% (0/2)" hits="0" missing-branches="87,90" number="89"/>
						<line hits="0" number="90"/>
						<line hits="0" number="91"/>
						<line hits="0" number="92"/>
						<line hits="0" number="93"/>
						<line hits="0" number="99"/>
						<line hits="1" number="102"/>
						<line hits="0" number="105"/>
						<line branch="true" condition-coverage="0% (0/2)" hits="0" missing-branches="107,108" number="106"/>
						<line hits="0" number="107"/>
						<line branch="true" condition-coverage="0% (0/2)" hits="0" missing-branches="109,111" number="108"/>
						<line hits="0" number="109"/>
						<line hits="0" number="111"/>
						<line hits="0" number="112"/>
						<line branch="true" condition-coverage="0% (0/2)" hits="0" missing-branches="exit,114" number="113"/>
						<line hits="0" number="114"/>
						<line hits="0" number="115"/>
						<line hits="1" number="118"/>
						<line hits="0" number="120"/>
						<line hits="0" number="121"/>
						<line hits="0" number="122"/>
						<line hits="1" number="133"/>
						<line hits="0" number="135"/>
						<line hits="0" number="136"/>
						<line hits="0" number="137"/>
						<line hits="0" number="138"/>
						<line branch="true" condition-coverage="0% (0/2)" hits="0" missing-branches="142,143" number="141"/>
						<line hits="0" number="142"/>
						<line hits="0" number="143"/>
						<line branch="true" condition-coverage="0% (0/2)" hits="0" missing-branches="147,149" number="146"/>
						<line hits="0" number="147"/>
						<line hits="0" number="149"/>
						<line hits="0" number="150"/>
						<line hits="0" number="151"/>
						<line hits="0" number="152"/>
					</lines>
				</class>
				<class branch-rate="0.1429" complexity="0" filename="rest.py" line-rate="0.3455" name="rest.py">
					<methods/>
					<lines>
						<line hits="1" number="21"/>
						<line hits="1" number="23"/>
						<line hits="1" number="24"/>
						<line hits="1" number="25"/>
						<line hits="1" number="26"/>
						<line hits="1" number="27"/>
						<line hits="1" number="28"/>
						<line hits="1" number="30"/>
						<line hits="1" number="31"/>
						<line hits="1" number="32"/>
						<line hits="1" number="33"/>
						<line hits="1" number="34"/>
						<line hits="1" number="36"/>
						<line hits="1" number="39"/>
						<line hits="0" number="41"/>
						<line hits="0" number="44"/>
						<line hits="1" number="47"/>
						<line hits="0" number="55"/>
						<line hits="0" number="61"/>
						<line hits="0" number="63"/>
						<line branch="true" condition-coverage="0% (0/2)" hits="0" missing-branches="65,69" number="64"/>
						<line hits="0" number="65"/>
						<line hits="0" number="66"/>
						<line hits="0" number="67"/>
						<line hits="0" number="68"/>
						<line hits="0" number="69"/>
						<line hits="0" number="71"/>
						<line branch="true" condition-coverage="0% (0/2)" hits="0" missing-branches="75,114" number="73"/>
						<line branch="true" condition-coverage="0% (0/2)" hits="0" missing-branches="76,80" number="75"/>
						<line hits="0" number="76"/>
						<line branch="true" condition-coverage="0% (0/2)" hits="0" missing-branches="exit,82" number="77"/>
						<line hits="0" number="80"/>
						<line hits="0" number="82"/>
						<line branch="true" condition-coverage="0% (0/2)" hits="0" missing-branches="exit,101" number="84"/>
						<line hits="0" number="101"/>
						<line hits="0" number="108"/>
						<line hits="0" number="114"/>
						<line branch="true" condition-coverage="100% (2/2)" hits="1" number="117"/>
						<line hits="1" number="120"/>
						<line hits="1" number="122"/>
						<line hits="0" number="124"/>
						<line branch="true" condition-coverage="0% (0/2)" hits="0" missing-branches="exit,130" number="129"/>
						<line hits="0" number="130"/>
						<line hits="1" number="134"/>
						<line hits="0" number="136"/>
						<line hits="0" number="137"/>
						<line hits="0" number="138"/>
						<line hits="0" number="139"/>
						<line hits="0" number="140"/>
						<line hits="0" number="141"/>
						<line hits="0" number="143"/>
						<line hits="0" number="144"/>
						<line hits="0" number="145"/>
						<line hits="0" number="146"/>
						<line hits="0" number="149"/>
					</lines>
				</class>
				<class branch-rate="0" complexity="0" filename="utils.py" line-rate="0.08832" name="utils.py">
					<methods/>
					<lines>
						<line hits="1" number="21"/>
						<line hits="1" number="23"/>
						<line hits="1" number="24"/>
						<line hits="1" number="25"/>
						<line hits="1" number="26"/>
						<line hits="1" number="27"/>
						<line hits="1" number="28"/>
						<line hits="1" number="29"/>
						<line hits="1" number="31"/>
						<line hits="1" number="32"/>
						<line hits="1" number="33"/>
						<line hits="1" number="34"/>
						<line hits="1" number="35"/>
						<line hits="1" number="36"/>
						<line hits="1" number="37"/>
						<line hits="1" number="38"/>
						<line hits="1" number="39"/>
						<line hits="1" number="40"/>
						<line hits="1" number="41"/>
						<line hits="1" number="42"/>
						<line hits="1" number="43"/>
						<line hits="1" number="44"/>
						<line hits="1" number="45"/>
						<line hits="1" number="46"/>
						<line hits="1" number="47"/>
						<line hits="1" number="48"/>
						<line hits="1" number="49"/>
						<line hits="1" number="50"/>
						<line hits="1" number="51"/>
						<line hits="1" number="52"/>
						<line hits="1" number="53"/>
						<line hits="1" number="54"/>
						<line hits="1" number="55"/>
						<line hits="1" number="56"/>
						<line hits="1" number="58"/>
						<line hits="1" number="59"/>
						<line hits="1" number="61"/>
						<line hits="1" number="62"/>
						<line hits="1" number="67"/>
						<line hits="0" number="69"/>
						<line branch="true" condition-coverage="0% (0/2)" hits="0" missing-branches="71,87" number="70"/>
						<line hits="0" number="71"/>
						<line branch="true" condition-coverage="0% (0/2)" hits="0" missing-branches="73,83" number="72"/>
						<line hits="0" number="73"/>
						<line branch="true" condition-coverage="0% (0/2)" hits="0" missing-branches="75,77" number="74"/>
						<line hits="0" number="75"/>
						<line branch="true" condition-coverage="0% (0/2)" hits="0" missing-branches="78,80" number="77"/>
						<line hits="0" number="78"/>
						<line hits="0" number="80"/>
						<line branch="true" condition-coverage="0% (0/2)" hits="0" missing-branches="82,87" number="81"/>
						<line hits="0" number="82"/>
						<line branch="true" condition-coverage="0% (0/2)" hits="0" missing-branches="84,87" number="83"/>
						<line hits="0" number="84"/>
						<line hits="0" number="85"/>
						<line hits="0" number="86"/>
						<line hits="0" number="87"/>
						<line hits="1" number="89"/>
						<line branch="true" condition-coverage="0% (0/2)" hits="0" missing-branches="92,93" number="91"/>
						<line hits="0" number="92"/>
						<line branch="true" condition-coverage="0% (0/2)" hits="0" missing-branches="exit,94" number="93"/>
						<line branch="true" condition-coverage="0% (0/2)" hits="0" missing-branches="95,103" number="94"/>
						<line branch="true" condition-coverage="0% (0/2)" hits="0" missing-branches="96,97" number="95"/>
						<line hits="0" number="96"/>
						<line branch="true" condition-coverage="0% (0/2)" hits="0" missing-branches="98,99" number="97"/>
						<line hits="0" number="98"/>
						<line branch="true" condition-coverage="0% (0/2)" hits="0" missing-branches="exit,100" number="99"/>
						<line hits="0" number="100"/>
						<line branch="true" condition-coverage="0% (0/2)" hits="0" missing-branches="104,105" number="103"/>
						<line hits="0" number="104"/>
						<line branch="true" condition-coverage="0% (0/2)" hits="0" missing-branches="106,107" number="105"/>
						<line hits="0" number="106"/>
						<line branch="true" condition-coverage="0% (0/2)" hits="0" missing-branches="exit,108" number="107"/>
						<line hits="0" number="108"/>
						<line hits="1" number="111"/>
						<line hits="0" number="118"/>
						<line hits="0" number="119"/>
						<line branch="true" condition-coverage="0% (0/2)" hits="0" missing-branches="122,124" number="121"/>
						<line hits="0" number="122"/>
						<line hits="0" number="124"/>
						<line hits="1" number="127"/>
						<line hits="0" number="133"/>
						<line branch="true" condition-coverage="0% (0/2)" hits="0" missing-branches="135,148" number="134"/>
						<line branch="true" condition-coverage="0% (0/2)" hits="0" missing-branches="134,136" number="135"/>
						<line hits="0" number="136"/>
						<line branch="true" condition-coverage="0% (0/2)" hits="0" missing-branches="134,138" number="137"/>
						<line branch="true" condition-coverage="0% (0/2)" hits="0" missing-branches="134,139" number="138"/>
						<line hits="0" number="139"/>
						<line hits="0" number="140"/>
						<line branch="true" condition-coverage="0% (0/2)" hits="0" missing-branches="138,142" number="141"/>
						<line hits="0" number="142"/>
						<line hits="0" number="146"/>
						<line hits="0" number="148"/>
						<line hits="1" number="151"/>
						<line hits="0" number="161"/>
						<line branch="true" condition-coverage="0% (0/2)" hits="0" missing-branches="163,175" number="162"/>
						<line hits="0" number="163"/>
						<line hits="0" number="164"/>
						<line branch="true" condition-coverage="0% (0/2)" hits="0" missing-branches="162,166" number="165"/>
						<line hits="0" number="166"/>
						<line branch="true" condition-coverage="0% (0/2)" hits="0" missing-branches="168,173" number="167"/>
						<line branch="true" condition-coverage="0% (0/2)" hits="0" missing-branches="167,169" number="168"/>
[...]
						<line hits="0" number="385"/>
						<line hits="0" number="391"/>
						<line branch="true" condition-coverage="0% (0/2)" hits="0" missing-branches="393,415" number="392"/>
						<line hits="0" number="393"/>
						<line hits="0" number="394"/>
						<line branch="true" condition-coverage="0% (0/2)" hits="0" missing-branches="396,398" number="395"/>
						<line hits="0" number="396"/>
						<line branch="true" condition-coverage="0% (0/2)" hits="0" missing-branches="399,403" number="398"/>
						<line branch="true" condition-coverage="0% (0/2)" hits="0" missing-branches="400,401" number="399"/>
						<line hits="0" number="400"/>
						<line hits="0" number="401"/>
						<line branch="true" condition-coverage="0% (0/2)" hits="0" missing-branches="exit,405" number="403"/>
						<line branch="true" condition-coverage="0% (0/2)" hits="0" missing-branches="406,407" number="405"/>
						<line hits="0" number="406"/>
						<line hits="0" number="407"/>
						<line branch="true" condition-coverage="0% (0/2)" hits="0" missing-branches="411,415" number="410"/>
						<line branch="true" condition-coverage="0% (0/2)" hits="0" missing-branches="412,413" number="411"/>
						<line hits="0" number="412"/>
						<line hits="0" number="413"/>
						<line hits="0" number="415"/>
						<line branch="true" condition-coverage="0% (0/2)" hits="0" missing-branches="417,429" number="416"/>
						<line hits="0" number="417"/>
						<line branch="true" condition-coverage="0% (0/2)" hits="0" missing-branches="416,419" number="418"/>
						<line hits="0" number="419"/>
						<line hits="0" number="420"/>
						<line hits="0" number="421"/>
						<line hits="0" number="422"/>
						<line hits="0" number="424"/>
						<line branch="true" condition-coverage="0% (0/2)" hits="0" missing-branches="418,427" number="426"/>
						<line hits="0" number="427"/>
						<line hits="0" number="429"/>
						<line branch="true" condition-coverage="0% (0/2)" hits="0" missing-branches="431,432" number="430"/>
						<line hits="0" number="431"/>
						<line hits="0" number="432"/>
						<line hits="0" number="433"/>
						<line hits="0" number="435"/>
						<line branch="true" condition-coverage="0% (0/2)" hits="0" missing-branches="438,439" number="436"/>
						<line hits="0" number="438"/>
						<line branch="true" condition-coverage="0% (0/2)" hits="0" missing-branches="441,444" number="439"/>
						<line hits="0" number="441"/>
						<line hits="0" number="442"/>
						<line hits="0" number="443"/>
						<line branch="true" condition-coverage="0% (0/2)" hits="0" missing-branches="446,448" number="444"/>
						<line hits="0" number="446"/>
						<line hits="0" number="448"/>
						<line hits="0" number="449"/>
						<line hits="0" number="450"/>
						<line hits="0" number="451"/>
						<line hits="0" number="453"/>
						<line hits="0" number="456"/>
						<line hits="0" number="462"/>
						<line hits="0" number="463"/>
						<line hits="0" number="464"/>
						<line branch="true" condition-coverage="0% (0/2)" hits="0" missing-branches="466,473" number="465"/>
						<line hits="0" number="466"/>
						<line hits="0" number="467"/>
						<line hits="0" number="468"/>
						<line branch="true" condition-coverage="0% (0/2)" hits="0" missing-branches="470,473" number="469"/>
						<line hits="0" number="470"/>
						<line hits="0" number="473"/>
						<line hits="0" number="475"/>
						<line hits="0" number="476"/>
						<line hits="0" number="478"/>
						<line hits="0" number="481"/>
						<line branch="true" condition-coverage="0% (0/2)" hits="0" missing-branches="483,485" number="482"/>
						<line hits="0" number="483"/>
						<line hits="0" number="485"/>
						<line hits="0" number="487"/>
						<line hits="0" number="494"/>
						<line hits="0" number="495"/>
						<line hits="0" number="496"/>
						<line hits="0" number="498"/>
						<line hits="0" number="501"/>
						<line hits="0" number="502"/>
						<line hits="0" number="503"/>
						<line hits="0" number="505"/>
						<line hits="0" number="506"/>
						<line hits="0" number="507"/>
						<line hits="0" number="508"/>
						<line hits="0" number="510"/>
						<line hits="0" number="511"/>
						<line hits="0" number="514"/>
						<line hits="0" number="515"/>
						<line branch="true" condition-coverage="0% (0/2)" hits="0" missing-branches="517,536" number="516"/>
						<line hits="0" number="517"/>
						<line hits="0" number="518"/>
						<line branch="true" condition-coverage="0% (0/2)" hits="0" missing-branches="521,524" number="519"/>
						<line hits="0" number="521"/>
						<line hits="0" number="524"/>
						<line hits="0" number="526"/>
						<line hits="0" number="536"/>
						<line branch="true" condition-coverage="0% (0/2)" hits="0" missing-branches="538,556" number="537"/>
						<line hits="0" number="538"/>
						<line branch="true" condition-coverage="0% (0/2)" hits="0" missing-branches="540,556" number="539"/>
						<line hits="0" number="540"/>
						<line hits="0" number="541"/>
						<line hits="0" number="542"/>
						<line branch="true" condition-coverage="0% (0/2)" hits="0" missing-branches="544,551" number="543"/>
						<line hits="0" number="544"/>
						<line branch="true" condition-coverage="0% (0/2)" hits="0" missing-branches="546,551" number="545"/>
						<line branch="true" condition-coverage="0% (0/2)" hits="0" missing-branches="547,549" number="546"/>
						<line branch="true" condition-coverage="0% (0/2)" hits="0" missing-branches="548,551" number="547"/>
						<line hits="0" number="548"/>
						<line branch="true" condition-coverage="0% (0/2)" hits="0" missing-branches="550,551" number="549"/>
						<line hits="0" number="550"/>
						<line hits="0" number="551"/>
						<line branch="true" condition-coverage="0% (0/2)" hits="0" missing-branches="539,553" number="552"/>
						<line hits="0" number="553"/>
						<line hits="0" number="556"/>
						<line branch="true" condition-coverage="0% (0/2)" hits="0" missing-branches="558,573" number="557"/>
						<line hits="0" number="558"/>
						<line branch="true" condition-coverage="0% (0/2)" hits="0" missing-branches="560,573" number="559"/>
						<line hits="0" number="560"/>
						<line hits="0" number="561"/>
						<line hits="0" number="562"/>
						<line branch="true" condition-coverage="0% (0/2)" hits="0" missing-branches="559,564" number="563"/>
						<line hits="0" number="564"/>
						<line branch="true" condition-coverage="0% (0/2)" hits="0" missing-branches="559,566" number="565"/>
						<line branch="true" condition-coverage="0% (0/2)" hits="0" missing-branches="567,569" number="566"/>
						<line hits="0" number="567"/>
						<line hits="0" number="568"/>
						<line branch="true" condition-coverage="0% (0/2)" hits="0" missing-branches="559,570" number="569"/>
						<line hits="0" number="570"/>
						<line hits="0" number="571"/>
						<line hits="0" number="573"/>
						<line hits="0" number="576"/>
						<line hits="0" number="580"/>
						<line hits="0" number="581"/>
						<line branch="true" condition-coverage="0% (0/2)" hits="0" missing-branches="583,594" number="582"/>
						<line branch="true" condition-coverage="0% (0/2)" hits="0" missing-branches="586,591" number="583"/>
						<line hits="0" number="586"/>
						<line hits="0" number="591"/>
						<line hits="0" number="594"/>
						<line hits="0" number="596"/>
						<line hits="0" number="598"/>
						<line branch="true" condition-coverage="0% (0/2)" hits="0" missing-branches="601,603" number="600"/>
						<line hits="0" number="601"/>
						<line hits="0" number="603"/>
						<line hits="0" number="605"/>
						<line branch="true" condition-coverage="0% (0/2)" hits="0" missing-branches="608,610" number="607"/>
						<line hits="0" number="608"/>
						<line hits="0" number="610"/>
						<line hits="0" number="612"/>
						<line hits="0" number="613"/>
						<line hits="0" number="615"/>
						<line hits="0" number="619"/>
						<line hits="0" number="622"/>
						<line hits="0" number="631"/>
						<line hits="0" number="633"/>
						<line branch="true" condition-coverage="0% (0/2)" hits="0" missing-branches="635,638" number="634"/>
						<line hits="0" number="635"/>
						<line hits="0" number="638"/>
						<line hits="0" number="640"/>
						<line hits="0" number="642"/>
						<line branch="true" condition-coverage="0% (0/2)" hits="0" missing-branches="645,647" number="644"/>
						<line hits="0" number="645"/>
						<line hits="0" number="647"/>
						<line hits="0" number="650"/>
						<line hits="0" number="652"/>
						<line hits="0" number="657"/>
						<line hits="0" number="659"/>
						<line hits="0" number="664"/>
						<line hits="0" number="666"/>
						<line hits="0" number="670"/>
						<line hits="0" number="672"/>
						<line branch="true" condition-coverage="0% (0/2)" hits="0" missing-branches="674,676" number="673"/>
						<line hits="0" number="674"/>
						<line hits="0" number="676"/>
						<line hits="1" number="723"/>
						<line hits="0" number="736"/>
						<line hits="0" number="737"/>
						<line hits="0" number="738"/>
						<line branch="true" condition-coverage="0% (0/2)" hits="0" missing-branches="743,745" number="742"/>
						<line hits="0" number="743"/>
						<line hits="0" number="745"/>
						<line hits="0" number="746"/>
						<line hits="0" number="747"/>
						<line hits="0" number="750"/>
						<line hits="0" number="753"/>
						<line hits="0" number="755"/>
						<line hits="0" number="756"/>
						<line branch="true" condition-coverage="0% (0/2)" hits="0" missing-branches="758,760" number="757"/>
						<line hits="0" number="758"/>
						<line hits="0" number="760"/>
						<line hits="1" number="762"/>
						<line hits="0" number="772"/>
						<line branch="true" condition-coverage="0% (0/2)" hits="0" missing-branches="774,777" number="773"/>
						<line hits="0" number="774"/>
						<line hits="0" number="777"/>
						<line hits="0" number="780"/>
						<line hits="0" number="782"/>
						<line branch="true" condition-coverage="0% (0/2)" hits="0" missing-branches="785,787" number="783"/>
						<line hits="0" number="785"/>
						<line hits="0" number="787"/>
						<line branch="true" condition-coverage="0% (0/2)" hits="0" missing-branches="789,793" number="788"/>
						<line branch="true" condition-coverage="0% (0/2)" hits="0" missing-branches="788,790" number="789"/>
						<line hits="0" number="790"/>
						<line hits="0" number="793"/>
						<line hits="0" number="794"/>
						<line branch="true" condition-coverage="0% (0/2)" hits="0" missing-branches="796,804" number="795"/>
						<line branch="true" condition-coverage="0% (0/2)" hits="0" missing-branches="795,797" number="796"/>
						<line branch="true" condition-coverage="0% (0/2)" hits="0" missing-branches="798,799" number="797"/>
						<line hits="0" number="798"/>
						<line branch="true" condition-coverage="0% (0/2)" hits="0" missing-branches="795,801" number="799"/>
						<line hits="0" number="801"/>
						<line hits="0" number="804"/>
						<line hits="1" number="806"/>
						<line hits="1" number="807"/>
						<line hits="1" number="808"/>
						<line hits="1" number="809"/>
						<line hits="0" number="815"/>
						<line hits="0" number="816"/>
						<line hits="0" number="818"/>
						<line hits="0" number="819"/>
						<line branch="true" condition-coverage="0% (0/2)" hits="0" missing-branches="822,837" number="821"/>
						<line hits="0" number="822"/>
						<line hits="0" number="823"/>
						<line branch="true" condition-coverage="0% (0/2)" hits="0" missing-branches="828,830" number="827"/>
						<line hits="0" number="828"/>
						<line branch="true" condition-coverage="0% (0/2)" hits="0" missing-branches="831,837" number="830"/>
						<line hits="0" number="831"/>
						<line hits="0" number="832"/>
						<line branch="true" condition-coverage="0% (0/2)" hits="0" missing-branches="834,837" number="833"/>
						<line hits="0" number="834"/>
						<line hits="0" number="837"/>
						<line hits="1" number="840"/>
						<line hits="1" number="841"/>
						<line hits="1" number="842"/>
						<line hits="0" number="848"/>
						<line hits="0" number="849"/>
						<line hits="0" number="850"/>
						<line hits="0" number="851"/>
						<line branch="true" condition-coverage="0% (0/2)" hits="0" missing-branches="854,859" number="853"/>
						<line hits="0" number="854"/>
						<line branch="true" condition-coverage="0% (0/2)" hits="0" missing-branches="856,859" number="855"/>
						<line hits="0" number="856"/>
						<line hits="0" number="859"/>
						<line hits="1" number="862"/>
						<line hits="0" number="865"/>
						<line hits="0" number="867"/>
						<line branch="true" condition-coverage="0% (0/2)" hits="0" missing-branches="871,903" number="870"/>
						<line hits="0" number="871"/>
						<line hits="0" number="872"/>
						<line hits="0" number="873"/>
						<line hits="0" number="874"/>
						<line hits="0" number="875"/>
						<line hits="0" number="876"/>
						<line hits="0" number="877"/>
						<line hits="0" number="878"/>
						<line branch="true" condition-coverage="0% (0/2)" hits="0" missing-branches="880,886" number="879"/>
						<line hits="0" number="880"/>
						<line branch="true" condition-coverage="0% (0/2)" hits="0" missing-branches="883,884" number="882"/>
						<line hits="0" number="883"/>
						<line hits="0" number="884"/>
						<line hits="0" number="885"/>
						<line hits="0" number="886"/>
						<line hits="0" number="889"/>
						<line hits="0" number="896"/>
						<line hits="0" number="898"/>
						<line hits="0" number="899"/>
						<line hits="0" number="900"/>
						<line hits="0" number="901"/>
						<line hits="0" number="903"/>
						<line hits="1" number="906"/>
						<line hits="1" number="907"/>
						<line branch="true" condition-coverage="0% (0/2)" hits="0" missing-branches="913,935" number="911"/>
						<line hits="0" number="913"/>
						<line hits="0" number="914"/>
						<line hits="0" number="915"/>
						<line hits="0" number="916"/>
						<line branch="true" condition-coverage="0% (0/2)" hits="0" missing-branches="918,933" number="917"/>
						<line hits="0" number="918"/>
						<line branch="true" condition-coverage="0% (0/2)" hits="0" missing-branches="922,931" number="920"/>
						<line hits="0" number="922"/>
						<line hits="0" number="923"/>
						<line hits="0" number="924"/>
						<line hits="0" number="925"/>
						<line hits="0" number="926"/>
						<line hits="0" number="927"/>
						<line hits="0" number="929"/>
						<line hits="0" number="931"/>
						<line hits="0" number="933"/>
						<line hits="0" number="935"/>
						<line hits="1" number="938"/>
						<line hits="1" number="939"/>
						<line hits="0" number="941"/>
						<line hits="0" number="942"/>
						<line hits="0" number="943"/>
						<line hits="0" number="944"/>
						<line hits="0" number="945"/>
						<line hits="0" number="946"/>
						<line hits="0" number="947"/>
						<line hits="0" number="950"/>
						<line hits="1" number="953"/>
						<line hits="1" number="954"/>
						<line hits="0" number="957"/>
						<line branch="true" condition-coverage="0% (0/2)" hits="0" missing-branches="959,960" number="958"/>
						<line hits="0" number="959"/>
						<line branch="true" condition-coverage="0% (0/2)" hits="0" missing-branches="961,964" number="960"/>
						<line hits="0" number="961"/>
						<line hits="0" number="962"/>
						<line hits="0" number="964"/>
						<line hits="0" number="965"/>
						<line hits="0" number="966"/>
						<line hits="0" number="967"/>
						<line hits="0" number="968"/>
						<line hits="0" number="969"/>
						<line branch="true" condition-coverage="0% (0/2)" hits="0" missing-branches="972,977" number="970"/>
						<line hits="0" number="972"/>
						<line hits="0" number="977"/>
						<line hits="1" number="980"/>
						<line hits="1" number="981"/>
						<line hits="0" number="984"/>
						<line branch="true" condition-coverage="0% (0/2)" hits="0" missing-branches="986,987" number="985"/>
						<line hits="0" number="986"/>
						<line hits="0" number="987"/>
						<line hits="0" number="988"/>
						<line hits="0" number="989"/>
						<line hits="0" number="990"/>
						<line hits="0" number="991"/>
						<line hits="1" number="994"/>
						<line hits="1" number="995"/>
						<line hits="0" number="998"/>
						<line hits="0" number="999"/>
						<line hits="0" number="1000"/>
						<line hits="0" number="1001"/>
						<line hits="0" number="1002"/>
						<line hits="0" number="1003"/>
						<line hits="0" number="1006"/>
						<line branch="true" condition-coverage="0% (0/2)" hits="0" missing-branches="exit,1008" number="1007"/>
						<line hits="0" number="1008"/>
						<line hits="0" number="1011"/>
						<line hits="0" number="1012"/>
						<line hits="0" number="1013"/>
						<line hits="0" number="1014"/>
						<line hits="1" number="1017"/>
						<line branch="true" condition-coverage="0% (0/2)" hits="0" missing-branches="1025,1028" number="1024"/>
						<line hits="0" number="1025"/>
						<line hits="0" number="1026"/>
						<line hits="0" number="1027"/>
						<line hits="0" number="1028"/>
						<line hits="1" number="1031"/>
						<line hits="0" number="1036"/>
						<line hits="0" number="1037"/>
						<line hits="0" number="1039"/>
						<line hits="0" number="1041"/>
						<line hits="1" number="1043"/>
						<line hits="0" number="1044"/>
						<line branch="true" condition-coverage="0% (0/2)" hits="0" missing-branches="1046,1047" number="1045"/>
						<line hits="0" number="1046"/>
						<line hits="0" number="1047"/>
						<line hits="0" number="1048"/>
						<line hits="0" number="1049"/>
						<line hits="1" number="1052"/>
						<line hits="0" number="1053"/>
						<line hits="1" number="1056"/>
						<line hits="0" number="1066"/>
						<line hits="0" number="1067"/>
						<line hits="0" number="1068"/>
						<line branch="true" condition-coverage="0% (0/2)" hits="0" missing-branches="1070,1073" number="1069"/>
						<line branch="true" condition-coverage="0% (0/2)" hits="0" missing-branches="1069,1071" number="1070"/>
						<line hits="0" number="1071"/>
						<line hits="0" number="1072"/>
						<line branch="true" condition-coverage="0% (0/2)" hits="0" missing-branches="1076,1081" number="1073"/>
						<line hits="0" number="1076"/>
						<line branch="true" condition-coverage="0% (0/2)" hits="0" missing-branches="1080,1081" number="1079"/>
						<line hits="0" number="1080"/>
						<line hits="0" number="1081"/>
						<line hits="1" number="1083"/>
						<line hits="0" number="1096"/>
						<line hits="0" number="1097"/>
						<line hits="0" number="1098"/>
						<line hits="0" number="1099"/>
						<line hits="0" number="1100"/>
						<line branch="true" condition-coverage="0% (0/2)" hits="0" missing-branches="1102,1117" number="1101"/>
						<line hits="0" number="1102"/>
						<line hits="0" number="1103"/>
						<line hits="0" number="1104"/>
						<line hits="0" number="1105"/>
						<line hits="0" number="1107"/>
						<line hits="0" number="1108"/>
						<line hits="0" number="1109"/>
						<line hits="0" number="1110"/>
						<line hits="0" number="1111"/>
						<line hits="0" number="1112"/>
						<line hits="0" number="1113"/>
						<line hits="0" number="1114"/>
						<line hits="0" number="1115"/>
						<line hits="0" number="1116"/>
						<line hits="0" number="1117"/>
						<line hits="1" number="1119"/>
						<line hits="0" number="1121"/>
						<line branch="true" condition-coverage="0% (0/2)" hits="0" missing-branches="1123,1127" number="1122"/>
						<line hits="0" number="1123"/>
						<line hits="0" number="1124"/>
						<line hits="0" number="1125"/>
						<line hits="0" number="1126"/>
						<line hits="0" number="1127"/>
					</lines>
				</class>
			</classes>
		</package>
	</packages>
</coverage>
